[2018-11-21 09:00:12] [INFO] [org.jeecgframework.minidao.factory.MiniDaoClassPathMapperScanner:48] register minidao name is { org.jeecgframework.web.cgdynamgraph.dao.core.CgDynamGraphDao }
[2018-11-21 09:00:12] [INFO] [org.jeecgframework.minidao.factory.MiniDaoClassPathMapperScanner:48] register minidao name is { org.jeecgframework.web.cgform.dao.config.CgFormFieldDao }
[2018-11-21 09:00:12] [INFO] [org.jeecgframework.minidao.factory.MiniDaoClassPathMapperScanner:48] register minidao name is { org.jeecgframework.web.cgform.dao.config.CgFormVersionDao }
[2018-11-21 09:00:12] [INFO] [org.jeecgframework.minidao.factory.MiniDaoClassPathMapperScanner:48] register minidao name is { org.jeecgframework.web.cgform.dao.upload.CgFormUploadDao }
[2018-11-21 09:00:12] [INFO] [org.jeecgframework.minidao.factory.MiniDaoClassPathMapperScanner:48] register minidao name is { org.jeecgframework.web.cgreport.dao.core.CgReportDao }
[2018-11-21 09:00:12] [INFO] [org.jeecgframework.minidao.factory.MiniDaoClassPathMapperScanner:48] register minidao name is { org.jeecgframework.web.system.dao.DepartAuthGroupDao }
[2018-11-21 09:00:12] [INFO] [org.jeecgframework.minidao.factory.MiniDaoClassPathMapperScanner:48] register minidao name is { org.jeecgframework.web.system.dao.JeecgDictDao }
[2018-11-21 09:00:12] [INFO] [org.jeecgframework.minidao.factory.MiniDaoClassPathMapperScanner:48] register minidao name is { com.jeecg.demo.dao.JeecgMinidaoDao }
[2018-11-21 09:00:12] [INFO] [org.jeecgframework.minidao.factory.MiniDaoClassPathMapperScanner:48] register minidao name is { com.jeecg.core.biz.mutiLang.dao.P3MutiLangDao }
[2018-11-21 09:00:12] [INFO] [org.jeecgframework.minidao.factory.MiniDaoClassPathMapperScanner:48] register minidao name is { com.jeecg.core.biz.tag.select.dict.dao.TSTypeDao }
[2018-11-21 09:00:12] [INFO] [org.jeecgframework.minidao.factory.MiniDaoClassPathMapperScanner:48] register minidao name is { com.jeecg.core.biz.tag.select.table.dao.CustomTableDao }
[2018-11-21 09:00:12] [INFO] [org.jeecgframework.minidao.factory.MiniDaoClassPathMapperScanner:48] register minidao name is { com.jeecg.core.biz.dao.TSOperationDao }
[2018-11-21 09:00:12] [INFO] [org.jeecgframework.minidao.factory.MiniDaoClassPathMapperScanner:48] register minidao name is { com.jeecg.actInvite.dao.WxActInviteDao }
[2018-11-21 09:00:12] [INFO] [org.jeecgframework.minidao.factory.MiniDaoClassPathMapperScanner:48] register minidao name is { com.jeecg.auth.dao.JwSystemAuthDao }
[2018-11-21 09:00:12] [INFO] [org.jeecgframework.minidao.factory.MiniDaoClassPathMapperScanner:48] register minidao name is { com.jeecg.domo.order.dao.JpDemoOrderCustomDao }
[2018-11-21 09:00:12] [INFO] [org.jeecgframework.minidao.factory.MiniDaoClassPathMapperScanner:48] register minidao name is { com.jeecg.domo.order.dao.JpDemoOrderMainDao }
[2018-11-21 09:00:12] [INFO] [org.jeecgframework.minidao.factory.MiniDaoClassPathMapperScanner:48] register minidao name is { com.jeecg.domo.order.dao.JpDemoOrderProductDao }
[2018-11-21 09:00:12] [INFO] [org.jeecgframework.minidao.factory.MiniDaoClassPathMapperScanner:48] register minidao name is { com.jeecg.chat.dao.ChatMessageHistoryDao }
[2018-11-21 09:00:12] [INFO] [org.jeecgframework.minidao.factory.MiniDaoClassPathMapperScanner:48] register minidao name is { com.jeecg.chat.dao.ImDao }
[2018-11-21 09:00:12] [INFO] [org.jeecgframework.minidao.factory.MiniDaoClassPathMapperScanner:48] register minidao name is { com.jeecg.mail.dao.P3MailJformInnerMailAttachDao }
[2018-11-21 09:00:12] [INFO] [org.jeecgframework.minidao.factory.MiniDaoClassPathMapperScanner:48] register minidao name is { com.jeecg.mail.dao.P3MailJformInnerMailDao }
[2018-11-21 09:00:12] [INFO] [org.jeecgframework.minidao.factory.MiniDaoClassPathMapperScanner:48] register minidao name is { com.jeecg.mail.dao.P3MailJformInnerMailReceiverDao }
[2018-11-21 09:00:12] [INFO] [org.jeecgframework.minidao.factory.MiniDaoClassPathMapperScanner:48] register minidao name is { com.jeecg.mail.dao.P3MailTSBaseUserDao }
[2018-11-21 09:00:12] [INFO] [org.jeecgframework.minidao.factory.MiniDaoClassPathMapperScanner:48] register minidao name is { com.jeecg.mail.dao.P3MailTSUserDao }
[2018-11-21 09:00:13] [INFO] [com.alibaba.druid.pool.DruidDataSource:928] {dataSource-1} inited
[2018-11-21 09:00:14] [WARN] [org.hibernate.id.UUIDHexGenerator:59] HHH000409: Using org.hibernate.id.UUIDHexGenerator which does not generate IETF RFC 4122 compliant UUID values; consider using org.hibernate.id.UUIDGenerator instead
[2018-11-21 09:00:15] [WARN] [net.sf.ehcache.config.CacheConfiguration:698] Cache 'foreverCache' is set to eternal but also has TTI/TTL set.  To avoid this warning, clean up the config removing conflicting values of eternal, TTI and TTL. Effective configuration for Cache 'foreverCache' will be eternal='true', timeToIdleSeconds='0', timeToLiveSeconds='0'.
[2018-11-21 09:00:17] [INFO] [org.quartz.impl.StdSchedulerFactory:1208] Using default implementation for ThreadExecutor
[2018-11-21 09:00:17] [INFO] [org.quartz.core.SchedulerSignalerImpl:61] Initialized Scheduler Signaller of type: class org.quartz.core.SchedulerSignalerImpl
[2018-11-21 09:00:17] [INFO] [org.quartz.core.QuartzScheduler:229] Quartz Scheduler v.2.3.0 created.
[2018-11-21 09:00:17] [INFO] [org.quartz.simpl.RAMJobStore:155] RAMJobStore initialized.
[2018-11-21 09:00:17] [INFO] [org.quartz.core.QuartzScheduler:294] Scheduler meta-data: Quartz Scheduler (v2.3.0) 'schedulerFactory' with instanceId 'NON_CLUSTERED'
  Scheduler class: 'org.quartz.core.QuartzScheduler' - running locally.
  NOT STARTED.
  Currently in standby mode.
  Number of jobs executed: 0
  Using thread pool 'org.quartz.simpl.SimpleThreadPool' - with 10 threads.
  Using job-store 'org.quartz.simpl.RAMJobStore' - which does not support persistence. and is not clustered.

[2018-11-21 09:00:17] [INFO] [org.quartz.impl.StdSchedulerFactory:1362] Quartz scheduler 'schedulerFactory' initialized from an externally provided properties instance.
[2018-11-21 09:00:17] [INFO] [org.quartz.impl.StdSchedulerFactory:1366] Quartz scheduler version: 2.3.0
[2018-11-21 09:00:17] [INFO] [org.quartz.core.QuartzScheduler:2287] JobFactory set to: org.jeecgframework.web.system.sms.util.JQuartzJobFactory@5b188a96
[2018-11-21 09:00:18] [INFO] [org.jeecgframework.core.timer.DynamicTask:252]  register time task class num is [0] 
[2018-11-21 09:00:19] [INFO] [org.jeecgframework.core.timer.DataBaseSchedulerFactoryBean:648] Starting Quartz Scheduler now
[2018-11-21 09:00:19] [INFO] [org.quartz.core.QuartzScheduler:547] Scheduler schedulerFactory_$_NON_CLUSTERED started.
[2018-11-21 09:00:20] [INFO] [org.jeecgframework.web.system.service.impl.SystemServiceImpl:180]   ------ 初始化字典组 【系统缓存】-----------typeGroupsList-----size: [43]
[2018-11-21 09:00:20] [INFO] [org.jeecgframework.web.system.service.impl.SystemServiceImpl:181]   ------ 初始化字典 【系统缓存】-----------typesList-----size: [43]
[2018-11-21 09:00:20] [INFO] [org.jeecgframework.web.system.service.impl.MutiLangServiceImpl:43]   ------ 初始化国际化语言【系统缓存】  ------ size: [1211] 
[2018-11-21 09:00:20] [INFO] [org.jeecgframework.web.system.service.impl.DynamicDataSourceServiceImpl:41]   ------ 初始化动态数据源配置【系统缓存】---------size: [2] 
[2018-11-21 09:01:11] [INFO] [org.jeecgframework.web.system.controller.core.LoginController:220]  >>>>>>>>>>>>>>>>>>>>>>>>>>  Login 用户登录成功，初始化Main首页用户信息  （Main 首页加载逻辑）  >>>>>>>>>>>>>>>>>>>>>>>>>>>>>>>>> 
[2018-11-21 09:01:11] [INFO] [org.jeecgframework.web.system.controller.core.LoginController:261] login 资源路径returnURL：null
[2018-11-21 09:01:12] [INFO] [com.jeecg.chat.web.WebSocket:250] 有新连接加入！当前在线人数为1
[2018-11-21 09:01:12] [INFO] [com.jeecg.chat.web.ImController:318] --通过流的方式获取文件异常--D:\upFiles\upload\files\20180715\qq_1531625977907.jpg (系统找不到指定的路径。)
[2018-11-21 09:12:02] [INFO] [org.jeecgframework.web.system.controller.core.LoginController:220]  >>>>>>>>>>>>>>>>>>>>>>>>>>  Login 用户登录成功，初始化Main首页用户信息  （Main 首页加载逻辑）  >>>>>>>>>>>>>>>>>>>>>>>>>>>>>>>>> 
[2018-11-21 09:12:02] [INFO] [org.jeecgframework.web.system.controller.core.LoginController:261] login 资源路径returnURL：null
[2018-11-21 09:12:02] [INFO] [com.jeecg.chat.web.WebSocket:250] 发生错误
[2018-11-21 09:12:02] [INFO] [com.jeecg.chat.web.WebSocket:250] 当前在线用户：0
[2018-11-21 09:12:03] [INFO] [com.jeecg.chat.web.WebSocket:250] 有新连接加入！当前在线人数为1
[2018-11-21 09:12:03] [INFO] [com.jeecg.chat.web.ImController:318] --通过流的方式获取文件异常--D:\upFiles\upload\files\20180715\qq_1531625977907.jpg (系统找不到指定的路径。)
[2018-11-21 09:13:21] [INFO] [org.jeecgframework.web.system.controller.core.LoginController:220]  >>>>>>>>>>>>>>>>>>>>>>>>>>  Login 用户登录成功，初始化Main首页用户信息  （Main 首页加载逻辑）  >>>>>>>>>>>>>>>>>>>>>>>>>>>>>>>>> 
[2018-11-21 09:13:21] [INFO] [org.jeecgframework.web.system.controller.core.LoginController:261] login 资源路径returnURL：null
[2018-11-21 09:13:21] [INFO] [com.jeecg.chat.web.WebSocket:250] 当前在线用户：0
[2018-11-21 09:13:23] [INFO] [com.jeecg.chat.web.WebSocket:250] 有新连接加入！当前在线人数为1
[2018-11-21 09:13:23] [INFO] [com.jeecg.chat.web.ImController:318] --通过流的方式获取文件异常--D:\upFiles\upload\files\20180715\qq_1531625977907.jpg (系统找不到指定的路径。)
[2018-11-21 09:41:45] [INFO] [org.jeecgframework.web.system.controller.core.LoginController:220]  >>>>>>>>>>>>>>>>>>>>>>>>>>  Login 用户登录成功，初始化Main首页用户信息  （Main 首页加载逻辑）  >>>>>>>>>>>>>>>>>>>>>>>>>>>>>>>>> 
[2018-11-21 09:41:45] [INFO] [org.jeecgframework.web.system.controller.core.LoginController:261] login 资源路径returnURL：null
[2018-11-21 09:41:45] [INFO] [com.jeecg.chat.web.WebSocket:250] 当前在线用户：0
[2018-11-21 09:41:46] [INFO] [com.jeecg.chat.web.WebSocket:250] 有新连接加入！当前在线人数为1
[2018-11-21 09:41:46] [INFO] [com.jeecg.chat.web.ImController:318] --通过流的方式获取文件异常--D:\upFiles\upload\files\20180715\qq_1531625977907.jpg (系统找不到指定的路径。)
[2018-11-21 09:47:44] [INFO] [org.jeecgframework.web.system.controller.core.LoginController:220]  >>>>>>>>>>>>>>>>>>>>>>>>>>  Login 用户登录成功，初始化Main首页用户信息  （Main 首页加载逻辑）  >>>>>>>>>>>>>>>>>>>>>>>>>>>>>>>>> 
[2018-11-21 09:47:44] [INFO] [org.jeecgframework.web.system.controller.core.LoginController:261] login 资源路径returnURL：null
[2018-11-21 09:47:44] [INFO] [com.jeecg.chat.web.WebSocket:250] 当前在线用户：0
[2018-11-21 09:47:45] [INFO] [com.jeecg.chat.web.WebSocket:250] 有新连接加入！当前在线人数为1
[2018-11-21 09:47:45] [INFO] [com.jeecg.chat.web.ImController:318] --通过流的方式获取文件异常--D:\upFiles\upload\files\20180715\qq_1531625977907.jpg (系统找不到指定的路径。)
[2018-11-21 10:48:04] [INFO] [com.jeecg.chat.web.WebSocket:250] 发生错误
[2018-11-21 10:48:04] [INFO] [com.jeecg.chat.web.WebSocket:250] 当前在线用户：0
[2018-11-21 10:48:13] [INFO] [org.jeecgframework.web.system.controller.core.LoginController:220]  >>>>>>>>>>>>>>>>>>>>>>>>>>  Login 用户登录成功，初始化Main首页用户信息  （Main 首页加载逻辑）  >>>>>>>>>>>>>>>>>>>>>>>>>>>>>>>>> 
[2018-11-21 10:48:13] [INFO] [org.jeecgframework.web.system.controller.core.LoginController:261] login 资源路径returnURL：null
[2018-11-21 10:48:14] [INFO] [com.jeecg.chat.web.WebSocket:250] 有新连接加入！当前在线人数为1
[2018-11-21 10:48:14] [INFO] [com.jeecg.chat.web.ImController:318] --通过流的方式获取文件异常--D:\upFiles\upload\files\20180715\qq_1531625977907.jpg (系统找不到指定的路径。)
[2018-11-21 16:09:56] [INFO] [org.jeecgframework.minidao.factory.MiniDaoClassPathMapperScanner:48] register minidao name is { org.jeecgframework.web.cgdynamgraph.dao.core.CgDynamGraphDao }
[2018-11-21 16:09:56] [INFO] [org.jeecgframework.minidao.factory.MiniDaoClassPathMapperScanner:48] register minidao name is { org.jeecgframework.web.cgform.dao.config.CgFormFieldDao }
[2018-11-21 16:09:56] [INFO] [org.jeecgframework.minidao.factory.MiniDaoClassPathMapperScanner:48] register minidao name is { org.jeecgframework.web.cgform.dao.config.CgFormVersionDao }
[2018-11-21 16:09:56] [INFO] [org.jeecgframework.minidao.factory.MiniDaoClassPathMapperScanner:48] register minidao name is { org.jeecgframework.web.cgform.dao.upload.CgFormUploadDao }
[2018-11-21 16:09:56] [INFO] [org.jeecgframework.minidao.factory.MiniDaoClassPathMapperScanner:48] register minidao name is { org.jeecgframework.web.cgreport.dao.core.CgReportDao }
[2018-11-21 16:09:56] [INFO] [org.jeecgframework.minidao.factory.MiniDaoClassPathMapperScanner:48] register minidao name is { org.jeecgframework.web.system.dao.DepartAuthGroupDao }
[2018-11-21 16:09:56] [INFO] [org.jeecgframework.minidao.factory.MiniDaoClassPathMapperScanner:48] register minidao name is { org.jeecgframework.web.system.dao.JeecgDictDao }
[2018-11-21 16:09:56] [INFO] [org.jeecgframework.minidao.factory.MiniDaoClassPathMapperScanner:48] register minidao name is { com.jeecg.demo.dao.JeecgMinidaoDao }
[2018-11-21 16:09:56] [INFO] [org.jeecgframework.minidao.factory.MiniDaoClassPathMapperScanner:48] register minidao name is { com.jeecg.core.biz.mutiLang.dao.P3MutiLangDao }
[2018-11-21 16:09:56] [INFO] [org.jeecgframework.minidao.factory.MiniDaoClassPathMapperScanner:48] register minidao name is { com.jeecg.core.biz.tag.select.dict.dao.TSTypeDao }
[2018-11-21 16:09:56] [INFO] [org.jeecgframework.minidao.factory.MiniDaoClassPathMapperScanner:48] register minidao name is { com.jeecg.core.biz.tag.select.table.dao.CustomTableDao }
[2018-11-21 16:09:56] [INFO] [org.jeecgframework.minidao.factory.MiniDaoClassPathMapperScanner:48] register minidao name is { com.jeecg.core.biz.dao.TSOperationDao }
[2018-11-21 16:09:56] [INFO] [org.jeecgframework.minidao.factory.MiniDaoClassPathMapperScanner:48] register minidao name is { com.jeecg.actInvite.dao.WxActInviteDao }
[2018-11-21 16:09:56] [INFO] [org.jeecgframework.minidao.factory.MiniDaoClassPathMapperScanner:48] register minidao name is { com.jeecg.auth.dao.JwSystemAuthDao }
[2018-11-21 16:09:56] [INFO] [org.jeecgframework.minidao.factory.MiniDaoClassPathMapperScanner:48] register minidao name is { com.jeecg.domo.order.dao.JpDemoOrderCustomDao }
[2018-11-21 16:09:56] [INFO] [org.jeecgframework.minidao.factory.MiniDaoClassPathMapperScanner:48] register minidao name is { com.jeecg.domo.order.dao.JpDemoOrderMainDao }
[2018-11-21 16:09:56] [INFO] [org.jeecgframework.minidao.factory.MiniDaoClassPathMapperScanner:48] register minidao name is { com.jeecg.domo.order.dao.JpDemoOrderProductDao }
[2018-11-21 16:09:56] [INFO] [org.jeecgframework.minidao.factory.MiniDaoClassPathMapperScanner:48] register minidao name is { com.jeecg.chat.dao.ChatMessageHistoryDao }
[2018-11-21 16:09:56] [INFO] [org.jeecgframework.minidao.factory.MiniDaoClassPathMapperScanner:48] register minidao name is { com.jeecg.chat.dao.ImDao }
[2018-11-21 16:09:56] [INFO] [org.jeecgframework.minidao.factory.MiniDaoClassPathMapperScanner:48] register minidao name is { com.jeecg.mail.dao.P3MailJformInnerMailAttachDao }
[2018-11-21 16:09:56] [INFO] [org.jeecgframework.minidao.factory.MiniDaoClassPathMapperScanner:48] register minidao name is { com.jeecg.mail.dao.P3MailJformInnerMailDao }
[2018-11-21 16:09:56] [INFO] [org.jeecgframework.minidao.factory.MiniDaoClassPathMapperScanner:48] register minidao name is { com.jeecg.mail.dao.P3MailJformInnerMailReceiverDao }
[2018-11-21 16:09:56] [INFO] [org.jeecgframework.minidao.factory.MiniDaoClassPathMapperScanner:48] register minidao name is { com.jeecg.mail.dao.P3MailTSBaseUserDao }
[2018-11-21 16:09:56] [INFO] [org.jeecgframework.minidao.factory.MiniDaoClassPathMapperScanner:48] register minidao name is { com.jeecg.mail.dao.P3MailTSUserDao }
[2018-11-21 16:09:57] [INFO] [com.alibaba.druid.pool.DruidDataSource:928] {dataSource-1} inited
[2018-11-21 16:09:58] [WARN] [org.hibernate.id.UUIDHexGenerator:59] HHH000409: Using org.hibernate.id.UUIDHexGenerator which does not generate IETF RFC 4122 compliant UUID values; consider using org.hibernate.id.UUIDGenerator instead
[2018-11-21 16:10:00] [WARN] [net.sf.ehcache.config.CacheConfiguration:698] Cache 'foreverCache' is set to eternal but also has TTI/TTL set.  To avoid this warning, clean up the config removing conflicting values of eternal, TTI and TTL. Effective configuration for Cache 'foreverCache' will be eternal='true', timeToIdleSeconds='0', timeToLiveSeconds='0'.
[2018-11-21 16:10:01] [INFO] [org.quartz.impl.StdSchedulerFactory:1208] Using default implementation for ThreadExecutor
[2018-11-21 16:10:01] [INFO] [org.quartz.core.SchedulerSignalerImpl:61] Initialized Scheduler Signaller of type: class org.quartz.core.SchedulerSignalerImpl
[2018-11-21 16:10:01] [INFO] [org.quartz.core.QuartzScheduler:229] Quartz Scheduler v.2.3.0 created.
[2018-11-21 16:10:01] [INFO] [org.quartz.simpl.RAMJobStore:155] RAMJobStore initialized.
[2018-11-21 16:10:01] [INFO] [org.quartz.core.QuartzScheduler:294] Scheduler meta-data: Quartz Scheduler (v2.3.0) 'schedulerFactory' with instanceId 'NON_CLUSTERED'
  Scheduler class: 'org.quartz.core.QuartzScheduler' - running locally.
  NOT STARTED.
  Currently in standby mode.
  Number of jobs executed: 0
  Using thread pool 'org.quartz.simpl.SimpleThreadPool' - with 10 threads.
  Using job-store 'org.quartz.simpl.RAMJobStore' - which does not support persistence. and is not clustered.

[2018-11-21 16:10:01] [INFO] [org.quartz.impl.StdSchedulerFactory:1362] Quartz scheduler 'schedulerFactory' initialized from an externally provided properties instance.
[2018-11-21 16:10:01] [INFO] [org.quartz.impl.StdSchedulerFactory:1366] Quartz scheduler version: 2.3.0
[2018-11-21 16:10:01] [INFO] [org.quartz.core.QuartzScheduler:2287] JobFactory set to: org.jeecgframework.web.system.sms.util.JQuartzJobFactory@6ec245aa
[2018-11-21 16:10:02] [INFO] [org.jeecgframework.core.timer.DynamicTask:252]  register time task class num is [0] 
[2018-11-21 16:10:04] [INFO] [org.jeecgframework.core.timer.DataBaseSchedulerFactoryBean:648] Starting Quartz Scheduler now
[2018-11-21 16:10:04] [INFO] [org.quartz.core.QuartzScheduler:547] Scheduler schedulerFactory_$_NON_CLUSTERED started.
[2018-11-21 16:10:04] [INFO] [org.jeecgframework.web.system.service.impl.SystemServiceImpl:180]   ------ 初始化字典组 【系统缓存】-----------typeGroupsList-----size: [43]
[2018-11-21 16:10:04] [INFO] [org.jeecgframework.web.system.service.impl.SystemServiceImpl:181]   ------ 初始化字典 【系统缓存】-----------typesList-----size: [43]
[2018-11-21 16:10:04] [INFO] [org.jeecgframework.web.system.service.impl.MutiLangServiceImpl:43]   ------ 初始化国际化语言【系统缓存】  ------ size: [1211] 
[2018-11-21 16:10:04] [INFO] [org.jeecgframework.web.system.service.impl.DynamicDataSourceServiceImpl:41]   ------ 初始化动态数据源配置【系统缓存】---------size: [2] 
[2018-11-21 16:10:14] [INFO] [org.jeecgframework.web.system.controller.core.LoginController:220]  >>>>>>>>>>>>>>>>>>>>>>>>>>  Login 用户登录成功，初始化Main首页用户信息  （Main 首页加载逻辑）  >>>>>>>>>>>>>>>>>>>>>>>>>>>>>>>>> 
[2018-11-21 16:10:14] [INFO] [org.jeecgframework.web.system.controller.core.LoginController:261] login 资源路径returnURL：null
[2018-11-21 16:10:15] [INFO] [com.jeecg.chat.web.WebSocket:250] 有新连接加入！当前在线人数为1
[2018-11-21 16:10:16] [INFO] [com.jeecg.chat.web.ImController:318] --通过流的方式获取文件异常--D:\upFiles\upload\files\20180715\qq_1531625977907.jpg (系统找不到指定的路径。)
[2018-11-21 16:11:04] [INFO] [org.jeecgframework.web.system.controller.core.LoginController:220]  >>>>>>>>>>>>>>>>>>>>>>>>>>  Login 用户登录成功，初始化Main首页用户信息  （Main 首页加载逻辑）  >>>>>>>>>>>>>>>>>>>>>>>>>>>>>>>>> 
[2018-11-21 16:11:04] [INFO] [org.jeecgframework.web.system.controller.core.LoginController:261] login 资源路径returnURL：null
[2018-11-21 16:11:04] [INFO] [com.jeecg.chat.web.WebSocket:250] 发生错误
[2018-11-21 16:11:04] [INFO] [com.jeecg.chat.web.WebSocket:250] 当前在线用户：0
[2018-11-21 16:11:05] [INFO] [com.jeecg.chat.web.WebSocket:250] 有新连接加入！当前在线人数为1
[2018-11-21 16:11:05] [INFO] [com.jeecg.chat.web.ImController:318] --通过流的方式获取文件异常--D:\upFiles\upload\files\20180715\qq_1531625977907.jpg (系统找不到指定的路径。)
[2018-11-21 16:20:33] [INFO] [org.jeecgframework.minidao.factory.MiniDaoClassPathMapperScanner:48] register minidao name is { org.jeecgframework.web.cgdynamgraph.dao.core.CgDynamGraphDao }
[2018-11-21 16:20:33] [INFO] [org.jeecgframework.minidao.factory.MiniDaoClassPathMapperScanner:48] register minidao name is { org.jeecgframework.web.cgform.dao.config.CgFormFieldDao }
[2018-11-21 16:20:33] [INFO] [org.jeecgframework.minidao.factory.MiniDaoClassPathMapperScanner:48] register minidao name is { org.jeecgframework.web.cgform.dao.config.CgFormVersionDao }
[2018-11-21 16:20:33] [INFO] [org.jeecgframework.minidao.factory.MiniDaoClassPathMapperScanner:48] register minidao name is { org.jeecgframework.web.cgform.dao.upload.CgFormUploadDao }
[2018-11-21 16:20:33] [INFO] [org.jeecgframework.minidao.factory.MiniDaoClassPathMapperScanner:48] register minidao name is { org.jeecgframework.web.cgreport.dao.core.CgReportDao }
[2018-11-21 16:20:33] [INFO] [org.jeecgframework.minidao.factory.MiniDaoClassPathMapperScanner:48] register minidao name is { org.jeecgframework.web.system.dao.DepartAuthGroupDao }
[2018-11-21 16:20:33] [INFO] [org.jeecgframework.minidao.factory.MiniDaoClassPathMapperScanner:48] register minidao name is { org.jeecgframework.web.system.dao.JeecgDictDao }
[2018-11-21 16:20:33] [INFO] [org.jeecgframework.minidao.factory.MiniDaoClassPathMapperScanner:48] register minidao name is { com.jeecg.demo.dao.JeecgMinidaoDao }
[2018-11-21 16:20:33] [INFO] [org.jeecgframework.minidao.factory.MiniDaoClassPathMapperScanner:48] register minidao name is { com.jeecg.core.biz.mutiLang.dao.P3MutiLangDao }
[2018-11-21 16:20:33] [INFO] [org.jeecgframework.minidao.factory.MiniDaoClassPathMapperScanner:48] register minidao name is { com.jeecg.core.biz.tag.select.dict.dao.TSTypeDao }
[2018-11-21 16:20:33] [INFO] [org.jeecgframework.minidao.factory.MiniDaoClassPathMapperScanner:48] register minidao name is { com.jeecg.core.biz.tag.select.table.dao.CustomTableDao }
[2018-11-21 16:20:33] [INFO] [org.jeecgframework.minidao.factory.MiniDaoClassPathMapperScanner:48] register minidao name is { com.jeecg.core.biz.dao.TSOperationDao }
[2018-11-21 16:20:33] [INFO] [org.jeecgframework.minidao.factory.MiniDaoClassPathMapperScanner:48] register minidao name is { com.jeecg.actInvite.dao.WxActInviteDao }
[2018-11-21 16:20:33] [INFO] [org.jeecgframework.minidao.factory.MiniDaoClassPathMapperScanner:48] register minidao name is { com.jeecg.auth.dao.JwSystemAuthDao }
[2018-11-21 16:20:33] [INFO] [org.jeecgframework.minidao.factory.MiniDaoClassPathMapperScanner:48] register minidao name is { com.jeecg.domo.order.dao.JpDemoOrderCustomDao }
[2018-11-21 16:20:33] [INFO] [org.jeecgframework.minidao.factory.MiniDaoClassPathMapperScanner:48] register minidao name is { com.jeecg.domo.order.dao.JpDemoOrderMainDao }
[2018-11-21 16:20:33] [INFO] [org.jeecgframework.minidao.factory.MiniDaoClassPathMapperScanner:48] register minidao name is { com.jeecg.domo.order.dao.JpDemoOrderProductDao }
[2018-11-21 16:20:33] [INFO] [org.jeecgframework.minidao.factory.MiniDaoClassPathMapperScanner:48] register minidao name is { com.jeecg.chat.dao.ChatMessageHistoryDao }
[2018-11-21 16:20:33] [INFO] [org.jeecgframework.minidao.factory.MiniDaoClassPathMapperScanner:48] register minidao name is { com.jeecg.chat.dao.ImDao }
[2018-11-21 16:20:33] [INFO] [org.jeecgframework.minidao.factory.MiniDaoClassPathMapperScanner:48] register minidao name is { com.jeecg.mail.dao.P3MailJformInnerMailAttachDao }
[2018-11-21 16:20:33] [INFO] [org.jeecgframework.minidao.factory.MiniDaoClassPathMapperScanner:48] register minidao name is { com.jeecg.mail.dao.P3MailJformInnerMailDao }
[2018-11-21 16:20:33] [INFO] [org.jeecgframework.minidao.factory.MiniDaoClassPathMapperScanner:48] register minidao name is { com.jeecg.mail.dao.P3MailJformInnerMailReceiverDao }
[2018-11-21 16:20:33] [INFO] [org.jeecgframework.minidao.factory.MiniDaoClassPathMapperScanner:48] register minidao name is { com.jeecg.mail.dao.P3MailTSBaseUserDao }
[2018-11-21 16:20:33] [INFO] [org.jeecgframework.minidao.factory.MiniDaoClassPathMapperScanner:48] register minidao name is { com.jeecg.mail.dao.P3MailTSUserDao }
[2018-11-21 16:20:33] [INFO] [com.alibaba.druid.pool.DruidDataSource:928] {dataSource-1} inited
[2018-11-21 16:20:35] [WARN] [org.hibernate.id.UUIDHexGenerator:59] HHH000409: Using org.hibernate.id.UUIDHexGenerator which does not generate IETF RFC 4122 compliant UUID values; consider using org.hibernate.id.UUIDGenerator instead
[2018-11-21 16:20:35] [WARN] [net.sf.ehcache.config.CacheConfiguration:698] Cache 'foreverCache' is set to eternal but also has TTI/TTL set.  To avoid this warning, clean up the config removing conflicting values of eternal, TTI and TTL. Effective configuration for Cache 'foreverCache' will be eternal='true', timeToIdleSeconds='0', timeToLiveSeconds='0'.
[2018-11-21 16:20:37] [INFO] [org.quartz.impl.StdSchedulerFactory:1208] Using default implementation for ThreadExecutor
[2018-11-21 16:20:37] [INFO] [org.quartz.core.SchedulerSignalerImpl:61] Initialized Scheduler Signaller of type: class org.quartz.core.SchedulerSignalerImpl
[2018-11-21 16:20:37] [INFO] [org.quartz.core.QuartzScheduler:229] Quartz Scheduler v.2.3.0 created.
[2018-11-21 16:20:37] [INFO] [org.quartz.simpl.RAMJobStore:155] RAMJobStore initialized.
[2018-11-21 16:20:37] [INFO] [org.quartz.core.QuartzScheduler:294] Scheduler meta-data: Quartz Scheduler (v2.3.0) 'schedulerFactory' with instanceId 'NON_CLUSTERED'
  Scheduler class: 'org.quartz.core.QuartzScheduler' - running locally.
  NOT STARTED.
  Currently in standby mode.
  Number of jobs executed: 0
  Using thread pool 'org.quartz.simpl.SimpleThreadPool' - with 10 threads.
  Using job-store 'org.quartz.simpl.RAMJobStore' - which does not support persistence. and is not clustered.

[2018-11-21 16:20:37] [INFO] [org.quartz.impl.StdSchedulerFactory:1362] Quartz scheduler 'schedulerFactory' initialized from an externally provided properties instance.
[2018-11-21 16:20:37] [INFO] [org.quartz.impl.StdSchedulerFactory:1366] Quartz scheduler version: 2.3.0
[2018-11-21 16:20:37] [INFO] [org.quartz.core.QuartzScheduler:2287] JobFactory set to: org.jeecgframework.web.system.sms.util.JQuartzJobFactory@72aac05
[2018-11-21 16:20:38] [INFO] [org.jeecgframework.core.timer.DynamicTask:252]  register time task class num is [0] 
[2018-11-21 16:20:39] [INFO] [org.jeecgframework.core.timer.DataBaseSchedulerFactoryBean:648] Starting Quartz Scheduler now
[2018-11-21 16:20:39] [INFO] [org.quartz.core.QuartzScheduler:547] Scheduler schedulerFactory_$_NON_CLUSTERED started.
[2018-11-21 16:20:39] [INFO] [org.jeecgframework.web.system.service.impl.SystemServiceImpl:180]   ------ 初始化字典组 【系统缓存】-----------typeGroupsList-----size: [43]
[2018-11-21 16:20:39] [INFO] [org.jeecgframework.web.system.service.impl.SystemServiceImpl:181]   ------ 初始化字典 【系统缓存】-----------typesList-----size: [43]
[2018-11-21 16:20:39] [INFO] [org.jeecgframework.web.system.service.impl.MutiLangServiceImpl:43]   ------ 初始化国际化语言【系统缓存】  ------ size: [1211] 
[2018-11-21 16:20:39] [INFO] [org.jeecgframework.web.system.service.impl.DynamicDataSourceServiceImpl:41]   ------ 初始化动态数据源配置【系统缓存】---------size: [2] 
[2018-11-21 16:46:18] [INFO] [org.jeecgframework.web.system.controller.core.LoginController:220]  >>>>>>>>>>>>>>>>>>>>>>>>>>  Login 用户登录成功，初始化Main首页用户信息  （Main 首页加载逻辑）  >>>>>>>>>>>>>>>>>>>>>>>>>>>>>>>>> 
[2018-11-21 16:46:18] [INFO] [org.jeecgframework.web.system.controller.core.LoginController:261] login 资源路径returnURL：null
[2018-11-21 16:46:19] [INFO] [com.jeecg.chat.web.WebSocket:250] 有新连接加入！当前在线人数为1
[2018-11-21 16:46:20] [INFO] [com.jeecg.chat.web.ImController:318] --通过流的方式获取文件异常--D:\upFiles\upload\files\20180715\qq_1531625977907.jpg (系统找不到指定的路径。)
[2018-11-21 16:49:11] [INFO] [org.jeecgframework.web.system.controller.core.LoginController:220]  >>>>>>>>>>>>>>>>>>>>>>>>>>  Login 用户登录成功，初始化Main首页用户信息  （Main 首页加载逻辑）  >>>>>>>>>>>>>>>>>>>>>>>>>>>>>>>>> 
[2018-11-21 16:49:11] [INFO] [org.jeecgframework.web.system.controller.core.LoginController:261] login 资源路径returnURL：null
[2018-11-21 16:49:11] [INFO] [com.jeecg.chat.web.WebSocket:250] 发生错误
[2018-11-21 16:49:11] [INFO] [com.jeecg.chat.web.WebSocket:250] 当前在线用户：0
[2018-11-21 16:49:13] [INFO] [com.jeecg.chat.web.WebSocket:250] 有新连接加入！当前在线人数为1
[2018-11-21 16:49:13] [INFO] [com.jeecg.chat.web.ImController:318] --通过流的方式获取文件异常--D:\upFiles\upload\files\20180715\qq_1531625977907.jpg (系统找不到指定的路径。)
[2018-11-21 16:54:03] [INFO] [org.jeecgframework.minidao.factory.MiniDaoClassPathMapperScanner:48] register minidao name is { org.jeecgframework.web.cgdynamgraph.dao.core.CgDynamGraphDao }
[2018-11-21 16:54:03] [INFO] [org.jeecgframework.minidao.factory.MiniDaoClassPathMapperScanner:48] register minidao name is { org.jeecgframework.web.cgform.dao.config.CgFormFieldDao }
[2018-11-21 16:54:03] [INFO] [org.jeecgframework.minidao.factory.MiniDaoClassPathMapperScanner:48] register minidao name is { org.jeecgframework.web.cgform.dao.config.CgFormVersionDao }
[2018-11-21 16:54:03] [INFO] [org.jeecgframework.minidao.factory.MiniDaoClassPathMapperScanner:48] register minidao name is { org.jeecgframework.web.cgform.dao.upload.CgFormUploadDao }
[2018-11-21 16:54:03] [INFO] [org.jeecgframework.minidao.factory.MiniDaoClassPathMapperScanner:48] register minidao name is { org.jeecgframework.web.cgreport.dao.core.CgReportDao }
[2018-11-21 16:54:03] [INFO] [org.jeecgframework.minidao.factory.MiniDaoClassPathMapperScanner:48] register minidao name is { org.jeecgframework.web.system.dao.DepartAuthGroupDao }
[2018-11-21 16:54:03] [INFO] [org.jeecgframework.minidao.factory.MiniDaoClassPathMapperScanner:48] register minidao name is { org.jeecgframework.web.system.dao.JeecgDictDao }
[2018-11-21 16:54:03] [INFO] [org.jeecgframework.minidao.factory.MiniDaoClassPathMapperScanner:48] register minidao name is { com.jeecg.demo.dao.JeecgMinidaoDao }
[2018-11-21 16:54:03] [INFO] [org.jeecgframework.minidao.factory.MiniDaoClassPathMapperScanner:48] register minidao name is { com.jeecg.core.biz.mutiLang.dao.P3MutiLangDao }
[2018-11-21 16:54:03] [INFO] [org.jeecgframework.minidao.factory.MiniDaoClassPathMapperScanner:48] register minidao name is { com.jeecg.core.biz.tag.select.dict.dao.TSTypeDao }
[2018-11-21 16:54:03] [INFO] [org.jeecgframework.minidao.factory.MiniDaoClassPathMapperScanner:48] register minidao name is { com.jeecg.core.biz.tag.select.table.dao.CustomTableDao }
[2018-11-21 16:54:03] [INFO] [org.jeecgframework.minidao.factory.MiniDaoClassPathMapperScanner:48] register minidao name is { com.jeecg.core.biz.dao.TSOperationDao }
[2018-11-21 16:54:03] [INFO] [org.jeecgframework.minidao.factory.MiniDaoClassPathMapperScanner:48] register minidao name is { com.jeecg.actInvite.dao.WxActInviteDao }
[2018-11-21 16:54:03] [INFO] [org.jeecgframework.minidao.factory.MiniDaoClassPathMapperScanner:48] register minidao name is { com.jeecg.auth.dao.JwSystemAuthDao }
[2018-11-21 16:54:03] [INFO] [org.jeecgframework.minidao.factory.MiniDaoClassPathMapperScanner:48] register minidao name is { com.jeecg.domo.order.dao.JpDemoOrderCustomDao }
[2018-11-21 16:54:03] [INFO] [org.jeecgframework.minidao.factory.MiniDaoClassPathMapperScanner:48] register minidao name is { com.jeecg.domo.order.dao.JpDemoOrderMainDao }
[2018-11-21 16:54:03] [INFO] [org.jeecgframework.minidao.factory.MiniDaoClassPathMapperScanner:48] register minidao name is { com.jeecg.domo.order.dao.JpDemoOrderProductDao }
[2018-11-21 16:54:03] [INFO] [org.jeecgframework.minidao.factory.MiniDaoClassPathMapperScanner:48] register minidao name is { com.jeecg.chat.dao.ChatMessageHistoryDao }
[2018-11-21 16:54:03] [INFO] [org.jeecgframework.minidao.factory.MiniDaoClassPathMapperScanner:48] register minidao name is { com.jeecg.chat.dao.ImDao }
[2018-11-21 16:54:03] [INFO] [org.jeecgframework.minidao.factory.MiniDaoClassPathMapperScanner:48] register minidao name is { com.jeecg.mail.dao.P3MailJformInnerMailAttachDao }
[2018-11-21 16:54:03] [INFO] [org.jeecgframework.minidao.factory.MiniDaoClassPathMapperScanner:48] register minidao name is { com.jeecg.mail.dao.P3MailJformInnerMailDao }
[2018-11-21 16:54:03] [INFO] [org.jeecgframework.minidao.factory.MiniDaoClassPathMapperScanner:48] register minidao name is { com.jeecg.mail.dao.P3MailJformInnerMailReceiverDao }
[2018-11-21 16:54:03] [INFO] [org.jeecgframework.minidao.factory.MiniDaoClassPathMapperScanner:48] register minidao name is { com.jeecg.mail.dao.P3MailTSBaseUserDao }
[2018-11-21 16:54:03] [INFO] [org.jeecgframework.minidao.factory.MiniDaoClassPathMapperScanner:48] register minidao name is { com.jeecg.mail.dao.P3MailTSUserDao }
[2018-11-21 16:54:04] [INFO] [com.alibaba.druid.pool.DruidDataSource:928] {dataSource-1} inited
[2018-11-21 16:54:06] [WARN] [org.hibernate.id.UUIDHexGenerator:59] HHH000409: Using org.hibernate.id.UUIDHexGenerator which does not generate IETF RFC 4122 compliant UUID values; consider using org.hibernate.id.UUIDGenerator instead
[2018-11-21 16:54:07] [WARN] [net.sf.ehcache.config.CacheConfiguration:698] Cache 'foreverCache' is set to eternal but also has TTI/TTL set.  To avoid this warning, clean up the config removing conflicting values of eternal, TTI and TTL. Effective configuration for Cache 'foreverCache' will be eternal='true', timeToIdleSeconds='0', timeToLiveSeconds='0'.
[2018-11-21 16:54:09] [INFO] [org.quartz.impl.StdSchedulerFactory:1208] Using default implementation for ThreadExecutor
[2018-11-21 16:54:09] [INFO] [org.quartz.core.SchedulerSignalerImpl:61] Initialized Scheduler Signaller of type: class org.quartz.core.SchedulerSignalerImpl
[2018-11-21 16:54:09] [INFO] [org.quartz.core.QuartzScheduler:229] Quartz Scheduler v.2.3.0 created.
[2018-11-21 16:54:09] [INFO] [org.quartz.simpl.RAMJobStore:155] RAMJobStore initialized.
[2018-11-21 16:54:09] [INFO] [org.quartz.core.QuartzScheduler:294] Scheduler meta-data: Quartz Scheduler (v2.3.0) 'schedulerFactory' with instanceId 'NON_CLUSTERED'
  Scheduler class: 'org.quartz.core.QuartzScheduler' - running locally.
  NOT STARTED.
  Currently in standby mode.
  Number of jobs executed: 0
  Using thread pool 'org.quartz.simpl.SimpleThreadPool' - with 10 threads.
  Using job-store 'org.quartz.simpl.RAMJobStore' - which does not support persistence. and is not clustered.

[2018-11-21 16:54:09] [INFO] [org.quartz.impl.StdSchedulerFactory:1362] Quartz scheduler 'schedulerFactory' initialized from an externally provided properties instance.
[2018-11-21 16:54:09] [INFO] [org.quartz.impl.StdSchedulerFactory:1366] Quartz scheduler version: 2.3.0
[2018-11-21 16:54:09] [INFO] [org.quartz.core.QuartzScheduler:2287] JobFactory set to: org.jeecgframework.web.system.sms.util.JQuartzJobFactory@1fb58cb9
[2018-11-21 16:54:09] [INFO] [org.jeecgframework.core.timer.DynamicTask:252]  register time task class num is [0] 
[2018-11-21 16:54:11] [INFO] [org.jeecgframework.core.timer.DataBaseSchedulerFactoryBean:648] Starting Quartz Scheduler now
[2018-11-21 16:54:11] [INFO] [org.quartz.core.QuartzScheduler:547] Scheduler schedulerFactory_$_NON_CLUSTERED started.
[2018-11-21 16:54:11] [INFO] [org.jeecgframework.web.system.service.impl.SystemServiceImpl:180]   ------ 初始化字典组 【系统缓存】-----------typeGroupsList-----size: [43]
[2018-11-21 16:54:11] [INFO] [org.jeecgframework.web.system.service.impl.SystemServiceImpl:181]   ------ 初始化字典 【系统缓存】-----------typesList-----size: [43]
[2018-11-21 16:54:11] [INFO] [org.jeecgframework.web.system.service.impl.MutiLangServiceImpl:43]   ------ 初始化国际化语言【系统缓存】  ------ size: [1211] 
[2018-11-21 16:54:11] [INFO] [org.jeecgframework.web.system.service.impl.DynamicDataSourceServiceImpl:41]   ------ 初始化动态数据源配置【系统缓存】---------size: [2] 
[2018-11-21 16:54:33] [INFO] [org.jeecgframework.web.system.controller.core.LoginController:220]  >>>>>>>>>>>>>>>>>>>>>>>>>>  Login 用户登录成功，初始化Main首页用户信息  （Main 首页加载逻辑）  >>>>>>>>>>>>>>>>>>>>>>>>>>>>>>>>> 
[2018-11-21 16:54:33] [INFO] [org.jeecgframework.web.system.controller.core.LoginController:261] login 资源路径returnURL：null
[2018-11-21 16:54:35] [INFO] [com.jeecg.chat.web.WebSocket:250] 有新连接加入！当前在线人数为1
[2018-11-21 16:54:36] [INFO] [com.jeecg.chat.web.ImController:318] --通过流的方式获取文件异常--D:\upFiles\upload\files\20180715\qq_1531625977907.jpg (系统找不到指定的路径。)
[2018-11-21 16:56:38] [INFO] [org.jeecgframework.minidao.factory.MiniDaoClassPathMapperScanner:48] register minidao name is { org.jeecgframework.web.cgdynamgraph.dao.core.CgDynamGraphDao }
[2018-11-21 16:56:38] [INFO] [org.jeecgframework.minidao.factory.MiniDaoClassPathMapperScanner:48] register minidao name is { org.jeecgframework.web.cgform.dao.config.CgFormFieldDao }
[2018-11-21 16:56:38] [INFO] [org.jeecgframework.minidao.factory.MiniDaoClassPathMapperScanner:48] register minidao name is { org.jeecgframework.web.cgform.dao.config.CgFormVersionDao }
[2018-11-21 16:56:38] [INFO] [org.jeecgframework.minidao.factory.MiniDaoClassPathMapperScanner:48] register minidao name is { org.jeecgframework.web.cgform.dao.upload.CgFormUploadDao }
[2018-11-21 16:56:38] [INFO] [org.jeecgframework.minidao.factory.MiniDaoClassPathMapperScanner:48] register minidao name is { org.jeecgframework.web.cgreport.dao.core.CgReportDao }
[2018-11-21 16:56:38] [INFO] [org.jeecgframework.minidao.factory.MiniDaoClassPathMapperScanner:48] register minidao name is { org.jeecgframework.web.system.dao.DepartAuthGroupDao }
[2018-11-21 16:56:38] [INFO] [org.jeecgframework.minidao.factory.MiniDaoClassPathMapperScanner:48] register minidao name is { org.jeecgframework.web.system.dao.JeecgDictDao }
[2018-11-21 16:56:38] [INFO] [org.jeecgframework.minidao.factory.MiniDaoClassPathMapperScanner:48] register minidao name is { com.jeecg.demo.dao.JeecgMinidaoDao }
[2018-11-21 16:56:38] [INFO] [org.jeecgframework.minidao.factory.MiniDaoClassPathMapperScanner:48] register minidao name is { com.jeecg.core.biz.mutiLang.dao.P3MutiLangDao }
[2018-11-21 16:56:38] [INFO] [org.jeecgframework.minidao.factory.MiniDaoClassPathMapperScanner:48] register minidao name is { com.jeecg.core.biz.tag.select.dict.dao.TSTypeDao }
[2018-11-21 16:56:38] [INFO] [org.jeecgframework.minidao.factory.MiniDaoClassPathMapperScanner:48] register minidao name is { com.jeecg.core.biz.tag.select.table.dao.CustomTableDao }
[2018-11-21 16:56:38] [INFO] [org.jeecgframework.minidao.factory.MiniDaoClassPathMapperScanner:48] register minidao name is { com.jeecg.core.biz.dao.TSOperationDao }
[2018-11-21 16:56:38] [INFO] [org.jeecgframework.minidao.factory.MiniDaoClassPathMapperScanner:48] register minidao name is { com.jeecg.actInvite.dao.WxActInviteDao }
[2018-11-21 16:56:38] [INFO] [org.jeecgframework.minidao.factory.MiniDaoClassPathMapperScanner:48] register minidao name is { com.jeecg.auth.dao.JwSystemAuthDao }
[2018-11-21 16:56:38] [INFO] [org.jeecgframework.minidao.factory.MiniDaoClassPathMapperScanner:48] register minidao name is { com.jeecg.domo.order.dao.JpDemoOrderCustomDao }
[2018-11-21 16:56:38] [INFO] [org.jeecgframework.minidao.factory.MiniDaoClassPathMapperScanner:48] register minidao name is { com.jeecg.domo.order.dao.JpDemoOrderMainDao }
[2018-11-21 16:56:38] [INFO] [org.jeecgframework.minidao.factory.MiniDaoClassPathMapperScanner:48] register minidao name is { com.jeecg.domo.order.dao.JpDemoOrderProductDao }
[2018-11-21 16:56:38] [INFO] [org.jeecgframework.minidao.factory.MiniDaoClassPathMapperScanner:48] register minidao name is { com.jeecg.chat.dao.ChatMessageHistoryDao }
[2018-11-21 16:56:38] [INFO] [org.jeecgframework.minidao.factory.MiniDaoClassPathMapperScanner:48] register minidao name is { com.jeecg.chat.dao.ImDao }
[2018-11-21 16:56:38] [INFO] [org.jeecgframework.minidao.factory.MiniDaoClassPathMapperScanner:48] register minidao name is { com.jeecg.mail.dao.P3MailJformInnerMailAttachDao }
[2018-11-21 16:56:38] [INFO] [org.jeecgframework.minidao.factory.MiniDaoClassPathMapperScanner:48] register minidao name is { com.jeecg.mail.dao.P3MailJformInnerMailDao }
[2018-11-21 16:56:38] [INFO] [org.jeecgframework.minidao.factory.MiniDaoClassPathMapperScanner:48] register minidao name is { com.jeecg.mail.dao.P3MailJformInnerMailReceiverDao }
[2018-11-21 16:56:38] [INFO] [org.jeecgframework.minidao.factory.MiniDaoClassPathMapperScanner:48] register minidao name is { com.jeecg.mail.dao.P3MailTSBaseUserDao }
[2018-11-21 16:56:38] [INFO] [org.jeecgframework.minidao.factory.MiniDaoClassPathMapperScanner:48] register minidao name is { com.jeecg.mail.dao.P3MailTSUserDao }
[2018-11-21 16:56:38] [INFO] [com.alibaba.druid.pool.DruidDataSource:928] {dataSource-1} inited
[2018-11-21 16:56:40] [WARN] [org.hibernate.id.UUIDHexGenerator:59] HHH000409: Using org.hibernate.id.UUIDHexGenerator which does not generate IETF RFC 4122 compliant UUID values; consider using org.hibernate.id.UUIDGenerator instead
[2018-11-21 16:56:41] [WARN] [net.sf.ehcache.config.CacheConfiguration:698] Cache 'foreverCache' is set to eternal but also has TTI/TTL set.  To avoid this warning, clean up the config removing conflicting values of eternal, TTI and TTL. Effective configuration for Cache 'foreverCache' will be eternal='true', timeToIdleSeconds='0', timeToLiveSeconds='0'.
[2018-11-21 16:56:43] [INFO] [org.quartz.impl.StdSchedulerFactory:1208] Using default implementation for ThreadExecutor
[2018-11-21 16:56:43] [INFO] [org.quartz.core.SchedulerSignalerImpl:61] Initialized Scheduler Signaller of type: class org.quartz.core.SchedulerSignalerImpl
[2018-11-21 16:56:43] [INFO] [org.quartz.core.QuartzScheduler:229] Quartz Scheduler v.2.3.0 created.
[2018-11-21 16:56:43] [INFO] [org.quartz.simpl.RAMJobStore:155] RAMJobStore initialized.
[2018-11-21 16:56:43] [INFO] [org.quartz.core.QuartzScheduler:294] Scheduler meta-data: Quartz Scheduler (v2.3.0) 'schedulerFactory' with instanceId 'NON_CLUSTERED'
  Scheduler class: 'org.quartz.core.QuartzScheduler' - running locally.
  NOT STARTED.
  Currently in standby mode.
  Number of jobs executed: 0
  Using thread pool 'org.quartz.simpl.SimpleThreadPool' - with 10 threads.
  Using job-store 'org.quartz.simpl.RAMJobStore' - which does not support persistence. and is not clustered.

[2018-11-21 16:56:43] [INFO] [org.quartz.impl.StdSchedulerFactory:1362] Quartz scheduler 'schedulerFactory' initialized from an externally provided properties instance.
[2018-11-21 16:56:43] [INFO] [org.quartz.impl.StdSchedulerFactory:1366] Quartz scheduler version: 2.3.0
[2018-11-21 16:56:43] [INFO] [org.quartz.core.QuartzScheduler:2287] JobFactory set to: org.jeecgframework.web.system.sms.util.JQuartzJobFactory@2e889251
[2018-11-21 16:56:43] [INFO] [org.jeecgframework.core.timer.DynamicTask:252]  register time task class num is [0] 
[2018-11-21 16:56:46] [INFO] [org.jeecgframework.core.timer.DataBaseSchedulerFactoryBean:648] Starting Quartz Scheduler now
[2018-11-21 16:56:46] [INFO] [org.quartz.core.QuartzScheduler:547] Scheduler schedulerFactory_$_NON_CLUSTERED started.
[2018-11-21 16:56:46] [INFO] [org.jeecgframework.web.system.service.impl.SystemServiceImpl:180]   ------ 初始化字典组 【系统缓存】-----------typeGroupsList-----size: [43]
[2018-11-21 16:56:46] [INFO] [org.jeecgframework.web.system.service.impl.SystemServiceImpl:181]   ------ 初始化字典 【系统缓存】-----------typesList-----size: [43]
[2018-11-21 16:56:46] [INFO] [org.jeecgframework.web.system.service.impl.MutiLangServiceImpl:43]   ------ 初始化国际化语言【系统缓存】  ------ size: [1211] 
[2018-11-21 16:56:46] [INFO] [org.jeecgframework.web.system.service.impl.DynamicDataSourceServiceImpl:41]   ------ 初始化动态数据源配置【系统缓存】---------size: [2] 
[2018-11-21 16:57:03] [INFO] [org.jeecgframework.web.system.controller.core.LoginController:220]  >>>>>>>>>>>>>>>>>>>>>>>>>>  Login 用户登录成功，初始化Main首页用户信息  （Main 首页加载逻辑）  >>>>>>>>>>>>>>>>>>>>>>>>>>>>>>>>> 
[2018-11-21 16:57:03] [INFO] [org.jeecgframework.web.system.controller.core.LoginController:261] login 资源路径returnURL：null
[2018-11-21 16:57:05] [INFO] [com.jeecg.chat.web.WebSocket:250] 有新连接加入！当前在线人数为1
[2018-11-21 16:57:05] [INFO] [com.jeecg.chat.web.ImController:318] --通过流的方式获取文件异常--D:\upFiles\upload\files\20180715\qq_1531625977907.jpg (系统找不到指定的路径。)
[2018-11-21 17:02:09] [INFO] [org.jeecgframework.web.system.controller.core.LoginController:220]  >>>>>>>>>>>>>>>>>>>>>>>>>>  Login 用户登录成功，初始化Main首页用户信息  （Main 首页加载逻辑）  >>>>>>>>>>>>>>>>>>>>>>>>>>>>>>>>> 
[2018-11-21 17:02:09] [INFO] [org.jeecgframework.web.system.controller.core.LoginController:261] login 资源路径returnURL：null
[2018-11-21 17:02:09] [INFO] [com.jeecg.chat.web.WebSocket:250] 发生错误
[2018-11-21 17:02:09] [INFO] [com.jeecg.chat.web.WebSocket:250] 当前在线用户：0
[2018-11-21 17:02:10] [INFO] [com.jeecg.chat.web.WebSocket:250] 有新连接加入！当前在线人数为1
[2018-11-21 17:02:10] [INFO] [com.jeecg.chat.web.ImController:318] --通过流的方式获取文件异常--D:\upFiles\upload\files\20180715\qq_1531625977907.jpg (系统找不到指定的路径。)
[2018-11-21 23:49:39] [INFO] [com.jeecg.chat.web.WebSocket:250] 发生错误
[2018-11-21 23:49:39] [INFO] [com.jeecg.chat.web.WebSocket:250] 当前在线用户：0
[2018-11-21 23:49:54] [INFO] [org.jeecgframework.web.system.controller.core.LoginController:220]  >>>>>>>>>>>>>>>>>>>>>>>>>>  Login 用户登录成功，初始化Main首页用户信息  （Main 首页加载逻辑）  >>>>>>>>>>>>>>>>>>>>>>>>>>>>>>>>> 
[2018-11-21 23:49:54] [INFO] [org.jeecgframework.web.system.controller.core.LoginController:261] login 资源路径returnURL：null
[2018-11-21 23:49:55] [INFO] [com.jeecg.chat.web.WebSocket:250] 有新连接加入！当前在线人数为1
[2018-11-21 23:49:56] [INFO] [com.jeecg.chat.web.ImController:318] --通过流的方式获取文件异常--D:\upFiles\upload\files\20180715\qq_1531625977907.jpg (系统找不到指定的路径。)
