[2018-11-12 00:08:35] [INFO] [com.jeecg.chat.web.WebSocket:250] 当前在线用户：1
[2018-11-12 00:15:55] [INFO] [org.jeecgframework.codegenerate.database.JeecgReadTable:420] 数据库驱动: com.mysql.jdbc.Driver
[2018-11-12 00:15:55] [INFO] [org.jeecgframework.codegenerate.extcommon.a:56] -------classpath-------/D:/Code_Workspace/idea_work/sheyang/sheyang_jeecg/target/classes/jeecg/ext-common-template/
[2018-11-12 00:15:55] [INFO] [org.jeecgframework.codegenerate.extcommon.a:68] -------------------load template from templateRootDir = 'D:\Code_Workspace\idea_work\sheyang\sheyang_jeecg\target\classes\jeecg\ext-common-template' outJavaRootDir:D:\Code_Workspace\idea_work\sheyang\sheyang_jeecg\src\main\java' outWebappRootDir:D:\Code_Workspace\idea_work\sheyang\sheyang_jeecg\src\main\webapp
[2018-11-12 00:15:55] [INFO] [org.jeecgframework.codegenerate.extcommon.a:78] ----srcFiles----size-----------114
[2018-11-12 00:15:55] [INFO] [org.jeecgframework.codegenerate.extcommon.a:56] -------classpath-------/D:/Code_Workspace/idea_work/sheyang/sheyang_jeecg/target/classes/jeecg/ext-common-template/
[2018-11-12 00:15:55] [INFO] [org.jeecgframework.codegenerate.extcommon.a:56] -------classpath-------/D:/Code_Workspace/idea_work/sheyang/sheyang_jeecg/target/classes/jeecg/ext-common-template/
[2018-11-12 00:15:55] [INFO] [org.jeecgframework.codegenerate.extcommon.a:184] [generate]	 template:bootstrap\single\java\${bussiPackage}\${entityPackage}\controller\${entityName}Controller.javai ==> D:/\src/main/java\com\jeecg\demo\controller\PatrolRecordController.java
[2018-11-12 00:15:55] [INFO] [org.jeecgframework.codegenerate.extcommon.a:56] -------classpath-------/D:/Code_Workspace/idea_work/sheyang/sheyang_jeecg/target/classes/jeecg/ext-common-template/
[2018-11-12 00:15:55] [INFO] [org.jeecgframework.codegenerate.extcommon.a:56] -------classpath-------/D:/Code_Workspace/idea_work/sheyang/sheyang_jeecg/target/classes/jeecg/ext-common-template/
[2018-11-12 00:15:55] [INFO] [org.jeecgframework.codegenerate.extcommon.a:184] [generate]	 template:bootstrap\single\java\${bussiPackage}\${entityPackage}\entity\${entityName}Entity.javai ==> D:/\src/main/java\com\jeecg\demo\entity\PatrolRecordEntity.java
[2018-11-12 00:15:55] [INFO] [org.jeecgframework.codegenerate.extcommon.a:56] -------classpath-------/D:/Code_Workspace/idea_work/sheyang/sheyang_jeecg/target/classes/jeecg/ext-common-template/
[2018-11-12 00:15:55] [INFO] [org.jeecgframework.codegenerate.extcommon.a:56] -------classpath-------/D:/Code_Workspace/idea_work/sheyang/sheyang_jeecg/target/classes/jeecg/ext-common-template/
[2018-11-12 00:15:55] [INFO] [org.jeecgframework.codegenerate.extcommon.a:184] [generate]	 template:bootstrap\single\java\${bussiPackage}\${entityPackage}\service\${entityName}ServiceI.javai ==> D:/\src/main/java\com\jeecg\demo\service\PatrolRecordServiceI.java
[2018-11-12 00:15:55] [INFO] [org.jeecgframework.codegenerate.extcommon.a:56] -------classpath-------/D:/Code_Workspace/idea_work/sheyang/sheyang_jeecg/target/classes/jeecg/ext-common-template/
[2018-11-12 00:15:55] [INFO] [org.jeecgframework.codegenerate.extcommon.a:56] -------classpath-------/D:/Code_Workspace/idea_work/sheyang/sheyang_jeecg/target/classes/jeecg/ext-common-template/
[2018-11-12 00:15:55] [INFO] [org.jeecgframework.codegenerate.extcommon.a:184] [generate]	 template:bootstrap\single\java\${bussiPackage}\${entityPackage}\service\impl\${entityName}ServiceImpl.javai ==> D:/\src/main/java\com\jeecg\demo\service\impl\PatrolRecordServiceImpl.java
[2018-11-12 00:15:55] [INFO] [org.jeecgframework.codegenerate.extcommon.a:56] -------classpath-------/D:/Code_Workspace/idea_work/sheyang/sheyang_jeecg/target/classes/jeecg/ext-common-template/
[2018-11-12 00:15:55] [INFO] [org.jeecgframework.codegenerate.extcommon.a:56] -------classpath-------/D:/Code_Workspace/idea_work/sheyang/sheyang_jeecg/target/classes/jeecg/ext-common-template/
[2018-11-12 00:15:55] [INFO] [org.jeecgframework.codegenerate.extcommon.a:184] [generate]	 template:bootstrap\single\webapp\webpage\${bussiPackage}\${entityPackage}\${entityNameUncapFirst}-add.jspi ==> D:/\src/main/webapp\webpage\com\jeecg\demo\patrolRecord-add.jsp
[2018-11-12 00:15:55] [INFO] [org.jeecgframework.codegenerate.extcommon.a:56] -------classpath-------/D:/Code_Workspace/idea_work/sheyang/sheyang_jeecg/target/classes/jeecg/ext-common-template/
[2018-11-12 00:15:55] [INFO] [org.jeecgframework.codegenerate.extcommon.a:56] -------classpath-------/D:/Code_Workspace/idea_work/sheyang/sheyang_jeecg/target/classes/jeecg/ext-common-template/
[2018-11-12 00:15:55] [INFO] [org.jeecgframework.codegenerate.extcommon.a:184] [generate]	 template:bootstrap\single\webapp\webpage\${bussiPackage}\${entityPackage}\${entityNameUncapFirst}-update.jspi ==> D:/\src/main/webapp\webpage\com\jeecg\demo\patrolRecord-update.jsp
[2018-11-12 00:15:55] [INFO] [org.jeecgframework.codegenerate.extcommon.a:56] -------classpath-------/D:/Code_Workspace/idea_work/sheyang/sheyang_jeecg/target/classes/jeecg/ext-common-template/
[2018-11-12 00:15:55] [INFO] [org.jeecgframework.codegenerate.extcommon.a:56] -------classpath-------/D:/Code_Workspace/idea_work/sheyang/sheyang_jeecg/target/classes/jeecg/ext-common-template/
[2018-11-12 00:15:55] [INFO] [org.jeecgframework.codegenerate.extcommon.a:184] [generate]	 template:bootstrap\single\webapp\webpage\${bussiPackage}\${entityPackage}\${entityNameUncapFirst}List.jspi ==> D:/\src/main/webapp\webpage\com\jeecg\demo\patrolRecordList.jsp
[2018-11-12 00:15:55] [INFO] [org.jeecgframework.codegenerate.extcommon.single.CgformCodeExtCommonGenerate:177] ----jeecg----Code----Generation-----[单表模型：patrol_record]------ 生成完成。。。
[2018-11-12 00:16:45] [INFO] [org.jeecgframework.codegenerate.database.JeecgReadTable:420] 数据库驱动: com.mysql.jdbc.Driver
[2018-11-12 00:16:45] [INFO] [org.jeecgframework.codegenerate.extcommon.a:56] -------classpath-------/D:/Code_Workspace/idea_work/sheyang/sheyang_jeecg/target/classes/jeecg/ext-common-template/
[2018-11-12 00:16:45] [INFO] [org.jeecgframework.codegenerate.extcommon.a:68] -------------------load template from templateRootDir = 'D:\Code_Workspace\idea_work\sheyang\sheyang_jeecg\target\classes\jeecg\ext-common-template' outJavaRootDir:D:\Code_Workspace\idea_work\sheyang\sheyang_jeecg\src\main\java' outWebappRootDir:D:\Code_Workspace\idea_work\sheyang\sheyang_jeecg\src\main\webapp
[2018-11-12 00:16:46] [INFO] [org.jeecgframework.codegenerate.extcommon.a:78] ----srcFiles----size-----------114
[2018-11-12 00:16:46] [INFO] [org.jeecgframework.codegenerate.extcommon.a:56] -------classpath-------/D:/Code_Workspace/idea_work/sheyang/sheyang_jeecg/target/classes/jeecg/ext-common-template/
[2018-11-12 00:16:46] [INFO] [org.jeecgframework.codegenerate.extcommon.a:56] -------classpath-------/D:/Code_Workspace/idea_work/sheyang/sheyang_jeecg/target/classes/jeecg/ext-common-template/
[2018-11-12 00:16:46] [INFO] [org.jeecgframework.codegenerate.extcommon.a:184] [generate]	 template:bootstrap\single\java\${bussiPackage}\${entityPackage}\controller\${entityName}Controller.javai ==> D:/\src/main/java\com\jeecg\demo\controller\PatrolRecordController.java
[2018-11-12 00:16:46] [INFO] [org.jeecgframework.codegenerate.extcommon.a:56] -------classpath-------/D:/Code_Workspace/idea_work/sheyang/sheyang_jeecg/target/classes/jeecg/ext-common-template/
[2018-11-12 00:16:46] [INFO] [org.jeecgframework.codegenerate.extcommon.a:56] -------classpath-------/D:/Code_Workspace/idea_work/sheyang/sheyang_jeecg/target/classes/jeecg/ext-common-template/
[2018-11-12 00:16:46] [INFO] [org.jeecgframework.codegenerate.extcommon.a:184] [generate]	 template:bootstrap\single\java\${bussiPackage}\${entityPackage}\entity\${entityName}Entity.javai ==> D:/\src/main/java\com\jeecg\demo\entity\PatrolRecordEntity.java
[2018-11-12 00:16:46] [INFO] [org.jeecgframework.codegenerate.extcommon.a:56] -------classpath-------/D:/Code_Workspace/idea_work/sheyang/sheyang_jeecg/target/classes/jeecg/ext-common-template/
[2018-11-12 00:16:46] [INFO] [org.jeecgframework.codegenerate.extcommon.a:56] -------classpath-------/D:/Code_Workspace/idea_work/sheyang/sheyang_jeecg/target/classes/jeecg/ext-common-template/
[2018-11-12 00:16:46] [INFO] [org.jeecgframework.codegenerate.extcommon.a:184] [generate]	 template:bootstrap\single\java\${bussiPackage}\${entityPackage}\service\${entityName}ServiceI.javai ==> D:/\src/main/java\com\jeecg\demo\service\PatrolRecordServiceI.java
[2018-11-12 00:16:46] [INFO] [org.jeecgframework.codegenerate.extcommon.a:56] -------classpath-------/D:/Code_Workspace/idea_work/sheyang/sheyang_jeecg/target/classes/jeecg/ext-common-template/
[2018-11-12 00:16:46] [INFO] [org.jeecgframework.codegenerate.extcommon.a:56] -------classpath-------/D:/Code_Workspace/idea_work/sheyang/sheyang_jeecg/target/classes/jeecg/ext-common-template/
[2018-11-12 00:16:46] [INFO] [org.jeecgframework.codegenerate.extcommon.a:184] [generate]	 template:bootstrap\single\java\${bussiPackage}\${entityPackage}\service\impl\${entityName}ServiceImpl.javai ==> D:/\src/main/java\com\jeecg\demo\service\impl\PatrolRecordServiceImpl.java
[2018-11-12 00:16:46] [INFO] [org.jeecgframework.codegenerate.extcommon.a:56] -------classpath-------/D:/Code_Workspace/idea_work/sheyang/sheyang_jeecg/target/classes/jeecg/ext-common-template/
[2018-11-12 00:16:46] [INFO] [org.jeecgframework.codegenerate.extcommon.a:56] -------classpath-------/D:/Code_Workspace/idea_work/sheyang/sheyang_jeecg/target/classes/jeecg/ext-common-template/
[2018-11-12 00:16:46] [INFO] [org.jeecgframework.codegenerate.extcommon.a:184] [generate]	 template:bootstrap\single\webapp\webpage\${bussiPackage}\${entityPackage}\${entityNameUncapFirst}-add.jspi ==> D:/\src/main/webapp\webpage\com\jeecg\demo\patrolRecord-add.jsp
[2018-11-12 00:16:46] [INFO] [org.jeecgframework.codegenerate.extcommon.a:56] -------classpath-------/D:/Code_Workspace/idea_work/sheyang/sheyang_jeecg/target/classes/jeecg/ext-common-template/
[2018-11-12 00:16:46] [INFO] [org.jeecgframework.codegenerate.extcommon.a:56] -------classpath-------/D:/Code_Workspace/idea_work/sheyang/sheyang_jeecg/target/classes/jeecg/ext-common-template/
[2018-11-12 00:16:46] [INFO] [org.jeecgframework.codegenerate.extcommon.a:184] [generate]	 template:bootstrap\single\webapp\webpage\${bussiPackage}\${entityPackage}\${entityNameUncapFirst}-update.jspi ==> D:/\src/main/webapp\webpage\com\jeecg\demo\patrolRecord-update.jsp
[2018-11-12 00:16:46] [INFO] [org.jeecgframework.codegenerate.extcommon.a:56] -------classpath-------/D:/Code_Workspace/idea_work/sheyang/sheyang_jeecg/target/classes/jeecg/ext-common-template/
[2018-11-12 00:16:46] [INFO] [org.jeecgframework.codegenerate.extcommon.a:56] -------classpath-------/D:/Code_Workspace/idea_work/sheyang/sheyang_jeecg/target/classes/jeecg/ext-common-template/
[2018-11-12 00:16:46] [INFO] [org.jeecgframework.codegenerate.extcommon.a:184] [generate]	 template:bootstrap\single\webapp\webpage\${bussiPackage}\${entityPackage}\${entityNameUncapFirst}List.jspi ==> D:/\src/main/webapp\webpage\com\jeecg\demo\patrolRecordList.jsp
[2018-11-12 00:16:46] [INFO] [org.jeecgframework.codegenerate.extcommon.single.CgformCodeExtCommonGenerate:177] ----jeecg----Code----Generation-----[单表模型：patrol_record]------ 生成完成。。。
[2018-11-12 00:20:27] [INFO] [com.jeecg.chat.web.WebSocket:250] 发生错误
[2018-11-12 00:20:27] [INFO] [com.jeecg.chat.web.WebSocket:250] 当前在线用户：0
[2018-11-12 00:20:34] [INFO] [org.jeecgframework.web.system.controller.core.LoginController:220]  >>>>>>>>>>>>>>>>>>>>>>>>>>  Login 用户登录成功，初始化Main首页用户信息  （Main 首页加载逻辑）  >>>>>>>>>>>>>>>>>>>>>>>>>>>>>>>>> 
[2018-11-12 00:20:34] [INFO] [org.jeecgframework.web.system.controller.core.LoginController:261] login 资源路径returnURL：null
[2018-11-12 00:20:35] [INFO] [com.jeecg.chat.web.WebSocket:250] 有新连接加入！当前在线人数为1
[2018-11-12 00:20:35] [INFO] [com.jeecg.chat.web.ImController:318] --通过流的方式获取文件异常--D:\upFiles\upload\files\20180715\qq_1531625977907.jpg (系统找不到指定的路径。)
[2018-11-12 00:20:38] [WARN] [org.springframework.web.servlet.PageNotFound:1114] No mapping found for HTTP request with URI [/jeecg/PatrolRecordController.do] in DispatcherServlet with name 'springMvc'
[2018-11-12 00:21:57] [INFO] [org.jeecgframework.codegenerate.database.JeecgReadTable:420] 数据库驱动: com.mysql.jdbc.Driver
[2018-11-12 00:21:57] [INFO] [org.jeecgframework.codegenerate.generate.CgformCodeGenerate:257] ----jeecg---Code----Generation----[单表模型:risks]------- 生成中。。。
[2018-11-12 00:21:57] [INFO] [org.jeecgframework.codegenerate.generate.CgformCodeGenerate:268] ----jeecg------path----[table/single]-------
[2018-11-12 00:21:57] [INFO] [org.jeecgframework.codegenerate.generate.CgformCodeGenerate:300] ----jeecg----Code----Generation-----[单表模型：risks]------ 生成完成。。。
[2018-11-12 00:22:51] [INFO] [com.jeecg.chat.web.WebSocket:250] 当前在线用户：0
[2018-11-12 00:23:22] [INFO] [org.jeecgframework.minidao.factory.MiniDaoClassPathMapperScanner:48] register minidao name is { org.jeecgframework.web.cgdynamgraph.dao.core.CgDynamGraphDao }
[2018-11-12 00:23:22] [INFO] [org.jeecgframework.minidao.factory.MiniDaoClassPathMapperScanner:48] register minidao name is { org.jeecgframework.web.cgform.dao.config.CgFormFieldDao }
[2018-11-12 00:23:22] [INFO] [org.jeecgframework.minidao.factory.MiniDaoClassPathMapperScanner:48] register minidao name is { org.jeecgframework.web.cgform.dao.config.CgFormVersionDao }
[2018-11-12 00:23:22] [INFO] [org.jeecgframework.minidao.factory.MiniDaoClassPathMapperScanner:48] register minidao name is { org.jeecgframework.web.cgform.dao.upload.CgFormUploadDao }
[2018-11-12 00:23:22] [INFO] [org.jeecgframework.minidao.factory.MiniDaoClassPathMapperScanner:48] register minidao name is { org.jeecgframework.web.cgreport.dao.core.CgReportDao }
[2018-11-12 00:23:22] [INFO] [org.jeecgframework.minidao.factory.MiniDaoClassPathMapperScanner:48] register minidao name is { org.jeecgframework.web.system.dao.DepartAuthGroupDao }
[2018-11-12 00:23:22] [INFO] [org.jeecgframework.minidao.factory.MiniDaoClassPathMapperScanner:48] register minidao name is { org.jeecgframework.web.system.dao.JeecgDictDao }
[2018-11-12 00:23:22] [INFO] [org.jeecgframework.minidao.factory.MiniDaoClassPathMapperScanner:48] register minidao name is { com.jeecg.demo.dao.JeecgMinidaoDao }
[2018-11-12 00:23:22] [INFO] [org.jeecgframework.minidao.factory.MiniDaoClassPathMapperScanner:48] register minidao name is { com.jeecg.core.biz.mutiLang.dao.P3MutiLangDao }
[2018-11-12 00:23:22] [INFO] [org.jeecgframework.minidao.factory.MiniDaoClassPathMapperScanner:48] register minidao name is { com.jeecg.core.biz.tag.select.dict.dao.TSTypeDao }
[2018-11-12 00:23:22] [INFO] [org.jeecgframework.minidao.factory.MiniDaoClassPathMapperScanner:48] register minidao name is { com.jeecg.core.biz.tag.select.table.dao.CustomTableDao }
[2018-11-12 00:23:22] [INFO] [org.jeecgframework.minidao.factory.MiniDaoClassPathMapperScanner:48] register minidao name is { com.jeecg.core.biz.dao.TSOperationDao }
[2018-11-12 00:23:22] [INFO] [org.jeecgframework.minidao.factory.MiniDaoClassPathMapperScanner:48] register minidao name is { com.jeecg.actInvite.dao.WxActInviteDao }
[2018-11-12 00:23:22] [INFO] [org.jeecgframework.minidao.factory.MiniDaoClassPathMapperScanner:48] register minidao name is { com.jeecg.auth.dao.JwSystemAuthDao }
[2018-11-12 00:23:22] [INFO] [org.jeecgframework.minidao.factory.MiniDaoClassPathMapperScanner:48] register minidao name is { com.jeecg.domo.order.dao.JpDemoOrderCustomDao }
[2018-11-12 00:23:22] [INFO] [org.jeecgframework.minidao.factory.MiniDaoClassPathMapperScanner:48] register minidao name is { com.jeecg.domo.order.dao.JpDemoOrderMainDao }
[2018-11-12 00:23:22] [INFO] [org.jeecgframework.minidao.factory.MiniDaoClassPathMapperScanner:48] register minidao name is { com.jeecg.domo.order.dao.JpDemoOrderProductDao }
[2018-11-12 00:23:22] [INFO] [org.jeecgframework.minidao.factory.MiniDaoClassPathMapperScanner:48] register minidao name is { com.jeecg.chat.dao.ChatMessageHistoryDao }
[2018-11-12 00:23:22] [INFO] [org.jeecgframework.minidao.factory.MiniDaoClassPathMapperScanner:48] register minidao name is { com.jeecg.chat.dao.ImDao }
[2018-11-12 00:23:22] [INFO] [org.jeecgframework.minidao.factory.MiniDaoClassPathMapperScanner:48] register minidao name is { com.jeecg.mail.dao.P3MailJformInnerMailAttachDao }
[2018-11-12 00:23:22] [INFO] [org.jeecgframework.minidao.factory.MiniDaoClassPathMapperScanner:48] register minidao name is { com.jeecg.mail.dao.P3MailJformInnerMailDao }
[2018-11-12 00:23:22] [INFO] [org.jeecgframework.minidao.factory.MiniDaoClassPathMapperScanner:48] register minidao name is { com.jeecg.mail.dao.P3MailJformInnerMailReceiverDao }
[2018-11-12 00:23:22] [INFO] [org.jeecgframework.minidao.factory.MiniDaoClassPathMapperScanner:48] register minidao name is { com.jeecg.mail.dao.P3MailTSBaseUserDao }
[2018-11-12 00:23:22] [INFO] [org.jeecgframework.minidao.factory.MiniDaoClassPathMapperScanner:48] register minidao name is { com.jeecg.mail.dao.P3MailTSUserDao }
[2018-11-12 00:23:23] [INFO] [com.alibaba.druid.pool.DruidDataSource:928] {dataSource-1} inited
[2018-11-12 00:23:25] [WARN] [org.hibernate.id.UUIDHexGenerator:59] HHH000409: Using org.hibernate.id.UUIDHexGenerator which does not generate IETF RFC 4122 compliant UUID values; consider using org.hibernate.id.UUIDGenerator instead
[2018-11-12 00:23:25] [WARN] [net.sf.ehcache.config.CacheConfiguration:698] Cache 'foreverCache' is set to eternal but also has TTI/TTL set.  To avoid this warning, clean up the config removing conflicting values of eternal, TTI and TTL. Effective configuration for Cache 'foreverCache' will be eternal='true', timeToIdleSeconds='0', timeToLiveSeconds='0'.
[2018-11-12 00:23:27] [INFO] [org.quartz.impl.StdSchedulerFactory:1208] Using default implementation for ThreadExecutor
[2018-11-12 00:23:27] [INFO] [org.quartz.core.SchedulerSignalerImpl:61] Initialized Scheduler Signaller of type: class org.quartz.core.SchedulerSignalerImpl
[2018-11-12 00:23:27] [INFO] [org.quartz.core.QuartzScheduler:229] Quartz Scheduler v.2.3.0 created.
[2018-11-12 00:23:27] [INFO] [org.quartz.simpl.RAMJobStore:155] RAMJobStore initialized.
[2018-11-12 00:23:27] [INFO] [org.quartz.core.QuartzScheduler:294] Scheduler meta-data: Quartz Scheduler (v2.3.0) 'schedulerFactory' with instanceId 'NON_CLUSTERED'
  Scheduler class: 'org.quartz.core.QuartzScheduler' - running locally.
  NOT STARTED.
  Currently in standby mode.
  Number of jobs executed: 0
  Using thread pool 'org.quartz.simpl.SimpleThreadPool' - with 10 threads.
  Using job-store 'org.quartz.simpl.RAMJobStore' - which does not support persistence. and is not clustered.

[2018-11-12 00:23:27] [INFO] [org.quartz.impl.StdSchedulerFactory:1362] Quartz scheduler 'schedulerFactory' initialized from an externally provided properties instance.
[2018-11-12 00:23:27] [INFO] [org.quartz.impl.StdSchedulerFactory:1366] Quartz scheduler version: 2.3.0
[2018-11-12 00:23:27] [INFO] [org.quartz.core.QuartzScheduler:2287] JobFactory set to: org.jeecgframework.web.system.sms.util.JQuartzJobFactory@4bcd8e72
[2018-11-12 00:23:28] [INFO] [org.jeecgframework.core.timer.DynamicTask:252]  register time task class num is [0] 
[2018-11-12 00:23:29] [INFO] [org.jeecgframework.core.timer.DataBaseSchedulerFactoryBean:648] Starting Quartz Scheduler now
[2018-11-12 00:23:29] [INFO] [org.quartz.core.QuartzScheduler:547] Scheduler schedulerFactory_$_NON_CLUSTERED started.
[2018-11-12 00:23:29] [INFO] [org.jeecgframework.web.system.service.impl.SystemServiceImpl:180]   ------ 初始化字典组 【系统缓存】-----------typeGroupsList-----size: [43]
[2018-11-12 00:23:29] [INFO] [org.jeecgframework.web.system.service.impl.SystemServiceImpl:181]   ------ 初始化字典 【系统缓存】-----------typesList-----size: [43]
[2018-11-12 00:23:30] [INFO] [org.jeecgframework.web.system.service.impl.MutiLangServiceImpl:43]   ------ 初始化国际化语言【系统缓存】  ------ size: [1211] 
[2018-11-12 00:23:30] [INFO] [org.jeecgframework.web.system.service.impl.DynamicDataSourceServiceImpl:41]   ------ 初始化动态数据源配置【系统缓存】---------size: [2] 
[2018-11-12 00:25:08] [INFO] [org.jeecgframework.web.system.controller.core.LoginController:220]  >>>>>>>>>>>>>>>>>>>>>>>>>>  Login 用户登录成功，初始化Main首页用户信息  （Main 首页加载逻辑）  >>>>>>>>>>>>>>>>>>>>>>>>>>>>>>>>> 
[2018-11-12 00:25:08] [INFO] [org.jeecgframework.web.system.controller.core.LoginController:261] login 资源路径returnURL：null
[2018-11-12 00:25:09] [INFO] [com.jeecg.chat.web.WebSocket:250] 有新连接加入！当前在线人数为1
[2018-11-12 00:25:09] [INFO] [com.jeecg.chat.web.ImController:318] --通过流的方式获取文件异常--D:\upFiles\upload\files\20180715\qq_1531625977907.jpg (系统找不到指定的路径。)
[2018-11-12 14:51:07] [INFO] [org.jeecgframework.core.util.LogUtil:228] [org.jeecgframework.core.timer.Job:oneOClockPerDay():25] - 1h
[2018-11-12 15:58:05] [INFO] [com.jeecg.chat.web.WebSocket:250] 发生错误
[2018-11-12 15:58:05] [INFO] [com.jeecg.chat.web.WebSocket:250] 当前在线用户：0
[2018-11-12 15:58:13] [INFO] [org.jeecgframework.web.system.controller.core.LoginController:220]  >>>>>>>>>>>>>>>>>>>>>>>>>>  Login 用户登录成功，初始化Main首页用户信息  （Main 首页加载逻辑）  >>>>>>>>>>>>>>>>>>>>>>>>>>>>>>>>> 
[2018-11-12 15:58:13] [INFO] [org.jeecgframework.web.system.controller.core.LoginController:261] login 资源路径returnURL：null
[2018-11-12 15:58:14] [INFO] [com.jeecg.chat.web.WebSocket:250] 有新连接加入！当前在线人数为1
[2018-11-12 15:58:14] [INFO] [com.jeecg.chat.web.ImController:318] --通过流的方式获取文件异常--D:\upFiles\upload\files\20180715\qq_1531625977907.jpg (系统找不到指定的路径。)
[2018-11-12 15:58:38] [INFO] [org.jeecgframework.web.cgform.controller.build.CgFormBuildController:268] ============================填值规则开始时间:2018-11-12 15:58:38==============================
[2018-11-12 15:58:38] [INFO] [org.jeecgframework.web.cgform.controller.build.CgFormBuildController:293] ================================填值规则结束时间:2018-11-12 15:58:38==============================
[2018-11-12 15:58:38] [INFO] [org.jeecgframework.web.cgform.controller.build.CgFormBuildController:294] ================================填值规则耗时:0ms==============================
[2018-11-12 15:58:45] [INFO] [org.jeecgframework.web.cgform.controller.build.CgFormBuildController:268] ============================填值规则开始时间:2018-11-12 15:58:45==============================
[2018-11-12 15:58:45] [INFO] [org.jeecgframework.web.cgform.controller.build.CgFormBuildController:293] ================================填值规则结束时间:2018-11-12 15:58:45==============================
[2018-11-12 15:58:45] [INFO] [org.jeecgframework.web.cgform.controller.build.CgFormBuildController:294] ================================填值规则耗时:0ms==============================
[2018-11-12 16:18:23] [INFO] [org.jeecgframework.web.system.controller.core.LoginController:220]  >>>>>>>>>>>>>>>>>>>>>>>>>>  Login 用户登录成功，初始化Main首页用户信息  （Main 首页加载逻辑）  >>>>>>>>>>>>>>>>>>>>>>>>>>>>>>>>> 
[2018-11-12 16:18:23] [INFO] [org.jeecgframework.web.system.controller.core.LoginController:261] login 资源路径returnURL：null
[2018-11-12 16:18:23] [INFO] [com.jeecg.chat.web.WebSocket:250] 当前在线用户：0
[2018-11-12 16:18:25] [INFO] [com.jeecg.chat.web.WebSocket:250] 有新连接加入！当前在线人数为1
[2018-11-12 16:18:26] [INFO] [com.jeecg.chat.web.ImController:318] --通过流的方式获取文件异常--D:\upFiles\upload\files\20180715\qq_1531625977907.jpg (系统找不到指定的路径。)
[2018-11-12 16:30:40] [INFO] [org.jeecgframework.codegenerate.database.JeecgReadTable:420] 数据库驱动: com.mysql.jdbc.Driver
[2018-11-12 16:31:11] [INFO] [org.jeecgframework.codegenerate.database.JeecgReadTable:420] 数据库驱动: com.mysql.jdbc.Driver
[2018-11-12 16:31:11] [INFO] [org.jeecgframework.codegenerate.generate.CgformCodeGenerate:257] ----jeecg---Code----Generation----[单表模型:patrol_record]------- 生成中。。。
[2018-11-12 16:31:11] [INFO] [org.jeecgframework.codegenerate.generate.CgformCodeGenerate:268] ----jeecg------path----[ace/single]-------
[2018-11-12 16:31:11] [INFO] [org.jeecgframework.codegenerate.generate.CgformCodeGenerate:300] ----jeecg----Code----Generation-----[单表模型：patrol_record]------ 生成完成。。。
[2018-11-12 16:31:57] [INFO] [org.jeecgframework.codegenerate.database.JeecgReadTable:420] 数据库驱动: com.mysql.jdbc.Driver
[2018-11-12 16:31:57] [INFO] [org.jeecgframework.codegenerate.generate.CgformCodeGenerate:257] ----jeecg---Code----Generation----[单表模型:patrol_record]------- 生成中。。。
[2018-11-12 16:31:57] [INFO] [org.jeecgframework.codegenerate.generate.CgformCodeGenerate:268] ----jeecg------path----[ace/single]-------
[2018-11-12 16:31:57] [INFO] [org.jeecgframework.codegenerate.generate.CgformCodeGenerate:300] ----jeecg----Code----Generation-----[单表模型：patrol_record]------ 生成完成。。。
[2018-11-12 16:34:03] [INFO] [org.jeecgframework.web.system.controller.core.LoginController:220]  >>>>>>>>>>>>>>>>>>>>>>>>>>  Login 用户登录成功，初始化Main首页用户信息  （Main 首页加载逻辑）  >>>>>>>>>>>>>>>>>>>>>>>>>>>>>>>>> 
[2018-11-12 16:34:03] [INFO] [org.jeecgframework.web.system.controller.core.LoginController:261] login 资源路径returnURL：null
[2018-11-12 16:34:03] [INFO] [com.jeecg.chat.web.WebSocket:250] 当前在线用户：0
[2018-11-12 16:34:04] [INFO] [com.jeecg.chat.web.WebSocket:250] 有新连接加入！当前在线人数为1
[2018-11-12 16:34:05] [INFO] [com.jeecg.chat.web.ImController:318] --通过流的方式获取文件异常--D:\upFiles\upload\files\20180715\qq_1531625977907.jpg (系统找不到指定的路径。)
[2018-11-12 16:34:31] [INFO] [org.jeecgframework.web.cgform.controller.build.CgFormBuildController:268] ============================填值规则开始时间:2018-11-12 16:34:31==============================
[2018-11-12 16:34:31] [INFO] [org.jeecgframework.web.cgform.controller.build.CgFormBuildController:293] ================================填值规则结束时间:2018-11-12 16:34:31==============================
[2018-11-12 16:34:31] [INFO] [org.jeecgframework.web.cgform.controller.build.CgFormBuildController:294] ================================填值规则耗时:0ms==============================
[2018-11-12 16:36:12] [INFO] [org.jeecgframework.web.system.service.impl.EhcacheService:61]   EhcacheService  clean cacheName：[systemBaseCache] 
[2018-11-12 16:36:12] [INFO] [org.jeecgframework.web.cgform.controller.config.CgFormHeadController:412] [本地][online表单配置保存]修改成功表名：patrol_record
[2018-11-12 16:36:16] [INFO] [org.jeecgframework.web.cgform.controller.build.CgFormBuildController:268] ============================填值规则开始时间:2018-11-12 16:36:16==============================
[2018-11-12 16:36:16] [INFO] [org.jeecgframework.web.cgform.controller.build.CgFormBuildController:293] ================================填值规则结束时间:2018-11-12 16:36:16==============================
[2018-11-12 16:36:16] [INFO] [org.jeecgframework.web.cgform.controller.build.CgFormBuildController:294] ================================填值规则耗时:0ms==============================
[2018-11-12 16:36:49] [INFO] [org.jeecgframework.web.system.service.impl.EhcacheService:61]   EhcacheService  clean cacheName：[systemBaseCache] 
[2018-11-12 16:36:49] [INFO] [org.jeecgframework.web.cgform.controller.config.CgFormHeadController:412] [本地][online表单配置保存]修改成功表名：patrol_record
[2018-11-12 16:39:22] [INFO] [org.jeecgframework.codegenerate.database.JeecgReadTable:420] 数据库驱动: com.mysql.jdbc.Driver
[2018-11-12 16:39:22] [INFO] [org.jeecgframework.codegenerate.generate.CgformCodeGenerate:257] ----jeecg---Code----Generation----[单表模型:patrol_record]------- 生成中。。。
[2018-11-12 16:39:22] [INFO] [org.jeecgframework.codegenerate.generate.CgformCodeGenerate:268] ----jeecg------path----[table/single]-------
[2018-11-12 16:39:23] [INFO] [org.jeecgframework.codegenerate.generate.CgformCodeGenerate:300] ----jeecg----Code----Generation-----[单表模型：patrol_record]------ 生成完成。。。
[2018-11-12 16:45:23] [INFO] [org.jeecgframework.web.system.controller.core.LoginController:220]  >>>>>>>>>>>>>>>>>>>>>>>>>>  Login 用户登录成功，初始化Main首页用户信息  （Main 首页加载逻辑）  >>>>>>>>>>>>>>>>>>>>>>>>>>>>>>>>> 
[2018-11-12 16:45:23] [INFO] [org.jeecgframework.web.system.controller.core.LoginController:261] login 资源路径returnURL：null
[2018-11-12 16:45:23] [INFO] [org.jeecgframework.web.system.controller.core.LoginController:220]  >>>>>>>>>>>>>>>>>>>>>>>>>>  Login 用户登录成功，初始化Main首页用户信息  （Main 首页加载逻辑）  >>>>>>>>>>>>>>>>>>>>>>>>>>>>>>>>> 
[2018-11-12 16:45:23] [INFO] [org.jeecgframework.web.system.controller.core.LoginController:261] login 资源路径returnURL：null
[2018-11-12 16:45:24] [INFO] [com.jeecg.chat.web.WebSocket:250] 有新连接加入！当前在线人数为2
[2018-11-12 16:45:24] [INFO] [com.jeecg.chat.web.ImController:318] --通过流的方式获取文件异常--D:\upFiles\upload\files\20180715\qq_1531625977907.jpg (系统找不到指定的路径。)
[2018-11-12 16:45:28] [INFO] [org.jeecgframework.web.cgform.controller.build.CgFormBuildController:268] ============================填值规则开始时间:2018-11-12 16:45:28==============================
[2018-11-12 16:45:28] [INFO] [org.jeecgframework.web.cgform.controller.build.CgFormBuildController:293] ================================填值规则结束时间:2018-11-12 16:45:28==============================
[2018-11-12 16:45:28] [INFO] [org.jeecgframework.web.cgform.controller.build.CgFormBuildController:294] ================================填值规则耗时:0ms==============================
[2018-11-12 16:45:45] [INFO] [com.jeecg.chat.web.WebSocket:250] 当前在线用户：1
[2018-11-12 16:45:45] [INFO] [org.jeecgframework.web.system.controller.core.LoginController:220]  >>>>>>>>>>>>>>>>>>>>>>>>>>  Login 用户登录成功，初始化Main首页用户信息  （Main 首页加载逻辑）  >>>>>>>>>>>>>>>>>>>>>>>>>>>>>>>>> 
[2018-11-12 16:45:45] [INFO] [org.jeecgframework.web.system.controller.core.LoginController:261] login 资源路径returnURL：null
[2018-11-12 16:45:46] [INFO] [com.jeecg.chat.web.WebSocket:250] 有新连接加入！当前在线人数为2
[2018-11-12 16:45:46] [INFO] [com.jeecg.chat.web.ImController:318] --通过流的方式获取文件异常--D:\upFiles\upload\files\20180715\qq_1531625977907.jpg (系统找不到指定的路径。)
[2018-11-12 16:45:52] [INFO] [com.jeecg.chat.web.WebSocket:250] 当前在线用户：1
[2018-11-12 16:46:05] [INFO] [org.jeecgframework.web.system.controller.core.LoginController:220]  >>>>>>>>>>>>>>>>>>>>>>>>>>  Login 用户登录成功，初始化Main首页用户信息  （Main 首页加载逻辑）  >>>>>>>>>>>>>>>>>>>>>>>>>>>>>>>>> 
[2018-11-12 16:46:05] [INFO] [org.jeecgframework.web.system.controller.core.LoginController:261] login 资源路径returnURL：null
[2018-11-12 16:46:07] [INFO] [com.jeecg.chat.web.WebSocket:250] 有新连接加入！当前在线人数为2
[2018-11-12 16:46:07] [INFO] [com.jeecg.chat.web.ImController:318] --通过流的方式获取文件异常--D:\upFiles\upload\files\20180715\qq_1531625977907.jpg (系统找不到指定的路径。)
[2018-11-12 16:46:42] [INFO] [org.jeecgframework.web.cgform.controller.build.CgFormBuildController:268] ============================填值规则开始时间:2018-11-12 16:46:42==============================
[2018-11-12 16:46:42] [INFO] [org.jeecgframework.web.cgform.controller.build.CgFormBuildController:293] ================================填值规则结束时间:2018-11-12 16:46:42==============================
[2018-11-12 16:46:42] [INFO] [org.jeecgframework.web.cgform.controller.build.CgFormBuildController:294] ================================填值规则耗时:0ms==============================
[2018-11-12 16:47:25] [INFO] [org.jeecgframework.web.system.service.impl.EhcacheService:61]   EhcacheService  clean cacheName：[systemBaseCache] 
[2018-11-12 16:47:25] [INFO] [org.jeecgframework.web.cgform.controller.config.CgFormHeadController:412] [本地][online表单配置保存]修改成功表名：patrol_record
[2018-11-12 16:47:58] [INFO] [org.jeecgframework.web.system.service.impl.EhcacheService:61]   EhcacheService  clean cacheName：[systemBaseCache] 
[2018-11-12 16:47:58] [INFO] [org.jeecgframework.web.cgform.controller.config.CgFormHeadController:412] [本地][online表单配置保存]修改成功表名：patrol_record
[2018-11-12 16:48:04] [INFO] [com.jeecg.chat.web.WebSocket:250] 当前在线用户：1
[2018-11-12 16:48:04] [INFO] [org.jeecgframework.web.system.controller.core.LoginController:220]  >>>>>>>>>>>>>>>>>>>>>>>>>>  Login 用户登录成功，初始化Main首页用户信息  （Main 首页加载逻辑）  >>>>>>>>>>>>>>>>>>>>>>>>>>>>>>>>> 
[2018-11-12 16:48:04] [INFO] [org.jeecgframework.web.system.controller.core.LoginController:261] login 资源路径returnURL：null
[2018-11-12 16:48:05] [INFO] [com.jeecg.chat.web.WebSocket:250] 有新连接加入！当前在线人数为2
[2018-11-12 16:48:05] [INFO] [com.jeecg.chat.web.ImController:318] --通过流的方式获取文件异常--D:\upFiles\upload\files\20180715\qq_1531625977907.jpg (系统找不到指定的路径。)
[2018-11-12 16:48:07] [INFO] [org.jeecgframework.web.cgform.controller.build.CgFormBuildController:268] ============================填值规则开始时间:2018-11-12 16:48:07==============================
[2018-11-12 16:48:07] [INFO] [org.jeecgframework.web.cgform.controller.build.CgFormBuildController:293] ================================填值规则结束时间:2018-11-12 16:48:07==============================
[2018-11-12 16:48:07] [INFO] [org.jeecgframework.web.cgform.controller.build.CgFormBuildController:294] ================================填值规则耗时:0ms==============================
[2018-11-12 20:23:27] [INFO] [com.jeecg.chat.web.WebSocket:250] 发生错误
[2018-11-12 20:23:27] [INFO] [com.jeecg.chat.web.WebSocket:250] 当前在线用户：1
[2018-11-12 20:23:39] [INFO] [org.jeecgframework.web.system.controller.core.LoginController:220]  >>>>>>>>>>>>>>>>>>>>>>>>>>  Login 用户登录成功，初始化Main首页用户信息  （Main 首页加载逻辑）  >>>>>>>>>>>>>>>>>>>>>>>>>>>>>>>>> 
[2018-11-12 20:23:39] [INFO] [org.jeecgframework.web.system.controller.core.LoginController:261] login 资源路径returnURL：null
[2018-11-12 20:23:40] [INFO] [com.jeecg.chat.web.WebSocket:250] 有新连接加入！当前在线人数为2
[2018-11-12 20:23:40] [INFO] [com.jeecg.chat.web.ImController:318] --通过流的方式获取文件异常--D:\upFiles\upload\files\20180715\qq_1531625977907.jpg (系统找不到指定的路径。)
[2018-11-12 22:08:14] [INFO] [com.jeecg.chat.web.WebSocket:250] 发生错误
[2018-11-12 22:08:14] [INFO] [com.jeecg.chat.web.WebSocket:250] 当前在线用户：1
[2018-11-12 22:08:21] [INFO] [org.jeecgframework.web.system.controller.core.LoginController:220]  >>>>>>>>>>>>>>>>>>>>>>>>>>  Login 用户登录成功，初始化Main首页用户信息  （Main 首页加载逻辑）  >>>>>>>>>>>>>>>>>>>>>>>>>>>>>>>>> 
[2018-11-12 22:08:21] [INFO] [org.jeecgframework.web.system.controller.core.LoginController:261] login 资源路径returnURL：null
[2018-11-12 22:08:22] [INFO] [com.jeecg.chat.web.WebSocket:250] 有新连接加入！当前在线人数为2
[2018-11-12 22:08:22] [INFO] [com.jeecg.chat.web.ImController:318] --通过流的方式获取文件异常--D:\upFiles\upload\files\20180715\qq_1531625977907.jpg (系统找不到指定的路径。)
[2018-11-12 22:09:02] [INFO] [com.jeecg.chat.web.WebSocket:250] 当前在线用户：1
[2018-11-12 22:09:09] [INFO] [org.jeecgframework.web.system.controller.core.LoginController:220]  >>>>>>>>>>>>>>>>>>>>>>>>>>  Login 用户登录成功，初始化Main首页用户信息  （Main 首页加载逻辑）  >>>>>>>>>>>>>>>>>>>>>>>>>>>>>>>>> 
[2018-11-12 22:09:09] [INFO] [org.jeecgframework.web.system.controller.core.LoginController:261] login 资源路径returnURL：null
[2018-11-12 22:09:09] [INFO] [com.jeecg.chat.web.WebSocket:250] 有新连接加入！当前在线人数为1
[2018-11-12 22:09:09] [INFO] [com.jeecg.chat.web.ImController:318] --通过流的方式获取文件异常--D:\upFiles\upload\files\20180715\qq_1531625977907.jpg (系统找不到指定的路径。)
[2018-11-12 22:09:15] [INFO] [org.jeecgframework.web.cgform.controller.build.CgFormBuildController:268] ============================填值规则开始时间:2018-11-12 22:09:15==============================
[2018-11-12 22:09:15] [INFO] [org.jeecgframework.web.cgform.controller.build.CgFormBuildController:293] ================================填值规则结束时间:2018-11-12 22:09:15==============================
[2018-11-12 22:09:15] [INFO] [org.jeecgframework.web.cgform.controller.build.CgFormBuildController:294] ================================填值规则耗时:0ms==============================
[2018-11-12 22:09:27] [INFO] [com.jeecg.chat.web.WebSocket:250] 当前在线用户：0
[2018-11-12 22:09:36] [INFO] [org.jeecgframework.web.system.controller.core.LoginController:220]  >>>>>>>>>>>>>>>>>>>>>>>>>>  Login 用户登录成功，初始化Main首页用户信息  （Main 首页加载逻辑）  >>>>>>>>>>>>>>>>>>>>>>>>>>>>>>>>> 
[2018-11-12 22:09:36] [INFO] [org.jeecgframework.web.system.controller.core.LoginController:261] login 资源路径returnURL：null
[2018-11-12 22:09:37] [INFO] [com.jeecg.chat.web.WebSocket:250] 有新连接加入！当前在线人数为1
[2018-11-12 22:09:37] [INFO] [com.jeecg.chat.web.ImController:318] --通过流的方式获取文件异常--D:\upFiles\upload\files\20180715\qq_1531625977907.jpg (系统找不到指定的路径。)
[2018-11-12 22:09:57] [INFO] [org.jeecgframework.web.system.controller.core.UserController:787] [本地][添加编辑用户]用户: 戴振华更新成功
[2018-11-12 22:10:06] [INFO] [org.jeecgframework.web.cgform.controller.build.CgFormBuildController:268] ============================填值规则开始时间:2018-11-12 22:10:06==============================
[2018-11-12 22:10:06] [INFO] [org.jeecgframework.web.cgform.controller.build.CgFormBuildController:293] ================================填值规则结束时间:2018-11-12 22:10:06==============================
[2018-11-12 22:10:06] [INFO] [org.jeecgframework.web.cgform.controller.build.CgFormBuildController:294] ================================填值规则耗时:0ms==============================
[2018-11-12 22:11:18] [INFO] [org.jeecgframework.codegenerate.database.JeecgReadTable:420] 数据库驱动: com.mysql.jdbc.Driver
[2018-11-12 22:11:18] [INFO] [org.jeecgframework.codegenerate.generate.CgformCodeGenerate:257] ----jeecg---Code----Generation----[单表模型:patrol_record]------- 生成中。。。
[2018-11-12 22:11:18] [INFO] [org.jeecgframework.codegenerate.generate.CgformCodeGenerate:268] ----jeecg------path----[table/single]-------
[2018-11-12 22:11:19] [INFO] [org.jeecgframework.codegenerate.generate.CgformCodeGenerate:300] ----jeecg----Code----Generation-----[单表模型：patrol_record]------ 生成完成。。。
[2018-11-12 22:18:33] [INFO] [com.jeecg.chat.web.WebSocket:250] 当前在线用户：0
[2018-11-12 22:18:33] [INFO] [org.jeecgframework.web.system.controller.core.LoginController:220]  >>>>>>>>>>>>>>>>>>>>>>>>>>  Login 用户登录成功，初始化Main首页用户信息  （Main 首页加载逻辑）  >>>>>>>>>>>>>>>>>>>>>>>>>>>>>>>>> 
[2018-11-12 22:18:33] [INFO] [org.jeecgframework.web.system.controller.core.LoginController:261] login 资源路径returnURL：null
[2018-11-12 22:18:34] [INFO] [com.jeecg.chat.web.WebSocket:250] 有新连接加入！当前在线人数为1
[2018-11-12 22:18:34] [INFO] [com.jeecg.chat.web.ImController:318] --通过流的方式获取文件异常--D:\upFiles\upload\files\20180715\qq_1531625977907.jpg (系统找不到指定的路径。)
[2018-11-12 23:31:06] [INFO] [com.jeecg.chat.web.WebSocket:250] 发生错误
[2018-11-12 23:31:06] [INFO] [com.jeecg.chat.web.WebSocket:250] 当前在线用户：1
[2018-11-12 23:31:41] [INFO] [org.jeecgframework.web.system.controller.core.LoginController:220]  >>>>>>>>>>>>>>>>>>>>>>>>>>  Login 用户登录成功，初始化Main首页用户信息  （Main 首页加载逻辑）  >>>>>>>>>>>>>>>>>>>>>>>>>>>>>>>>> 
[2018-11-12 23:31:41] [INFO] [org.jeecgframework.web.system.controller.core.LoginController:261] login 资源路径returnURL：null
[2018-11-12 23:31:42] [INFO] [com.jeecg.chat.web.WebSocket:250] 有新连接加入！当前在线人数为2
[2018-11-12 23:31:42] [INFO] [com.jeecg.chat.web.ImController:318] --通过流的方式获取文件异常--D:\upFiles\upload\files\20180715\qq_1531625977907.jpg (系统找不到指定的路径。)
