[2018-11-23 10:52:44] [INFO] [org.jeecgframework.minidao.factory.MiniDaoClassPathMapperScanner:48] register minidao name is { org.jeecgframework.web.cgdynamgraph.dao.core.CgDynamGraphDao }
[2018-11-23 10:52:44] [INFO] [org.jeecgframework.minidao.factory.MiniDaoClassPathMapperScanner:48] register minidao name is { org.jeecgframework.web.cgform.dao.config.CgFormFieldDao }
[2018-11-23 10:52:44] [INFO] [org.jeecgframework.minidao.factory.MiniDaoClassPathMapperScanner:48] register minidao name is { org.jeecgframework.web.cgform.dao.config.CgFormVersionDao }
[2018-11-23 10:52:44] [INFO] [org.jeecgframework.minidao.factory.MiniDaoClassPathMapperScanner:48] register minidao name is { org.jeecgframework.web.cgform.dao.upload.CgFormUploadDao }
[2018-11-23 10:52:44] [INFO] [org.jeecgframework.minidao.factory.MiniDaoClassPathMapperScanner:48] register minidao name is { org.jeecgframework.web.cgreport.dao.core.CgReportDao }
[2018-11-23 10:52:44] [INFO] [org.jeecgframework.minidao.factory.MiniDaoClassPathMapperScanner:48] register minidao name is { org.jeecgframework.web.system.dao.DepartAuthGroupDao }
[2018-11-23 10:52:44] [INFO] [org.jeecgframework.minidao.factory.MiniDaoClassPathMapperScanner:48] register minidao name is { org.jeecgframework.web.system.dao.JeecgDictDao }
[2018-11-23 10:52:44] [INFO] [org.jeecgframework.minidao.factory.MiniDaoClassPathMapperScanner:48] register minidao name is { com.jeecg.demo.dao.JeecgMinidaoDao }
[2018-11-23 10:52:44] [INFO] [org.jeecgframework.minidao.factory.MiniDaoClassPathMapperScanner:48] register minidao name is { com.jeecg.core.biz.mutiLang.dao.P3MutiLangDao }
[2018-11-23 10:52:44] [INFO] [org.jeecgframework.minidao.factory.MiniDaoClassPathMapperScanner:48] register minidao name is { com.jeecg.core.biz.tag.select.dict.dao.TSTypeDao }
[2018-11-23 10:52:44] [INFO] [org.jeecgframework.minidao.factory.MiniDaoClassPathMapperScanner:48] register minidao name is { com.jeecg.core.biz.tag.select.table.dao.CustomTableDao }
[2018-11-23 10:52:44] [INFO] [org.jeecgframework.minidao.factory.MiniDaoClassPathMapperScanner:48] register minidao name is { com.jeecg.core.biz.dao.TSOperationDao }
[2018-11-23 10:52:44] [INFO] [org.jeecgframework.minidao.factory.MiniDaoClassPathMapperScanner:48] register minidao name is { com.jeecg.actInvite.dao.WxActInviteDao }
[2018-11-23 10:52:44] [INFO] [org.jeecgframework.minidao.factory.MiniDaoClassPathMapperScanner:48] register minidao name is { com.jeecg.auth.dao.JwSystemAuthDao }
[2018-11-23 10:52:44] [INFO] [org.jeecgframework.minidao.factory.MiniDaoClassPathMapperScanner:48] register minidao name is { com.jeecg.domo.order.dao.JpDemoOrderCustomDao }
[2018-11-23 10:52:44] [INFO] [org.jeecgframework.minidao.factory.MiniDaoClassPathMapperScanner:48] register minidao name is { com.jeecg.domo.order.dao.JpDemoOrderMainDao }
[2018-11-23 10:52:44] [INFO] [org.jeecgframework.minidao.factory.MiniDaoClassPathMapperScanner:48] register minidao name is { com.jeecg.domo.order.dao.JpDemoOrderProductDao }
[2018-11-23 10:52:44] [INFO] [org.jeecgframework.minidao.factory.MiniDaoClassPathMapperScanner:48] register minidao name is { com.jeecg.chat.dao.ChatMessageHistoryDao }
[2018-11-23 10:52:44] [INFO] [org.jeecgframework.minidao.factory.MiniDaoClassPathMapperScanner:48] register minidao name is { com.jeecg.chat.dao.ImDao }
[2018-11-23 10:52:44] [INFO] [org.jeecgframework.minidao.factory.MiniDaoClassPathMapperScanner:48] register minidao name is { com.jeecg.mail.dao.P3MailJformInnerMailAttachDao }
[2018-11-23 10:52:44] [INFO] [org.jeecgframework.minidao.factory.MiniDaoClassPathMapperScanner:48] register minidao name is { com.jeecg.mail.dao.P3MailJformInnerMailDao }
[2018-11-23 10:52:44] [INFO] [org.jeecgframework.minidao.factory.MiniDaoClassPathMapperScanner:48] register minidao name is { com.jeecg.mail.dao.P3MailJformInnerMailReceiverDao }
[2018-11-23 10:52:44] [INFO] [org.jeecgframework.minidao.factory.MiniDaoClassPathMapperScanner:48] register minidao name is { com.jeecg.mail.dao.P3MailTSBaseUserDao }
[2018-11-23 10:52:44] [INFO] [org.jeecgframework.minidao.factory.MiniDaoClassPathMapperScanner:48] register minidao name is { com.jeecg.mail.dao.P3MailTSUserDao }
[2018-11-23 10:52:44] [INFO] [com.alibaba.druid.pool.DruidDataSource:928] {dataSource-1} inited
[2018-11-23 10:52:46] [WARN] [org.hibernate.id.UUIDHexGenerator:59] HHH000409: Using org.hibernate.id.UUIDHexGenerator which does not generate IETF RFC 4122 compliant UUID values; consider using org.hibernate.id.UUIDGenerator instead
[2018-11-23 10:52:48] [WARN] [net.sf.ehcache.config.CacheConfiguration:698] Cache 'foreverCache' is set to eternal but also has TTI/TTL set.  To avoid this warning, clean up the config removing conflicting values of eternal, TTI and TTL. Effective configuration for Cache 'foreverCache' will be eternal='true', timeToIdleSeconds='0', timeToLiveSeconds='0'.
[2018-11-23 10:52:50] [INFO] [org.quartz.impl.StdSchedulerFactory:1208] Using default implementation for ThreadExecutor
[2018-11-23 10:52:50] [INFO] [org.quartz.core.SchedulerSignalerImpl:61] Initialized Scheduler Signaller of type: class org.quartz.core.SchedulerSignalerImpl
[2018-11-23 10:52:50] [INFO] [org.quartz.core.QuartzScheduler:229] Quartz Scheduler v.2.3.0 created.
[2018-11-23 10:52:50] [INFO] [org.quartz.simpl.RAMJobStore:155] RAMJobStore initialized.
[2018-11-23 10:52:50] [INFO] [org.quartz.core.QuartzScheduler:294] Scheduler meta-data: Quartz Scheduler (v2.3.0) 'schedulerFactory' with instanceId 'NON_CLUSTERED'
  Scheduler class: 'org.quartz.core.QuartzScheduler' - running locally.
  NOT STARTED.
  Currently in standby mode.
  Number of jobs executed: 0
  Using thread pool 'org.quartz.simpl.SimpleThreadPool' - with 10 threads.
  Using job-store 'org.quartz.simpl.RAMJobStore' - which does not support persistence. and is not clustered.

[2018-11-23 10:52:50] [INFO] [org.quartz.impl.StdSchedulerFactory:1362] Quartz scheduler 'schedulerFactory' initialized from an externally provided properties instance.
[2018-11-23 10:52:50] [INFO] [org.quartz.impl.StdSchedulerFactory:1366] Quartz scheduler version: 2.3.0
[2018-11-23 10:52:50] [INFO] [org.quartz.core.QuartzScheduler:2287] JobFactory set to: org.jeecgframework.web.system.sms.util.JQuartzJobFactory@657a9b25
[2018-11-23 10:52:50] [INFO] [org.jeecgframework.core.timer.DynamicTask:252]  register time task class num is [0] 
[2018-11-23 10:52:52] [INFO] [org.jeecgframework.core.timer.DataBaseSchedulerFactoryBean:648] Starting Quartz Scheduler now
[2018-11-23 10:52:52] [INFO] [org.quartz.core.QuartzScheduler:547] Scheduler schedulerFactory_$_NON_CLUSTERED started.
[2018-11-23 10:52:53] [INFO] [org.jeecgframework.web.system.service.impl.SystemServiceImpl:180]   ------ 初始化字典组 【系统缓存】-----------typeGroupsList-----size: [43]
[2018-11-23 10:52:53] [INFO] [org.jeecgframework.web.system.service.impl.SystemServiceImpl:181]   ------ 初始化字典 【系统缓存】-----------typesList-----size: [43]
[2018-11-23 10:52:53] [INFO] [org.jeecgframework.web.system.service.impl.MutiLangServiceImpl:43]   ------ 初始化国际化语言【系统缓存】  ------ size: [1211] 
[2018-11-23 10:52:53] [INFO] [org.jeecgframework.web.system.service.impl.DynamicDataSourceServiceImpl:41]   ------ 初始化动态数据源配置【系统缓存】---------size: [2] 
[2018-11-23 10:54:50] [INFO] [org.jeecgframework.web.system.controller.core.LoginController:220]  >>>>>>>>>>>>>>>>>>>>>>>>>>  Login 用户登录成功，初始化Main首页用户信息  （Main 首页加载逻辑）  >>>>>>>>>>>>>>>>>>>>>>>>>>>>>>>>> 
[2018-11-23 10:54:50] [INFO] [org.jeecgframework.web.system.controller.core.LoginController:261] login 资源路径returnURL：null
[2018-11-23 10:54:51] [INFO] [com.jeecg.chat.web.WebSocket:250] 有新连接加入！当前在线人数为1
[2018-11-23 10:54:52] [INFO] [com.jeecg.chat.web.ImController:318] --通过流的方式获取文件异常--D:\upFiles\upload\files\20180715\qq_1531625977907.jpg (系统找不到指定的路径。)
[2018-11-23 10:58:57] [INFO] [org.jeecgframework.minidao.factory.MiniDaoClassPathMapperScanner:48] register minidao name is { org.jeecgframework.web.cgdynamgraph.dao.core.CgDynamGraphDao }
[2018-11-23 10:58:57] [INFO] [org.jeecgframework.minidao.factory.MiniDaoClassPathMapperScanner:48] register minidao name is { org.jeecgframework.web.cgform.dao.config.CgFormFieldDao }
[2018-11-23 10:58:57] [INFO] [org.jeecgframework.minidao.factory.MiniDaoClassPathMapperScanner:48] register minidao name is { org.jeecgframework.web.cgform.dao.config.CgFormVersionDao }
[2018-11-23 10:58:57] [INFO] [org.jeecgframework.minidao.factory.MiniDaoClassPathMapperScanner:48] register minidao name is { org.jeecgframework.web.cgform.dao.upload.CgFormUploadDao }
[2018-11-23 10:58:57] [INFO] [org.jeecgframework.minidao.factory.MiniDaoClassPathMapperScanner:48] register minidao name is { org.jeecgframework.web.cgreport.dao.core.CgReportDao }
[2018-11-23 10:58:57] [INFO] [org.jeecgframework.minidao.factory.MiniDaoClassPathMapperScanner:48] register minidao name is { org.jeecgframework.web.system.dao.DepartAuthGroupDao }
[2018-11-23 10:58:57] [INFO] [org.jeecgframework.minidao.factory.MiniDaoClassPathMapperScanner:48] register minidao name is { org.jeecgframework.web.system.dao.JeecgDictDao }
[2018-11-23 10:58:57] [INFO] [org.jeecgframework.minidao.factory.MiniDaoClassPathMapperScanner:48] register minidao name is { com.jeecg.demo.dao.JeecgMinidaoDao }
[2018-11-23 10:58:57] [INFO] [org.jeecgframework.minidao.factory.MiniDaoClassPathMapperScanner:48] register minidao name is { com.jeecg.core.biz.mutiLang.dao.P3MutiLangDao }
[2018-11-23 10:58:57] [INFO] [org.jeecgframework.minidao.factory.MiniDaoClassPathMapperScanner:48] register minidao name is { com.jeecg.core.biz.tag.select.dict.dao.TSTypeDao }
[2018-11-23 10:58:57] [INFO] [org.jeecgframework.minidao.factory.MiniDaoClassPathMapperScanner:48] register minidao name is { com.jeecg.core.biz.tag.select.table.dao.CustomTableDao }
[2018-11-23 10:58:57] [INFO] [org.jeecgframework.minidao.factory.MiniDaoClassPathMapperScanner:48] register minidao name is { com.jeecg.core.biz.dao.TSOperationDao }
[2018-11-23 10:58:57] [INFO] [org.jeecgframework.minidao.factory.MiniDaoClassPathMapperScanner:48] register minidao name is { com.jeecg.actInvite.dao.WxActInviteDao }
[2018-11-23 10:58:57] [INFO] [org.jeecgframework.minidao.factory.MiniDaoClassPathMapperScanner:48] register minidao name is { com.jeecg.auth.dao.JwSystemAuthDao }
[2018-11-23 10:58:57] [INFO] [org.jeecgframework.minidao.factory.MiniDaoClassPathMapperScanner:48] register minidao name is { com.jeecg.domo.order.dao.JpDemoOrderCustomDao }
[2018-11-23 10:58:57] [INFO] [org.jeecgframework.minidao.factory.MiniDaoClassPathMapperScanner:48] register minidao name is { com.jeecg.domo.order.dao.JpDemoOrderMainDao }
[2018-11-23 10:58:57] [INFO] [org.jeecgframework.minidao.factory.MiniDaoClassPathMapperScanner:48] register minidao name is { com.jeecg.domo.order.dao.JpDemoOrderProductDao }
[2018-11-23 10:58:57] [INFO] [org.jeecgframework.minidao.factory.MiniDaoClassPathMapperScanner:48] register minidao name is { com.jeecg.chat.dao.ChatMessageHistoryDao }
[2018-11-23 10:58:57] [INFO] [org.jeecgframework.minidao.factory.MiniDaoClassPathMapperScanner:48] register minidao name is { com.jeecg.chat.dao.ImDao }
[2018-11-23 10:58:57] [INFO] [org.jeecgframework.minidao.factory.MiniDaoClassPathMapperScanner:48] register minidao name is { com.jeecg.mail.dao.P3MailJformInnerMailAttachDao }
[2018-11-23 10:58:57] [INFO] [org.jeecgframework.minidao.factory.MiniDaoClassPathMapperScanner:48] register minidao name is { com.jeecg.mail.dao.P3MailJformInnerMailDao }
[2018-11-23 10:58:57] [INFO] [org.jeecgframework.minidao.factory.MiniDaoClassPathMapperScanner:48] register minidao name is { com.jeecg.mail.dao.P3MailJformInnerMailReceiverDao }
[2018-11-23 10:58:57] [INFO] [org.jeecgframework.minidao.factory.MiniDaoClassPathMapperScanner:48] register minidao name is { com.jeecg.mail.dao.P3MailTSBaseUserDao }
[2018-11-23 10:58:57] [INFO] [org.jeecgframework.minidao.factory.MiniDaoClassPathMapperScanner:48] register minidao name is { com.jeecg.mail.dao.P3MailTSUserDao }
[2018-11-23 10:58:58] [INFO] [com.alibaba.druid.pool.DruidDataSource:928] {dataSource-1} inited
[2018-11-23 10:58:59] [WARN] [org.hibernate.id.UUIDHexGenerator:59] HHH000409: Using org.hibernate.id.UUIDHexGenerator which does not generate IETF RFC 4122 compliant UUID values; consider using org.hibernate.id.UUIDGenerator instead
[2018-11-23 10:59:00] [WARN] [net.sf.ehcache.config.CacheConfiguration:698] Cache 'foreverCache' is set to eternal but also has TTI/TTL set.  To avoid this warning, clean up the config removing conflicting values of eternal, TTI and TTL. Effective configuration for Cache 'foreverCache' will be eternal='true', timeToIdleSeconds='0', timeToLiveSeconds='0'.
[2018-11-23 10:59:02] [INFO] [org.quartz.impl.StdSchedulerFactory:1208] Using default implementation for ThreadExecutor
[2018-11-23 10:59:02] [INFO] [org.quartz.core.SchedulerSignalerImpl:61] Initialized Scheduler Signaller of type: class org.quartz.core.SchedulerSignalerImpl
[2018-11-23 10:59:02] [INFO] [org.quartz.core.QuartzScheduler:229] Quartz Scheduler v.2.3.0 created.
[2018-11-23 10:59:02] [INFO] [org.quartz.simpl.RAMJobStore:155] RAMJobStore initialized.
[2018-11-23 10:59:02] [INFO] [org.quartz.core.QuartzScheduler:294] Scheduler meta-data: Quartz Scheduler (v2.3.0) 'schedulerFactory' with instanceId 'NON_CLUSTERED'
  Scheduler class: 'org.quartz.core.QuartzScheduler' - running locally.
  NOT STARTED.
  Currently in standby mode.
  Number of jobs executed: 0
  Using thread pool 'org.quartz.simpl.SimpleThreadPool' - with 10 threads.
  Using job-store 'org.quartz.simpl.RAMJobStore' - which does not support persistence. and is not clustered.

[2018-11-23 10:59:02] [INFO] [org.quartz.impl.StdSchedulerFactory:1362] Quartz scheduler 'schedulerFactory' initialized from an externally provided properties instance.
[2018-11-23 10:59:02] [INFO] [org.quartz.impl.StdSchedulerFactory:1366] Quartz scheduler version: 2.3.0
[2018-11-23 10:59:02] [INFO] [org.quartz.core.QuartzScheduler:2287] JobFactory set to: org.jeecgframework.web.system.sms.util.JQuartzJobFactory@329bbc0b
[2018-11-23 10:59:03] [INFO] [org.jeecgframework.core.timer.DynamicTask:252]  register time task class num is [0] 
[2018-11-23 10:59:04] [INFO] [org.jeecgframework.core.timer.DataBaseSchedulerFactoryBean:648] Starting Quartz Scheduler now
[2018-11-23 10:59:04] [INFO] [org.quartz.core.QuartzScheduler:547] Scheduler schedulerFactory_$_NON_CLUSTERED started.
[2018-11-23 10:59:05] [INFO] [org.jeecgframework.web.system.service.impl.SystemServiceImpl:180]   ------ 初始化字典组 【系统缓存】-----------typeGroupsList-----size: [43]
[2018-11-23 10:59:05] [INFO] [org.jeecgframework.web.system.service.impl.SystemServiceImpl:181]   ------ 初始化字典 【系统缓存】-----------typesList-----size: [43]
[2018-11-23 10:59:05] [INFO] [org.jeecgframework.web.system.service.impl.MutiLangServiceImpl:43]   ------ 初始化国际化语言【系统缓存】  ------ size: [1211] 
[2018-11-23 10:59:05] [INFO] [org.jeecgframework.web.system.service.impl.DynamicDataSourceServiceImpl:41]   ------ 初始化动态数据源配置【系统缓存】---------size: [2] 
[2018-11-23 11:01:45] [INFO] [org.jeecgframework.minidao.factory.MiniDaoClassPathMapperScanner:48] register minidao name is { org.jeecgframework.web.cgdynamgraph.dao.core.CgDynamGraphDao }
[2018-11-23 11:01:45] [INFO] [org.jeecgframework.minidao.factory.MiniDaoClassPathMapperScanner:48] register minidao name is { org.jeecgframework.web.cgform.dao.config.CgFormFieldDao }
[2018-11-23 11:01:45] [INFO] [org.jeecgframework.minidao.factory.MiniDaoClassPathMapperScanner:48] register minidao name is { org.jeecgframework.web.cgform.dao.config.CgFormVersionDao }
[2018-11-23 11:01:45] [INFO] [org.jeecgframework.minidao.factory.MiniDaoClassPathMapperScanner:48] register minidao name is { org.jeecgframework.web.cgform.dao.upload.CgFormUploadDao }
[2018-11-23 11:01:45] [INFO] [org.jeecgframework.minidao.factory.MiniDaoClassPathMapperScanner:48] register minidao name is { org.jeecgframework.web.cgreport.dao.core.CgReportDao }
[2018-11-23 11:01:45] [INFO] [org.jeecgframework.minidao.factory.MiniDaoClassPathMapperScanner:48] register minidao name is { org.jeecgframework.web.system.dao.DepartAuthGroupDao }
[2018-11-23 11:01:45] [INFO] [org.jeecgframework.minidao.factory.MiniDaoClassPathMapperScanner:48] register minidao name is { org.jeecgframework.web.system.dao.JeecgDictDao }
[2018-11-23 11:01:45] [INFO] [org.jeecgframework.minidao.factory.MiniDaoClassPathMapperScanner:48] register minidao name is { com.jeecg.demo.dao.JeecgMinidaoDao }
[2018-11-23 11:01:45] [INFO] [org.jeecgframework.minidao.factory.MiniDaoClassPathMapperScanner:48] register minidao name is { com.jeecg.core.biz.mutiLang.dao.P3MutiLangDao }
[2018-11-23 11:01:45] [INFO] [org.jeecgframework.minidao.factory.MiniDaoClassPathMapperScanner:48] register minidao name is { com.jeecg.core.biz.tag.select.dict.dao.TSTypeDao }
[2018-11-23 11:01:45] [INFO] [org.jeecgframework.minidao.factory.MiniDaoClassPathMapperScanner:48] register minidao name is { com.jeecg.core.biz.tag.select.table.dao.CustomTableDao }
[2018-11-23 11:01:45] [INFO] [org.jeecgframework.minidao.factory.MiniDaoClassPathMapperScanner:48] register minidao name is { com.jeecg.core.biz.dao.TSOperationDao }
[2018-11-23 11:01:45] [INFO] [org.jeecgframework.minidao.factory.MiniDaoClassPathMapperScanner:48] register minidao name is { com.jeecg.actInvite.dao.WxActInviteDao }
[2018-11-23 11:01:45] [INFO] [org.jeecgframework.minidao.factory.MiniDaoClassPathMapperScanner:48] register minidao name is { com.jeecg.auth.dao.JwSystemAuthDao }
[2018-11-23 11:01:45] [INFO] [org.jeecgframework.minidao.factory.MiniDaoClassPathMapperScanner:48] register minidao name is { com.jeecg.domo.order.dao.JpDemoOrderCustomDao }
[2018-11-23 11:01:45] [INFO] [org.jeecgframework.minidao.factory.MiniDaoClassPathMapperScanner:48] register minidao name is { com.jeecg.domo.order.dao.JpDemoOrderMainDao }
[2018-11-23 11:01:45] [INFO] [org.jeecgframework.minidao.factory.MiniDaoClassPathMapperScanner:48] register minidao name is { com.jeecg.domo.order.dao.JpDemoOrderProductDao }
[2018-11-23 11:01:45] [INFO] [org.jeecgframework.minidao.factory.MiniDaoClassPathMapperScanner:48] register minidao name is { com.jeecg.chat.dao.ChatMessageHistoryDao }
[2018-11-23 11:01:45] [INFO] [org.jeecgframework.minidao.factory.MiniDaoClassPathMapperScanner:48] register minidao name is { com.jeecg.chat.dao.ImDao }
[2018-11-23 11:01:45] [INFO] [org.jeecgframework.minidao.factory.MiniDaoClassPathMapperScanner:48] register minidao name is { com.jeecg.mail.dao.P3MailJformInnerMailAttachDao }
[2018-11-23 11:01:45] [INFO] [org.jeecgframework.minidao.factory.MiniDaoClassPathMapperScanner:48] register minidao name is { com.jeecg.mail.dao.P3MailJformInnerMailDao }
[2018-11-23 11:01:45] [INFO] [org.jeecgframework.minidao.factory.MiniDaoClassPathMapperScanner:48] register minidao name is { com.jeecg.mail.dao.P3MailJformInnerMailReceiverDao }
[2018-11-23 11:01:45] [INFO] [org.jeecgframework.minidao.factory.MiniDaoClassPathMapperScanner:48] register minidao name is { com.jeecg.mail.dao.P3MailTSBaseUserDao }
[2018-11-23 11:01:45] [INFO] [org.jeecgframework.minidao.factory.MiniDaoClassPathMapperScanner:48] register minidao name is { com.jeecg.mail.dao.P3MailTSUserDao }
[2018-11-23 11:01:46] [INFO] [com.alibaba.druid.pool.DruidDataSource:928] {dataSource-1} inited
[2018-11-23 11:01:47] [WARN] [org.hibernate.id.UUIDHexGenerator:59] HHH000409: Using org.hibernate.id.UUIDHexGenerator which does not generate IETF RFC 4122 compliant UUID values; consider using org.hibernate.id.UUIDGenerator instead
[2018-11-23 11:01:48] [WARN] [net.sf.ehcache.config.CacheConfiguration:698] Cache 'foreverCache' is set to eternal but also has TTI/TTL set.  To avoid this warning, clean up the config removing conflicting values of eternal, TTI and TTL. Effective configuration for Cache 'foreverCache' will be eternal='true', timeToIdleSeconds='0', timeToLiveSeconds='0'.
[2018-11-23 11:01:50] [INFO] [org.quartz.impl.StdSchedulerFactory:1208] Using default implementation for ThreadExecutor
[2018-11-23 11:01:50] [INFO] [org.quartz.core.SchedulerSignalerImpl:61] Initialized Scheduler Signaller of type: class org.quartz.core.SchedulerSignalerImpl
[2018-11-23 11:01:50] [INFO] [org.quartz.core.QuartzScheduler:229] Quartz Scheduler v.2.3.0 created.
[2018-11-23 11:01:50] [INFO] [org.quartz.simpl.RAMJobStore:155] RAMJobStore initialized.
[2018-11-23 11:01:50] [INFO] [org.quartz.core.QuartzScheduler:294] Scheduler meta-data: Quartz Scheduler (v2.3.0) 'schedulerFactory' with instanceId 'NON_CLUSTERED'
  Scheduler class: 'org.quartz.core.QuartzScheduler' - running locally.
  NOT STARTED.
  Currently in standby mode.
  Number of jobs executed: 0
  Using thread pool 'org.quartz.simpl.SimpleThreadPool' - with 10 threads.
  Using job-store 'org.quartz.simpl.RAMJobStore' - which does not support persistence. and is not clustered.

[2018-11-23 11:01:50] [INFO] [org.quartz.impl.StdSchedulerFactory:1362] Quartz scheduler 'schedulerFactory' initialized from an externally provided properties instance.
[2018-11-23 11:01:50] [INFO] [org.quartz.impl.StdSchedulerFactory:1366] Quartz scheduler version: 2.3.0
[2018-11-23 11:01:50] [INFO] [org.quartz.core.QuartzScheduler:2287] JobFactory set to: org.jeecgframework.web.system.sms.util.JQuartzJobFactory@684e4d61
[2018-11-23 11:01:50] [INFO] [org.jeecgframework.core.timer.DynamicTask:252]  register time task class num is [0] 
[2018-11-23 11:01:51] [INFO] [org.jeecgframework.core.timer.DataBaseSchedulerFactoryBean:648] Starting Quartz Scheduler now
[2018-11-23 11:01:51] [INFO] [org.quartz.core.QuartzScheduler:547] Scheduler schedulerFactory_$_NON_CLUSTERED started.
[2018-11-23 11:01:52] [INFO] [org.jeecgframework.web.system.service.impl.SystemServiceImpl:180]   ------ 初始化字典组 【系统缓存】-----------typeGroupsList-----size: [43]
[2018-11-23 11:01:52] [INFO] [org.jeecgframework.web.system.service.impl.SystemServiceImpl:181]   ------ 初始化字典 【系统缓存】-----------typesList-----size: [43]
[2018-11-23 11:01:52] [INFO] [org.jeecgframework.web.system.service.impl.MutiLangServiceImpl:43]   ------ 初始化国际化语言【系统缓存】  ------ size: [1211] 
[2018-11-23 11:01:52] [INFO] [org.jeecgframework.web.system.service.impl.DynamicDataSourceServiceImpl:41]   ------ 初始化动态数据源配置【系统缓存】---------size: [2] 
[2018-11-23 11:08:23] [INFO] [org.jeecgframework.minidao.factory.MiniDaoClassPathMapperScanner:48] register minidao name is { org.jeecgframework.web.cgdynamgraph.dao.core.CgDynamGraphDao }
[2018-11-23 11:08:23] [INFO] [org.jeecgframework.minidao.factory.MiniDaoClassPathMapperScanner:48] register minidao name is { org.jeecgframework.web.cgform.dao.config.CgFormFieldDao }
[2018-11-23 11:08:23] [INFO] [org.jeecgframework.minidao.factory.MiniDaoClassPathMapperScanner:48] register minidao name is { org.jeecgframework.web.cgform.dao.config.CgFormVersionDao }
[2018-11-23 11:08:23] [INFO] [org.jeecgframework.minidao.factory.MiniDaoClassPathMapperScanner:48] register minidao name is { org.jeecgframework.web.cgform.dao.upload.CgFormUploadDao }
[2018-11-23 11:08:23] [INFO] [org.jeecgframework.minidao.factory.MiniDaoClassPathMapperScanner:48] register minidao name is { org.jeecgframework.web.cgreport.dao.core.CgReportDao }
[2018-11-23 11:08:23] [INFO] [org.jeecgframework.minidao.factory.MiniDaoClassPathMapperScanner:48] register minidao name is { org.jeecgframework.web.system.dao.DepartAuthGroupDao }
[2018-11-23 11:08:23] [INFO] [org.jeecgframework.minidao.factory.MiniDaoClassPathMapperScanner:48] register minidao name is { org.jeecgframework.web.system.dao.JeecgDictDao }
[2018-11-23 11:08:23] [INFO] [org.jeecgframework.minidao.factory.MiniDaoClassPathMapperScanner:48] register minidao name is { com.jeecg.demo.dao.JeecgMinidaoDao }
[2018-11-23 11:08:23] [INFO] [org.jeecgframework.minidao.factory.MiniDaoClassPathMapperScanner:48] register minidao name is { com.jeecg.core.biz.mutiLang.dao.P3MutiLangDao }
[2018-11-23 11:08:23] [INFO] [org.jeecgframework.minidao.factory.MiniDaoClassPathMapperScanner:48] register minidao name is { com.jeecg.core.biz.tag.select.dict.dao.TSTypeDao }
[2018-11-23 11:08:23] [INFO] [org.jeecgframework.minidao.factory.MiniDaoClassPathMapperScanner:48] register minidao name is { com.jeecg.core.biz.tag.select.table.dao.CustomTableDao }
[2018-11-23 11:08:23] [INFO] [org.jeecgframework.minidao.factory.MiniDaoClassPathMapperScanner:48] register minidao name is { com.jeecg.core.biz.dao.TSOperationDao }
[2018-11-23 11:08:23] [INFO] [org.jeecgframework.minidao.factory.MiniDaoClassPathMapperScanner:48] register minidao name is { com.jeecg.actInvite.dao.WxActInviteDao }
[2018-11-23 11:08:23] [INFO] [org.jeecgframework.minidao.factory.MiniDaoClassPathMapperScanner:48] register minidao name is { com.jeecg.auth.dao.JwSystemAuthDao }
[2018-11-23 11:08:23] [INFO] [org.jeecgframework.minidao.factory.MiniDaoClassPathMapperScanner:48] register minidao name is { com.jeecg.domo.order.dao.JpDemoOrderCustomDao }
[2018-11-23 11:08:23] [INFO] [org.jeecgframework.minidao.factory.MiniDaoClassPathMapperScanner:48] register minidao name is { com.jeecg.domo.order.dao.JpDemoOrderMainDao }
[2018-11-23 11:08:23] [INFO] [org.jeecgframework.minidao.factory.MiniDaoClassPathMapperScanner:48] register minidao name is { com.jeecg.domo.order.dao.JpDemoOrderProductDao }
[2018-11-23 11:08:23] [INFO] [org.jeecgframework.minidao.factory.MiniDaoClassPathMapperScanner:48] register minidao name is { com.jeecg.chat.dao.ChatMessageHistoryDao }
[2018-11-23 11:08:23] [INFO] [org.jeecgframework.minidao.factory.MiniDaoClassPathMapperScanner:48] register minidao name is { com.jeecg.chat.dao.ImDao }
[2018-11-23 11:08:23] [INFO] [org.jeecgframework.minidao.factory.MiniDaoClassPathMapperScanner:48] register minidao name is { com.jeecg.mail.dao.P3MailJformInnerMailAttachDao }
[2018-11-23 11:08:23] [INFO] [org.jeecgframework.minidao.factory.MiniDaoClassPathMapperScanner:48] register minidao name is { com.jeecg.mail.dao.P3MailJformInnerMailDao }
[2018-11-23 11:08:23] [INFO] [org.jeecgframework.minidao.factory.MiniDaoClassPathMapperScanner:48] register minidao name is { com.jeecg.mail.dao.P3MailJformInnerMailReceiverDao }
[2018-11-23 11:08:23] [INFO] [org.jeecgframework.minidao.factory.MiniDaoClassPathMapperScanner:48] register minidao name is { com.jeecg.mail.dao.P3MailTSBaseUserDao }
[2018-11-23 11:08:23] [INFO] [org.jeecgframework.minidao.factory.MiniDaoClassPathMapperScanner:48] register minidao name is { com.jeecg.mail.dao.P3MailTSUserDao }
[2018-11-23 11:08:24] [INFO] [com.alibaba.druid.pool.DruidDataSource:928] {dataSource-1} inited
[2018-11-23 11:08:27] [WARN] [org.hibernate.id.UUIDHexGenerator:59] HHH000409: Using org.hibernate.id.UUIDHexGenerator which does not generate IETF RFC 4122 compliant UUID values; consider using org.hibernate.id.UUIDGenerator instead
[2018-11-23 11:08:28] [WARN] [net.sf.ehcache.config.CacheConfiguration:698] Cache 'foreverCache' is set to eternal but also has TTI/TTL set.  To avoid this warning, clean up the config removing conflicting values of eternal, TTI and TTL. Effective configuration for Cache 'foreverCache' will be eternal='true', timeToIdleSeconds='0', timeToLiveSeconds='0'.
[2018-11-23 11:08:31] [INFO] [org.quartz.impl.StdSchedulerFactory:1208] Using default implementation for ThreadExecutor
[2018-11-23 11:08:31] [INFO] [org.quartz.core.SchedulerSignalerImpl:61] Initialized Scheduler Signaller of type: class org.quartz.core.SchedulerSignalerImpl
[2018-11-23 11:08:31] [INFO] [org.quartz.core.QuartzScheduler:229] Quartz Scheduler v.2.3.0 created.
[2018-11-23 11:08:31] [INFO] [org.quartz.simpl.RAMJobStore:155] RAMJobStore initialized.
[2018-11-23 11:08:31] [INFO] [org.quartz.core.QuartzScheduler:294] Scheduler meta-data: Quartz Scheduler (v2.3.0) 'schedulerFactory' with instanceId 'NON_CLUSTERED'
  Scheduler class: 'org.quartz.core.QuartzScheduler' - running locally.
  NOT STARTED.
  Currently in standby mode.
  Number of jobs executed: 0
  Using thread pool 'org.quartz.simpl.SimpleThreadPool' - with 10 threads.
  Using job-store 'org.quartz.simpl.RAMJobStore' - which does not support persistence. and is not clustered.

[2018-11-23 11:08:31] [INFO] [org.quartz.impl.StdSchedulerFactory:1362] Quartz scheduler 'schedulerFactory' initialized from an externally provided properties instance.
[2018-11-23 11:08:31] [INFO] [org.quartz.impl.StdSchedulerFactory:1366] Quartz scheduler version: 2.3.0
[2018-11-23 11:08:31] [INFO] [org.quartz.core.QuartzScheduler:2287] JobFactory set to: org.jeecgframework.web.system.sms.util.JQuartzJobFactory@5e56a6ba
[2018-11-23 11:08:32] [INFO] [org.jeecgframework.core.timer.DynamicTask:252]  register time task class num is [0] 
[2018-11-23 11:08:34] [INFO] [org.jeecgframework.core.timer.DataBaseSchedulerFactoryBean:648] Starting Quartz Scheduler now
[2018-11-23 11:08:34] [INFO] [org.quartz.core.QuartzScheduler:547] Scheduler schedulerFactory_$_NON_CLUSTERED started.
[2018-11-23 11:08:34] [INFO] [org.jeecgframework.web.system.service.impl.SystemServiceImpl:180]   ------ 初始化字典组 【系统缓存】-----------typeGroupsList-----size: [43]
[2018-11-23 11:08:34] [INFO] [org.jeecgframework.web.system.service.impl.SystemServiceImpl:181]   ------ 初始化字典 【系统缓存】-----------typesList-----size: [43]
[2018-11-23 11:08:34] [INFO] [org.jeecgframework.web.system.service.impl.MutiLangServiceImpl:43]   ------ 初始化国际化语言【系统缓存】  ------ size: [1211] 
[2018-11-23 11:08:34] [INFO] [org.jeecgframework.web.system.service.impl.DynamicDataSourceServiceImpl:41]   ------ 初始化动态数据源配置【系统缓存】---------size: [2] 
[2018-11-23 11:10:21] [INFO] [org.jeecgframework.minidao.factory.MiniDaoClassPathMapperScanner:48] register minidao name is { org.jeecgframework.web.cgdynamgraph.dao.core.CgDynamGraphDao }
[2018-11-23 11:10:21] [INFO] [org.jeecgframework.minidao.factory.MiniDaoClassPathMapperScanner:48] register minidao name is { org.jeecgframework.web.cgform.dao.config.CgFormFieldDao }
[2018-11-23 11:10:21] [INFO] [org.jeecgframework.minidao.factory.MiniDaoClassPathMapperScanner:48] register minidao name is { org.jeecgframework.web.cgform.dao.config.CgFormVersionDao }
[2018-11-23 11:10:21] [INFO] [org.jeecgframework.minidao.factory.MiniDaoClassPathMapperScanner:48] register minidao name is { org.jeecgframework.web.cgform.dao.upload.CgFormUploadDao }
[2018-11-23 11:10:21] [INFO] [org.jeecgframework.minidao.factory.MiniDaoClassPathMapperScanner:48] register minidao name is { org.jeecgframework.web.cgreport.dao.core.CgReportDao }
[2018-11-23 11:10:21] [INFO] [org.jeecgframework.minidao.factory.MiniDaoClassPathMapperScanner:48] register minidao name is { org.jeecgframework.web.system.dao.DepartAuthGroupDao }
[2018-11-23 11:10:21] [INFO] [org.jeecgframework.minidao.factory.MiniDaoClassPathMapperScanner:48] register minidao name is { org.jeecgframework.web.system.dao.JeecgDictDao }
[2018-11-23 11:10:21] [INFO] [org.jeecgframework.minidao.factory.MiniDaoClassPathMapperScanner:48] register minidao name is { com.jeecg.demo.dao.JeecgMinidaoDao }
[2018-11-23 11:10:21] [INFO] [org.jeecgframework.minidao.factory.MiniDaoClassPathMapperScanner:48] register minidao name is { com.jeecg.core.biz.mutiLang.dao.P3MutiLangDao }
[2018-11-23 11:10:21] [INFO] [org.jeecgframework.minidao.factory.MiniDaoClassPathMapperScanner:48] register minidao name is { com.jeecg.core.biz.tag.select.dict.dao.TSTypeDao }
[2018-11-23 11:10:21] [INFO] [org.jeecgframework.minidao.factory.MiniDaoClassPathMapperScanner:48] register minidao name is { com.jeecg.core.biz.tag.select.table.dao.CustomTableDao }
[2018-11-23 11:10:21] [INFO] [org.jeecgframework.minidao.factory.MiniDaoClassPathMapperScanner:48] register minidao name is { com.jeecg.core.biz.dao.TSOperationDao }
[2018-11-23 11:10:21] [INFO] [org.jeecgframework.minidao.factory.MiniDaoClassPathMapperScanner:48] register minidao name is { com.jeecg.actInvite.dao.WxActInviteDao }
[2018-11-23 11:10:21] [INFO] [org.jeecgframework.minidao.factory.MiniDaoClassPathMapperScanner:48] register minidao name is { com.jeecg.auth.dao.JwSystemAuthDao }
[2018-11-23 11:10:21] [INFO] [org.jeecgframework.minidao.factory.MiniDaoClassPathMapperScanner:48] register minidao name is { com.jeecg.domo.order.dao.JpDemoOrderCustomDao }
[2018-11-23 11:10:21] [INFO] [org.jeecgframework.minidao.factory.MiniDaoClassPathMapperScanner:48] register minidao name is { com.jeecg.domo.order.dao.JpDemoOrderMainDao }
[2018-11-23 11:10:21] [INFO] [org.jeecgframework.minidao.factory.MiniDaoClassPathMapperScanner:48] register minidao name is { com.jeecg.domo.order.dao.JpDemoOrderProductDao }
[2018-11-23 11:10:21] [INFO] [org.jeecgframework.minidao.factory.MiniDaoClassPathMapperScanner:48] register minidao name is { com.jeecg.chat.dao.ChatMessageHistoryDao }
[2018-11-23 11:10:21] [INFO] [org.jeecgframework.minidao.factory.MiniDaoClassPathMapperScanner:48] register minidao name is { com.jeecg.chat.dao.ImDao }
[2018-11-23 11:10:21] [INFO] [org.jeecgframework.minidao.factory.MiniDaoClassPathMapperScanner:48] register minidao name is { com.jeecg.mail.dao.P3MailJformInnerMailAttachDao }
[2018-11-23 11:10:21] [INFO] [org.jeecgframework.minidao.factory.MiniDaoClassPathMapperScanner:48] register minidao name is { com.jeecg.mail.dao.P3MailJformInnerMailDao }
[2018-11-23 11:10:21] [INFO] [org.jeecgframework.minidao.factory.MiniDaoClassPathMapperScanner:48] register minidao name is { com.jeecg.mail.dao.P3MailJformInnerMailReceiverDao }
[2018-11-23 11:10:21] [INFO] [org.jeecgframework.minidao.factory.MiniDaoClassPathMapperScanner:48] register minidao name is { com.jeecg.mail.dao.P3MailTSBaseUserDao }
[2018-11-23 11:10:21] [INFO] [org.jeecgframework.minidao.factory.MiniDaoClassPathMapperScanner:48] register minidao name is { com.jeecg.mail.dao.P3MailTSUserDao }
[2018-11-23 11:10:22] [INFO] [com.alibaba.druid.pool.DruidDataSource:928] {dataSource-1} inited
[2018-11-23 11:10:25] [WARN] [org.hibernate.id.UUIDHexGenerator:59] HHH000409: Using org.hibernate.id.UUIDHexGenerator which does not generate IETF RFC 4122 compliant UUID values; consider using org.hibernate.id.UUIDGenerator instead
[2018-11-23 11:10:26] [WARN] [net.sf.ehcache.config.CacheConfiguration:698] Cache 'foreverCache' is set to eternal but also has TTI/TTL set.  To avoid this warning, clean up the config removing conflicting values of eternal, TTI and TTL. Effective configuration for Cache 'foreverCache' will be eternal='true', timeToIdleSeconds='0', timeToLiveSeconds='0'.
[2018-11-23 11:10:30] [INFO] [org.quartz.impl.StdSchedulerFactory:1208] Using default implementation for ThreadExecutor
[2018-11-23 11:10:30] [INFO] [org.quartz.core.SchedulerSignalerImpl:61] Initialized Scheduler Signaller of type: class org.quartz.core.SchedulerSignalerImpl
[2018-11-23 11:10:30] [INFO] [org.quartz.core.QuartzScheduler:229] Quartz Scheduler v.2.3.0 created.
[2018-11-23 11:10:30] [INFO] [org.quartz.simpl.RAMJobStore:155] RAMJobStore initialized.
[2018-11-23 11:10:30] [INFO] [org.quartz.core.QuartzScheduler:294] Scheduler meta-data: Quartz Scheduler (v2.3.0) 'schedulerFactory' with instanceId 'NON_CLUSTERED'
  Scheduler class: 'org.quartz.core.QuartzScheduler' - running locally.
  NOT STARTED.
  Currently in standby mode.
  Number of jobs executed: 0
  Using thread pool 'org.quartz.simpl.SimpleThreadPool' - with 10 threads.
  Using job-store 'org.quartz.simpl.RAMJobStore' - which does not support persistence. and is not clustered.

[2018-11-23 11:10:30] [INFO] [org.quartz.impl.StdSchedulerFactory:1362] Quartz scheduler 'schedulerFactory' initialized from an externally provided properties instance.
[2018-11-23 11:10:30] [INFO] [org.quartz.impl.StdSchedulerFactory:1366] Quartz scheduler version: 2.3.0
[2018-11-23 11:10:30] [INFO] [org.quartz.core.QuartzScheduler:2287] JobFactory set to: org.jeecgframework.web.system.sms.util.JQuartzJobFactory@5e744a12
[2018-11-23 11:10:31] [INFO] [org.jeecgframework.core.timer.DynamicTask:252]  register time task class num is [0] 
[2018-11-23 11:10:35] [INFO] [org.jeecgframework.core.timer.DataBaseSchedulerFactoryBean:648] Starting Quartz Scheduler now
[2018-11-23 11:10:35] [INFO] [org.quartz.core.QuartzScheduler:547] Scheduler schedulerFactory_$_NON_CLUSTERED started.
[2018-11-23 11:10:35] [INFO] [org.jeecgframework.web.system.service.impl.SystemServiceImpl:180]   ------ 初始化字典组 【系统缓存】-----------typeGroupsList-----size: [43]
[2018-11-23 11:10:35] [INFO] [org.jeecgframework.web.system.service.impl.SystemServiceImpl:181]   ------ 初始化字典 【系统缓存】-----------typesList-----size: [43]
[2018-11-23 11:10:35] [INFO] [org.jeecgframework.web.system.service.impl.MutiLangServiceImpl:43]   ------ 初始化国际化语言【系统缓存】  ------ size: [1211] 
[2018-11-23 11:10:35] [INFO] [org.jeecgframework.web.system.service.impl.DynamicDataSourceServiceImpl:41]   ------ 初始化动态数据源配置【系统缓存】---------size: [2] 
[2018-11-23 11:14:06] [INFO] [org.jeecgframework.minidao.factory.MiniDaoClassPathMapperScanner:48] register minidao name is { org.jeecgframework.web.cgdynamgraph.dao.core.CgDynamGraphDao }
[2018-11-23 11:14:06] [INFO] [org.jeecgframework.minidao.factory.MiniDaoClassPathMapperScanner:48] register minidao name is { org.jeecgframework.web.cgform.dao.config.CgFormFieldDao }
[2018-11-23 11:14:06] [INFO] [org.jeecgframework.minidao.factory.MiniDaoClassPathMapperScanner:48] register minidao name is { org.jeecgframework.web.cgform.dao.config.CgFormVersionDao }
[2018-11-23 11:14:06] [INFO] [org.jeecgframework.minidao.factory.MiniDaoClassPathMapperScanner:48] register minidao name is { org.jeecgframework.web.cgform.dao.upload.CgFormUploadDao }
[2018-11-23 11:14:06] [INFO] [org.jeecgframework.minidao.factory.MiniDaoClassPathMapperScanner:48] register minidao name is { org.jeecgframework.web.cgreport.dao.core.CgReportDao }
[2018-11-23 11:14:06] [INFO] [org.jeecgframework.minidao.factory.MiniDaoClassPathMapperScanner:48] register minidao name is { org.jeecgframework.web.system.dao.DepartAuthGroupDao }
[2018-11-23 11:14:06] [INFO] [org.jeecgframework.minidao.factory.MiniDaoClassPathMapperScanner:48] register minidao name is { org.jeecgframework.web.system.dao.JeecgDictDao }
[2018-11-23 11:14:06] [INFO] [org.jeecgframework.minidao.factory.MiniDaoClassPathMapperScanner:48] register minidao name is { com.jeecg.demo.dao.JeecgMinidaoDao }
[2018-11-23 11:14:06] [INFO] [org.jeecgframework.minidao.factory.MiniDaoClassPathMapperScanner:48] register minidao name is { com.jeecg.core.biz.mutiLang.dao.P3MutiLangDao }
[2018-11-23 11:14:06] [INFO] [org.jeecgframework.minidao.factory.MiniDaoClassPathMapperScanner:48] register minidao name is { com.jeecg.core.biz.tag.select.dict.dao.TSTypeDao }
[2018-11-23 11:14:06] [INFO] [org.jeecgframework.minidao.factory.MiniDaoClassPathMapperScanner:48] register minidao name is { com.jeecg.core.biz.tag.select.table.dao.CustomTableDao }
[2018-11-23 11:14:06] [INFO] [org.jeecgframework.minidao.factory.MiniDaoClassPathMapperScanner:48] register minidao name is { com.jeecg.core.biz.dao.TSOperationDao }
[2018-11-23 11:14:06] [INFO] [org.jeecgframework.minidao.factory.MiniDaoClassPathMapperScanner:48] register minidao name is { com.jeecg.actInvite.dao.WxActInviteDao }
[2018-11-23 11:14:06] [INFO] [org.jeecgframework.minidao.factory.MiniDaoClassPathMapperScanner:48] register minidao name is { com.jeecg.auth.dao.JwSystemAuthDao }
[2018-11-23 11:14:06] [INFO] [org.jeecgframework.minidao.factory.MiniDaoClassPathMapperScanner:48] register minidao name is { com.jeecg.domo.order.dao.JpDemoOrderCustomDao }
[2018-11-23 11:14:06] [INFO] [org.jeecgframework.minidao.factory.MiniDaoClassPathMapperScanner:48] register minidao name is { com.jeecg.domo.order.dao.JpDemoOrderMainDao }
[2018-11-23 11:14:06] [INFO] [org.jeecgframework.minidao.factory.MiniDaoClassPathMapperScanner:48] register minidao name is { com.jeecg.domo.order.dao.JpDemoOrderProductDao }
[2018-11-23 11:14:06] [INFO] [org.jeecgframework.minidao.factory.MiniDaoClassPathMapperScanner:48] register minidao name is { com.jeecg.chat.dao.ChatMessageHistoryDao }
[2018-11-23 11:14:06] [INFO] [org.jeecgframework.minidao.factory.MiniDaoClassPathMapperScanner:48] register minidao name is { com.jeecg.chat.dao.ImDao }
[2018-11-23 11:14:06] [INFO] [org.jeecgframework.minidao.factory.MiniDaoClassPathMapperScanner:48] register minidao name is { com.jeecg.mail.dao.P3MailJformInnerMailAttachDao }
[2018-11-23 11:14:06] [INFO] [org.jeecgframework.minidao.factory.MiniDaoClassPathMapperScanner:48] register minidao name is { com.jeecg.mail.dao.P3MailJformInnerMailDao }
[2018-11-23 11:14:06] [INFO] [org.jeecgframework.minidao.factory.MiniDaoClassPathMapperScanner:48] register minidao name is { com.jeecg.mail.dao.P3MailJformInnerMailReceiverDao }
[2018-11-23 11:14:06] [INFO] [org.jeecgframework.minidao.factory.MiniDaoClassPathMapperScanner:48] register minidao name is { com.jeecg.mail.dao.P3MailTSBaseUserDao }
[2018-11-23 11:14:06] [INFO] [org.jeecgframework.minidao.factory.MiniDaoClassPathMapperScanner:48] register minidao name is { com.jeecg.mail.dao.P3MailTSUserDao }
[2018-11-23 11:14:06] [INFO] [com.alibaba.druid.pool.DruidDataSource:928] {dataSource-1} inited
[2018-11-23 11:14:08] [WARN] [org.hibernate.id.UUIDHexGenerator:59] HHH000409: Using org.hibernate.id.UUIDHexGenerator which does not generate IETF RFC 4122 compliant UUID values; consider using org.hibernate.id.UUIDGenerator instead
[2018-11-23 11:14:10] [WARN] [net.sf.ehcache.config.CacheConfiguration:698] Cache 'foreverCache' is set to eternal but also has TTI/TTL set.  To avoid this warning, clean up the config removing conflicting values of eternal, TTI and TTL. Effective configuration for Cache 'foreverCache' will be eternal='true', timeToIdleSeconds='0', timeToLiveSeconds='0'.
[2018-11-23 11:14:14] [INFO] [org.quartz.impl.StdSchedulerFactory:1208] Using default implementation for ThreadExecutor
[2018-11-23 11:14:14] [INFO] [org.quartz.core.SchedulerSignalerImpl:61] Initialized Scheduler Signaller of type: class org.quartz.core.SchedulerSignalerImpl
[2018-11-23 11:14:14] [INFO] [org.quartz.core.QuartzScheduler:229] Quartz Scheduler v.2.3.0 created.
[2018-11-23 11:14:14] [INFO] [org.quartz.simpl.RAMJobStore:155] RAMJobStore initialized.
[2018-11-23 11:14:14] [INFO] [org.quartz.core.QuartzScheduler:294] Scheduler meta-data: Quartz Scheduler (v2.3.0) 'schedulerFactory' with instanceId 'NON_CLUSTERED'
  Scheduler class: 'org.quartz.core.QuartzScheduler' - running locally.
  NOT STARTED.
  Currently in standby mode.
  Number of jobs executed: 0
  Using thread pool 'org.quartz.simpl.SimpleThreadPool' - with 10 threads.
  Using job-store 'org.quartz.simpl.RAMJobStore' - which does not support persistence. and is not clustered.

[2018-11-23 11:14:14] [INFO] [org.quartz.impl.StdSchedulerFactory:1362] Quartz scheduler 'schedulerFactory' initialized from an externally provided properties instance.
[2018-11-23 11:14:14] [INFO] [org.quartz.impl.StdSchedulerFactory:1366] Quartz scheduler version: 2.3.0
[2018-11-23 11:14:14] [INFO] [org.quartz.core.QuartzScheduler:2287] JobFactory set to: org.jeecgframework.web.system.sms.util.JQuartzJobFactory@90374ef
[2018-11-23 11:14:15] [INFO] [org.jeecgframework.core.timer.DynamicTask:252]  register time task class num is [0] 
[2018-11-23 11:14:18] [INFO] [org.jeecgframework.core.timer.DataBaseSchedulerFactoryBean:648] Starting Quartz Scheduler now
[2018-11-23 11:14:18] [INFO] [org.quartz.core.QuartzScheduler:547] Scheduler schedulerFactory_$_NON_CLUSTERED started.
[2018-11-23 11:14:19] [INFO] [org.jeecgframework.web.system.service.impl.SystemServiceImpl:180]   ------ 初始化字典组 【系统缓存】-----------typeGroupsList-----size: [43]
[2018-11-23 11:14:19] [INFO] [org.jeecgframework.web.system.service.impl.SystemServiceImpl:181]   ------ 初始化字典 【系统缓存】-----------typesList-----size: [43]
[2018-11-23 11:14:19] [INFO] [org.jeecgframework.web.system.service.impl.MutiLangServiceImpl:43]   ------ 初始化国际化语言【系统缓存】  ------ size: [1211] 
[2018-11-23 11:14:19] [INFO] [org.jeecgframework.web.system.service.impl.DynamicDataSourceServiceImpl:41]   ------ 初始化动态数据源配置【系统缓存】---------size: [2] 
[2018-11-23 11:24:39] [INFO] [org.jeecgframework.minidao.factory.MiniDaoClassPathMapperScanner:48] register minidao name is { org.jeecgframework.web.cgdynamgraph.dao.core.CgDynamGraphDao }
[2018-11-23 11:24:39] [INFO] [org.jeecgframework.minidao.factory.MiniDaoClassPathMapperScanner:48] register minidao name is { org.jeecgframework.web.cgform.dao.config.CgFormFieldDao }
[2018-11-23 11:24:39] [INFO] [org.jeecgframework.minidao.factory.MiniDaoClassPathMapperScanner:48] register minidao name is { org.jeecgframework.web.cgform.dao.config.CgFormVersionDao }
[2018-11-23 11:24:39] [INFO] [org.jeecgframework.minidao.factory.MiniDaoClassPathMapperScanner:48] register minidao name is { org.jeecgframework.web.cgform.dao.upload.CgFormUploadDao }
[2018-11-23 11:24:39] [INFO] [org.jeecgframework.minidao.factory.MiniDaoClassPathMapperScanner:48] register minidao name is { org.jeecgframework.web.cgreport.dao.core.CgReportDao }
[2018-11-23 11:24:39] [INFO] [org.jeecgframework.minidao.factory.MiniDaoClassPathMapperScanner:48] register minidao name is { org.jeecgframework.web.system.dao.DepartAuthGroupDao }
[2018-11-23 11:24:39] [INFO] [org.jeecgframework.minidao.factory.MiniDaoClassPathMapperScanner:48] register minidao name is { org.jeecgframework.web.system.dao.JeecgDictDao }
[2018-11-23 11:24:39] [INFO] [org.jeecgframework.minidao.factory.MiniDaoClassPathMapperScanner:48] register minidao name is { com.jeecg.demo.dao.JeecgMinidaoDao }
[2018-11-23 11:24:39] [INFO] [org.jeecgframework.minidao.factory.MiniDaoClassPathMapperScanner:48] register minidao name is { com.jeecg.core.biz.mutiLang.dao.P3MutiLangDao }
[2018-11-23 11:24:39] [INFO] [org.jeecgframework.minidao.factory.MiniDaoClassPathMapperScanner:48] register minidao name is { com.jeecg.core.biz.tag.select.dict.dao.TSTypeDao }
[2018-11-23 11:24:39] [INFO] [org.jeecgframework.minidao.factory.MiniDaoClassPathMapperScanner:48] register minidao name is { com.jeecg.core.biz.tag.select.table.dao.CustomTableDao }
[2018-11-23 11:24:39] [INFO] [org.jeecgframework.minidao.factory.MiniDaoClassPathMapperScanner:48] register minidao name is { com.jeecg.core.biz.dao.TSOperationDao }
[2018-11-23 11:24:39] [INFO] [org.jeecgframework.minidao.factory.MiniDaoClassPathMapperScanner:48] register minidao name is { com.jeecg.actInvite.dao.WxActInviteDao }
[2018-11-23 11:24:39] [INFO] [org.jeecgframework.minidao.factory.MiniDaoClassPathMapperScanner:48] register minidao name is { com.jeecg.auth.dao.JwSystemAuthDao }
[2018-11-23 11:24:39] [INFO] [org.jeecgframework.minidao.factory.MiniDaoClassPathMapperScanner:48] register minidao name is { com.jeecg.domo.order.dao.JpDemoOrderCustomDao }
[2018-11-23 11:24:39] [INFO] [org.jeecgframework.minidao.factory.MiniDaoClassPathMapperScanner:48] register minidao name is { com.jeecg.domo.order.dao.JpDemoOrderMainDao }
[2018-11-23 11:24:39] [INFO] [org.jeecgframework.minidao.factory.MiniDaoClassPathMapperScanner:48] register minidao name is { com.jeecg.domo.order.dao.JpDemoOrderProductDao }
[2018-11-23 11:24:39] [INFO] [org.jeecgframework.minidao.factory.MiniDaoClassPathMapperScanner:48] register minidao name is { com.jeecg.chat.dao.ChatMessageHistoryDao }
[2018-11-23 11:24:39] [INFO] [org.jeecgframework.minidao.factory.MiniDaoClassPathMapperScanner:48] register minidao name is { com.jeecg.chat.dao.ImDao }
[2018-11-23 11:24:39] [INFO] [org.jeecgframework.minidao.factory.MiniDaoClassPathMapperScanner:48] register minidao name is { com.jeecg.mail.dao.P3MailJformInnerMailAttachDao }
[2018-11-23 11:24:39] [INFO] [org.jeecgframework.minidao.factory.MiniDaoClassPathMapperScanner:48] register minidao name is { com.jeecg.mail.dao.P3MailJformInnerMailDao }
[2018-11-23 11:24:39] [INFO] [org.jeecgframework.minidao.factory.MiniDaoClassPathMapperScanner:48] register minidao name is { com.jeecg.mail.dao.P3MailJformInnerMailReceiverDao }
[2018-11-23 11:24:39] [INFO] [org.jeecgframework.minidao.factory.MiniDaoClassPathMapperScanner:48] register minidao name is { com.jeecg.mail.dao.P3MailTSBaseUserDao }
[2018-11-23 11:24:39] [INFO] [org.jeecgframework.minidao.factory.MiniDaoClassPathMapperScanner:48] register minidao name is { com.jeecg.mail.dao.P3MailTSUserDao }
[2018-11-23 11:24:39] [INFO] [com.alibaba.druid.pool.DruidDataSource:928] {dataSource-1} inited
[2018-11-23 11:24:41] [WARN] [org.hibernate.id.UUIDHexGenerator:59] HHH000409: Using org.hibernate.id.UUIDHexGenerator which does not generate IETF RFC 4122 compliant UUID values; consider using org.hibernate.id.UUIDGenerator instead
[2018-11-23 11:24:42] [WARN] [net.sf.ehcache.config.CacheConfiguration:698] Cache 'foreverCache' is set to eternal but also has TTI/TTL set.  To avoid this warning, clean up the config removing conflicting values of eternal, TTI and TTL. Effective configuration for Cache 'foreverCache' will be eternal='true', timeToIdleSeconds='0', timeToLiveSeconds='0'.
[2018-11-23 11:24:44] [INFO] [org.quartz.impl.StdSchedulerFactory:1208] Using default implementation for ThreadExecutor
[2018-11-23 11:24:44] [INFO] [org.quartz.core.SchedulerSignalerImpl:61] Initialized Scheduler Signaller of type: class org.quartz.core.SchedulerSignalerImpl
[2018-11-23 11:24:44] [INFO] [org.quartz.core.QuartzScheduler:229] Quartz Scheduler v.2.3.0 created.
[2018-11-23 11:24:44] [INFO] [org.quartz.simpl.RAMJobStore:155] RAMJobStore initialized.
[2018-11-23 11:24:44] [INFO] [org.quartz.core.QuartzScheduler:294] Scheduler meta-data: Quartz Scheduler (v2.3.0) 'schedulerFactory' with instanceId 'NON_CLUSTERED'
  Scheduler class: 'org.quartz.core.QuartzScheduler' - running locally.
  NOT STARTED.
  Currently in standby mode.
  Number of jobs executed: 0
  Using thread pool 'org.quartz.simpl.SimpleThreadPool' - with 10 threads.
  Using job-store 'org.quartz.simpl.RAMJobStore' - which does not support persistence. and is not clustered.

[2018-11-23 11:24:44] [INFO] [org.quartz.impl.StdSchedulerFactory:1362] Quartz scheduler 'schedulerFactory' initialized from an externally provided properties instance.
[2018-11-23 11:24:44] [INFO] [org.quartz.impl.StdSchedulerFactory:1366] Quartz scheduler version: 2.3.0
[2018-11-23 11:24:44] [INFO] [org.quartz.core.QuartzScheduler:2287] JobFactory set to: org.jeecgframework.web.system.sms.util.JQuartzJobFactory@5fc8730b
[2018-11-23 11:24:45] [INFO] [org.jeecgframework.core.timer.DynamicTask:252]  register time task class num is [0] 
[2018-11-23 11:24:47] [INFO] [org.jeecgframework.core.timer.DataBaseSchedulerFactoryBean:648] Starting Quartz Scheduler now
[2018-11-23 11:24:47] [INFO] [org.quartz.core.QuartzScheduler:547] Scheduler schedulerFactory_$_NON_CLUSTERED started.
[2018-11-23 11:24:47] [INFO] [org.jeecgframework.web.system.service.impl.SystemServiceImpl:180]   ------ 初始化字典组 【系统缓存】-----------typeGroupsList-----size: [43]
[2018-11-23 11:24:47] [INFO] [org.jeecgframework.web.system.service.impl.SystemServiceImpl:181]   ------ 初始化字典 【系统缓存】-----------typesList-----size: [43]
[2018-11-23 11:24:47] [INFO] [org.jeecgframework.web.system.service.impl.MutiLangServiceImpl:43]   ------ 初始化国际化语言【系统缓存】  ------ size: [1211] 
[2018-11-23 11:24:47] [INFO] [org.jeecgframework.web.system.service.impl.DynamicDataSourceServiceImpl:41]   ------ 初始化动态数据源配置【系统缓存】---------size: [2] 
[2018-11-23 11:30:11] [INFO] [org.jeecgframework.minidao.factory.MiniDaoClassPathMapperScanner:48] register minidao name is { org.jeecgframework.web.cgdynamgraph.dao.core.CgDynamGraphDao }
[2018-11-23 11:30:11] [INFO] [org.jeecgframework.minidao.factory.MiniDaoClassPathMapperScanner:48] register minidao name is { org.jeecgframework.web.cgform.dao.config.CgFormFieldDao }
[2018-11-23 11:30:11] [INFO] [org.jeecgframework.minidao.factory.MiniDaoClassPathMapperScanner:48] register minidao name is { org.jeecgframework.web.cgform.dao.config.CgFormVersionDao }
[2018-11-23 11:30:11] [INFO] [org.jeecgframework.minidao.factory.MiniDaoClassPathMapperScanner:48] register minidao name is { org.jeecgframework.web.cgform.dao.upload.CgFormUploadDao }
[2018-11-23 11:30:11] [INFO] [org.jeecgframework.minidao.factory.MiniDaoClassPathMapperScanner:48] register minidao name is { org.jeecgframework.web.cgreport.dao.core.CgReportDao }
[2018-11-23 11:30:11] [INFO] [org.jeecgframework.minidao.factory.MiniDaoClassPathMapperScanner:48] register minidao name is { org.jeecgframework.web.system.dao.DepartAuthGroupDao }
[2018-11-23 11:30:11] [INFO] [org.jeecgframework.minidao.factory.MiniDaoClassPathMapperScanner:48] register minidao name is { org.jeecgframework.web.system.dao.JeecgDictDao }
[2018-11-23 11:30:11] [INFO] [org.jeecgframework.minidao.factory.MiniDaoClassPathMapperScanner:48] register minidao name is { com.jeecg.demo.dao.JeecgMinidaoDao }
[2018-11-23 11:30:11] [INFO] [org.jeecgframework.minidao.factory.MiniDaoClassPathMapperScanner:48] register minidao name is { com.jeecg.core.biz.mutiLang.dao.P3MutiLangDao }
[2018-11-23 11:30:11] [INFO] [org.jeecgframework.minidao.factory.MiniDaoClassPathMapperScanner:48] register minidao name is { com.jeecg.core.biz.tag.select.dict.dao.TSTypeDao }
[2018-11-23 11:30:11] [INFO] [org.jeecgframework.minidao.factory.MiniDaoClassPathMapperScanner:48] register minidao name is { com.jeecg.core.biz.tag.select.table.dao.CustomTableDao }
[2018-11-23 11:30:11] [INFO] [org.jeecgframework.minidao.factory.MiniDaoClassPathMapperScanner:48] register minidao name is { com.jeecg.core.biz.dao.TSOperationDao }
[2018-11-23 11:30:11] [INFO] [org.jeecgframework.minidao.factory.MiniDaoClassPathMapperScanner:48] register minidao name is { com.jeecg.actInvite.dao.WxActInviteDao }
[2018-11-23 11:30:11] [INFO] [org.jeecgframework.minidao.factory.MiniDaoClassPathMapperScanner:48] register minidao name is { com.jeecg.auth.dao.JwSystemAuthDao }
[2018-11-23 11:30:11] [INFO] [org.jeecgframework.minidao.factory.MiniDaoClassPathMapperScanner:48] register minidao name is { com.jeecg.domo.order.dao.JpDemoOrderCustomDao }
[2018-11-23 11:30:11] [INFO] [org.jeecgframework.minidao.factory.MiniDaoClassPathMapperScanner:48] register minidao name is { com.jeecg.domo.order.dao.JpDemoOrderMainDao }
[2018-11-23 11:30:11] [INFO] [org.jeecgframework.minidao.factory.MiniDaoClassPathMapperScanner:48] register minidao name is { com.jeecg.domo.order.dao.JpDemoOrderProductDao }
[2018-11-23 11:30:11] [INFO] [org.jeecgframework.minidao.factory.MiniDaoClassPathMapperScanner:48] register minidao name is { com.jeecg.chat.dao.ChatMessageHistoryDao }
[2018-11-23 11:30:11] [INFO] [org.jeecgframework.minidao.factory.MiniDaoClassPathMapperScanner:48] register minidao name is { com.jeecg.chat.dao.ImDao }
[2018-11-23 11:30:11] [INFO] [org.jeecgframework.minidao.factory.MiniDaoClassPathMapperScanner:48] register minidao name is { com.jeecg.mail.dao.P3MailJformInnerMailAttachDao }
[2018-11-23 11:30:11] [INFO] [org.jeecgframework.minidao.factory.MiniDaoClassPathMapperScanner:48] register minidao name is { com.jeecg.mail.dao.P3MailJformInnerMailDao }
[2018-11-23 11:30:11] [INFO] [org.jeecgframework.minidao.factory.MiniDaoClassPathMapperScanner:48] register minidao name is { com.jeecg.mail.dao.P3MailJformInnerMailReceiverDao }
[2018-11-23 11:30:11] [INFO] [org.jeecgframework.minidao.factory.MiniDaoClassPathMapperScanner:48] register minidao name is { com.jeecg.mail.dao.P3MailTSBaseUserDao }
[2018-11-23 11:30:11] [INFO] [org.jeecgframework.minidao.factory.MiniDaoClassPathMapperScanner:48] register minidao name is { com.jeecg.mail.dao.P3MailTSUserDao }
[2018-11-23 11:30:12] [INFO] [com.alibaba.druid.pool.DruidDataSource:928] {dataSource-1} inited
[2018-11-23 11:30:13] [WARN] [org.hibernate.id.UUIDHexGenerator:59] HHH000409: Using org.hibernate.id.UUIDHexGenerator which does not generate IETF RFC 4122 compliant UUID values; consider using org.hibernate.id.UUIDGenerator instead
[2018-11-23 11:30:15] [WARN] [net.sf.ehcache.config.CacheConfiguration:698] Cache 'foreverCache' is set to eternal but also has TTI/TTL set.  To avoid this warning, clean up the config removing conflicting values of eternal, TTI and TTL. Effective configuration for Cache 'foreverCache' will be eternal='true', timeToIdleSeconds='0', timeToLiveSeconds='0'.
[2018-11-23 11:30:16] [INFO] [org.quartz.impl.StdSchedulerFactory:1208] Using default implementation for ThreadExecutor
[2018-11-23 11:30:16] [INFO] [org.quartz.core.SchedulerSignalerImpl:61] Initialized Scheduler Signaller of type: class org.quartz.core.SchedulerSignalerImpl
[2018-11-23 11:30:16] [INFO] [org.quartz.core.QuartzScheduler:229] Quartz Scheduler v.2.3.0 created.
[2018-11-23 11:30:16] [INFO] [org.quartz.simpl.RAMJobStore:155] RAMJobStore initialized.
[2018-11-23 11:30:16] [INFO] [org.quartz.core.QuartzScheduler:294] Scheduler meta-data: Quartz Scheduler (v2.3.0) 'schedulerFactory' with instanceId 'NON_CLUSTERED'
  Scheduler class: 'org.quartz.core.QuartzScheduler' - running locally.
  NOT STARTED.
  Currently in standby mode.
  Number of jobs executed: 0
  Using thread pool 'org.quartz.simpl.SimpleThreadPool' - with 10 threads.
  Using job-store 'org.quartz.simpl.RAMJobStore' - which does not support persistence. and is not clustered.

[2018-11-23 11:30:16] [INFO] [org.quartz.impl.StdSchedulerFactory:1362] Quartz scheduler 'schedulerFactory' initialized from an externally provided properties instance.
[2018-11-23 11:30:16] [INFO] [org.quartz.impl.StdSchedulerFactory:1366] Quartz scheduler version: 2.3.0
[2018-11-23 11:30:16] [INFO] [org.quartz.core.QuartzScheduler:2287] JobFactory set to: org.jeecgframework.web.system.sms.util.JQuartzJobFactory@56356c78
[2018-11-23 11:30:17] [INFO] [org.jeecgframework.core.timer.DynamicTask:252]  register time task class num is [0] 
[2018-11-23 11:30:19] [INFO] [org.jeecgframework.core.timer.DataBaseSchedulerFactoryBean:648] Starting Quartz Scheduler now
[2018-11-23 11:30:19] [INFO] [org.quartz.core.QuartzScheduler:547] Scheduler schedulerFactory_$_NON_CLUSTERED started.
[2018-11-23 11:30:19] [INFO] [org.jeecgframework.web.system.service.impl.SystemServiceImpl:180]   ------ 初始化字典组 【系统缓存】-----------typeGroupsList-----size: [43]
[2018-11-23 11:30:19] [INFO] [org.jeecgframework.web.system.service.impl.SystemServiceImpl:181]   ------ 初始化字典 【系统缓存】-----------typesList-----size: [43]
[2018-11-23 11:30:19] [INFO] [org.jeecgframework.web.system.service.impl.MutiLangServiceImpl:43]   ------ 初始化国际化语言【系统缓存】  ------ size: [1211] 
[2018-11-23 11:30:19] [INFO] [org.jeecgframework.web.system.service.impl.DynamicDataSourceServiceImpl:41]   ------ 初始化动态数据源配置【系统缓存】---------size: [2] 
[2018-11-23 11:31:12] [INFO] [org.jeecgframework.minidao.factory.MiniDaoClassPathMapperScanner:48] register minidao name is { org.jeecgframework.web.cgdynamgraph.dao.core.CgDynamGraphDao }
[2018-11-23 11:31:12] [INFO] [org.jeecgframework.minidao.factory.MiniDaoClassPathMapperScanner:48] register minidao name is { org.jeecgframework.web.cgform.dao.config.CgFormFieldDao }
[2018-11-23 11:31:12] [INFO] [org.jeecgframework.minidao.factory.MiniDaoClassPathMapperScanner:48] register minidao name is { org.jeecgframework.web.cgform.dao.config.CgFormVersionDao }
[2018-11-23 11:31:12] [INFO] [org.jeecgframework.minidao.factory.MiniDaoClassPathMapperScanner:48] register minidao name is { org.jeecgframework.web.cgform.dao.upload.CgFormUploadDao }
[2018-11-23 11:31:12] [INFO] [org.jeecgframework.minidao.factory.MiniDaoClassPathMapperScanner:48] register minidao name is { org.jeecgframework.web.cgreport.dao.core.CgReportDao }
[2018-11-23 11:31:12] [INFO] [org.jeecgframework.minidao.factory.MiniDaoClassPathMapperScanner:48] register minidao name is { org.jeecgframework.web.system.dao.DepartAuthGroupDao }
[2018-11-23 11:31:12] [INFO] [org.jeecgframework.minidao.factory.MiniDaoClassPathMapperScanner:48] register minidao name is { org.jeecgframework.web.system.dao.JeecgDictDao }
[2018-11-23 11:31:12] [INFO] [org.jeecgframework.minidao.factory.MiniDaoClassPathMapperScanner:48] register minidao name is { com.jeecg.demo.dao.JeecgMinidaoDao }
[2018-11-23 11:31:12] [INFO] [org.jeecgframework.minidao.factory.MiniDaoClassPathMapperScanner:48] register minidao name is { com.jeecg.core.biz.mutiLang.dao.P3MutiLangDao }
[2018-11-23 11:31:12] [INFO] [org.jeecgframework.minidao.factory.MiniDaoClassPathMapperScanner:48] register minidao name is { com.jeecg.core.biz.tag.select.dict.dao.TSTypeDao }
[2018-11-23 11:31:12] [INFO] [org.jeecgframework.minidao.factory.MiniDaoClassPathMapperScanner:48] register minidao name is { com.jeecg.core.biz.tag.select.table.dao.CustomTableDao }
[2018-11-23 11:31:12] [INFO] [org.jeecgframework.minidao.factory.MiniDaoClassPathMapperScanner:48] register minidao name is { com.jeecg.core.biz.dao.TSOperationDao }
[2018-11-23 11:31:12] [INFO] [org.jeecgframework.minidao.factory.MiniDaoClassPathMapperScanner:48] register minidao name is { com.jeecg.actInvite.dao.WxActInviteDao }
[2018-11-23 11:31:12] [INFO] [org.jeecgframework.minidao.factory.MiniDaoClassPathMapperScanner:48] register minidao name is { com.jeecg.auth.dao.JwSystemAuthDao }
[2018-11-23 11:31:12] [INFO] [org.jeecgframework.minidao.factory.MiniDaoClassPathMapperScanner:48] register minidao name is { com.jeecg.domo.order.dao.JpDemoOrderCustomDao }
[2018-11-23 11:31:12] [INFO] [org.jeecgframework.minidao.factory.MiniDaoClassPathMapperScanner:48] register minidao name is { com.jeecg.domo.order.dao.JpDemoOrderMainDao }
[2018-11-23 11:31:12] [INFO] [org.jeecgframework.minidao.factory.MiniDaoClassPathMapperScanner:48] register minidao name is { com.jeecg.domo.order.dao.JpDemoOrderProductDao }
[2018-11-23 11:31:12] [INFO] [org.jeecgframework.minidao.factory.MiniDaoClassPathMapperScanner:48] register minidao name is { com.jeecg.chat.dao.ChatMessageHistoryDao }
[2018-11-23 11:31:12] [INFO] [org.jeecgframework.minidao.factory.MiniDaoClassPathMapperScanner:48] register minidao name is { com.jeecg.chat.dao.ImDao }
[2018-11-23 11:31:12] [INFO] [org.jeecgframework.minidao.factory.MiniDaoClassPathMapperScanner:48] register minidao name is { com.jeecg.mail.dao.P3MailJformInnerMailAttachDao }
[2018-11-23 11:31:12] [INFO] [org.jeecgframework.minidao.factory.MiniDaoClassPathMapperScanner:48] register minidao name is { com.jeecg.mail.dao.P3MailJformInnerMailDao }
[2018-11-23 11:31:12] [INFO] [org.jeecgframework.minidao.factory.MiniDaoClassPathMapperScanner:48] register minidao name is { com.jeecg.mail.dao.P3MailJformInnerMailReceiverDao }
[2018-11-23 11:31:12] [INFO] [org.jeecgframework.minidao.factory.MiniDaoClassPathMapperScanner:48] register minidao name is { com.jeecg.mail.dao.P3MailTSBaseUserDao }
[2018-11-23 11:31:12] [INFO] [org.jeecgframework.minidao.factory.MiniDaoClassPathMapperScanner:48] register minidao name is { com.jeecg.mail.dao.P3MailTSUserDao }
[2018-11-23 11:31:13] [INFO] [com.alibaba.druid.pool.DruidDataSource:928] {dataSource-1} inited
[2018-11-23 11:31:15] [WARN] [org.hibernate.id.UUIDHexGenerator:59] HHH000409: Using org.hibernate.id.UUIDHexGenerator which does not generate IETF RFC 4122 compliant UUID values; consider using org.hibernate.id.UUIDGenerator instead
[2018-11-23 11:31:16] [WARN] [net.sf.ehcache.config.CacheConfiguration:698] Cache 'foreverCache' is set to eternal but also has TTI/TTL set.  To avoid this warning, clean up the config removing conflicting values of eternal, TTI and TTL. Effective configuration for Cache 'foreverCache' will be eternal='true', timeToIdleSeconds='0', timeToLiveSeconds='0'.
[2018-11-23 11:31:18] [INFO] [org.quartz.impl.StdSchedulerFactory:1208] Using default implementation for ThreadExecutor
[2018-11-23 11:31:18] [INFO] [org.quartz.core.SchedulerSignalerImpl:61] Initialized Scheduler Signaller of type: class org.quartz.core.SchedulerSignalerImpl
[2018-11-23 11:31:18] [INFO] [org.quartz.core.QuartzScheduler:229] Quartz Scheduler v.2.3.0 created.
[2018-11-23 11:31:18] [INFO] [org.quartz.simpl.RAMJobStore:155] RAMJobStore initialized.
[2018-11-23 11:31:18] [INFO] [org.quartz.core.QuartzScheduler:294] Scheduler meta-data: Quartz Scheduler (v2.3.0) 'schedulerFactory' with instanceId 'NON_CLUSTERED'
  Scheduler class: 'org.quartz.core.QuartzScheduler' - running locally.
  NOT STARTED.
  Currently in standby mode.
  Number of jobs executed: 0
  Using thread pool 'org.quartz.simpl.SimpleThreadPool' - with 10 threads.
  Using job-store 'org.quartz.simpl.RAMJobStore' - which does not support persistence. and is not clustered.

[2018-11-23 11:31:18] [INFO] [org.quartz.impl.StdSchedulerFactory:1362] Quartz scheduler 'schedulerFactory' initialized from an externally provided properties instance.
[2018-11-23 11:31:18] [INFO] [org.quartz.impl.StdSchedulerFactory:1366] Quartz scheduler version: 2.3.0
[2018-11-23 11:31:18] [INFO] [org.quartz.core.QuartzScheduler:2287] JobFactory set to: org.jeecgframework.web.system.sms.util.JQuartzJobFactory@2e555f34
[2018-11-23 11:31:19] [INFO] [org.jeecgframework.core.timer.DynamicTask:252]  register time task class num is [0] 
[2018-11-23 11:31:21] [INFO] [org.jeecgframework.core.timer.DataBaseSchedulerFactoryBean:648] Starting Quartz Scheduler now
[2018-11-23 11:31:21] [INFO] [org.quartz.core.QuartzScheduler:547] Scheduler schedulerFactory_$_NON_CLUSTERED started.
[2018-11-23 11:31:21] [INFO] [org.jeecgframework.web.system.service.impl.SystemServiceImpl:180]   ------ 初始化字典组 【系统缓存】-----------typeGroupsList-----size: [43]
[2018-11-23 11:31:21] [INFO] [org.jeecgframework.web.system.service.impl.SystemServiceImpl:181]   ------ 初始化字典 【系统缓存】-----------typesList-----size: [43]
[2018-11-23 11:31:21] [INFO] [org.jeecgframework.web.system.service.impl.MutiLangServiceImpl:43]   ------ 初始化国际化语言【系统缓存】  ------ size: [1211] 
[2018-11-23 11:31:21] [INFO] [org.jeecgframework.web.system.service.impl.DynamicDataSourceServiceImpl:41]   ------ 初始化动态数据源配置【系统缓存】---------size: [2] 
[2018-11-23 11:38:18] [INFO] [org.jeecgframework.minidao.factory.MiniDaoClassPathMapperScanner:48] register minidao name is { org.jeecgframework.web.cgdynamgraph.dao.core.CgDynamGraphDao }
[2018-11-23 11:38:18] [INFO] [org.jeecgframework.minidao.factory.MiniDaoClassPathMapperScanner:48] register minidao name is { org.jeecgframework.web.cgform.dao.config.CgFormFieldDao }
[2018-11-23 11:38:18] [INFO] [org.jeecgframework.minidao.factory.MiniDaoClassPathMapperScanner:48] register minidao name is { org.jeecgframework.web.cgform.dao.config.CgFormVersionDao }
[2018-11-23 11:38:18] [INFO] [org.jeecgframework.minidao.factory.MiniDaoClassPathMapperScanner:48] register minidao name is { org.jeecgframework.web.cgform.dao.upload.CgFormUploadDao }
[2018-11-23 11:38:18] [INFO] [org.jeecgframework.minidao.factory.MiniDaoClassPathMapperScanner:48] register minidao name is { org.jeecgframework.web.cgreport.dao.core.CgReportDao }
[2018-11-23 11:38:18] [INFO] [org.jeecgframework.minidao.factory.MiniDaoClassPathMapperScanner:48] register minidao name is { org.jeecgframework.web.system.dao.DepartAuthGroupDao }
[2018-11-23 11:38:18] [INFO] [org.jeecgframework.minidao.factory.MiniDaoClassPathMapperScanner:48] register minidao name is { org.jeecgframework.web.system.dao.JeecgDictDao }
[2018-11-23 11:38:18] [INFO] [org.jeecgframework.minidao.factory.MiniDaoClassPathMapperScanner:48] register minidao name is { com.jeecg.demo.dao.JeecgMinidaoDao }
[2018-11-23 11:38:18] [INFO] [org.jeecgframework.minidao.factory.MiniDaoClassPathMapperScanner:48] register minidao name is { com.jeecg.core.biz.mutiLang.dao.P3MutiLangDao }
[2018-11-23 11:38:18] [INFO] [org.jeecgframework.minidao.factory.MiniDaoClassPathMapperScanner:48] register minidao name is { com.jeecg.core.biz.tag.select.dict.dao.TSTypeDao }
[2018-11-23 11:38:18] [INFO] [org.jeecgframework.minidao.factory.MiniDaoClassPathMapperScanner:48] register minidao name is { com.jeecg.core.biz.tag.select.table.dao.CustomTableDao }
[2018-11-23 11:38:18] [INFO] [org.jeecgframework.minidao.factory.MiniDaoClassPathMapperScanner:48] register minidao name is { com.jeecg.core.biz.dao.TSOperationDao }
[2018-11-23 11:38:18] [INFO] [org.jeecgframework.minidao.factory.MiniDaoClassPathMapperScanner:48] register minidao name is { com.jeecg.actInvite.dao.WxActInviteDao }
[2018-11-23 11:38:18] [INFO] [org.jeecgframework.minidao.factory.MiniDaoClassPathMapperScanner:48] register minidao name is { com.jeecg.auth.dao.JwSystemAuthDao }
[2018-11-23 11:38:18] [INFO] [org.jeecgframework.minidao.factory.MiniDaoClassPathMapperScanner:48] register minidao name is { com.jeecg.domo.order.dao.JpDemoOrderCustomDao }
[2018-11-23 11:38:18] [INFO] [org.jeecgframework.minidao.factory.MiniDaoClassPathMapperScanner:48] register minidao name is { com.jeecg.domo.order.dao.JpDemoOrderMainDao }
[2018-11-23 11:38:18] [INFO] [org.jeecgframework.minidao.factory.MiniDaoClassPathMapperScanner:48] register minidao name is { com.jeecg.domo.order.dao.JpDemoOrderProductDao }
[2018-11-23 11:38:18] [INFO] [org.jeecgframework.minidao.factory.MiniDaoClassPathMapperScanner:48] register minidao name is { com.jeecg.chat.dao.ChatMessageHistoryDao }
[2018-11-23 11:38:18] [INFO] [org.jeecgframework.minidao.factory.MiniDaoClassPathMapperScanner:48] register minidao name is { com.jeecg.chat.dao.ImDao }
[2018-11-23 11:38:18] [INFO] [org.jeecgframework.minidao.factory.MiniDaoClassPathMapperScanner:48] register minidao name is { com.jeecg.mail.dao.P3MailJformInnerMailAttachDao }
[2018-11-23 11:38:18] [INFO] [org.jeecgframework.minidao.factory.MiniDaoClassPathMapperScanner:48] register minidao name is { com.jeecg.mail.dao.P3MailJformInnerMailDao }
[2018-11-23 11:38:18] [INFO] [org.jeecgframework.minidao.factory.MiniDaoClassPathMapperScanner:48] register minidao name is { com.jeecg.mail.dao.P3MailJformInnerMailReceiverDao }
[2018-11-23 11:38:18] [INFO] [org.jeecgframework.minidao.factory.MiniDaoClassPathMapperScanner:48] register minidao name is { com.jeecg.mail.dao.P3MailTSBaseUserDao }
[2018-11-23 11:38:18] [INFO] [org.jeecgframework.minidao.factory.MiniDaoClassPathMapperScanner:48] register minidao name is { com.jeecg.mail.dao.P3MailTSUserDao }
[2018-11-23 11:38:19] [INFO] [com.alibaba.druid.pool.DruidDataSource:928] {dataSource-1} inited
[2018-11-23 11:38:22] [WARN] [org.hibernate.id.UUIDHexGenerator:59] HHH000409: Using org.hibernate.id.UUIDHexGenerator which does not generate IETF RFC 4122 compliant UUID values; consider using org.hibernate.id.UUIDGenerator instead
[2018-11-23 11:38:23] [WARN] [net.sf.ehcache.config.CacheConfiguration:698] Cache 'foreverCache' is set to eternal but also has TTI/TTL set.  To avoid this warning, clean up the config removing conflicting values of eternal, TTI and TTL. Effective configuration for Cache 'foreverCache' will be eternal='true', timeToIdleSeconds='0', timeToLiveSeconds='0'.
[2018-11-23 11:38:25] [INFO] [org.quartz.impl.StdSchedulerFactory:1208] Using default implementation for ThreadExecutor
[2018-11-23 11:38:25] [INFO] [org.quartz.core.SchedulerSignalerImpl:61] Initialized Scheduler Signaller of type: class org.quartz.core.SchedulerSignalerImpl
[2018-11-23 11:38:25] [INFO] [org.quartz.core.QuartzScheduler:229] Quartz Scheduler v.2.3.0 created.
[2018-11-23 11:38:25] [INFO] [org.quartz.simpl.RAMJobStore:155] RAMJobStore initialized.
[2018-11-23 11:38:25] [INFO] [org.quartz.core.QuartzScheduler:294] Scheduler meta-data: Quartz Scheduler (v2.3.0) 'schedulerFactory' with instanceId 'NON_CLUSTERED'
  Scheduler class: 'org.quartz.core.QuartzScheduler' - running locally.
  NOT STARTED.
  Currently in standby mode.
  Number of jobs executed: 0
  Using thread pool 'org.quartz.simpl.SimpleThreadPool' - with 10 threads.
  Using job-store 'org.quartz.simpl.RAMJobStore' - which does not support persistence. and is not clustered.

[2018-11-23 11:38:25] [INFO] [org.quartz.impl.StdSchedulerFactory:1362] Quartz scheduler 'schedulerFactory' initialized from an externally provided properties instance.
[2018-11-23 11:38:25] [INFO] [org.quartz.impl.StdSchedulerFactory:1366] Quartz scheduler version: 2.3.0
[2018-11-23 11:38:25] [INFO] [org.quartz.core.QuartzScheduler:2287] JobFactory set to: org.jeecgframework.web.system.sms.util.JQuartzJobFactory@57df1065
[2018-11-23 11:38:26] [INFO] [org.jeecgframework.core.timer.DynamicTask:252]  register time task class num is [0] 
[2018-11-23 11:38:30] [INFO] [org.jeecgframework.core.timer.DataBaseSchedulerFactoryBean:648] Starting Quartz Scheduler now
[2018-11-23 11:38:30] [INFO] [org.quartz.core.QuartzScheduler:547] Scheduler schedulerFactory_$_NON_CLUSTERED started.
[2018-11-23 11:38:30] [INFO] [org.jeecgframework.web.system.service.impl.SystemServiceImpl:180]   ------ 初始化字典组 【系统缓存】-----------typeGroupsList-----size: [43]
[2018-11-23 11:38:30] [INFO] [org.jeecgframework.web.system.service.impl.SystemServiceImpl:181]   ------ 初始化字典 【系统缓存】-----------typesList-----size: [43]
[2018-11-23 11:38:31] [INFO] [org.jeecgframework.web.system.service.impl.MutiLangServiceImpl:43]   ------ 初始化国际化语言【系统缓存】  ------ size: [1211] 
[2018-11-23 11:38:31] [INFO] [org.jeecgframework.web.system.service.impl.DynamicDataSourceServiceImpl:41]   ------ 初始化动态数据源配置【系统缓存】---------size: [2] 
[2018-11-23 13:01:15] [INFO] [org.jeecgframework.minidao.factory.MiniDaoClassPathMapperScanner:48] register minidao name is { org.jeecgframework.web.cgdynamgraph.dao.core.CgDynamGraphDao }
[2018-11-23 13:01:15] [INFO] [org.jeecgframework.minidao.factory.MiniDaoClassPathMapperScanner:48] register minidao name is { org.jeecgframework.web.cgform.dao.config.CgFormFieldDao }
[2018-11-23 13:01:15] [INFO] [org.jeecgframework.minidao.factory.MiniDaoClassPathMapperScanner:48] register minidao name is { org.jeecgframework.web.cgform.dao.config.CgFormVersionDao }
[2018-11-23 13:01:15] [INFO] [org.jeecgframework.minidao.factory.MiniDaoClassPathMapperScanner:48] register minidao name is { org.jeecgframework.web.cgform.dao.upload.CgFormUploadDao }
[2018-11-23 13:01:15] [INFO] [org.jeecgframework.minidao.factory.MiniDaoClassPathMapperScanner:48] register minidao name is { org.jeecgframework.web.cgreport.dao.core.CgReportDao }
[2018-11-23 13:01:15] [INFO] [org.jeecgframework.minidao.factory.MiniDaoClassPathMapperScanner:48] register minidao name is { org.jeecgframework.web.system.dao.DepartAuthGroupDao }
[2018-11-23 13:01:15] [INFO] [org.jeecgframework.minidao.factory.MiniDaoClassPathMapperScanner:48] register minidao name is { org.jeecgframework.web.system.dao.JeecgDictDao }
[2018-11-23 13:01:15] [INFO] [org.jeecgframework.minidao.factory.MiniDaoClassPathMapperScanner:48] register minidao name is { com.jeecg.demo.dao.JeecgMinidaoDao }
[2018-11-23 13:01:15] [INFO] [org.jeecgframework.minidao.factory.MiniDaoClassPathMapperScanner:48] register minidao name is { com.jeecg.core.biz.mutiLang.dao.P3MutiLangDao }
[2018-11-23 13:01:15] [INFO] [org.jeecgframework.minidao.factory.MiniDaoClassPathMapperScanner:48] register minidao name is { com.jeecg.core.biz.tag.select.dict.dao.TSTypeDao }
[2018-11-23 13:01:15] [INFO] [org.jeecgframework.minidao.factory.MiniDaoClassPathMapperScanner:48] register minidao name is { com.jeecg.core.biz.tag.select.table.dao.CustomTableDao }
[2018-11-23 13:01:15] [INFO] [org.jeecgframework.minidao.factory.MiniDaoClassPathMapperScanner:48] register minidao name is { com.jeecg.core.biz.dao.TSOperationDao }
[2018-11-23 13:01:15] [INFO] [org.jeecgframework.minidao.factory.MiniDaoClassPathMapperScanner:48] register minidao name is { com.jeecg.actInvite.dao.WxActInviteDao }
[2018-11-23 13:01:15] [INFO] [org.jeecgframework.minidao.factory.MiniDaoClassPathMapperScanner:48] register minidao name is { com.jeecg.auth.dao.JwSystemAuthDao }
[2018-11-23 13:01:15] [INFO] [org.jeecgframework.minidao.factory.MiniDaoClassPathMapperScanner:48] register minidao name is { com.jeecg.domo.order.dao.JpDemoOrderCustomDao }
[2018-11-23 13:01:15] [INFO] [org.jeecgframework.minidao.factory.MiniDaoClassPathMapperScanner:48] register minidao name is { com.jeecg.domo.order.dao.JpDemoOrderMainDao }
[2018-11-23 13:01:15] [INFO] [org.jeecgframework.minidao.factory.MiniDaoClassPathMapperScanner:48] register minidao name is { com.jeecg.domo.order.dao.JpDemoOrderProductDao }
[2018-11-23 13:01:15] [INFO] [org.jeecgframework.minidao.factory.MiniDaoClassPathMapperScanner:48] register minidao name is { com.jeecg.chat.dao.ChatMessageHistoryDao }
[2018-11-23 13:01:15] [INFO] [org.jeecgframework.minidao.factory.MiniDaoClassPathMapperScanner:48] register minidao name is { com.jeecg.chat.dao.ImDao }
[2018-11-23 13:01:15] [INFO] [org.jeecgframework.minidao.factory.MiniDaoClassPathMapperScanner:48] register minidao name is { com.jeecg.mail.dao.P3MailJformInnerMailAttachDao }
[2018-11-23 13:01:15] [INFO] [org.jeecgframework.minidao.factory.MiniDaoClassPathMapperScanner:48] register minidao name is { com.jeecg.mail.dao.P3MailJformInnerMailDao }
[2018-11-23 13:01:15] [INFO] [org.jeecgframework.minidao.factory.MiniDaoClassPathMapperScanner:48] register minidao name is { com.jeecg.mail.dao.P3MailJformInnerMailReceiverDao }
[2018-11-23 13:01:15] [INFO] [org.jeecgframework.minidao.factory.MiniDaoClassPathMapperScanner:48] register minidao name is { com.jeecg.mail.dao.P3MailTSBaseUserDao }
[2018-11-23 13:01:15] [INFO] [org.jeecgframework.minidao.factory.MiniDaoClassPathMapperScanner:48] register minidao name is { com.jeecg.mail.dao.P3MailTSUserDao }
[2018-11-23 13:01:16] [INFO] [com.alibaba.druid.pool.DruidDataSource:928] {dataSource-1} inited
[2018-11-23 13:01:37] [INFO] [org.jeecgframework.minidao.factory.MiniDaoClassPathMapperScanner:48] register minidao name is { org.jeecgframework.web.cgdynamgraph.dao.core.CgDynamGraphDao }
[2018-11-23 13:01:37] [INFO] [org.jeecgframework.minidao.factory.MiniDaoClassPathMapperScanner:48] register minidao name is { org.jeecgframework.web.cgform.dao.config.CgFormFieldDao }
[2018-11-23 13:01:37] [INFO] [org.jeecgframework.minidao.factory.MiniDaoClassPathMapperScanner:48] register minidao name is { org.jeecgframework.web.cgform.dao.config.CgFormVersionDao }
[2018-11-23 13:01:37] [INFO] [org.jeecgframework.minidao.factory.MiniDaoClassPathMapperScanner:48] register minidao name is { org.jeecgframework.web.cgform.dao.upload.CgFormUploadDao }
[2018-11-23 13:01:37] [INFO] [org.jeecgframework.minidao.factory.MiniDaoClassPathMapperScanner:48] register minidao name is { org.jeecgframework.web.cgreport.dao.core.CgReportDao }
[2018-11-23 13:01:37] [INFO] [org.jeecgframework.minidao.factory.MiniDaoClassPathMapperScanner:48] register minidao name is { org.jeecgframework.web.system.dao.DepartAuthGroupDao }
[2018-11-23 13:01:37] [INFO] [org.jeecgframework.minidao.factory.MiniDaoClassPathMapperScanner:48] register minidao name is { org.jeecgframework.web.system.dao.JeecgDictDao }
[2018-11-23 13:01:37] [INFO] [org.jeecgframework.minidao.factory.MiniDaoClassPathMapperScanner:48] register minidao name is { com.jeecg.demo.dao.JeecgMinidaoDao }
[2018-11-23 13:01:37] [INFO] [org.jeecgframework.minidao.factory.MiniDaoClassPathMapperScanner:48] register minidao name is { com.jeecg.core.biz.mutiLang.dao.P3MutiLangDao }
[2018-11-23 13:01:37] [INFO] [org.jeecgframework.minidao.factory.MiniDaoClassPathMapperScanner:48] register minidao name is { com.jeecg.core.biz.tag.select.dict.dao.TSTypeDao }
[2018-11-23 13:01:37] [INFO] [org.jeecgframework.minidao.factory.MiniDaoClassPathMapperScanner:48] register minidao name is { com.jeecg.core.biz.tag.select.table.dao.CustomTableDao }
[2018-11-23 13:01:37] [INFO] [org.jeecgframework.minidao.factory.MiniDaoClassPathMapperScanner:48] register minidao name is { com.jeecg.core.biz.dao.TSOperationDao }
[2018-11-23 13:01:37] [INFO] [org.jeecgframework.minidao.factory.MiniDaoClassPathMapperScanner:48] register minidao name is { com.jeecg.actInvite.dao.WxActInviteDao }
[2018-11-23 13:01:37] [INFO] [org.jeecgframework.minidao.factory.MiniDaoClassPathMapperScanner:48] register minidao name is { com.jeecg.auth.dao.JwSystemAuthDao }
[2018-11-23 13:01:37] [INFO] [org.jeecgframework.minidao.factory.MiniDaoClassPathMapperScanner:48] register minidao name is { com.jeecg.domo.order.dao.JpDemoOrderCustomDao }
[2018-11-23 13:01:37] [INFO] [org.jeecgframework.minidao.factory.MiniDaoClassPathMapperScanner:48] register minidao name is { com.jeecg.domo.order.dao.JpDemoOrderMainDao }
[2018-11-23 13:01:37] [INFO] [org.jeecgframework.minidao.factory.MiniDaoClassPathMapperScanner:48] register minidao name is { com.jeecg.domo.order.dao.JpDemoOrderProductDao }
[2018-11-23 13:01:37] [INFO] [org.jeecgframework.minidao.factory.MiniDaoClassPathMapperScanner:48] register minidao name is { com.jeecg.chat.dao.ChatMessageHistoryDao }
[2018-11-23 13:01:37] [INFO] [org.jeecgframework.minidao.factory.MiniDaoClassPathMapperScanner:48] register minidao name is { com.jeecg.chat.dao.ImDao }
[2018-11-23 13:01:37] [INFO] [org.jeecgframework.minidao.factory.MiniDaoClassPathMapperScanner:48] register minidao name is { com.jeecg.mail.dao.P3MailJformInnerMailAttachDao }
[2018-11-23 13:01:37] [INFO] [org.jeecgframework.minidao.factory.MiniDaoClassPathMapperScanner:48] register minidao name is { com.jeecg.mail.dao.P3MailJformInnerMailDao }
[2018-11-23 13:01:37] [INFO] [org.jeecgframework.minidao.factory.MiniDaoClassPathMapperScanner:48] register minidao name is { com.jeecg.mail.dao.P3MailJformInnerMailReceiverDao }
[2018-11-23 13:01:37] [INFO] [org.jeecgframework.minidao.factory.MiniDaoClassPathMapperScanner:48] register minidao name is { com.jeecg.mail.dao.P3MailTSBaseUserDao }
[2018-11-23 13:01:37] [INFO] [org.jeecgframework.minidao.factory.MiniDaoClassPathMapperScanner:48] register minidao name is { com.jeecg.mail.dao.P3MailTSUserDao }
[2018-11-23 13:01:37] [INFO] [com.alibaba.druid.pool.DruidDataSource:928] {dataSource-1} inited
[2018-11-23 13:01:39] [WARN] [org.hibernate.id.UUIDHexGenerator:59] HHH000409: Using org.hibernate.id.UUIDHexGenerator which does not generate IETF RFC 4122 compliant UUID values; consider using org.hibernate.id.UUIDGenerator instead
[2018-11-23 13:01:40] [WARN] [net.sf.ehcache.config.CacheConfiguration:698] Cache 'foreverCache' is set to eternal but also has TTI/TTL set.  To avoid this warning, clean up the config removing conflicting values of eternal, TTI and TTL. Effective configuration for Cache 'foreverCache' will be eternal='true', timeToIdleSeconds='0', timeToLiveSeconds='0'.
[2018-11-23 13:01:41] [INFO] [org.quartz.impl.StdSchedulerFactory:1208] Using default implementation for ThreadExecutor
[2018-11-23 13:01:41] [INFO] [org.quartz.core.SchedulerSignalerImpl:61] Initialized Scheduler Signaller of type: class org.quartz.core.SchedulerSignalerImpl
[2018-11-23 13:01:41] [INFO] [org.quartz.core.QuartzScheduler:229] Quartz Scheduler v.2.3.0 created.
[2018-11-23 13:01:41] [INFO] [org.quartz.simpl.RAMJobStore:155] RAMJobStore initialized.
[2018-11-23 13:01:41] [INFO] [org.quartz.core.QuartzScheduler:294] Scheduler meta-data: Quartz Scheduler (v2.3.0) 'schedulerFactory' with instanceId 'NON_CLUSTERED'
  Scheduler class: 'org.quartz.core.QuartzScheduler' - running locally.
  NOT STARTED.
  Currently in standby mode.
  Number of jobs executed: 0
  Using thread pool 'org.quartz.simpl.SimpleThreadPool' - with 10 threads.
  Using job-store 'org.quartz.simpl.RAMJobStore' - which does not support persistence. and is not clustered.

[2018-11-23 13:01:41] [INFO] [org.quartz.impl.StdSchedulerFactory:1362] Quartz scheduler 'schedulerFactory' initialized from an externally provided properties instance.
[2018-11-23 13:01:41] [INFO] [org.quartz.impl.StdSchedulerFactory:1366] Quartz scheduler version: 2.3.0
[2018-11-23 13:01:41] [INFO] [org.quartz.core.QuartzScheduler:2287] JobFactory set to: org.jeecgframework.web.system.sms.util.JQuartzJobFactory@387d11b2
[2018-11-23 13:01:42] [INFO] [org.jeecgframework.core.timer.DynamicTask:252]  register time task class num is [0] 
[2018-11-23 13:01:43] [INFO] [org.jeecgframework.core.timer.DataBaseSchedulerFactoryBean:648] Starting Quartz Scheduler now
[2018-11-23 13:01:43] [INFO] [org.quartz.core.QuartzScheduler:547] Scheduler schedulerFactory_$_NON_CLUSTERED started.
[2018-11-23 13:01:43] [INFO] [org.jeecgframework.web.system.service.impl.SystemServiceImpl:180]   ------ 初始化字典组 【系统缓存】-----------typeGroupsList-----size: [43]
[2018-11-23 13:01:43] [INFO] [org.jeecgframework.web.system.service.impl.SystemServiceImpl:181]   ------ 初始化字典 【系统缓存】-----------typesList-----size: [43]
[2018-11-23 13:01:43] [INFO] [org.jeecgframework.web.system.service.impl.MutiLangServiceImpl:43]   ------ 初始化国际化语言【系统缓存】  ------ size: [1211] 
[2018-11-23 13:01:43] [INFO] [org.jeecgframework.web.system.service.impl.DynamicDataSourceServiceImpl:41]   ------ 初始化动态数据源配置【系统缓存】---------size: [2] 
[2018-11-23 13:03:00] [INFO] [org.jeecgframework.minidao.factory.MiniDaoClassPathMapperScanner:48] register minidao name is { org.jeecgframework.web.cgdynamgraph.dao.core.CgDynamGraphDao }
[2018-11-23 13:03:00] [INFO] [org.jeecgframework.minidao.factory.MiniDaoClassPathMapperScanner:48] register minidao name is { org.jeecgframework.web.cgform.dao.config.CgFormFieldDao }
[2018-11-23 13:03:00] [INFO] [org.jeecgframework.minidao.factory.MiniDaoClassPathMapperScanner:48] register minidao name is { org.jeecgframework.web.cgform.dao.config.CgFormVersionDao }
[2018-11-23 13:03:00] [INFO] [org.jeecgframework.minidao.factory.MiniDaoClassPathMapperScanner:48] register minidao name is { org.jeecgframework.web.cgform.dao.upload.CgFormUploadDao }
[2018-11-23 13:03:00] [INFO] [org.jeecgframework.minidao.factory.MiniDaoClassPathMapperScanner:48] register minidao name is { org.jeecgframework.web.cgreport.dao.core.CgReportDao }
[2018-11-23 13:03:00] [INFO] [org.jeecgframework.minidao.factory.MiniDaoClassPathMapperScanner:48] register minidao name is { org.jeecgframework.web.system.dao.DepartAuthGroupDao }
[2018-11-23 13:03:00] [INFO] [org.jeecgframework.minidao.factory.MiniDaoClassPathMapperScanner:48] register minidao name is { org.jeecgframework.web.system.dao.JeecgDictDao }
[2018-11-23 13:03:00] [INFO] [org.jeecgframework.minidao.factory.MiniDaoClassPathMapperScanner:48] register minidao name is { com.jeecg.demo.dao.JeecgMinidaoDao }
[2018-11-23 13:03:00] [INFO] [org.jeecgframework.minidao.factory.MiniDaoClassPathMapperScanner:48] register minidao name is { com.jeecg.core.biz.mutiLang.dao.P3MutiLangDao }
[2018-11-23 13:03:00] [INFO] [org.jeecgframework.minidao.factory.MiniDaoClassPathMapperScanner:48] register minidao name is { com.jeecg.core.biz.tag.select.dict.dao.TSTypeDao }
[2018-11-23 13:03:00] [INFO] [org.jeecgframework.minidao.factory.MiniDaoClassPathMapperScanner:48] register minidao name is { com.jeecg.core.biz.tag.select.table.dao.CustomTableDao }
[2018-11-23 13:03:00] [INFO] [org.jeecgframework.minidao.factory.MiniDaoClassPathMapperScanner:48] register minidao name is { com.jeecg.core.biz.dao.TSOperationDao }
[2018-11-23 13:03:00] [INFO] [org.jeecgframework.minidao.factory.MiniDaoClassPathMapperScanner:48] register minidao name is { com.jeecg.actInvite.dao.WxActInviteDao }
[2018-11-23 13:03:00] [INFO] [org.jeecgframework.minidao.factory.MiniDaoClassPathMapperScanner:48] register minidao name is { com.jeecg.auth.dao.JwSystemAuthDao }
[2018-11-23 13:03:00] [INFO] [org.jeecgframework.minidao.factory.MiniDaoClassPathMapperScanner:48] register minidao name is { com.jeecg.domo.order.dao.JpDemoOrderCustomDao }
[2018-11-23 13:03:00] [INFO] [org.jeecgframework.minidao.factory.MiniDaoClassPathMapperScanner:48] register minidao name is { com.jeecg.domo.order.dao.JpDemoOrderMainDao }
[2018-11-23 13:03:00] [INFO] [org.jeecgframework.minidao.factory.MiniDaoClassPathMapperScanner:48] register minidao name is { com.jeecg.domo.order.dao.JpDemoOrderProductDao }
[2018-11-23 13:03:00] [INFO] [org.jeecgframework.minidao.factory.MiniDaoClassPathMapperScanner:48] register minidao name is { com.jeecg.chat.dao.ChatMessageHistoryDao }
[2018-11-23 13:03:00] [INFO] [org.jeecgframework.minidao.factory.MiniDaoClassPathMapperScanner:48] register minidao name is { com.jeecg.chat.dao.ImDao }
[2018-11-23 13:03:00] [INFO] [org.jeecgframework.minidao.factory.MiniDaoClassPathMapperScanner:48] register minidao name is { com.jeecg.mail.dao.P3MailJformInnerMailAttachDao }
[2018-11-23 13:03:00] [INFO] [org.jeecgframework.minidao.factory.MiniDaoClassPathMapperScanner:48] register minidao name is { com.jeecg.mail.dao.P3MailJformInnerMailDao }
[2018-11-23 13:03:00] [INFO] [org.jeecgframework.minidao.factory.MiniDaoClassPathMapperScanner:48] register minidao name is { com.jeecg.mail.dao.P3MailJformInnerMailReceiverDao }
[2018-11-23 13:03:00] [INFO] [org.jeecgframework.minidao.factory.MiniDaoClassPathMapperScanner:48] register minidao name is { com.jeecg.mail.dao.P3MailTSBaseUserDao }
[2018-11-23 13:03:00] [INFO] [org.jeecgframework.minidao.factory.MiniDaoClassPathMapperScanner:48] register minidao name is { com.jeecg.mail.dao.P3MailTSUserDao }
[2018-11-23 13:03:01] [INFO] [com.alibaba.druid.pool.DruidDataSource:928] {dataSource-1} inited
[2018-11-23 13:03:02] [WARN] [org.hibernate.id.UUIDHexGenerator:59] HHH000409: Using org.hibernate.id.UUIDHexGenerator which does not generate IETF RFC 4122 compliant UUID values; consider using org.hibernate.id.UUIDGenerator instead
[2018-11-23 13:03:03] [WARN] [net.sf.ehcache.config.CacheConfiguration:698] Cache 'foreverCache' is set to eternal but also has TTI/TTL set.  To avoid this warning, clean up the config removing conflicting values of eternal, TTI and TTL. Effective configuration for Cache 'foreverCache' will be eternal='true', timeToIdleSeconds='0', timeToLiveSeconds='0'.
[2018-11-23 13:03:04] [INFO] [org.quartz.impl.StdSchedulerFactory:1208] Using default implementation for ThreadExecutor
[2018-11-23 13:03:04] [INFO] [org.quartz.core.SchedulerSignalerImpl:61] Initialized Scheduler Signaller of type: class org.quartz.core.SchedulerSignalerImpl
[2018-11-23 13:03:04] [INFO] [org.quartz.core.QuartzScheduler:229] Quartz Scheduler v.2.3.0 created.
[2018-11-23 13:03:04] [INFO] [org.quartz.simpl.RAMJobStore:155] RAMJobStore initialized.
[2018-11-23 13:03:04] [INFO] [org.quartz.core.QuartzScheduler:294] Scheduler meta-data: Quartz Scheduler (v2.3.0) 'schedulerFactory' with instanceId 'NON_CLUSTERED'
  Scheduler class: 'org.quartz.core.QuartzScheduler' - running locally.
  NOT STARTED.
  Currently in standby mode.
  Number of jobs executed: 0
  Using thread pool 'org.quartz.simpl.SimpleThreadPool' - with 10 threads.
  Using job-store 'org.quartz.simpl.RAMJobStore' - which does not support persistence. and is not clustered.

[2018-11-23 13:03:04] [INFO] [org.quartz.impl.StdSchedulerFactory:1362] Quartz scheduler 'schedulerFactory' initialized from an externally provided properties instance.
[2018-11-23 13:03:04] [INFO] [org.quartz.impl.StdSchedulerFactory:1366] Quartz scheduler version: 2.3.0
[2018-11-23 13:03:04] [INFO] [org.quartz.core.QuartzScheduler:2287] JobFactory set to: org.jeecgframework.web.system.sms.util.JQuartzJobFactory@1de345b7
[2018-11-23 13:03:05] [INFO] [org.jeecgframework.core.timer.DynamicTask:252]  register time task class num is [0] 
[2018-11-23 13:03:06] [INFO] [org.jeecgframework.core.timer.DataBaseSchedulerFactoryBean:648] Starting Quartz Scheduler now
[2018-11-23 13:03:06] [INFO] [org.quartz.core.QuartzScheduler:547] Scheduler schedulerFactory_$_NON_CLUSTERED started.
[2018-11-23 13:03:07] [INFO] [org.jeecgframework.web.system.service.impl.SystemServiceImpl:180]   ------ 初始化字典组 【系统缓存】-----------typeGroupsList-----size: [43]
[2018-11-23 13:03:07] [INFO] [org.jeecgframework.web.system.service.impl.SystemServiceImpl:181]   ------ 初始化字典 【系统缓存】-----------typesList-----size: [43]
[2018-11-23 13:03:07] [INFO] [org.jeecgframework.web.system.service.impl.MutiLangServiceImpl:43]   ------ 初始化国际化语言【系统缓存】  ------ size: [1211] 
[2018-11-23 13:03:07] [INFO] [org.jeecgframework.web.system.service.impl.DynamicDataSourceServiceImpl:41]   ------ 初始化动态数据源配置【系统缓存】---------size: [2] 
[2018-11-23 13:08:51] [INFO] [org.jeecgframework.minidao.factory.MiniDaoClassPathMapperScanner:48] register minidao name is { org.jeecgframework.web.cgdynamgraph.dao.core.CgDynamGraphDao }
[2018-11-23 13:08:51] [INFO] [org.jeecgframework.minidao.factory.MiniDaoClassPathMapperScanner:48] register minidao name is { org.jeecgframework.web.cgform.dao.config.CgFormFieldDao }
[2018-11-23 13:08:51] [INFO] [org.jeecgframework.minidao.factory.MiniDaoClassPathMapperScanner:48] register minidao name is { org.jeecgframework.web.cgform.dao.config.CgFormVersionDao }
[2018-11-23 13:08:51] [INFO] [org.jeecgframework.minidao.factory.MiniDaoClassPathMapperScanner:48] register minidao name is { org.jeecgframework.web.cgform.dao.upload.CgFormUploadDao }
[2018-11-23 13:08:51] [INFO] [org.jeecgframework.minidao.factory.MiniDaoClassPathMapperScanner:48] register minidao name is { org.jeecgframework.web.cgreport.dao.core.CgReportDao }
[2018-11-23 13:08:51] [INFO] [org.jeecgframework.minidao.factory.MiniDaoClassPathMapperScanner:48] register minidao name is { org.jeecgframework.web.system.dao.DepartAuthGroupDao }
[2018-11-23 13:08:51] [INFO] [org.jeecgframework.minidao.factory.MiniDaoClassPathMapperScanner:48] register minidao name is { org.jeecgframework.web.system.dao.JeecgDictDao }
[2018-11-23 13:08:51] [INFO] [org.jeecgframework.minidao.factory.MiniDaoClassPathMapperScanner:48] register minidao name is { com.jeecg.demo.dao.JeecgMinidaoDao }
[2018-11-23 13:08:51] [INFO] [org.jeecgframework.minidao.factory.MiniDaoClassPathMapperScanner:48] register minidao name is { com.jeecg.core.biz.mutiLang.dao.P3MutiLangDao }
[2018-11-23 13:08:51] [INFO] [org.jeecgframework.minidao.factory.MiniDaoClassPathMapperScanner:48] register minidao name is { com.jeecg.core.biz.tag.select.dict.dao.TSTypeDao }
[2018-11-23 13:08:51] [INFO] [org.jeecgframework.minidao.factory.MiniDaoClassPathMapperScanner:48] register minidao name is { com.jeecg.core.biz.tag.select.table.dao.CustomTableDao }
[2018-11-23 13:08:51] [INFO] [org.jeecgframework.minidao.factory.MiniDaoClassPathMapperScanner:48] register minidao name is { com.jeecg.core.biz.dao.TSOperationDao }
[2018-11-23 13:08:51] [INFO] [org.jeecgframework.minidao.factory.MiniDaoClassPathMapperScanner:48] register minidao name is { com.jeecg.actInvite.dao.WxActInviteDao }
[2018-11-23 13:08:51] [INFO] [org.jeecgframework.minidao.factory.MiniDaoClassPathMapperScanner:48] register minidao name is { com.jeecg.auth.dao.JwSystemAuthDao }
[2018-11-23 13:08:51] [INFO] [org.jeecgframework.minidao.factory.MiniDaoClassPathMapperScanner:48] register minidao name is { com.jeecg.domo.order.dao.JpDemoOrderCustomDao }
[2018-11-23 13:08:51] [INFO] [org.jeecgframework.minidao.factory.MiniDaoClassPathMapperScanner:48] register minidao name is { com.jeecg.domo.order.dao.JpDemoOrderMainDao }
[2018-11-23 13:08:51] [INFO] [org.jeecgframework.minidao.factory.MiniDaoClassPathMapperScanner:48] register minidao name is { com.jeecg.domo.order.dao.JpDemoOrderProductDao }
[2018-11-23 13:08:51] [INFO] [org.jeecgframework.minidao.factory.MiniDaoClassPathMapperScanner:48] register minidao name is { com.jeecg.chat.dao.ChatMessageHistoryDao }
[2018-11-23 13:08:51] [INFO] [org.jeecgframework.minidao.factory.MiniDaoClassPathMapperScanner:48] register minidao name is { com.jeecg.chat.dao.ImDao }
[2018-11-23 13:08:51] [INFO] [org.jeecgframework.minidao.factory.MiniDaoClassPathMapperScanner:48] register minidao name is { com.jeecg.mail.dao.P3MailJformInnerMailAttachDao }
[2018-11-23 13:08:51] [INFO] [org.jeecgframework.minidao.factory.MiniDaoClassPathMapperScanner:48] register minidao name is { com.jeecg.mail.dao.P3MailJformInnerMailDao }
[2018-11-23 13:08:51] [INFO] [org.jeecgframework.minidao.factory.MiniDaoClassPathMapperScanner:48] register minidao name is { com.jeecg.mail.dao.P3MailJformInnerMailReceiverDao }
[2018-11-23 13:08:51] [INFO] [org.jeecgframework.minidao.factory.MiniDaoClassPathMapperScanner:48] register minidao name is { com.jeecg.mail.dao.P3MailTSBaseUserDao }
[2018-11-23 13:08:51] [INFO] [org.jeecgframework.minidao.factory.MiniDaoClassPathMapperScanner:48] register minidao name is { com.jeecg.mail.dao.P3MailTSUserDao }
[2018-11-23 13:08:52] [INFO] [com.alibaba.druid.pool.DruidDataSource:928] {dataSource-1} inited
[2018-11-23 13:08:54] [WARN] [org.hibernate.id.UUIDHexGenerator:59] HHH000409: Using org.hibernate.id.UUIDHexGenerator which does not generate IETF RFC 4122 compliant UUID values; consider using org.hibernate.id.UUIDGenerator instead
[2018-11-23 13:08:54] [WARN] [net.sf.ehcache.config.CacheConfiguration:698] Cache 'foreverCache' is set to eternal but also has TTI/TTL set.  To avoid this warning, clean up the config removing conflicting values of eternal, TTI and TTL. Effective configuration for Cache 'foreverCache' will be eternal='true', timeToIdleSeconds='0', timeToLiveSeconds='0'.
[2018-11-23 13:08:56] [INFO] [org.quartz.impl.StdSchedulerFactory:1208] Using default implementation for ThreadExecutor
[2018-11-23 13:08:56] [INFO] [org.quartz.core.SchedulerSignalerImpl:61] Initialized Scheduler Signaller of type: class org.quartz.core.SchedulerSignalerImpl
[2018-11-23 13:08:56] [INFO] [org.quartz.core.QuartzScheduler:229] Quartz Scheduler v.2.3.0 created.
[2018-11-23 13:08:56] [INFO] [org.quartz.simpl.RAMJobStore:155] RAMJobStore initialized.
[2018-11-23 13:08:56] [INFO] [org.quartz.core.QuartzScheduler:294] Scheduler meta-data: Quartz Scheduler (v2.3.0) 'schedulerFactory' with instanceId 'NON_CLUSTERED'
  Scheduler class: 'org.quartz.core.QuartzScheduler' - running locally.
  NOT STARTED.
  Currently in standby mode.
  Number of jobs executed: 0
  Using thread pool 'org.quartz.simpl.SimpleThreadPool' - with 10 threads.
  Using job-store 'org.quartz.simpl.RAMJobStore' - which does not support persistence. and is not clustered.

[2018-11-23 13:08:56] [INFO] [org.quartz.impl.StdSchedulerFactory:1362] Quartz scheduler 'schedulerFactory' initialized from an externally provided properties instance.
[2018-11-23 13:08:56] [INFO] [org.quartz.impl.StdSchedulerFactory:1366] Quartz scheduler version: 2.3.0
[2018-11-23 13:08:56] [INFO] [org.quartz.core.QuartzScheduler:2287] JobFactory set to: org.jeecgframework.web.system.sms.util.JQuartzJobFactory@1438d6de
[2018-11-23 13:08:57] [INFO] [org.jeecgframework.core.timer.DynamicTask:252]  register time task class num is [0] 
[2018-11-23 13:08:59] [INFO] [org.jeecgframework.core.timer.DataBaseSchedulerFactoryBean:648] Starting Quartz Scheduler now
[2018-11-23 13:08:59] [INFO] [org.quartz.core.QuartzScheduler:547] Scheduler schedulerFactory_$_NON_CLUSTERED started.
[2018-11-23 13:08:59] [INFO] [org.jeecgframework.web.system.service.impl.SystemServiceImpl:180]   ------ 初始化字典组 【系统缓存】-----------typeGroupsList-----size: [43]
[2018-11-23 13:08:59] [INFO] [org.jeecgframework.web.system.service.impl.SystemServiceImpl:181]   ------ 初始化字典 【系统缓存】-----------typesList-----size: [43]
[2018-11-23 13:08:59] [INFO] [org.jeecgframework.web.system.service.impl.MutiLangServiceImpl:43]   ------ 初始化国际化语言【系统缓存】  ------ size: [1211] 
[2018-11-23 13:08:59] [INFO] [org.jeecgframework.web.system.service.impl.DynamicDataSourceServiceImpl:41]   ------ 初始化动态数据源配置【系统缓存】---------size: [2] 
[2018-11-23 13:10:21] [INFO] [org.jeecgframework.web.system.controller.core.LoginController:220]  >>>>>>>>>>>>>>>>>>>>>>>>>>  Login 用户登录成功，初始化Main首页用户信息  （Main 首页加载逻辑）  >>>>>>>>>>>>>>>>>>>>>>>>>>>>>>>>> 
[2018-11-23 13:10:21] [INFO] [org.jeecgframework.web.system.controller.core.LoginController:261] login 资源路径returnURL：null
[2018-11-23 13:10:24] [INFO] [com.jeecg.chat.web.WebSocket:250] 有新连接加入！当前在线人数为1
[2018-11-23 13:10:25] [INFO] [com.jeecg.chat.web.ImController:318] --通过流的方式获取文件异常--D:\upFiles\upload\files\20180715\qq_1531625977907.jpg (系统找不到指定的路径。)
