[2018-11-09 15:03:39] [INFO] [org.jeecgframework.minidao.factory.MiniDaoClassPathMapperScanner:48] register minidao name is { org.jeecgframework.web.cgdynamgraph.dao.core.CgDynamGraphDao }
[2018-11-09 15:03:39] [INFO] [org.jeecgframework.minidao.factory.MiniDaoClassPathMapperScanner:48] register minidao name is { org.jeecgframework.web.cgform.dao.config.CgFormFieldDao }
[2018-11-09 15:03:39] [INFO] [org.jeecgframework.minidao.factory.MiniDaoClassPathMapperScanner:48] register minidao name is { org.jeecgframework.web.cgform.dao.config.CgFormVersionDao }
[2018-11-09 15:03:39] [INFO] [org.jeecgframework.minidao.factory.MiniDaoClassPathMapperScanner:48] register minidao name is { org.jeecgframework.web.cgform.dao.upload.CgFormUploadDao }
[2018-11-09 15:03:39] [INFO] [org.jeecgframework.minidao.factory.MiniDaoClassPathMapperScanner:48] register minidao name is { org.jeecgframework.web.cgreport.dao.core.CgReportDao }
[2018-11-09 15:03:39] [INFO] [org.jeecgframework.minidao.factory.MiniDaoClassPathMapperScanner:48] register minidao name is { org.jeecgframework.web.system.dao.DepartAuthGroupDao }
[2018-11-09 15:03:39] [INFO] [org.jeecgframework.minidao.factory.MiniDaoClassPathMapperScanner:48] register minidao name is { org.jeecgframework.web.system.dao.JeecgDictDao }
[2018-11-09 15:03:39] [INFO] [org.jeecgframework.minidao.factory.MiniDaoClassPathMapperScanner:48] register minidao name is { com.jeecg.demo.dao.JeecgMinidaoDao }
[2018-11-09 15:03:39] [INFO] [org.jeecgframework.minidao.factory.MiniDaoClassPathMapperScanner:48] register minidao name is { com.jeecg.core.biz.mutiLang.dao.P3MutiLangDao }
[2018-11-09 15:03:39] [INFO] [org.jeecgframework.minidao.factory.MiniDaoClassPathMapperScanner:48] register minidao name is { com.jeecg.core.biz.tag.select.dict.dao.TSTypeDao }
[2018-11-09 15:03:39] [INFO] [org.jeecgframework.minidao.factory.MiniDaoClassPathMapperScanner:48] register minidao name is { com.jeecg.core.biz.tag.select.table.dao.CustomTableDao }
[2018-11-09 15:03:39] [INFO] [org.jeecgframework.minidao.factory.MiniDaoClassPathMapperScanner:48] register minidao name is { com.jeecg.core.biz.dao.TSOperationDao }
[2018-11-09 15:03:39] [INFO] [org.jeecgframework.minidao.factory.MiniDaoClassPathMapperScanner:48] register minidao name is { com.jeecg.actInvite.dao.WxActInviteDao }
[2018-11-09 15:03:39] [INFO] [org.jeecgframework.minidao.factory.MiniDaoClassPathMapperScanner:48] register minidao name is { com.jeecg.auth.dao.JwSystemAuthDao }
[2018-11-09 15:03:39] [INFO] [org.jeecgframework.minidao.factory.MiniDaoClassPathMapperScanner:48] register minidao name is { com.jeecg.domo.order.dao.JpDemoOrderCustomDao }
[2018-11-09 15:03:39] [INFO] [org.jeecgframework.minidao.factory.MiniDaoClassPathMapperScanner:48] register minidao name is { com.jeecg.domo.order.dao.JpDemoOrderMainDao }
[2018-11-09 15:03:39] [INFO] [org.jeecgframework.minidao.factory.MiniDaoClassPathMapperScanner:48] register minidao name is { com.jeecg.domo.order.dao.JpDemoOrderProductDao }
[2018-11-09 15:03:39] [INFO] [org.jeecgframework.minidao.factory.MiniDaoClassPathMapperScanner:48] register minidao name is { com.jeecg.chat.dao.ChatMessageHistoryDao }
[2018-11-09 15:03:39] [INFO] [org.jeecgframework.minidao.factory.MiniDaoClassPathMapperScanner:48] register minidao name is { com.jeecg.chat.dao.ImDao }
[2018-11-09 15:03:39] [INFO] [org.jeecgframework.minidao.factory.MiniDaoClassPathMapperScanner:48] register minidao name is { com.jeecg.mail.dao.P3MailJformInnerMailAttachDao }
[2018-11-09 15:03:39] [INFO] [org.jeecgframework.minidao.factory.MiniDaoClassPathMapperScanner:48] register minidao name is { com.jeecg.mail.dao.P3MailJformInnerMailDao }
[2018-11-09 15:03:39] [INFO] [org.jeecgframework.minidao.factory.MiniDaoClassPathMapperScanner:48] register minidao name is { com.jeecg.mail.dao.P3MailJformInnerMailReceiverDao }
[2018-11-09 15:03:39] [INFO] [org.jeecgframework.minidao.factory.MiniDaoClassPathMapperScanner:48] register minidao name is { com.jeecg.mail.dao.P3MailTSBaseUserDao }
[2018-11-09 15:03:39] [INFO] [org.jeecgframework.minidao.factory.MiniDaoClassPathMapperScanner:48] register minidao name is { com.jeecg.mail.dao.P3MailTSUserDao }
[2018-11-09 15:03:39] [INFO] [com.alibaba.druid.pool.DruidDataSource:928] {dataSource-1} inited
[2018-11-09 15:03:41] [WARN] [org.hibernate.id.UUIDHexGenerator:59] HHH000409: Using org.hibernate.id.UUIDHexGenerator which does not generate IETF RFC 4122 compliant UUID values; consider using org.hibernate.id.UUIDGenerator instead
[2018-11-09 15:03:42] [WARN] [net.sf.ehcache.config.CacheConfiguration:698] Cache 'foreverCache' is set to eternal but also has TTI/TTL set.  To avoid this warning, clean up the config removing conflicting values of eternal, TTI and TTL. Effective configuration for Cache 'foreverCache' will be eternal='true', timeToIdleSeconds='0', timeToLiveSeconds='0'.
[2018-11-09 15:03:43] [INFO] [org.quartz.impl.StdSchedulerFactory:1208] Using default implementation for ThreadExecutor
[2018-11-09 15:03:43] [INFO] [org.quartz.core.SchedulerSignalerImpl:61] Initialized Scheduler Signaller of type: class org.quartz.core.SchedulerSignalerImpl
[2018-11-09 15:03:43] [INFO] [org.quartz.core.QuartzScheduler:229] Quartz Scheduler v.2.3.0 created.
[2018-11-09 15:03:43] [INFO] [org.quartz.simpl.RAMJobStore:155] RAMJobStore initialized.
[2018-11-09 15:03:43] [INFO] [org.quartz.core.QuartzScheduler:294] Scheduler meta-data: Quartz Scheduler (v2.3.0) 'schedulerFactory' with instanceId 'NON_CLUSTERED'
  Scheduler class: 'org.quartz.core.QuartzScheduler' - running locally.
  NOT STARTED.
  Currently in standby mode.
  Number of jobs executed: 0
  Using thread pool 'org.quartz.simpl.SimpleThreadPool' - with 10 threads.
  Using job-store 'org.quartz.simpl.RAMJobStore' - which does not support persistence. and is not clustered.

[2018-11-09 15:03:43] [INFO] [org.quartz.impl.StdSchedulerFactory:1362] Quartz scheduler 'schedulerFactory' initialized from an externally provided properties instance.
[2018-11-09 15:03:43] [INFO] [org.quartz.impl.StdSchedulerFactory:1366] Quartz scheduler version: 2.3.0
[2018-11-09 15:03:43] [INFO] [org.quartz.core.QuartzScheduler:2287] JobFactory set to: org.jeecgframework.web.system.sms.util.JQuartzJobFactory@d5ba901
[2018-11-09 15:03:44] [INFO] [org.jeecgframework.core.timer.DynamicTask:252]  register time task class num is [0] 
[2018-11-09 15:03:45] [INFO] [org.jeecgframework.core.timer.DataBaseSchedulerFactoryBean:648] Starting Quartz Scheduler now
[2018-11-09 15:03:45] [INFO] [org.quartz.core.QuartzScheduler:547] Scheduler schedulerFactory_$_NON_CLUSTERED started.
[2018-11-09 15:03:46] [INFO] [org.jeecgframework.web.system.service.impl.SystemServiceImpl:180]   ------ 初始化字典组 【系统缓存】-----------typeGroupsList-----size: [43]
[2018-11-09 15:03:46] [INFO] [org.jeecgframework.web.system.service.impl.SystemServiceImpl:181]   ------ 初始化字典 【系统缓存】-----------typesList-----size: [43]
[2018-11-09 15:03:46] [INFO] [org.jeecgframework.web.system.service.impl.MutiLangServiceImpl:43]   ------ 初始化国际化语言【系统缓存】  ------ size: [1211] 
[2018-11-09 15:03:46] [INFO] [org.jeecgframework.web.system.service.impl.DynamicDataSourceServiceImpl:41]   ------ 初始化动态数据源配置【系统缓存】---------size: [2] 
[2018-11-09 15:04:08] [INFO] [org.jeecgframework.web.system.controller.core.LoginController:220]  >>>>>>>>>>>>>>>>>>>>>>>>>>  Login 用户登录成功，初始化Main首页用户信息  （Main 首页加载逻辑）  >>>>>>>>>>>>>>>>>>>>>>>>>>>>>>>>> 
[2018-11-09 15:04:08] [INFO] [org.jeecgframework.web.system.controller.core.LoginController:261] login 资源路径returnURL：null
[2018-11-09 15:04:09] [INFO] [com.jeecg.chat.web.WebSocket:250] 有新连接加入！当前在线人数为1
[2018-11-09 15:04:10] [INFO] [com.jeecg.chat.web.ImController:318] --通过流的方式获取文件异常--D:\upFiles\upload\files\20180715\qq_1531625977907.jpg (系统找不到指定的路径。)
[2018-11-09 15:04:16] [INFO] [org.jeecgframework.web.system.controller.core.UserController:787] [本地][添加编辑用户]用户: admin更新成功
[2018-11-09 15:04:31] [INFO] [org.jeecgframework.web.system.controller.core.UserController:787] [本地][添加编辑用户]用户: ajadmin更新成功
[2018-11-09 15:04:34] [INFO] [org.jeecgframework.web.system.controller.core.UserController:787] [本地][添加编辑用户]用户: 唐敬更新成功
[2018-11-09 15:04:37] [INFO] [org.jeecgframework.web.system.controller.core.UserController:787] [本地][添加编辑用户]用户: 戴翠芳更新成功
[2018-11-09 15:04:40] [INFO] [org.jeecgframework.web.system.controller.core.UserController:787] [本地][添加编辑用户]用户: 詹琳更新成功
[2018-11-09 15:04:43] [INFO] [org.jeecgframework.web.system.controller.core.UserController:787] [本地][添加编辑用户]用户: 田国举更新成功
[2018-11-09 15:04:46] [INFO] [org.jeecgframework.web.system.controller.core.UserController:787] [本地][添加编辑用户]用户: 颜彧更新成功
[2018-11-09 15:04:49] [INFO] [org.jeecgframework.web.system.controller.core.UserController:787] [本地][添加编辑用户]用户: 尤春月更新成功
[2018-11-09 15:04:52] [INFO] [org.jeecgframework.web.system.controller.core.UserController:787] [本地][添加编辑用户]用户: 唐菱更新成功
[2018-11-09 15:04:55] [INFO] [org.jeecgframework.web.system.controller.core.UserController:787] [本地][添加编辑用户]用户: 邓海峰更新成功
[2018-11-09 15:04:59] [INFO] [org.jeecgframework.web.system.controller.core.UserController:787] [本地][添加编辑用户]用户: 戴元阳更新成功
[2018-11-09 15:05:02] [INFO] [org.jeecgframework.web.system.controller.core.UserController:787] [本地][添加编辑用户]用户: 徐旭东更新成功
[2018-11-09 15:05:05] [INFO] [org.jeecgframework.web.system.controller.core.UserController:787] [本地][添加编辑用户]用户: 戴振华更新成功
[2018-11-09 15:05:08] [INFO] [org.jeecgframework.web.system.controller.core.UserController:787] [本地][添加编辑用户]用户: zhangxu更新成功
[2018-11-09 15:05:10] [INFO] [org.jeecgframework.web.system.controller.core.UserController:787] [本地][添加编辑用户]用户: 王甫贵更新成功
[2018-11-09 15:05:20] [INFO] [org.jeecgframework.web.system.controller.core.LoginController:220]  >>>>>>>>>>>>>>>>>>>>>>>>>>  Login 用户登录成功，初始化Main首页用户信息  （Main 首页加载逻辑）  >>>>>>>>>>>>>>>>>>>>>>>>>>>>>>>>> 
[2018-11-09 15:05:20] [INFO] [org.jeecgframework.web.system.controller.core.LoginController:261] login 资源路径returnURL：null
[2018-11-09 15:05:20] [INFO] [com.jeecg.chat.web.WebSocket:250] 发生错误
[2018-11-09 15:05:20] [INFO] [com.jeecg.chat.web.WebSocket:250] 当前在线用户：0
[2018-11-09 15:05:21] [INFO] [com.jeecg.chat.web.WebSocket:250] 有新连接加入！当前在线人数为1
[2018-11-09 15:05:21] [INFO] [com.jeecg.chat.web.ImController:318] --通过流的方式获取文件异常--D:\upFiles\upload\files\20180715\qq_1531625977907.jpg (系统找不到指定的路径。)
[2018-11-09 15:05:28] [INFO] [org.jeecgframework.web.system.controller.core.LoginController:220]  >>>>>>>>>>>>>>>>>>>>>>>>>>  Login 用户登录成功，初始化Main首页用户信息  （Main 首页加载逻辑）  >>>>>>>>>>>>>>>>>>>>>>>>>>>>>>>>> 
[2018-11-09 15:05:28] [INFO] [org.jeecgframework.web.system.controller.core.LoginController:261] login 资源路径returnURL：null
[2018-11-09 15:05:28] [INFO] [com.jeecg.chat.web.WebSocket:250] 当前在线用户：0
[2018-11-09 15:05:29] [INFO] [com.jeecg.chat.web.WebSocket:250] 有新连接加入！当前在线人数为1
[2018-11-09 15:05:29] [INFO] [com.jeecg.chat.web.ImController:318] --通过流的方式获取文件异常--D:\upFiles\upload\files\20180715\qq_1531625977907.jpg (系统找不到指定的路径。)
[2018-11-09 15:09:15] [INFO] [org.jeecgframework.web.system.controller.core.UserController:787] [本地][添加编辑用户]用户: 戴元阳更新成功
[2018-11-09 15:09:17] [INFO] [org.jeecgframework.web.system.controller.core.UserController:787] [本地][添加编辑用户]用户: 徐旭东更新成功
[2018-11-09 15:09:20] [INFO] [org.jeecgframework.web.system.controller.core.UserController:787] [本地][添加编辑用户]用户: 戴振华更新成功
[2018-11-09 15:09:22] [INFO] [org.jeecgframework.web.system.controller.core.UserController:787] [本地][添加编辑用户]用户: zhangxu更新成功
[2018-11-09 15:09:24] [INFO] [org.jeecgframework.web.system.controller.core.UserController:787] [本地][添加编辑用户]用户: 王甫贵更新成功
[2018-11-09 15:11:15] [WARN] [org.hibernate.engine.jdbc.spi.SqlExceptionHelper:143] SQL Error: 1242, SQLState: 21000
[2018-11-09 15:11:15] [ERROR] [org.hibernate.engine.jdbc.spi.SqlExceptionHelper:144] Subquery returns more than 1 row
[2018-11-09 15:12:03] [WARN] [org.hibernate.engine.jdbc.spi.SqlExceptionHelper:143] SQL Error: 1242, SQLState: 21000
[2018-11-09 15:12:03] [ERROR] [org.hibernate.engine.jdbc.spi.SqlExceptionHelper:144] Subquery returns more than 1 row
[2018-11-09 15:13:14] [INFO] [org.jeecgframework.web.cgform.controller.build.CgFormBuildController:268] ============================填值规则开始时间:2018-11-09 15:13:14==============================
[2018-11-09 15:13:14] [INFO] [org.jeecgframework.web.cgform.controller.build.CgFormBuildController:293] ================================填值规则结束时间:2018-11-09 15:13:14==============================
[2018-11-09 15:13:14] [INFO] [org.jeecgframework.web.cgform.controller.build.CgFormBuildController:294] ================================填值规则耗时:0ms==============================
[2018-11-09 15:13:16] [WARN] [org.hibernate.engine.jdbc.spi.SqlExceptionHelper:143] SQL Error: 1054, SQLState: 42S22
[2018-11-09 15:13:16] [ERROR] [org.hibernate.engine.jdbc.spi.SqlExceptionHelper:144] Unknown column 'factory_name' in 'field list'
[2018-11-09 15:13:16] [WARN] [org.hibernate.engine.jdbc.spi.SqlExceptionHelper:143] SQL Error: 1054, SQLState: 42S22
[2018-11-09 15:13:16] [ERROR] [org.hibernate.engine.jdbc.spi.SqlExceptionHelper:144] Unknown column 'factory_name' in 'field list'
[2018-11-09 15:13:43] [INFO] [org.jeecgframework.web.system.controller.core.LoginController:220]  >>>>>>>>>>>>>>>>>>>>>>>>>>  Login 用户登录成功，初始化Main首页用户信息  （Main 首页加载逻辑）  >>>>>>>>>>>>>>>>>>>>>>>>>>>>>>>>> 
[2018-11-09 15:13:43] [INFO] [org.jeecgframework.web.system.controller.core.LoginController:261] login 资源路径returnURL：null
[2018-11-09 15:13:44] [INFO] [com.jeecg.chat.web.WebSocket:250] 有新连接加入！当前在线人数为1
[2018-11-09 15:13:44] [INFO] [com.jeecg.chat.web.ImController:318] --通过流的方式获取文件异常--D:\upFiles\upload\files\20180715\qq_1531625977907.jpg (系统找不到指定的路径。)
[2018-11-09 15:13:49] [INFO] [org.jeecgframework.web.cgform.controller.build.CgFormBuildController:268] ============================填值规则开始时间:2018-11-09 15:13:49==============================
[2018-11-09 15:13:49] [INFO] [org.jeecgframework.web.cgform.controller.build.CgFormBuildController:293] ================================填值规则结束时间:2018-11-09 15:13:49==============================
[2018-11-09 15:13:49] [INFO] [org.jeecgframework.web.cgform.controller.build.CgFormBuildController:294] ================================填值规则耗时:0ms==============================
[2018-11-09 15:13:56] [WARN] [org.hibernate.engine.jdbc.spi.SqlExceptionHelper:143] SQL Error: 1054, SQLState: 42S22
[2018-11-09 15:13:56] [ERROR] [org.hibernate.engine.jdbc.spi.SqlExceptionHelper:144] Unknown column 'factory_name' in 'field list'
[2018-11-09 15:13:56] [WARN] [org.hibernate.engine.jdbc.spi.SqlExceptionHelper:143] SQL Error: 1054, SQLState: 42S22
[2018-11-09 15:13:56] [ERROR] [org.hibernate.engine.jdbc.spi.SqlExceptionHelper:144] Unknown column 'factory_name' in 'field list'
[2018-11-09 15:14:01] [INFO] [com.jeecg.chat.web.WebSocket:250] 当前在线用户：0
[2018-11-09 15:14:17] [INFO] [org.jeecgframework.web.system.controller.core.LoginController:119] Username:戴元阳 ,验证码: h 错误!
[2018-11-09 15:15:23] [INFO] [org.jeecgframework.web.system.controller.core.UserController:327] [本地][跳转重置用户密码页面][null]
[2018-11-09 15:15:29] [INFO] [org.jeecgframework.web.system.controller.core.UserController:347] [本地][重置密码] start
[2018-11-09 15:15:29] [INFO] [org.jeecgframework.web.system.controller.core.UserController:369] [本地][重置密码]用户: 戴振华密码重置成功
[2018-11-09 15:15:41] [INFO] [org.jeecgframework.web.system.controller.core.LoginController:220]  >>>>>>>>>>>>>>>>>>>>>>>>>>  Login 用户登录成功，初始化Main首页用户信息  （Main 首页加载逻辑）  >>>>>>>>>>>>>>>>>>>>>>>>>>>>>>>>> 
[2018-11-09 15:15:41] [INFO] [org.jeecgframework.web.system.controller.core.LoginController:261] login 资源路径returnURL：null
[2018-11-09 15:15:42] [INFO] [com.jeecg.chat.web.WebSocket:250] 有新连接加入！当前在线人数为1
[2018-11-09 15:15:42] [INFO] [com.jeecg.chat.web.ImController:318] --通过流的方式获取文件异常--D:\upFiles\upload\files\20180715\qq_1531625977907.jpg (系统找不到指定的路径。)
[2018-11-09 15:15:46] [INFO] [org.jeecgframework.web.cgform.controller.build.CgFormBuildController:268] ============================填值规则开始时间:2018-11-09 15:15:46==============================
[2018-11-09 15:15:46] [INFO] [org.jeecgframework.web.cgform.controller.build.CgFormBuildController:293] ================================填值规则结束时间:2018-11-09 15:15:46==============================
[2018-11-09 15:15:46] [INFO] [org.jeecgframework.web.cgform.controller.build.CgFormBuildController:294] ================================填值规则耗时:0ms==============================
[2018-11-09 15:15:49] [WARN] [org.hibernate.engine.jdbc.spi.SqlExceptionHelper:143] SQL Error: 1054, SQLState: 42S22
[2018-11-09 15:15:49] [ERROR] [org.hibernate.engine.jdbc.spi.SqlExceptionHelper:144] Unknown column 'factory_name' in 'field list'
[2018-11-09 15:15:49] [WARN] [org.hibernate.engine.jdbc.spi.SqlExceptionHelper:143] SQL Error: 1054, SQLState: 42S22
[2018-11-09 15:15:49] [ERROR] [org.hibernate.engine.jdbc.spi.SqlExceptionHelper:144] Unknown column 'factory_name' in 'field list'
[2018-11-09 15:16:28] [INFO] [com.jeecg.chat.web.WebSocket:250] 当前在线用户：0
[2018-11-09 15:16:36] [INFO] [org.jeecgframework.web.system.controller.core.UserController:327] [本地][跳转重置用户密码页面][null]
[2018-11-09 15:16:42] [INFO] [org.jeecgframework.web.system.controller.core.UserController:347] [本地][重置密码] start
[2018-11-09 15:16:42] [INFO] [org.jeecgframework.web.system.controller.core.UserController:369] [本地][重置密码]用户: 戴元阳密码重置成功
[2018-11-09 15:16:58] [INFO] [org.jeecgframework.web.system.controller.core.LoginController:220]  >>>>>>>>>>>>>>>>>>>>>>>>>>  Login 用户登录成功，初始化Main首页用户信息  （Main 首页加载逻辑）  >>>>>>>>>>>>>>>>>>>>>>>>>>>>>>>>> 
[2018-11-09 15:16:58] [INFO] [org.jeecgframework.web.system.controller.core.LoginController:261] login 资源路径returnURL：null
[2018-11-09 15:16:58] [INFO] [org.jeecgframework.web.system.controller.core.LoginController:220]  >>>>>>>>>>>>>>>>>>>>>>>>>>  Login 用户登录成功，初始化Main首页用户信息  （Main 首页加载逻辑）  >>>>>>>>>>>>>>>>>>>>>>>>>>>>>>>>> 
[2018-11-09 15:16:58] [INFO] [org.jeecgframework.web.system.controller.core.LoginController:261] login 资源路径returnURL：null
[2018-11-09 15:16:58] [INFO] [com.jeecg.chat.web.WebSocket:250] 有新连接加入！当前在线人数为1
[2018-11-09 15:16:58] [INFO] [com.jeecg.chat.web.ImController:318] --通过流的方式获取文件异常--D:\upFiles\upload\files\20180715\qq_1531625977907.jpg (系统找不到指定的路径。)
[2018-11-09 15:17:03] [INFO] [org.jeecgframework.web.cgform.controller.build.CgFormBuildController:268] ============================填值规则开始时间:2018-11-09 15:17:03==============================
[2018-11-09 15:17:03] [INFO] [org.jeecgframework.web.cgform.controller.build.CgFormBuildController:293] ================================填值规则结束时间:2018-11-09 15:17:03==============================
[2018-11-09 15:17:03] [INFO] [org.jeecgframework.web.cgform.controller.build.CgFormBuildController:294] ================================填值规则耗时:0ms==============================
[2018-11-09 15:17:06] [WARN] [org.hibernate.engine.jdbc.spi.SqlExceptionHelper:143] SQL Error: 1054, SQLState: 42S22
[2018-11-09 15:17:06] [ERROR] [org.hibernate.engine.jdbc.spi.SqlExceptionHelper:144] Unknown column 'factory_name' in 'field list'
[2018-11-09 15:17:06] [WARN] [org.hibernate.engine.jdbc.spi.SqlExceptionHelper:143] SQL Error: 1054, SQLState: 42S22
[2018-11-09 15:17:06] [ERROR] [org.hibernate.engine.jdbc.spi.SqlExceptionHelper:144] Unknown column 'factory_name' in 'field list'
[2018-11-09 15:17:18] [WARN] [org.hibernate.engine.jdbc.spi.SqlExceptionHelper:143] SQL Error: 1054, SQLState: 42S22
[2018-11-09 15:17:18] [ERROR] [org.hibernate.engine.jdbc.spi.SqlExceptionHelper:144] Unknown column 'factory_name' in 'field list'
[2018-11-09 15:17:18] [WARN] [org.hibernate.engine.jdbc.spi.SqlExceptionHelper:143] SQL Error: 1054, SQLState: 42S22
[2018-11-09 15:17:18] [ERROR] [org.hibernate.engine.jdbc.spi.SqlExceptionHelper:144] Unknown column 'factory_name' in 'field list'
[2018-11-09 15:19:28] [WARN] [org.hibernate.engine.jdbc.spi.SqlExceptionHelper:143] SQL Error: 1242, SQLState: 21000
[2018-11-09 15:19:28] [ERROR] [org.hibernate.engine.jdbc.spi.SqlExceptionHelper:144] Subquery returns more than 1 row
[2018-11-09 15:19:40] [WARN] [org.hibernate.engine.jdbc.spi.SqlExceptionHelper:143] SQL Error: 1242, SQLState: 21000
[2018-11-09 15:19:40] [ERROR] [org.hibernate.engine.jdbc.spi.SqlExceptionHelper:144] Subquery returns more than 1 row
[2018-11-09 15:24:06] [WARN] [org.hibernate.engine.jdbc.spi.SqlExceptionHelper:143] SQL Error: 1242, SQLState: 21000
[2018-11-09 15:24:06] [ERROR] [org.hibernate.engine.jdbc.spi.SqlExceptionHelper:144] Subquery returns more than 1 row
[2018-11-09 15:24:13] [WARN] [org.hibernate.engine.jdbc.spi.SqlExceptionHelper:143] SQL Error: 1242, SQLState: 21000
[2018-11-09 15:24:13] [ERROR] [org.hibernate.engine.jdbc.spi.SqlExceptionHelper:144] Subquery returns more than 1 row
[2018-11-09 16:05:34] [INFO] [org.jeecgframework.web.system.service.impl.EhcacheService:61]   EhcacheService  clean cacheName：[systemBaseCache] 
[2018-11-09 16:05:35] [INFO] [org.jeecgframework.web.cgform.controller.config.CgFormHeadController:412] [本地][online表单配置保存]创建成功表名：riskpoints
[2018-11-09 16:05:43] [INFO] [org.jeecgframework.web.cgform.controller.config.CgFormHeadController:251] ---同步数据库 ---doDbSynch-----> TableName:riskpoints ---修改时间 :null ----创建时间:2018-11-09 16:05:35.0---请求IP ---+0:0:0:0:0:0:0:1
[2018-11-09 16:05:43] [INFO] [org.jeecgframework.web.cgform.service.impl.config.util.DbTableProcess:52] <?xml version="1.0" encoding="UTF-8"?>
<!DOCTYPE hibernate-mapping PUBLIC "-//Hibernate/Hibernate Mapping DTD 3.0//EN" "http://hibernate.sourceforge.net/hibernate-mapping-3.0.dtd">
<hibernate-mapping>
	<class name="riskpoints" table="riskpoints" optimistic-lock="version">
						<id name="id" type="java.lang.String" length="36" unsaved-value="null">
							<generator class="uuid" />
						</id>
					
					<property name="create_name"
								type="java.lang.String"
 access="property">
						<column name="create_name" length="50"
							
							not-null="false" unique="false">
							<comment>创建人名称</comment>
						</column>
					</property>
					<property name="create_by"
								type="java.lang.String"
 access="property">
						<column name="create_by" length="50"
							
							not-null="false" unique="false">
							<comment>创建人登录名称</comment>
						</column>
					</property>
					<property name="create_date"
									type="java.util.Date"
 access="property">
						<column name="create_date" length="20"
							
							not-null="false" unique="false">
							<comment>创建日期</comment>
						</column>
					</property>
					<property name="update_name"
								type="java.lang.String"
 access="property">
						<column name="update_name" length="50"
							
							not-null="false" unique="false">
							<comment>更新人名称</comment>
						</column>
					</property>
					<property name="update_by"
								type="java.lang.String"
 access="property">
						<column name="update_by" length="50"
							
							not-null="false" unique="false">
							<comment>更新人登录名称</comment>
						</column>
					</property>
					<property name="update_date"
									type="java.util.Date"
 access="property">
						<column name="update_date" length="20"
							
							not-null="false" unique="false">
							<comment>更新日期</comment>
						</column>
					</property>
					<property name="sys_org_code"
								type="java.lang.String"
 access="property">
						<column name="sys_org_code" length="50"
							
							not-null="false" unique="false">
							<comment>所属部门</comment>
						</column>
					</property>
					<property name="sys_company_code"
								type="java.lang.String"
 access="property">
						<column name="sys_company_code" length="50"
							
							not-null="false" unique="false">
							<comment>所属公司</comment>
						</column>
					</property>
					<property name="bpm_status"
								type="java.lang.String"
 access="property">
						<column name="bpm_status" length="32"
							default="1"
							not-null="false" unique="false">
							<comment>流程状态</comment>
						</column>
					</property>
					<property name="factory"
								type="java.lang.String"
 access="property">
						<column name="factory" length="32"
							
							not-null="false" unique="false">
							<comment>公司</comment>
						</column>
					</property>
					<property name="riskpoint"
								type="java.lang.String"
 access="property">
						<column name="riskpoint" length="322"
							
							not-null="false" unique="false">
							<comment>危险点</comment>
						</column>
					</property>
	</class>
</hibernate-mapping>
[2018-11-09 16:05:43] [WARN] [org.hibernate.internal.util.xml.DTDEntityResolver:74] HHH000223: Recognized obsolete hibernate namespace http://hibernate.sourceforge.net/. Use namespace http://www.hibernate.org/dtd/ instead. Refer to Hibernate 3.6 Migration Guide!
[2018-11-09 16:05:44] [INFO] [org.jeecgframework.web.cgform.controller.config.CgFormHeadController:295] [本地][online表单配置同步数据库]同步成功表名：riskpoints
[2018-11-09 16:06:13] [INFO] [org.jeecgframework.web.system.service.impl.EhcacheService:61]   EhcacheService  clean cacheName：[systemBaseCache] 
[2018-11-09 16:06:13] [INFO] [org.jeecgframework.web.cgform.controller.config.CgFormHeadController:412] [本地][online表单配置保存]修改成功表名：riskpoints
[2018-11-09 16:06:17] [INFO] [org.jeecgframework.web.cgform.controller.config.CgFormHeadController:251] ---同步数据库 ---doDbSynch-----> TableName:riskpoints ---修改时间 :2018-11-09 16:06:13.0 ----创建时间:2018-11-09 16:05:35.0---请求IP ---+0:0:0:0:0:0:0:1
[2018-11-09 16:06:17] [INFO] [org.jeecgframework.web.cgform.service.impl.config.util.DbTableProcess:228] getColumnMetadataFormDataBase --->COLUMN_NAME:ID TYPE_NAME :VARCHAR DECIMAL_DIGITS:0 COLUMN_SIZE:36
[2018-11-09 16:06:17] [INFO] [org.jeecgframework.web.cgform.service.impl.config.util.DbTableProcess:228] getColumnMetadataFormDataBase --->COLUMN_NAME:CREATE_NAME TYPE_NAME :VARCHAR DECIMAL_DIGITS:0 COLUMN_SIZE:50
[2018-11-09 16:06:17] [INFO] [org.jeecgframework.web.cgform.service.impl.config.util.DbTableProcess:228] getColumnMetadataFormDataBase --->COLUMN_NAME:CREATE_BY TYPE_NAME :VARCHAR DECIMAL_DIGITS:0 COLUMN_SIZE:50
[2018-11-09 16:06:17] [INFO] [org.jeecgframework.web.cgform.service.impl.config.util.DbTableProcess:228] getColumnMetadataFormDataBase --->COLUMN_NAME:CREATE_DATE TYPE_NAME :DATETIME DECIMAL_DIGITS:0 COLUMN_SIZE:19
[2018-11-09 16:06:17] [INFO] [org.jeecgframework.web.cgform.service.impl.config.util.DbTableProcess:228] getColumnMetadataFormDataBase --->COLUMN_NAME:UPDATE_NAME TYPE_NAME :VARCHAR DECIMAL_DIGITS:0 COLUMN_SIZE:50
[2018-11-09 16:06:17] [INFO] [org.jeecgframework.web.cgform.service.impl.config.util.DbTableProcess:228] getColumnMetadataFormDataBase --->COLUMN_NAME:UPDATE_BY TYPE_NAME :VARCHAR DECIMAL_DIGITS:0 COLUMN_SIZE:50
[2018-11-09 16:06:17] [INFO] [org.jeecgframework.web.cgform.service.impl.config.util.DbTableProcess:228] getColumnMetadataFormDataBase --->COLUMN_NAME:UPDATE_DATE TYPE_NAME :DATETIME DECIMAL_DIGITS:0 COLUMN_SIZE:19
[2018-11-09 16:06:17] [INFO] [org.jeecgframework.web.cgform.service.impl.config.util.DbTableProcess:228] getColumnMetadataFormDataBase --->COLUMN_NAME:SYS_ORG_CODE TYPE_NAME :VARCHAR DECIMAL_DIGITS:0 COLUMN_SIZE:50
[2018-11-09 16:06:17] [INFO] [org.jeecgframework.web.cgform.service.impl.config.util.DbTableProcess:228] getColumnMetadataFormDataBase --->COLUMN_NAME:SYS_COMPANY_CODE TYPE_NAME :VARCHAR DECIMAL_DIGITS:0 COLUMN_SIZE:50
[2018-11-09 16:06:17] [INFO] [org.jeecgframework.web.cgform.service.impl.config.util.DbTableProcess:228] getColumnMetadataFormDataBase --->COLUMN_NAME:BPM_STATUS TYPE_NAME :VARCHAR DECIMAL_DIGITS:0 COLUMN_SIZE:32
[2018-11-09 16:06:17] [INFO] [org.jeecgframework.web.cgform.service.impl.config.util.DbTableProcess:228] getColumnMetadataFormDataBase --->COLUMN_NAME:FACTORY TYPE_NAME :VARCHAR DECIMAL_DIGITS:0 COLUMN_SIZE:32
[2018-11-09 16:06:17] [INFO] [org.jeecgframework.web.cgform.service.impl.config.util.DbTableProcess:228] getColumnMetadataFormDataBase --->COLUMN_NAME:RISKPOINT TYPE_NAME :LONGTEXT DECIMAL_DIGITS:0 COLUMN_SIZE:2147483647
[2018-11-09 16:06:17] [INFO] [org.jeecgframework.web.cgform.service.impl.config.util.DbTableProcess:269] getColumnMetadataFormCgForm ---->COLUMN_NAME:id TYPE_NAME:string DECIMAL_DIGITS:0 COLUMN_SIZE:36
[2018-11-09 16:06:17] [INFO] [org.jeecgframework.web.cgform.service.impl.config.util.DbTableProcess:269] getColumnMetadataFormCgForm ---->COLUMN_NAME:create_name TYPE_NAME:string DECIMAL_DIGITS:0 COLUMN_SIZE:50
[2018-11-09 16:06:17] [INFO] [org.jeecgframework.web.cgform.service.impl.config.util.DbTableProcess:269] getColumnMetadataFormCgForm ---->COLUMN_NAME:create_by TYPE_NAME:string DECIMAL_DIGITS:0 COLUMN_SIZE:50
[2018-11-09 16:06:17] [INFO] [org.jeecgframework.web.cgform.service.impl.config.util.DbTableProcess:269] getColumnMetadataFormCgForm ---->COLUMN_NAME:create_date TYPE_NAME:date DECIMAL_DIGITS:0 COLUMN_SIZE:20
[2018-11-09 16:06:17] [INFO] [org.jeecgframework.web.cgform.service.impl.config.util.DbTableProcess:269] getColumnMetadataFormCgForm ---->COLUMN_NAME:update_name TYPE_NAME:string DECIMAL_DIGITS:0 COLUMN_SIZE:50
[2018-11-09 16:06:17] [INFO] [org.jeecgframework.web.cgform.service.impl.config.util.DbTableProcess:269] getColumnMetadataFormCgForm ---->COLUMN_NAME:update_by TYPE_NAME:string DECIMAL_DIGITS:0 COLUMN_SIZE:50
[2018-11-09 16:06:17] [INFO] [org.jeecgframework.web.cgform.service.impl.config.util.DbTableProcess:269] getColumnMetadataFormCgForm ---->COLUMN_NAME:update_date TYPE_NAME:date DECIMAL_DIGITS:0 COLUMN_SIZE:20
[2018-11-09 16:06:17] [INFO] [org.jeecgframework.web.cgform.service.impl.config.util.DbTableProcess:269] getColumnMetadataFormCgForm ---->COLUMN_NAME:sys_org_code TYPE_NAME:string DECIMAL_DIGITS:0 COLUMN_SIZE:50
[2018-11-09 16:06:17] [INFO] [org.jeecgframework.web.cgform.service.impl.config.util.DbTableProcess:269] getColumnMetadataFormCgForm ---->COLUMN_NAME:sys_company_code TYPE_NAME:string DECIMAL_DIGITS:0 COLUMN_SIZE:50
[2018-11-09 16:06:17] [INFO] [org.jeecgframework.web.cgform.service.impl.config.util.DbTableProcess:269] getColumnMetadataFormCgForm ---->COLUMN_NAME:bpm_status TYPE_NAME:string DECIMAL_DIGITS:0 COLUMN_SIZE:32
[2018-11-09 16:06:17] [INFO] [org.jeecgframework.web.cgform.service.impl.config.util.DbTableProcess:269] getColumnMetadataFormCgForm ---->COLUMN_NAME:factory TYPE_NAME:string DECIMAL_DIGITS:0 COLUMN_SIZE:32
[2018-11-09 16:06:17] [INFO] [org.jeecgframework.web.cgform.service.impl.config.util.DbTableProcess:269] getColumnMetadataFormCgForm ---->COLUMN_NAME:riskpoint TYPE_NAME:string DECIMAL_DIGITS:0 COLUMN_SIZE:322
[2018-11-09 16:06:17] [INFO] [org.jeecgframework.web.cgform.service.impl.config.util.DbTableProcess:269] getColumnMetadataFormCgForm ---->COLUMN_NAME:iscontrol TYPE_NAME:string DECIMAL_DIGITS:0 COLUMN_SIZE:32
[2018-11-09 16:06:17] [INFO] [org.jeecgframework.web.cgform.service.impl.config.util.DbTableProcess:144] [alter table  riskpoints  ADD COLUMN iscontrol varchar(32) NULL COMMENT '是否可控' ;, , alter table  riskpoints  MODIFY COLUMN  riskpoint varchar(322) NULL COMMENT '危险点' ;, alter table  riskpoints  MODIFY COLUMN  id varchar(36) NOT NULL COMMENT '主键' ;, ]
[2018-11-09 16:06:17] [INFO] [org.jeecgframework.web.cgform.controller.config.CgFormHeadController:295] [本地][online表单配置同步数据库]同步成功表名：riskpoints
[2018-11-09 16:10:22] [INFO] [org.jeecgframework.web.system.service.impl.EhcacheService:61]   EhcacheService  clean cacheName：[systemBaseCache] 
[2018-11-09 16:10:22] [INFO] [org.jeecgframework.web.cgform.controller.config.CgFormHeadController:412] [本地][online表单配置保存]修改成功表名：riskpoints
[2018-11-09 16:10:33] [INFO] [org.jeecgframework.web.system.controller.core.LoginController:220]  >>>>>>>>>>>>>>>>>>>>>>>>>>  Login 用户登录成功，初始化Main首页用户信息  （Main 首页加载逻辑）  >>>>>>>>>>>>>>>>>>>>>>>>>>>>>>>>> 
[2018-11-09 16:10:33] [INFO] [org.jeecgframework.web.system.controller.core.LoginController:261] login 资源路径returnURL：null
[2018-11-09 16:10:35] [INFO] [com.jeecg.chat.web.WebSocket:250] 发生错误
[2018-11-09 16:10:35] [INFO] [com.jeecg.chat.web.WebSocket:250] 当前在线用户：1
[2018-11-09 16:10:36] [INFO] [com.jeecg.chat.web.WebSocket:250] 有新连接加入！当前在线人数为2
[2018-11-09 16:10:37] [INFO] [com.jeecg.chat.web.ImController:318] --通过流的方式获取文件异常--D:\upFiles\upload\files\20180715\qq_1531625977907.jpg (系统找不到指定的路径。)
[2018-11-09 16:11:24] [INFO] [com.jeecg.chat.web.WebSocket:250] 当前在线用户：1
[2018-11-09 16:11:33] [INFO] [org.jeecgframework.web.system.controller.core.LoginController:220]  >>>>>>>>>>>>>>>>>>>>>>>>>>  Login 用户登录成功，初始化Main首页用户信息  （Main 首页加载逻辑）  >>>>>>>>>>>>>>>>>>>>>>>>>>>>>>>>> 
[2018-11-09 16:11:33] [INFO] [org.jeecgframework.web.system.controller.core.LoginController:261] login 资源路径returnURL：null
[2018-11-09 16:11:34] [INFO] [com.jeecg.chat.web.WebSocket:250] 有新连接加入！当前在线人数为2
[2018-11-09 16:11:34] [INFO] [com.jeecg.chat.web.ImController:318] --通过流的方式获取文件异常--D:\upFiles\upload\files\20180715\qq_1531625977907.jpg (系统找不到指定的路径。)
[2018-11-09 16:11:55] [INFO] [org.jeecgframework.web.system.controller.core.LoginController:220]  >>>>>>>>>>>>>>>>>>>>>>>>>>  Login 用户登录成功，初始化Main首页用户信息  （Main 首页加载逻辑）  >>>>>>>>>>>>>>>>>>>>>>>>>>>>>>>>> 
[2018-11-09 16:11:55] [INFO] [org.jeecgframework.web.system.controller.core.LoginController:261] login 资源路径returnURL：null
[2018-11-09 16:11:55] [INFO] [com.jeecg.chat.web.WebSocket:250] 发生错误
[2018-11-09 16:11:55] [INFO] [com.jeecg.chat.web.WebSocket:250] 当前在线用户：1
[2018-11-09 16:11:56] [INFO] [com.jeecg.chat.web.WebSocket:250] 有新连接加入！当前在线人数为2
[2018-11-09 16:11:56] [INFO] [com.jeecg.chat.web.ImController:318] --通过流的方式获取文件异常--D:\upFiles\upload\files\20180715\qq_1531625977907.jpg (系统找不到指定的路径。)
[2018-11-09 16:12:01] [INFO] [com.jeecg.chat.web.WebSocket:250] 发生错误
[2018-11-09 16:12:01] [INFO] [com.jeecg.chat.web.WebSocket:250] 当前在线用户：1
[2018-11-09 16:12:09] [INFO] [org.jeecgframework.web.system.controller.core.LoginController:220]  >>>>>>>>>>>>>>>>>>>>>>>>>>  Login 用户登录成功，初始化Main首页用户信息  （Main 首页加载逻辑）  >>>>>>>>>>>>>>>>>>>>>>>>>>>>>>>>> 
[2018-11-09 16:12:09] [INFO] [org.jeecgframework.web.system.controller.core.LoginController:261] login 资源路径returnURL：null
[2018-11-09 16:12:10] [INFO] [com.jeecg.chat.web.WebSocket:250] 有新连接加入！当前在线人数为2
[2018-11-09 16:12:10] [INFO] [com.jeecg.chat.web.ImController:318] --通过流的方式获取文件异常--D:\upFiles\upload\files\20180715\qq_1531625977907.jpg (系统找不到指定的路径。)
[2018-11-09 16:12:16] [INFO] [org.jeecgframework.web.cgform.controller.build.CgFormBuildController:268] ============================填值规则开始时间:2018-11-09 16:12:16==============================
[2018-11-09 16:12:16] [INFO] [org.jeecgframework.web.cgform.controller.build.CgFormBuildController:293] ================================填值规则结束时间:2018-11-09 16:12:16==============================
[2018-11-09 16:12:16] [INFO] [org.jeecgframework.web.cgform.controller.build.CgFormBuildController:294] ================================填值规则耗时:0ms==============================
[2018-11-09 16:12:57] [INFO] [org.jeecgframework.web.system.service.impl.EhcacheService:61]   EhcacheService  clean cacheName：[systemBaseCache] 
[2018-11-09 16:12:57] [INFO] [org.jeecgframework.web.cgform.controller.config.CgFormHeadController:412] [本地][online表单配置保存]修改成功表名：riskpoints
[2018-11-09 16:14:18] [INFO] [org.jeecgframework.web.system.service.impl.EhcacheService:61]   EhcacheService  clean cacheName：[systemBaseCache] 
[2018-11-09 16:14:18] [INFO] [org.jeecgframework.web.cgform.controller.config.CgFormHeadController:412] [本地][online表单配置保存]创建成功表名：risks
[2018-11-09 16:14:21] [INFO] [org.jeecgframework.web.cgform.controller.config.CgFormHeadController:251] ---同步数据库 ---doDbSynch-----> TableName:risks ---修改时间 :null ----创建时间:2018-11-09 16:14:19.0---请求IP ---+0:0:0:0:0:0:0:1
[2018-11-09 16:14:21] [INFO] [org.jeecgframework.web.cgform.service.impl.config.util.DbTableProcess:52] <?xml version="1.0" encoding="UTF-8"?>
<!DOCTYPE hibernate-mapping PUBLIC "-//Hibernate/Hibernate Mapping DTD 3.0//EN" "http://hibernate.sourceforge.net/hibernate-mapping-3.0.dtd">
<hibernate-mapping>
	<class name="risks" table="risks" optimistic-lock="version">
						<id name="id" type="java.lang.String" length="36" unsaved-value="null">
							<generator class="uuid" />
						</id>
					
					<property name="create_name"
								type="java.lang.String"
 access="property">
						<column name="create_name" length="50"
							
							not-null="false" unique="false">
							<comment>创建人名称</comment>
						</column>
					</property>
					<property name="create_by"
								type="java.lang.String"
 access="property">
						<column name="create_by" length="50"
							
							not-null="false" unique="false">
							<comment>创建人登录名称</comment>
						</column>
					</property>
					<property name="create_date"
									type="java.util.Date"
 access="property">
						<column name="create_date" length="20"
							
							not-null="false" unique="false">
							<comment>创建日期</comment>
						</column>
					</property>
					<property name="update_name"
								type="java.lang.String"
 access="property">
						<column name="update_name" length="50"
							
							not-null="false" unique="false">
							<comment>更新人名称</comment>
						</column>
					</property>
					<property name="update_by"
								type="java.lang.String"
 access="property">
						<column name="update_by" length="50"
							
							not-null="false" unique="false">
							<comment>更新人登录名称</comment>
						</column>
					</property>
					<property name="update_date"
									type="java.util.Date"
 access="property">
						<column name="update_date" length="20"
							
							not-null="false" unique="false">
							<comment>更新日期</comment>
						</column>
					</property>
					<property name="sys_org_code"
								type="java.lang.String"
 access="property">
						<column name="sys_org_code" length="50"
							
							not-null="false" unique="false">
							<comment>所属部门</comment>
						</column>
					</property>
					<property name="sys_company_code"
								type="java.lang.String"
 access="property">
						<column name="sys_company_code" length="50"
							
							not-null="false" unique="false">
							<comment>所属公司</comment>
						</column>
					</property>
					<property name="bpm_status"
								type="java.lang.String"
 access="property">
						<column name="bpm_status" length="32"
							default="1"
							not-null="false" unique="false">
							<comment>流程状态</comment>
						</column>
					</property>
					<property name="risk_name"
								type="java.lang.String"
 access="property">
						<column name="risk_name" length="32"
							
							not-null="false" unique="false">
							<comment>危险点名称</comment>
						</column>
					</property>
					<property name="risk_intro"
								type="java.lang.String"
 access="property">
						<column name="risk_intro" length="32"
							
							not-null="false" unique="false">
							<comment>危险点介绍</comment>
						</column>
					</property>
					<property name="father_id"
								type="java.lang.String"
 access="property">
						<column name="father_id" length="32"
							
							not-null="false" unique="false">
							<comment>父节点</comment>
						</column>
					</property>
	</class>
</hibernate-mapping>
[2018-11-09 16:14:21] [WARN] [org.hibernate.internal.util.xml.DTDEntityResolver:74] HHH000223: Recognized obsolete hibernate namespace http://hibernate.sourceforge.net/. Use namespace http://www.hibernate.org/dtd/ instead. Refer to Hibernate 3.6 Migration Guide!
[2018-11-09 16:14:21] [INFO] [org.jeecgframework.web.cgform.controller.config.CgFormHeadController:295] [本地][online表单配置同步数据库]同步成功表名：risks
[2018-11-09 16:15:06] [INFO] [com.jeecg.chat.web.WebSocket:250] 当前在线用户：1
[2018-11-09 16:15:15] [INFO] [org.jeecgframework.web.system.controller.core.LoginController:220]  >>>>>>>>>>>>>>>>>>>>>>>>>>  Login 用户登录成功，初始化Main首页用户信息  （Main 首页加载逻辑）  >>>>>>>>>>>>>>>>>>>>>>>>>>>>>>>>> 
[2018-11-09 16:15:15] [INFO] [org.jeecgframework.web.system.controller.core.LoginController:261] login 资源路径returnURL：null
[2018-11-09 16:15:16] [INFO] [com.jeecg.chat.web.WebSocket:250] 有新连接加入！当前在线人数为2
[2018-11-09 16:15:16] [INFO] [com.jeecg.chat.web.ImController:318] --通过流的方式获取文件异常--D:\upFiles\upload\files\20180715\qq_1531625977907.jpg (系统找不到指定的路径。)
[2018-11-09 16:15:17] [ERROR] [org.jeecgframework.core.common.exception.GlobalExceptionResolver:86] 全局处理异常捕获:
java.lang.RuntimeException: 没有找到该动态列表
	at org.jeecgframework.web.cgform.service.impl.autolist.ConfigServiceImpl.queryConfigs(ConfigServiceImpl.java:57)
	at sun.reflect.GeneratedMethodAccessor863.invoke(Unknown Source)
	at sun.reflect.DelegatingMethodAccessorImpl.invoke(DelegatingMethodAccessorImpl.java:43)
	at java.lang.reflect.Method.invoke(Method.java:498)
	at org.springframework.aop.support.AopUtils.invokeJoinpointUsingReflection(AopUtils.java:317)
	at org.springframework.aop.framework.ReflectiveMethodInvocation.invokeJoinpoint(ReflectiveMethodInvocation.java:190)
	at org.springframework.aop.framework.ReflectiveMethodInvocation.proceed(ReflectiveMethodInvocation.java:157)
	at org.springframework.transaction.interceptor.TransactionInterceptor$1.proceedWithInvocation(TransactionInterceptor.java:98)
	at org.springframework.transaction.interceptor.TransactionAspectSupport.invokeWithinTransaction(TransactionAspectSupport.java:262)
	at org.springframework.transaction.interceptor.TransactionInterceptor.invoke(TransactionInterceptor.java:95)
	at org.springframework.aop.framework.ReflectiveMethodInvocation.proceed(ReflectiveMethodInvocation.java:179)
	at org.springframework.aop.framework.JdkDynamicAopProxy.invoke(JdkDynamicAopProxy.java:207)
	at com.sun.proxy.$Proxy156.queryConfigs(Unknown Source)
	at org.jeecgframework.web.cgform.controller.autolist.CgAutoListController.list(CgAutoListController.java:93)
	at sun.reflect.NativeMethodAccessorImpl.invoke0(Native Method)
	at sun.reflect.NativeMethodAccessorImpl.invoke(NativeMethodAccessorImpl.java:62)
	at sun.reflect.DelegatingMethodAccessorImpl.invoke(DelegatingMethodAccessorImpl.java:43)
	at java.lang.reflect.Method.invoke(Method.java:498)
	at org.springframework.web.method.support.InvocableHandlerMethod.doInvoke(InvocableHandlerMethod.java:221)
	at org.springframework.web.method.support.InvocableHandlerMethod.invokeForRequest(InvocableHandlerMethod.java:137)
	at org.springframework.web.servlet.mvc.method.annotation.ServletInvocableHandlerMethod.invokeAndHandle(ServletInvocableHandlerMethod.java:104)
	at org.springframework.web.servlet.mvc.method.annotation.RequestMappingHandlerAdapter.invokeHandleMethod(RequestMappingHandlerAdapter.java:747)
	at org.springframework.web.servlet.mvc.method.annotation.RequestMappingHandlerAdapter.handleInternal(RequestMappingHandlerAdapter.java:676)
	at org.springframework.web.servlet.mvc.method.AbstractHandlerMethodAdapter.handle(AbstractHandlerMethodAdapter.java:85)
	at org.springframework.web.servlet.DispatcherServlet.doDispatch(DispatcherServlet.java:938)
	at org.springframework.web.servlet.DispatcherServlet.doService(DispatcherServlet.java:870)
	at org.springframework.web.servlet.FrameworkServlet.processRequest(FrameworkServlet.java:961)
	at org.springframework.web.servlet.FrameworkServlet.doGet(FrameworkServlet.java:852)
	at javax.servlet.http.HttpServlet.service(HttpServlet.java:621)
	at org.springframework.web.servlet.FrameworkServlet.service(FrameworkServlet.java:837)
	at javax.servlet.http.HttpServlet.service(HttpServlet.java:728)
	at org.apache.catalina.core.ApplicationFilterChain.internalDoFilter(ApplicationFilterChain.java:305)
	at org.apache.catalina.core.ApplicationFilterChain.doFilter(ApplicationFilterChain.java:210)
	at org.apache.tomcat.websocket.server.WsFilter.doFilter(WsFilter.java:51)
	at org.apache.catalina.core.ApplicationFilterChain.internalDoFilter(ApplicationFilterChain.java:243)
	at org.apache.catalina.core.ApplicationFilterChain.doFilter(ApplicationFilterChain.java:210)
	at com.alibaba.druid.support.http.WebStatFilter.doFilter(WebStatFilter.java:123)
	at org.apache.catalina.core.ApplicationFilterChain.internalDoFilter(ApplicationFilterChain.java:243)
	at org.apache.catalina.core.ApplicationFilterChain.doFilter(ApplicationFilterChain.java:210)
	at org.jeecgframework.core.aop.GZipFilter.doFilter(GZipFilter.java:114)
	at org.apache.catalina.core.ApplicationFilterChain.internalDoFilter(ApplicationFilterChain.java:243)
	at org.apache.catalina.core.ApplicationFilterChain.doFilter(ApplicationFilterChain.java:210)
	at org.springframework.web.filter.CharacterEncodingFilter.doFilterInternal(CharacterEncodingFilter.java:88)
	at org.springframework.web.filter.OncePerRequestFilter.doFilter(OncePerRequestFilter.java:107)
	at org.apache.catalina.core.ApplicationFilterChain.internalDoFilter(ApplicationFilterChain.java:243)
	at org.apache.catalina.core.ApplicationFilterChain.doFilter(ApplicationFilterChain.java:210)
	at org.springframework.orm.hibernate4.support.OpenSessionInViewFilter.doFilterInternal(OpenSessionInViewFilter.java:150)
	at org.springframework.web.filter.OncePerRequestFilter.doFilter(OncePerRequestFilter.java:107)
	at org.apache.catalina.core.ApplicationFilterChain.internalDoFilter(ApplicationFilterChain.java:243)
	at org.apache.catalina.core.ApplicationFilterChain.doFilter(ApplicationFilterChain.java:210)
	at org.apache.catalina.core.StandardWrapperValve.invoke(StandardWrapperValve.java:222)
	at org.apache.catalina.core.StandardContextValve.invoke(StandardContextValve.java:123)
	at org.apache.catalina.authenticator.AuthenticatorBase.invoke(AuthenticatorBase.java:502)
	at org.apache.catalina.core.StandardHostValve.invoke(StandardHostValve.java:171)
	at org.apache.catalina.valves.ErrorReportValve.invoke(ErrorReportValve.java:100)
	at org.apache.catalina.valves.AccessLogValve.invoke(AccessLogValve.java:953)
	at org.apache.catalina.core.StandardEngineValve.invoke(StandardEngineValve.java:118)
	at org.apache.catalina.connector.CoyoteAdapter.service(CoyoteAdapter.java:408)
	at org.apache.coyote.http11.AbstractHttp11Processor.process(AbstractHttp11Processor.java:1041)
	at org.apache.coyote.AbstractProtocol$AbstractConnectionHandler.process(AbstractProtocol.java:603)
	at org.apache.tomcat.util.net.JIoEndpoint$SocketProcessor.run(JIoEndpoint.java:312)
	at java.util.concurrent.ThreadPoolExecutor.runWorker(ThreadPoolExecutor.java:1149)
	at java.util.concurrent.ThreadPoolExecutor$Worker.run(ThreadPoolExecutor.java:624)
	at java.lang.Thread.run(Thread.java:748)
[2018-11-09 16:15:44] [INFO] [org.jeecgframework.web.system.controller.core.LoginController:220]  >>>>>>>>>>>>>>>>>>>>>>>>>>  Login 用户登录成功，初始化Main首页用户信息  （Main 首页加载逻辑）  >>>>>>>>>>>>>>>>>>>>>>>>>>>>>>>>> 
[2018-11-09 16:15:44] [INFO] [org.jeecgframework.web.system.controller.core.LoginController:261] login 资源路径returnURL：null
[2018-11-09 16:15:44] [INFO] [com.jeecg.chat.web.WebSocket:250] 当前在线用户：1
[2018-11-09 16:15:45] [INFO] [com.jeecg.chat.web.WebSocket:250] 有新连接加入！当前在线人数为2
[2018-11-09 16:15:45] [INFO] [com.jeecg.chat.web.ImController:318] --通过流的方式获取文件异常--D:\upFiles\upload\files\20180715\qq_1531625977907.jpg (系统找不到指定的路径。)
[2018-11-09 16:15:46] [ERROR] [org.jeecgframework.core.common.exception.GlobalExceptionResolver:86] 全局处理异常捕获:
java.lang.RuntimeException: 没有找到该动态列表
	at org.jeecgframework.web.cgform.service.impl.autolist.ConfigServiceImpl.queryConfigs(ConfigServiceImpl.java:57)
	at sun.reflect.GeneratedMethodAccessor863.invoke(Unknown Source)
	at sun.reflect.DelegatingMethodAccessorImpl.invoke(DelegatingMethodAccessorImpl.java:43)
	at java.lang.reflect.Method.invoke(Method.java:498)
	at org.springframework.aop.support.AopUtils.invokeJoinpointUsingReflection(AopUtils.java:317)
	at org.springframework.aop.framework.ReflectiveMethodInvocation.invokeJoinpoint(ReflectiveMethodInvocation.java:190)
	at org.springframework.aop.framework.ReflectiveMethodInvocation.proceed(ReflectiveMethodInvocation.java:157)
	at org.springframework.transaction.interceptor.TransactionInterceptor$1.proceedWithInvocation(TransactionInterceptor.java:98)
	at org.springframework.transaction.interceptor.TransactionAspectSupport.invokeWithinTransaction(TransactionAspectSupport.java:262)
	at org.springframework.transaction.interceptor.TransactionInterceptor.invoke(TransactionInterceptor.java:95)
	at org.springframework.aop.framework.ReflectiveMethodInvocation.proceed(ReflectiveMethodInvocation.java:179)
	at org.springframework.aop.framework.JdkDynamicAopProxy.invoke(JdkDynamicAopProxy.java:207)
	at com.sun.proxy.$Proxy156.queryConfigs(Unknown Source)
	at org.jeecgframework.web.cgform.controller.autolist.CgAutoListController.list(CgAutoListController.java:93)
	at sun.reflect.NativeMethodAccessorImpl.invoke0(Native Method)
	at sun.reflect.NativeMethodAccessorImpl.invoke(NativeMethodAccessorImpl.java:62)
	at sun.reflect.DelegatingMethodAccessorImpl.invoke(DelegatingMethodAccessorImpl.java:43)
	at java.lang.reflect.Method.invoke(Method.java:498)
	at org.springframework.web.method.support.InvocableHandlerMethod.doInvoke(InvocableHandlerMethod.java:221)
	at org.springframework.web.method.support.InvocableHandlerMethod.invokeForRequest(InvocableHandlerMethod.java:137)
	at org.springframework.web.servlet.mvc.method.annotation.ServletInvocableHandlerMethod.invokeAndHandle(ServletInvocableHandlerMethod.java:104)
	at org.springframework.web.servlet.mvc.method.annotation.RequestMappingHandlerAdapter.invokeHandleMethod(RequestMappingHandlerAdapter.java:747)
	at org.springframework.web.servlet.mvc.method.annotation.RequestMappingHandlerAdapter.handleInternal(RequestMappingHandlerAdapter.java:676)
	at org.springframework.web.servlet.mvc.method.AbstractHandlerMethodAdapter.handle(AbstractHandlerMethodAdapter.java:85)
	at org.springframework.web.servlet.DispatcherServlet.doDispatch(DispatcherServlet.java:938)
	at org.springframework.web.servlet.DispatcherServlet.doService(DispatcherServlet.java:870)
	at org.springframework.web.servlet.FrameworkServlet.processRequest(FrameworkServlet.java:961)
	at org.springframework.web.servlet.FrameworkServlet.doGet(FrameworkServlet.java:852)
	at javax.servlet.http.HttpServlet.service(HttpServlet.java:621)
	at org.springframework.web.servlet.FrameworkServlet.service(FrameworkServlet.java:837)
	at javax.servlet.http.HttpServlet.service(HttpServlet.java:728)
	at org.apache.catalina.core.ApplicationFilterChain.internalDoFilter(ApplicationFilterChain.java:305)
	at org.apache.catalina.core.ApplicationFilterChain.doFilter(ApplicationFilterChain.java:210)
	at org.apache.tomcat.websocket.server.WsFilter.doFilter(WsFilter.java:51)
	at org.apache.catalina.core.ApplicationFilterChain.internalDoFilter(ApplicationFilterChain.java:243)
	at org.apache.catalina.core.ApplicationFilterChain.doFilter(ApplicationFilterChain.java:210)
	at com.alibaba.druid.support.http.WebStatFilter.doFilter(WebStatFilter.java:123)
	at org.apache.catalina.core.ApplicationFilterChain.internalDoFilter(ApplicationFilterChain.java:243)
	at org.apache.catalina.core.ApplicationFilterChain.doFilter(ApplicationFilterChain.java:210)
	at org.jeecgframework.core.aop.GZipFilter.doFilter(GZipFilter.java:114)
	at org.apache.catalina.core.ApplicationFilterChain.internalDoFilter(ApplicationFilterChain.java:243)
	at org.apache.catalina.core.ApplicationFilterChain.doFilter(ApplicationFilterChain.java:210)
	at org.springframework.web.filter.CharacterEncodingFilter.doFilterInternal(CharacterEncodingFilter.java:88)
	at org.springframework.web.filter.OncePerRequestFilter.doFilter(OncePerRequestFilter.java:107)
	at org.apache.catalina.core.ApplicationFilterChain.internalDoFilter(ApplicationFilterChain.java:243)
	at org.apache.catalina.core.ApplicationFilterChain.doFilter(ApplicationFilterChain.java:210)
	at org.springframework.orm.hibernate4.support.OpenSessionInViewFilter.doFilterInternal(OpenSessionInViewFilter.java:150)
	at org.springframework.web.filter.OncePerRequestFilter.doFilter(OncePerRequestFilter.java:107)
	at org.apache.catalina.core.ApplicationFilterChain.internalDoFilter(ApplicationFilterChain.java:243)
	at org.apache.catalina.core.ApplicationFilterChain.doFilter(ApplicationFilterChain.java:210)
	at org.apache.catalina.core.StandardWrapperValve.invoke(StandardWrapperValve.java:222)
	at org.apache.catalina.core.StandardContextValve.invoke(StandardContextValve.java:123)
	at org.apache.catalina.authenticator.AuthenticatorBase.invoke(AuthenticatorBase.java:502)
	at org.apache.catalina.core.StandardHostValve.invoke(StandardHostValve.java:171)
	at org.apache.catalina.valves.ErrorReportValve.invoke(ErrorReportValve.java:100)
	at org.apache.catalina.valves.AccessLogValve.invoke(AccessLogValve.java:953)
	at org.apache.catalina.core.StandardEngineValve.invoke(StandardEngineValve.java:118)
	at org.apache.catalina.connector.CoyoteAdapter.service(CoyoteAdapter.java:408)
	at org.apache.coyote.http11.AbstractHttp11Processor.process(AbstractHttp11Processor.java:1041)
	at org.apache.coyote.AbstractProtocol$AbstractConnectionHandler.process(AbstractProtocol.java:603)
	at org.apache.tomcat.util.net.JIoEndpoint$SocketProcessor.run(JIoEndpoint.java:312)
	at java.util.concurrent.ThreadPoolExecutor.runWorker(ThreadPoolExecutor.java:1149)
	at java.util.concurrent.ThreadPoolExecutor$Worker.run(ThreadPoolExecutor.java:624)
	at java.lang.Thread.run(Thread.java:748)
[2018-11-09 16:15:50] [INFO] [com.jeecg.chat.web.WebSocket:250] 当前在线用户：1
[2018-11-09 16:15:58] [INFO] [org.jeecgframework.web.system.controller.core.LoginController:220]  >>>>>>>>>>>>>>>>>>>>>>>>>>  Login 用户登录成功，初始化Main首页用户信息  （Main 首页加载逻辑）  >>>>>>>>>>>>>>>>>>>>>>>>>>>>>>>>> 
[2018-11-09 16:15:58] [INFO] [org.jeecgframework.web.system.controller.core.LoginController:261] login 资源路径returnURL：null
[2018-11-09 16:15:59] [INFO] [com.jeecg.chat.web.WebSocket:250] 有新连接加入！当前在线人数为2
[2018-11-09 16:15:59] [INFO] [com.jeecg.chat.web.ImController:318] --通过流的方式获取文件异常--D:\upFiles\upload\files\20180715\qq_1531625977907.jpg (系统找不到指定的路径。)
[2018-11-09 16:16:03] [INFO] [org.jeecgframework.web.cgform.controller.build.CgFormBuildController:268] ============================填值规则开始时间:2018-11-09 16:16:03==============================
[2018-11-09 16:16:03] [INFO] [org.jeecgframework.web.cgform.controller.build.CgFormBuildController:293] ================================填值规则结束时间:2018-11-09 16:16:03==============================
[2018-11-09 16:16:03] [INFO] [org.jeecgframework.web.cgform.controller.build.CgFormBuildController:294] ================================填值规则耗时:0ms==============================
[2018-11-09 16:17:47] [INFO] [org.jeecgframework.web.cgform.controller.build.CgFormBuildController:268] ============================填值规则开始时间:2018-11-09 16:17:47==============================
[2018-11-09 16:17:47] [INFO] [org.jeecgframework.web.cgform.controller.build.CgFormBuildController:293] ================================填值规则结束时间:2018-11-09 16:17:47==============================
[2018-11-09 16:17:47] [INFO] [org.jeecgframework.web.cgform.controller.build.CgFormBuildController:294] ================================填值规则耗时:0ms==============================
[2018-11-09 16:18:26] [INFO] [org.jeecgframework.web.system.service.impl.EhcacheService:61]   EhcacheService  clean cacheName：[systemBaseCache] 
[2018-11-09 16:18:27] [INFO] [org.jeecgframework.web.cgform.controller.config.CgFormHeadController:412] [本地][online表单配置保存]修改成功表名：risks
[2018-11-09 16:20:33] [INFO] [org.jeecgframework.web.cgform.controller.button.CgformButtonSqlController:161] [本地][online表单sql增强添加更新]添加成功
[2018-11-09 16:20:50] [INFO] [org.jeecgframework.web.system.service.impl.EhcacheService:61]   EhcacheService  clean cacheName：[systemBaseCache] 
[2018-11-09 16:20:50] [INFO] [org.jeecgframework.web.cgform.controller.config.CgFormHeadController:412] [本地][online表单配置保存]修改成功表名：risks
[2018-11-09 16:20:53] [INFO] [org.jeecgframework.web.cgform.controller.config.CgFormHeadController:251] ---同步数据库 ---doDbSynch-----> TableName:risks ---修改时间 :2018-11-09 16:20:51.0 ----创建时间:2018-11-09 16:14:19.0---请求IP ---+0:0:0:0:0:0:0:1
[2018-11-09 16:20:53] [INFO] [org.jeecgframework.web.cgform.service.impl.config.util.DbTableProcess:228] getColumnMetadataFormDataBase --->COLUMN_NAME:ID TYPE_NAME :VARCHAR DECIMAL_DIGITS:0 COLUMN_SIZE:36
[2018-11-09 16:20:53] [INFO] [org.jeecgframework.web.cgform.service.impl.config.util.DbTableProcess:228] getColumnMetadataFormDataBase --->COLUMN_NAME:CREATE_NAME TYPE_NAME :VARCHAR DECIMAL_DIGITS:0 COLUMN_SIZE:50
[2018-11-09 16:20:53] [INFO] [org.jeecgframework.web.cgform.service.impl.config.util.DbTableProcess:228] getColumnMetadataFormDataBase --->COLUMN_NAME:CREATE_BY TYPE_NAME :VARCHAR DECIMAL_DIGITS:0 COLUMN_SIZE:50
[2018-11-09 16:20:53] [INFO] [org.jeecgframework.web.cgform.service.impl.config.util.DbTableProcess:228] getColumnMetadataFormDataBase --->COLUMN_NAME:CREATE_DATE TYPE_NAME :DATETIME DECIMAL_DIGITS:0 COLUMN_SIZE:19
[2018-11-09 16:20:53] [INFO] [org.jeecgframework.web.cgform.service.impl.config.util.DbTableProcess:228] getColumnMetadataFormDataBase --->COLUMN_NAME:UPDATE_NAME TYPE_NAME :VARCHAR DECIMAL_DIGITS:0 COLUMN_SIZE:50
[2018-11-09 16:20:53] [INFO] [org.jeecgframework.web.cgform.service.impl.config.util.DbTableProcess:228] getColumnMetadataFormDataBase --->COLUMN_NAME:UPDATE_BY TYPE_NAME :VARCHAR DECIMAL_DIGITS:0 COLUMN_SIZE:50
[2018-11-09 16:20:53] [INFO] [org.jeecgframework.web.cgform.service.impl.config.util.DbTableProcess:228] getColumnMetadataFormDataBase --->COLUMN_NAME:UPDATE_DATE TYPE_NAME :DATETIME DECIMAL_DIGITS:0 COLUMN_SIZE:19
[2018-11-09 16:20:53] [INFO] [org.jeecgframework.web.cgform.service.impl.config.util.DbTableProcess:228] getColumnMetadataFormDataBase --->COLUMN_NAME:SYS_ORG_CODE TYPE_NAME :VARCHAR DECIMAL_DIGITS:0 COLUMN_SIZE:50
[2018-11-09 16:20:53] [INFO] [org.jeecgframework.web.cgform.service.impl.config.util.DbTableProcess:228] getColumnMetadataFormDataBase --->COLUMN_NAME:SYS_COMPANY_CODE TYPE_NAME :VARCHAR DECIMAL_DIGITS:0 COLUMN_SIZE:50
[2018-11-09 16:20:53] [INFO] [org.jeecgframework.web.cgform.service.impl.config.util.DbTableProcess:228] getColumnMetadataFormDataBase --->COLUMN_NAME:BPM_STATUS TYPE_NAME :VARCHAR DECIMAL_DIGITS:0 COLUMN_SIZE:32
[2018-11-09 16:20:53] [INFO] [org.jeecgframework.web.cgform.service.impl.config.util.DbTableProcess:228] getColumnMetadataFormDataBase --->COLUMN_NAME:RISK_NAME TYPE_NAME :VARCHAR DECIMAL_DIGITS:0 COLUMN_SIZE:32
[2018-11-09 16:20:53] [INFO] [org.jeecgframework.web.cgform.service.impl.config.util.DbTableProcess:228] getColumnMetadataFormDataBase --->COLUMN_NAME:RISK_INTRO TYPE_NAME :VARCHAR DECIMAL_DIGITS:0 COLUMN_SIZE:32
[2018-11-09 16:20:53] [INFO] [org.jeecgframework.web.cgform.service.impl.config.util.DbTableProcess:228] getColumnMetadataFormDataBase --->COLUMN_NAME:FATHER_ID TYPE_NAME :VARCHAR DECIMAL_DIGITS:0 COLUMN_SIZE:32
[2018-11-09 16:20:53] [INFO] [org.jeecgframework.web.cgform.service.impl.config.util.DbTableProcess:269] getColumnMetadataFormCgForm ---->COLUMN_NAME:id TYPE_NAME:string DECIMAL_DIGITS:0 COLUMN_SIZE:36
[2018-11-09 16:20:53] [INFO] [org.jeecgframework.web.cgform.service.impl.config.util.DbTableProcess:269] getColumnMetadataFormCgForm ---->COLUMN_NAME:create_name TYPE_NAME:string DECIMAL_DIGITS:0 COLUMN_SIZE:50
[2018-11-09 16:20:53] [INFO] [org.jeecgframework.web.cgform.service.impl.config.util.DbTableProcess:269] getColumnMetadataFormCgForm ---->COLUMN_NAME:create_by TYPE_NAME:string DECIMAL_DIGITS:0 COLUMN_SIZE:50
[2018-11-09 16:20:53] [INFO] [org.jeecgframework.web.cgform.service.impl.config.util.DbTableProcess:269] getColumnMetadataFormCgForm ---->COLUMN_NAME:create_date TYPE_NAME:date DECIMAL_DIGITS:0 COLUMN_SIZE:20
[2018-11-09 16:20:53] [INFO] [org.jeecgframework.web.cgform.service.impl.config.util.DbTableProcess:269] getColumnMetadataFormCgForm ---->COLUMN_NAME:update_name TYPE_NAME:string DECIMAL_DIGITS:0 COLUMN_SIZE:50
[2018-11-09 16:20:53] [INFO] [org.jeecgframework.web.cgform.service.impl.config.util.DbTableProcess:269] getColumnMetadataFormCgForm ---->COLUMN_NAME:update_by TYPE_NAME:string DECIMAL_DIGITS:0 COLUMN_SIZE:50
[2018-11-09 16:20:53] [INFO] [org.jeecgframework.web.cgform.service.impl.config.util.DbTableProcess:269] getColumnMetadataFormCgForm ---->COLUMN_NAME:update_date TYPE_NAME:date DECIMAL_DIGITS:0 COLUMN_SIZE:20
[2018-11-09 16:20:53] [INFO] [org.jeecgframework.web.cgform.service.impl.config.util.DbTableProcess:269] getColumnMetadataFormCgForm ---->COLUMN_NAME:sys_org_code TYPE_NAME:string DECIMAL_DIGITS:0 COLUMN_SIZE:50
[2018-11-09 16:20:53] [INFO] [org.jeecgframework.web.cgform.service.impl.config.util.DbTableProcess:269] getColumnMetadataFormCgForm ---->COLUMN_NAME:sys_company_code TYPE_NAME:string DECIMAL_DIGITS:0 COLUMN_SIZE:50
[2018-11-09 16:20:53] [INFO] [org.jeecgframework.web.cgform.service.impl.config.util.DbTableProcess:269] getColumnMetadataFormCgForm ---->COLUMN_NAME:bpm_status TYPE_NAME:string DECIMAL_DIGITS:0 COLUMN_SIZE:32
[2018-11-09 16:20:53] [INFO] [org.jeecgframework.web.cgform.service.impl.config.util.DbTableProcess:269] getColumnMetadataFormCgForm ---->COLUMN_NAME:risk_name TYPE_NAME:string DECIMAL_DIGITS:0 COLUMN_SIZE:32
[2018-11-09 16:20:53] [INFO] [org.jeecgframework.web.cgform.service.impl.config.util.DbTableProcess:269] getColumnMetadataFormCgForm ---->COLUMN_NAME:risk_intro TYPE_NAME:string DECIMAL_DIGITS:0 COLUMN_SIZE:32
[2018-11-09 16:20:53] [INFO] [org.jeecgframework.web.cgform.service.impl.config.util.DbTableProcess:269] getColumnMetadataFormCgForm ---->COLUMN_NAME:parent_id TYPE_NAME:string DECIMAL_DIGITS:0 COLUMN_SIZE:32
[2018-11-09 16:20:53] [INFO] [org.jeecgframework.web.cgform.service.impl.config.util.DbTableProcess:144] [alter table  risks CHANGE COLUMN  father_id parent_id varchar(32) NULL COMMENT '父节点'  ;, alter table  risks  MODIFY COLUMN  id varchar(36) NOT NULL COMMENT '主键' ;, ]
[2018-11-09 16:20:53] [INFO] [org.jeecgframework.web.cgform.controller.config.CgFormHeadController:295] [本地][online表单配置同步数据库]同步成功表名：risks
[2018-11-09 16:21:06] [INFO] [org.jeecgframework.web.cgform.controller.build.CgFormBuildController:268] ============================填值规则开始时间:2018-11-09 16:21:06==============================
[2018-11-09 16:21:06] [INFO] [org.jeecgframework.web.cgform.controller.build.CgFormBuildController:293] ================================填值规则结束时间:2018-11-09 16:21:06==============================
[2018-11-09 16:21:06] [INFO] [org.jeecgframework.web.cgform.controller.build.CgFormBuildController:294] ================================填值规则耗时:0ms==============================
[2018-11-09 16:23:35] [INFO] [org.jeecgframework.web.cgform.controller.button.CgformButtonSqlController:161] [本地][online表单sql增强添加更新]添加成功
[2018-11-09 16:23:44] [INFO] [org.jeecgframework.web.cgform.controller.button.CgformButtonSqlController:161] [本地][online表单sql增强添加更新]更新成功
[2018-11-09 16:23:53] [INFO] [org.jeecgframework.web.cgform.controller.button.CgformButtonSqlController:161] [本地][online表单sql增强添加更新]添加成功
[2018-11-09 16:24:06] [INFO] [org.jeecgframework.web.cgform.controller.build.CgFormBuildController:599] [本地][online表单单表数据保存和更新]保存成功表名：risks
[2018-11-09 16:24:27] [INFO] [org.jeecgframework.web.cgform.controller.build.CgFormBuildController:599] [本地][online表单单表数据保存和更新]保存成功表名：risks
[2018-11-09 16:25:30] [INFO] [org.jeecgframework.web.cgform.controller.build.CgFormBuildController:599] [本地][online表单单表数据保存和更新]保存成功表名：risks
[2018-11-09 16:26:02] [INFO] [org.jeecgframework.web.cgform.controller.build.CgFormBuildController:599] [本地][online表单单表数据保存和更新]保存成功表名：risks
[2018-11-09 16:26:54] [INFO] [org.jeecgframework.web.cgform.controller.autolist.CgAutoListController:401] [本地][online表单数据删除]删除成功表名：risks
[2018-11-09 16:26:57] [INFO] [org.jeecgframework.web.cgform.controller.build.CgFormBuildController:268] ============================填值规则开始时间:2018-11-09 16:26:57==============================
[2018-11-09 16:26:57] [INFO] [org.jeecgframework.web.cgform.controller.build.CgFormBuildController:293] ================================填值规则结束时间:2018-11-09 16:26:57==============================
[2018-11-09 16:26:57] [INFO] [org.jeecgframework.web.cgform.controller.build.CgFormBuildController:294] ================================填值规则耗时:0ms==============================
[2018-11-09 16:27:25] [INFO] [org.jeecgframework.web.cgform.controller.build.CgFormBuildController:268] ============================填值规则开始时间:2018-11-09 16:27:25==============================
[2018-11-09 16:27:25] [INFO] [org.jeecgframework.web.cgform.controller.build.CgFormBuildController:293] ================================填值规则结束时间:2018-11-09 16:27:25==============================
[2018-11-09 16:27:25] [INFO] [org.jeecgframework.web.cgform.controller.build.CgFormBuildController:294] ================================填值规则耗时:0ms==============================
[2018-11-09 16:29:00] [INFO] [org.jeecgframework.web.system.service.impl.EhcacheService:61]   EhcacheService  clean cacheName：[systemBaseCache] 
[2018-11-09 16:29:00] [INFO] [org.jeecgframework.web.cgform.controller.config.CgFormHeadController:412] [本地][online表单配置保存]修改成功表名：factory
[2018-11-09 16:29:03] [INFO] [org.jeecgframework.web.cgform.controller.build.CgFormBuildController:268] ============================填值规则开始时间:2018-11-09 16:29:03==============================
[2018-11-09 16:29:03] [INFO] [org.jeecgframework.web.cgform.controller.build.CgFormBuildController:293] ================================填值规则结束时间:2018-11-09 16:29:03==============================
[2018-11-09 16:29:03] [INFO] [org.jeecgframework.web.cgform.controller.build.CgFormBuildController:294] ================================填值规则耗时:0ms==============================
[2018-11-09 16:29:23] [INFO] [org.jeecgframework.web.cgform.controller.build.CgFormBuildController:268] ============================填值规则开始时间:2018-11-09 16:29:23==============================
[2018-11-09 16:29:23] [INFO] [org.jeecgframework.web.cgform.controller.build.CgFormBuildController:293] ================================填值规则结束时间:2018-11-09 16:29:23==============================
[2018-11-09 16:29:23] [INFO] [org.jeecgframework.web.cgform.controller.build.CgFormBuildController:294] ================================填值规则耗时:0ms==============================
[2018-11-09 16:29:46] [INFO] [org.jeecgframework.web.cgform.controller.build.CgFormBuildController:268] ============================填值规则开始时间:2018-11-09 16:29:46==============================
[2018-11-09 16:29:46] [INFO] [org.jeecgframework.web.cgform.controller.build.CgFormBuildController:293] ================================填值规则结束时间:2018-11-09 16:29:46==============================
[2018-11-09 16:29:46] [INFO] [org.jeecgframework.web.cgform.controller.build.CgFormBuildController:294] ================================填值规则耗时:0ms==============================
[2018-11-09 16:30:35] [INFO] [org.jeecgframework.web.cgform.controller.build.CgFormBuildController:268] ============================填值规则开始时间:2018-11-09 16:30:35==============================
[2018-11-09 16:30:35] [INFO] [org.jeecgframework.web.cgform.controller.build.CgFormBuildController:293] ================================填值规则结束时间:2018-11-09 16:30:35==============================
[2018-11-09 16:30:35] [INFO] [org.jeecgframework.web.cgform.controller.build.CgFormBuildController:294] ================================填值规则耗时:0ms==============================
[2018-11-09 17:31:37] [ERROR] [com.alibaba.druid.pool.DruidDataSource:2664] abandon connection, owner thread: http-bio-8080-exec-3, connected at : 1541751261684, open stackTrace
	at java.lang.Thread.getStackTrace(Thread.java:1559)
	at com.alibaba.druid.pool.DruidDataSource.getConnectionDirect(DruidDataSource.java:1311)
	at com.alibaba.druid.filter.FilterChainImpl.dataSource_connect(FilterChainImpl.java:4619)
	at com.alibaba.druid.filter.stat.StatFilter.dataSource_getConnection(StatFilter.java:680)
	at com.alibaba.druid.filter.FilterChainImpl.dataSource_connect(FilterChainImpl.java:4615)
	at com.alibaba.druid.pool.DruidDataSource.getConnection(DruidDataSource.java:1231)
	at com.alibaba.druid.pool.DruidDataSource.getConnection(DruidDataSource.java:1223)
	at com.alibaba.druid.pool.DruidDataSource.getConnection(DruidDataSource.java:90)
	at org.springframework.jdbc.datasource.lookup.AbstractRoutingDataSource.getConnection(AbstractRoutingDataSource.java:164)
	at org.jeecgframework.web.cgform.service.impl.config.util.DbTableProcess.createTable(DbTableProcess.java:161)
	at org.jeecgframework.web.cgform.service.impl.config.util.DbTableProcess.createOrDropTable(DbTableProcess.java:53)
	at org.jeecgframework.web.cgform.service.impl.config.CgFormFieldServiceImpl.dbSynch(CgFormFieldServiceImpl.java:235)
	at sun.reflect.NativeMethodAccessorImpl.invoke0(Native Method)
	at sun.reflect.NativeMethodAccessorImpl.invoke(NativeMethodAccessorImpl.java:62)
	at sun.reflect.DelegatingMethodAccessorImpl.invoke(DelegatingMethodAccessorImpl.java:43)
	at java.lang.reflect.Method.invoke(Method.java:498)
	at org.springframework.aop.support.AopUtils.invokeJoinpointUsingReflection(AopUtils.java:317)
	at org.springframework.aop.framework.ReflectiveMethodInvocation.invokeJoinpoint(ReflectiveMethodInvocation.java:190)
	at org.springframework.aop.framework.ReflectiveMethodInvocation.proceed(ReflectiveMethodInvocation.java:157)
	at org.springframework.transaction.interceptor.TransactionInterceptor$1.proceedWithInvocation(TransactionInterceptor.java:98)
	at org.springframework.transaction.interceptor.TransactionAspectSupport.invokeWithinTransaction(TransactionAspectSupport.java:262)
	at org.springframework.transaction.interceptor.TransactionInterceptor.invoke(TransactionInterceptor.java:95)
	at org.springframework.aop.framework.ReflectiveMethodInvocation.proceed(ReflectiveMethodInvocation.java:179)
	at org.springframework.aop.framework.JdkDynamicAopProxy.invoke(JdkDynamicAopProxy.java:207)
	at com.sun.proxy.$Proxy117.dbSynch(Unknown Source)
	at org.jeecgframework.web.cgform.controller.config.CgFormHeadController.doDbSynch(CgFormHeadController.java:281)
	at sun.reflect.NativeMethodAccessorImpl.invoke0(Native Method)
	at sun.reflect.NativeMethodAccessorImpl.invoke(NativeMethodAccessorImpl.java:62)
	at sun.reflect.DelegatingMethodAccessorImpl.invoke(DelegatingMethodAccessorImpl.java:43)
	at java.lang.reflect.Method.invoke(Method.java:498)
	at org.springframework.web.method.support.InvocableHandlerMethod.doInvoke(InvocableHandlerMethod.java:221)
	at org.springframework.web.method.support.InvocableHandlerMethod.invokeForRequest(InvocableHandlerMethod.java:137)
	at org.springframework.web.servlet.mvc.method.annotation.ServletInvocableHandlerMethod.invokeAndHandle(ServletInvocableHandlerMethod.java:104)
	at org.springframework.web.servlet.mvc.method.annotation.RequestMappingHandlerAdapter.invokeHandleMethod(RequestMappingHandlerAdapter.java:747)
	at org.springframework.web.servlet.mvc.method.annotation.RequestMappingHandlerAdapter.handleInternal(RequestMappingHandlerAdapter.java:676)
	at org.springframework.web.servlet.mvc.method.AbstractHandlerMethodAdapter.handle(AbstractHandlerMethodAdapter.java:85)
	at org.springframework.web.servlet.DispatcherServlet.doDispatch(DispatcherServlet.java:938)
	at org.springframework.web.servlet.DispatcherServlet.doService(DispatcherServlet.java:870)
	at org.springframework.web.servlet.FrameworkServlet.processRequest(FrameworkServlet.java:961)
	at org.springframework.web.servlet.FrameworkServlet.doPost(FrameworkServlet.java:863)
	at javax.servlet.http.HttpServlet.service(HttpServlet.java:647)
	at org.springframework.web.servlet.FrameworkServlet.service(FrameworkServlet.java:837)
	at javax.servlet.http.HttpServlet.service(HttpServlet.java:728)
	at org.apache.catalina.core.ApplicationFilterChain.internalDoFilter(ApplicationFilterChain.java:305)
	at org.apache.catalina.core.ApplicationFilterChain.doFilter(ApplicationFilterChain.java:210)
	at org.apache.tomcat.websocket.server.WsFilter.doFilter(WsFilter.java:51)
	at org.apache.catalina.core.ApplicationFilterChain.internalDoFilter(ApplicationFilterChain.java:243)
	at org.apache.catalina.core.ApplicationFilterChain.doFilter(ApplicationFilterChain.java:210)
	at com.alibaba.druid.support.http.WebStatFilter.doFilter(WebStatFilter.java:123)
	at org.apache.catalina.core.ApplicationFilterChain.internalDoFilter(ApplicationFilterChain.java:243)
	at org.apache.catalina.core.ApplicationFilterChain.doFilter(ApplicationFilterChain.java:210)
	at org.jeecgframework.core.aop.GZipFilter.doFilter(GZipFilter.java:114)
	at org.apache.catalina.core.ApplicationFilterChain.internalDoFilter(ApplicationFilterChain.java:243)
	at org.apache.catalina.core.ApplicationFilterChain.doFilter(ApplicationFilterChain.java:210)
	at org.springframework.web.filter.CharacterEncodingFilter.doFilterInternal(CharacterEncodingFilter.java:88)
	at org.springframework.web.filter.OncePerRequestFilter.doFilter(OncePerRequestFilter.java:107)
	at org.apache.catalina.core.ApplicationFilterChain.internalDoFilter(ApplicationFilterChain.java:243)
	at org.apache.catalina.core.ApplicationFilterChain.doFilter(ApplicationFilterChain.java:210)
	at org.springframework.orm.hibernate4.support.OpenSessionInViewFilter.doFilterInternal(OpenSessionInViewFilter.java:150)
	at org.springframework.web.filter.OncePerRequestFilter.doFilter(OncePerRequestFilter.java:107)
	at org.apache.catalina.core.ApplicationFilterChain.internalDoFilter(ApplicationFilterChain.java:243)
	at org.apache.catalina.core.ApplicationFilterChain.doFilter(ApplicationFilterChain.java:210)
	at org.apache.catalina.core.StandardWrapperValve.invoke(StandardWrapperValve.java:222)
	at org.apache.catalina.core.StandardContextValve.invoke(StandardContextValve.java:123)
	at org.apache.catalina.authenticator.AuthenticatorBase.invoke(AuthenticatorBase.java:502)
	at org.apache.catalina.core.StandardHostValve.invoke(StandardHostValve.java:171)
	at org.apache.catalina.valves.ErrorReportValve.invoke(ErrorReportValve.java:100)
	at org.apache.catalina.valves.AccessLogValve.invoke(AccessLogValve.java:953)
	at org.apache.catalina.core.StandardEngineValve.invoke(StandardEngineValve.java:118)
	at org.apache.catalina.connector.CoyoteAdapter.service(CoyoteAdapter.java:408)
	at org.apache.coyote.http11.AbstractHttp11Processor.process(AbstractHttp11Processor.java:1041)
	at org.apache.coyote.AbstractProtocol$AbstractConnectionHandler.process(AbstractProtocol.java:603)
	at org.apache.tomcat.util.net.JIoEndpoint$SocketProcessor.run(JIoEndpoint.java:312)
	at java.util.concurrent.ThreadPoolExecutor.runWorker(ThreadPoolExecutor.java:1149)
	at java.util.concurrent.ThreadPoolExecutor$Worker.run(ThreadPoolExecutor.java:624)
	at java.lang.Thread.run(Thread.java:748)
ownerThread current state is WAITING, current stackTrace
	at sun.misc.Unsafe.park(Native Method)
	at java.util.concurrent.locks.LockSupport.park(LockSupport.java:175)
	at java.util.concurrent.locks.AbstractQueuedSynchronizer$ConditionObject.await(AbstractQueuedSynchronizer.java:2039)
	at java.util.concurrent.LinkedBlockingQueue.take(LinkedBlockingQueue.java:442)
	at org.apache.tomcat.util.threads.TaskQueue.take(TaskQueue.java:104)
	at org.apache.tomcat.util.threads.TaskQueue.take(TaskQueue.java:32)
	at java.util.concurrent.ThreadPoolExecutor.getTask(ThreadPoolExecutor.java:1074)
	at java.util.concurrent.ThreadPoolExecutor.runWorker(ThreadPoolExecutor.java:1134)
	at java.util.concurrent.ThreadPoolExecutor$Worker.run(ThreadPoolExecutor.java:624)
	at java.lang.Thread.run(Thread.java:748)

[2018-11-09 17:31:37] [ERROR] [com.alibaba.druid.pool.DruidDataSource:2664] abandon connection, owner thread: http-bio-8080-exec-7, connected at : 1541750777131, open stackTrace
	at java.lang.Thread.getStackTrace(Thread.java:1559)
	at com.alibaba.druid.pool.DruidDataSource.getConnectionDirect(DruidDataSource.java:1311)
	at com.alibaba.druid.filter.FilterChainImpl.dataSource_connect(FilterChainImpl.java:4619)
	at com.alibaba.druid.filter.stat.StatFilter.dataSource_getConnection(StatFilter.java:680)
	at com.alibaba.druid.filter.FilterChainImpl.dataSource_connect(FilterChainImpl.java:4615)
	at com.alibaba.druid.pool.DruidDataSource.getConnection(DruidDataSource.java:1231)
	at com.alibaba.druid.pool.DruidDataSource.getConnection(DruidDataSource.java:1223)
	at com.alibaba.druid.pool.DruidDataSource.getConnection(DruidDataSource.java:90)
	at org.springframework.jdbc.datasource.lookup.AbstractRoutingDataSource.getConnection(AbstractRoutingDataSource.java:164)
	at org.jeecgframework.web.cgform.service.impl.config.util.DbTableProcess.getColumnMetadataFormDataBase(DbTableProcess.java:198)
	at org.jeecgframework.web.cgform.service.impl.config.util.DbTableProcess.updateTable(DbTableProcess.java:78)
	at org.jeecgframework.web.cgform.service.impl.config.CgFormFieldServiceImpl.dbSynch(CgFormFieldServiceImpl.java:226)
	at sun.reflect.NativeMethodAccessorImpl.invoke0(Native Method)
	at sun.reflect.NativeMethodAccessorImpl.invoke(NativeMethodAccessorImpl.java:62)
	at sun.reflect.DelegatingMethodAccessorImpl.invoke(DelegatingMethodAccessorImpl.java:43)
	at java.lang.reflect.Method.invoke(Method.java:498)
	at org.springframework.aop.support.AopUtils.invokeJoinpointUsingReflection(AopUtils.java:317)
	at org.springframework.aop.framework.ReflectiveMethodInvocation.invokeJoinpoint(ReflectiveMethodInvocation.java:190)
	at org.springframework.aop.framework.ReflectiveMethodInvocation.proceed(ReflectiveMethodInvocation.java:157)
	at org.springframework.transaction.interceptor.TransactionInterceptor$1.proceedWithInvocation(TransactionInterceptor.java:98)
	at org.springframework.transaction.interceptor.TransactionAspectSupport.invokeWithinTransaction(TransactionAspectSupport.java:262)
	at org.springframework.transaction.interceptor.TransactionInterceptor.invoke(TransactionInterceptor.java:95)
	at org.springframework.aop.framework.ReflectiveMethodInvocation.proceed(ReflectiveMethodInvocation.java:179)
	at org.springframework.aop.framework.JdkDynamicAopProxy.invoke(JdkDynamicAopProxy.java:207)
	at com.sun.proxy.$Proxy117.dbSynch(Unknown Source)
	at org.jeecgframework.web.cgform.controller.config.CgFormHeadController.doDbSynch(CgFormHeadController.java:281)
	at sun.reflect.NativeMethodAccessorImpl.invoke0(Native Method)
	at sun.reflect.NativeMethodAccessorImpl.invoke(NativeMethodAccessorImpl.java:62)
	at sun.reflect.DelegatingMethodAccessorImpl.invoke(DelegatingMethodAccessorImpl.java:43)
	at java.lang.reflect.Method.invoke(Method.java:498)
	at org.springframework.web.method.support.InvocableHandlerMethod.doInvoke(InvocableHandlerMethod.java:221)
	at org.springframework.web.method.support.InvocableHandlerMethod.invokeForRequest(InvocableHandlerMethod.java:137)
	at org.springframework.web.servlet.mvc.method.annotation.ServletInvocableHandlerMethod.invokeAndHandle(ServletInvocableHandlerMethod.java:104)
	at org.springframework.web.servlet.mvc.method.annotation.RequestMappingHandlerAdapter.invokeHandleMethod(RequestMappingHandlerAdapter.java:747)
	at org.springframework.web.servlet.mvc.method.annotation.RequestMappingHandlerAdapter.handleInternal(RequestMappingHandlerAdapter.java:676)
	at org.springframework.web.servlet.mvc.method.AbstractHandlerMethodAdapter.handle(AbstractHandlerMethodAdapter.java:85)
	at org.springframework.web.servlet.DispatcherServlet.doDispatch(DispatcherServlet.java:938)
	at org.springframework.web.servlet.DispatcherServlet.doService(DispatcherServlet.java:870)
	at org.springframework.web.servlet.FrameworkServlet.processRequest(FrameworkServlet.java:961)
	at org.springframework.web.servlet.FrameworkServlet.doPost(FrameworkServlet.java:863)
	at javax.servlet.http.HttpServlet.service(HttpServlet.java:647)
	at org.springframework.web.servlet.FrameworkServlet.service(FrameworkServlet.java:837)
	at javax.servlet.http.HttpServlet.service(HttpServlet.java:728)
	at org.apache.catalina.core.ApplicationFilterChain.internalDoFilter(ApplicationFilterChain.java:305)
	at org.apache.catalina.core.ApplicationFilterChain.doFilter(ApplicationFilterChain.java:210)
	at org.apache.tomcat.websocket.server.WsFilter.doFilter(WsFilter.java:51)
	at org.apache.catalina.core.ApplicationFilterChain.internalDoFilter(ApplicationFilterChain.java:243)
	at org.apache.catalina.core.ApplicationFilterChain.doFilter(ApplicationFilterChain.java:210)
	at com.alibaba.druid.support.http.WebStatFilter.doFilter(WebStatFilter.java:123)
	at org.apache.catalina.core.ApplicationFilterChain.internalDoFilter(ApplicationFilterChain.java:243)
	at org.apache.catalina.core.ApplicationFilterChain.doFilter(ApplicationFilterChain.java:210)
	at org.jeecgframework.core.aop.GZipFilter.doFilter(GZipFilter.java:114)
	at org.apache.catalina.core.ApplicationFilterChain.internalDoFilter(ApplicationFilterChain.java:243)
	at org.apache.catalina.core.ApplicationFilterChain.doFilter(ApplicationFilterChain.java:210)
	at org.springframework.web.filter.CharacterEncodingFilter.doFilterInternal(CharacterEncodingFilter.java:88)
	at org.springframework.web.filter.OncePerRequestFilter.doFilter(OncePerRequestFilter.java:107)
	at org.apache.catalina.core.ApplicationFilterChain.internalDoFilter(ApplicationFilterChain.java:243)
	at org.apache.catalina.core.ApplicationFilterChain.doFilter(ApplicationFilterChain.java:210)
	at org.springframework.orm.hibernate4.support.OpenSessionInViewFilter.doFilterInternal(OpenSessionInViewFilter.java:150)
	at org.springframework.web.filter.OncePerRequestFilter.doFilter(OncePerRequestFilter.java:107)
	at org.apache.catalina.core.ApplicationFilterChain.internalDoFilter(ApplicationFilterChain.java:243)
	at org.apache.catalina.core.ApplicationFilterChain.doFilter(ApplicationFilterChain.java:210)
	at org.apache.catalina.core.StandardWrapperValve.invoke(StandardWrapperValve.java:222)
	at org.apache.catalina.core.StandardContextValve.invoke(StandardContextValve.java:123)
	at org.apache.catalina.authenticator.AuthenticatorBase.invoke(AuthenticatorBase.java:502)
	at org.apache.catalina.core.StandardHostValve.invoke(StandardHostValve.java:171)
	at org.apache.catalina.valves.ErrorReportValve.invoke(ErrorReportValve.java:100)
	at org.apache.catalina.valves.AccessLogValve.invoke(AccessLogValve.java:953)
	at org.apache.catalina.core.StandardEngineValve.invoke(StandardEngineValve.java:118)
	at org.apache.catalina.connector.CoyoteAdapter.service(CoyoteAdapter.java:408)
	at org.apache.coyote.http11.AbstractHttp11Processor.process(AbstractHttp11Processor.java:1041)
	at org.apache.coyote.AbstractProtocol$AbstractConnectionHandler.process(AbstractProtocol.java:603)
	at org.apache.tomcat.util.net.JIoEndpoint$SocketProcessor.run(JIoEndpoint.java:312)
	at java.util.concurrent.ThreadPoolExecutor.runWorker(ThreadPoolExecutor.java:1149)
	at java.util.concurrent.ThreadPoolExecutor$Worker.run(ThreadPoolExecutor.java:624)
	at java.lang.Thread.run(Thread.java:748)
ownerThread current state is WAITING, current stackTrace
	at sun.misc.Unsafe.park(Native Method)
	at java.util.concurrent.locks.LockSupport.park(LockSupport.java:175)
	at java.util.concurrent.locks.AbstractQueuedSynchronizer$ConditionObject.await(AbstractQueuedSynchronizer.java:2039)
	at java.util.concurrent.LinkedBlockingQueue.take(LinkedBlockingQueue.java:442)
	at org.apache.tomcat.util.threads.TaskQueue.take(TaskQueue.java:104)
	at org.apache.tomcat.util.threads.TaskQueue.take(TaskQueue.java:32)
	at java.util.concurrent.ThreadPoolExecutor.getTask(ThreadPoolExecutor.java:1074)
	at java.util.concurrent.ThreadPoolExecutor.runWorker(ThreadPoolExecutor.java:1134)
	at java.util.concurrent.ThreadPoolExecutor$Worker.run(ThreadPoolExecutor.java:624)
	at java.lang.Thread.run(Thread.java:748)

[2018-11-09 17:31:37] [ERROR] [com.alibaba.druid.pool.DruidDataSource:2664] abandon connection, owner thread: http-bio-8080-exec-7, connected at : 1541751653366, open stackTrace
	at java.lang.Thread.getStackTrace(Thread.java:1559)
	at com.alibaba.druid.pool.DruidDataSource.getConnectionDirect(DruidDataSource.java:1311)
	at com.alibaba.druid.filter.FilterChainImpl.dataSource_connect(FilterChainImpl.java:4619)
	at com.alibaba.druid.filter.stat.StatFilter.dataSource_getConnection(StatFilter.java:680)
	at com.alibaba.druid.filter.FilterChainImpl.dataSource_connect(FilterChainImpl.java:4615)
	at com.alibaba.druid.pool.DruidDataSource.getConnection(DruidDataSource.java:1231)
	at com.alibaba.druid.pool.DruidDataSource.getConnection(DruidDataSource.java:1223)
	at com.alibaba.druid.pool.DruidDataSource.getConnection(DruidDataSource.java:90)
	at org.springframework.jdbc.datasource.lookup.AbstractRoutingDataSource.getConnection(AbstractRoutingDataSource.java:164)
	at org.jeecgframework.web.cgform.service.impl.config.util.DbTableProcess.getColumnMetadataFormDataBase(DbTableProcess.java:198)
	at org.jeecgframework.web.cgform.service.impl.config.util.DbTableProcess.updateTable(DbTableProcess.java:78)
	at org.jeecgframework.web.cgform.service.impl.config.CgFormFieldServiceImpl.dbSynch(CgFormFieldServiceImpl.java:226)
	at sun.reflect.NativeMethodAccessorImpl.invoke0(Native Method)
	at sun.reflect.NativeMethodAccessorImpl.invoke(NativeMethodAccessorImpl.java:62)
	at sun.reflect.DelegatingMethodAccessorImpl.invoke(DelegatingMethodAccessorImpl.java:43)
	at java.lang.reflect.Method.invoke(Method.java:498)
	at org.springframework.aop.support.AopUtils.invokeJoinpointUsingReflection(AopUtils.java:317)
	at org.springframework.aop.framework.ReflectiveMethodInvocation.invokeJoinpoint(ReflectiveMethodInvocation.java:190)
	at org.springframework.aop.framework.ReflectiveMethodInvocation.proceed(ReflectiveMethodInvocation.java:157)
	at org.springframework.transaction.interceptor.TransactionInterceptor$1.proceedWithInvocation(TransactionInterceptor.java:98)
	at org.springframework.transaction.interceptor.TransactionAspectSupport.invokeWithinTransaction(TransactionAspectSupport.java:262)
	at org.springframework.transaction.interceptor.TransactionInterceptor.invoke(TransactionInterceptor.java:95)
	at org.springframework.aop.framework.ReflectiveMethodInvocation.proceed(ReflectiveMethodInvocation.java:179)
	at org.springframework.aop.framework.JdkDynamicAopProxy.invoke(JdkDynamicAopProxy.java:207)
	at com.sun.proxy.$Proxy117.dbSynch(Unknown Source)
	at org.jeecgframework.web.cgform.controller.config.CgFormHeadController.doDbSynch(CgFormHeadController.java:281)
	at sun.reflect.NativeMethodAccessorImpl.invoke0(Native Method)
	at sun.reflect.NativeMethodAccessorImpl.invoke(NativeMethodAccessorImpl.java:62)
	at sun.reflect.DelegatingMethodAccessorImpl.invoke(DelegatingMethodAccessorImpl.java:43)
	at java.lang.reflect.Method.invoke(Method.java:498)
	at org.springframework.web.method.support.InvocableHandlerMethod.doInvoke(InvocableHandlerMethod.java:221)
	at org.springframework.web.method.support.InvocableHandlerMethod.invokeForRequest(InvocableHandlerMethod.java:137)
	at org.springframework.web.servlet.mvc.method.annotation.ServletInvocableHandlerMethod.invokeAndHandle(ServletInvocableHandlerMethod.java:104)
	at org.springframework.web.servlet.mvc.method.annotation.RequestMappingHandlerAdapter.invokeHandleMethod(RequestMappingHandlerAdapter.java:747)
	at org.springframework.web.servlet.mvc.method.annotation.RequestMappingHandlerAdapter.handleInternal(RequestMappingHandlerAdapter.java:676)
	at org.springframework.web.servlet.mvc.method.AbstractHandlerMethodAdapter.handle(AbstractHandlerMethodAdapter.java:85)
	at org.springframework.web.servlet.DispatcherServlet.doDispatch(DispatcherServlet.java:938)
	at org.springframework.web.servlet.DispatcherServlet.doService(DispatcherServlet.java:870)
	at org.springframework.web.servlet.FrameworkServlet.processRequest(FrameworkServlet.java:961)
	at org.springframework.web.servlet.FrameworkServlet.doPost(FrameworkServlet.java:863)
	at javax.servlet.http.HttpServlet.service(HttpServlet.java:647)
	at org.springframework.web.servlet.FrameworkServlet.service(FrameworkServlet.java:837)
	at javax.servlet.http.HttpServlet.service(HttpServlet.java:728)
	at org.apache.catalina.core.ApplicationFilterChain.internalDoFilter(ApplicationFilterChain.java:305)
	at org.apache.catalina.core.ApplicationFilterChain.doFilter(ApplicationFilterChain.java:210)
	at org.apache.tomcat.websocket.server.WsFilter.doFilter(WsFilter.java:51)
	at org.apache.catalina.core.ApplicationFilterChain.internalDoFilter(ApplicationFilterChain.java:243)
	at org.apache.catalina.core.ApplicationFilterChain.doFilter(ApplicationFilterChain.java:210)
	at com.alibaba.druid.support.http.WebStatFilter.doFilter(WebStatFilter.java:123)
	at org.apache.catalina.core.ApplicationFilterChain.internalDoFilter(ApplicationFilterChain.java:243)
	at org.apache.catalina.core.ApplicationFilterChain.doFilter(ApplicationFilterChain.java:210)
	at org.jeecgframework.core.aop.GZipFilter.doFilter(GZipFilter.java:114)
	at org.apache.catalina.core.ApplicationFilterChain.internalDoFilter(ApplicationFilterChain.java:243)
	at org.apache.catalina.core.ApplicationFilterChain.doFilter(ApplicationFilterChain.java:210)
	at org.springframework.web.filter.CharacterEncodingFilter.doFilterInternal(CharacterEncodingFilter.java:88)
	at org.springframework.web.filter.OncePerRequestFilter.doFilter(OncePerRequestFilter.java:107)
	at org.apache.catalina.core.ApplicationFilterChain.internalDoFilter(ApplicationFilterChain.java:243)
	at org.apache.catalina.core.ApplicationFilterChain.doFilter(ApplicationFilterChain.java:210)
	at org.springframework.orm.hibernate4.support.OpenSessionInViewFilter.doFilterInternal(OpenSessionInViewFilter.java:150)
	at org.springframework.web.filter.OncePerRequestFilter.doFilter(OncePerRequestFilter.java:107)
	at org.apache.catalina.core.ApplicationFilterChain.internalDoFilter(ApplicationFilterChain.java:243)
	at org.apache.catalina.core.ApplicationFilterChain.doFilter(ApplicationFilterChain.java:210)
	at org.apache.catalina.core.StandardWrapperValve.invoke(StandardWrapperValve.java:222)
	at org.apache.catalina.core.StandardContextValve.invoke(StandardContextValve.java:123)
	at org.apache.catalina.authenticator.AuthenticatorBase.invoke(AuthenticatorBase.java:502)
	at org.apache.catalina.core.StandardHostValve.invoke(StandardHostValve.java:171)
	at org.apache.catalina.valves.ErrorReportValve.invoke(ErrorReportValve.java:100)
	at org.apache.catalina.valves.AccessLogValve.invoke(AccessLogValve.java:953)
	at org.apache.catalina.core.StandardEngineValve.invoke(StandardEngineValve.java:118)
	at org.apache.catalina.connector.CoyoteAdapter.service(CoyoteAdapter.java:408)
	at org.apache.coyote.http11.AbstractHttp11Processor.process(AbstractHttp11Processor.java:1041)
	at org.apache.coyote.AbstractProtocol$AbstractConnectionHandler.process(AbstractProtocol.java:603)
	at org.apache.tomcat.util.net.JIoEndpoint$SocketProcessor.run(JIoEndpoint.java:312)
	at java.util.concurrent.ThreadPoolExecutor.runWorker(ThreadPoolExecutor.java:1149)
	at java.util.concurrent.ThreadPoolExecutor$Worker.run(ThreadPoolExecutor.java:624)
	at java.lang.Thread.run(Thread.java:748)
ownerThread current state is WAITING, current stackTrace
	at sun.misc.Unsafe.park(Native Method)
	at java.util.concurrent.locks.LockSupport.park(LockSupport.java:175)
	at java.util.concurrent.locks.AbstractQueuedSynchronizer$ConditionObject.await(AbstractQueuedSynchronizer.java:2039)
	at java.util.concurrent.LinkedBlockingQueue.take(LinkedBlockingQueue.java:442)
	at org.apache.tomcat.util.threads.TaskQueue.take(TaskQueue.java:104)
	at org.apache.tomcat.util.threads.TaskQueue.take(TaskQueue.java:32)
	at java.util.concurrent.ThreadPoolExecutor.getTask(ThreadPoolExecutor.java:1074)
	at java.util.concurrent.ThreadPoolExecutor.runWorker(ThreadPoolExecutor.java:1134)
	at java.util.concurrent.ThreadPoolExecutor$Worker.run(ThreadPoolExecutor.java:624)
	at java.lang.Thread.run(Thread.java:748)

[2018-11-09 17:31:37] [ERROR] [com.alibaba.druid.pool.DruidDataSource:2664] abandon connection, owner thread: http-bio-8080-exec-9, connected at : 1541750743968, open stackTrace
	at java.lang.Thread.getStackTrace(Thread.java:1559)
	at com.alibaba.druid.pool.DruidDataSource.getConnectionDirect(DruidDataSource.java:1311)
	at com.alibaba.druid.filter.FilterChainImpl.dataSource_connect(FilterChainImpl.java:4619)
	at com.alibaba.druid.filter.stat.StatFilter.dataSource_getConnection(StatFilter.java:680)
	at com.alibaba.druid.filter.FilterChainImpl.dataSource_connect(FilterChainImpl.java:4615)
	at com.alibaba.druid.pool.DruidDataSource.getConnection(DruidDataSource.java:1231)
	at com.alibaba.druid.pool.DruidDataSource.getConnection(DruidDataSource.java:1223)
	at com.alibaba.druid.pool.DruidDataSource.getConnection(DruidDataSource.java:90)
	at org.springframework.jdbc.datasource.lookup.AbstractRoutingDataSource.getConnection(AbstractRoutingDataSource.java:164)
	at org.jeecgframework.web.cgform.service.impl.config.util.DbTableProcess.createTable(DbTableProcess.java:161)
	at org.jeecgframework.web.cgform.service.impl.config.util.DbTableProcess.createOrDropTable(DbTableProcess.java:53)
	at org.jeecgframework.web.cgform.service.impl.config.CgFormFieldServiceImpl.dbSynch(CgFormFieldServiceImpl.java:235)
	at sun.reflect.NativeMethodAccessorImpl.invoke0(Native Method)
	at sun.reflect.NativeMethodAccessorImpl.invoke(NativeMethodAccessorImpl.java:62)
	at sun.reflect.DelegatingMethodAccessorImpl.invoke(DelegatingMethodAccessorImpl.java:43)
	at java.lang.reflect.Method.invoke(Method.java:498)
	at org.springframework.aop.support.AopUtils.invokeJoinpointUsingReflection(AopUtils.java:317)
	at org.springframework.aop.framework.ReflectiveMethodInvocation.invokeJoinpoint(ReflectiveMethodInvocation.java:190)
	at org.springframework.aop.framework.ReflectiveMethodInvocation.proceed(ReflectiveMethodInvocation.java:157)
	at org.springframework.transaction.interceptor.TransactionInterceptor$1.proceedWithInvocation(TransactionInterceptor.java:98)
	at org.springframework.transaction.interceptor.TransactionAspectSupport.invokeWithinTransaction(TransactionAspectSupport.java:262)
	at org.springframework.transaction.interceptor.TransactionInterceptor.invoke(TransactionInterceptor.java:95)
	at org.springframework.aop.framework.ReflectiveMethodInvocation.proceed(ReflectiveMethodInvocation.java:179)
	at org.springframework.aop.framework.JdkDynamicAopProxy.invoke(JdkDynamicAopProxy.java:207)
	at com.sun.proxy.$Proxy117.dbSynch(Unknown Source)
	at org.jeecgframework.web.cgform.controller.config.CgFormHeadController.doDbSynch(CgFormHeadController.java:281)
	at sun.reflect.NativeMethodAccessorImpl.invoke0(Native Method)
	at sun.reflect.NativeMethodAccessorImpl.invoke(NativeMethodAccessorImpl.java:62)
	at sun.reflect.DelegatingMethodAccessorImpl.invoke(DelegatingMethodAccessorImpl.java:43)
	at java.lang.reflect.Method.invoke(Method.java:498)
	at org.springframework.web.method.support.InvocableHandlerMethod.doInvoke(InvocableHandlerMethod.java:221)
	at org.springframework.web.method.support.InvocableHandlerMethod.invokeForRequest(InvocableHandlerMethod.java:137)
	at org.springframework.web.servlet.mvc.method.annotation.ServletInvocableHandlerMethod.invokeAndHandle(ServletInvocableHandlerMethod.java:104)
	at org.springframework.web.servlet.mvc.method.annotation.RequestMappingHandlerAdapter.invokeHandleMethod(RequestMappingHandlerAdapter.java:747)
	at org.springframework.web.servlet.mvc.method.annotation.RequestMappingHandlerAdapter.handleInternal(RequestMappingHandlerAdapter.java:676)
	at org.springframework.web.servlet.mvc.method.AbstractHandlerMethodAdapter.handle(AbstractHandlerMethodAdapter.java:85)
	at org.springframework.web.servlet.DispatcherServlet.doDispatch(DispatcherServlet.java:938)
	at org.springframework.web.servlet.DispatcherServlet.doService(DispatcherServlet.java:870)
	at org.springframework.web.servlet.FrameworkServlet.processRequest(FrameworkServlet.java:961)
	at org.springframework.web.servlet.FrameworkServlet.doPost(FrameworkServlet.java:863)
	at javax.servlet.http.HttpServlet.service(HttpServlet.java:647)
	at org.springframework.web.servlet.FrameworkServlet.service(FrameworkServlet.java:837)
	at javax.servlet.http.HttpServlet.service(HttpServlet.java:728)
	at org.apache.catalina.core.ApplicationFilterChain.internalDoFilter(ApplicationFilterChain.java:305)
	at org.apache.catalina.core.ApplicationFilterChain.doFilter(ApplicationFilterChain.java:210)
	at org.apache.tomcat.websocket.server.WsFilter.doFilter(WsFilter.java:51)
	at org.apache.catalina.core.ApplicationFilterChain.internalDoFilter(ApplicationFilterChain.java:243)
	at org.apache.catalina.core.ApplicationFilterChain.doFilter(ApplicationFilterChain.java:210)
	at com.alibaba.druid.support.http.WebStatFilter.doFilter(WebStatFilter.java:123)
	at org.apache.catalina.core.ApplicationFilterChain.internalDoFilter(ApplicationFilterChain.java:243)
	at org.apache.catalina.core.ApplicationFilterChain.doFilter(ApplicationFilterChain.java:210)
	at org.jeecgframework.core.aop.GZipFilter.doFilter(GZipFilter.java:114)
	at org.apache.catalina.core.ApplicationFilterChain.internalDoFilter(ApplicationFilterChain.java:243)
	at org.apache.catalina.core.ApplicationFilterChain.doFilter(ApplicationFilterChain.java:210)
	at org.springframework.web.filter.CharacterEncodingFilter.doFilterInternal(CharacterEncodingFilter.java:88)
	at org.springframework.web.filter.OncePerRequestFilter.doFilter(OncePerRequestFilter.java:107)
	at org.apache.catalina.core.ApplicationFilterChain.internalDoFilter(ApplicationFilterChain.java:243)
	at org.apache.catalina.core.ApplicationFilterChain.doFilter(ApplicationFilterChain.java:210)
	at org.springframework.orm.hibernate4.support.OpenSessionInViewFilter.doFilterInternal(OpenSessionInViewFilter.java:150)
	at org.springframework.web.filter.OncePerRequestFilter.doFilter(OncePerRequestFilter.java:107)
	at org.apache.catalina.core.ApplicationFilterChain.internalDoFilter(ApplicationFilterChain.java:243)
	at org.apache.catalina.core.ApplicationFilterChain.doFilter(ApplicationFilterChain.java:210)
	at org.apache.catalina.core.StandardWrapperValve.invoke(StandardWrapperValve.java:222)
	at org.apache.catalina.core.StandardContextValve.invoke(StandardContextValve.java:123)
	at org.apache.catalina.authenticator.AuthenticatorBase.invoke(AuthenticatorBase.java:502)
	at org.apache.catalina.core.StandardHostValve.invoke(StandardHostValve.java:171)
	at org.apache.catalina.valves.ErrorReportValve.invoke(ErrorReportValve.java:100)
	at org.apache.catalina.valves.AccessLogValve.invoke(AccessLogValve.java:953)
	at org.apache.catalina.core.StandardEngineValve.invoke(StandardEngineValve.java:118)
	at org.apache.catalina.connector.CoyoteAdapter.service(CoyoteAdapter.java:408)
	at org.apache.coyote.http11.AbstractHttp11Processor.process(AbstractHttp11Processor.java:1041)
	at org.apache.coyote.AbstractProtocol$AbstractConnectionHandler.process(AbstractProtocol.java:603)
	at org.apache.tomcat.util.net.JIoEndpoint$SocketProcessor.run(JIoEndpoint.java:312)
	at java.util.concurrent.ThreadPoolExecutor.runWorker(ThreadPoolExecutor.java:1149)
	at java.util.concurrent.ThreadPoolExecutor$Worker.run(ThreadPoolExecutor.java:624)
	at java.lang.Thread.run(Thread.java:748)
ownerThread current state is WAITING, current stackTrace
	at sun.misc.Unsafe.park(Native Method)
	at java.util.concurrent.locks.LockSupport.park(LockSupport.java:175)
	at java.util.concurrent.locks.AbstractQueuedSynchronizer$ConditionObject.await(AbstractQueuedSynchronizer.java:2039)
	at java.util.concurrent.LinkedBlockingQueue.take(LinkedBlockingQueue.java:442)
	at org.apache.tomcat.util.threads.TaskQueue.take(TaskQueue.java:104)
	at org.apache.tomcat.util.threads.TaskQueue.take(TaskQueue.java:32)
	at java.util.concurrent.ThreadPoolExecutor.getTask(ThreadPoolExecutor.java:1074)
	at java.util.concurrent.ThreadPoolExecutor.runWorker(ThreadPoolExecutor.java:1134)
	at java.util.concurrent.ThreadPoolExecutor$Worker.run(ThreadPoolExecutor.java:624)
	at java.lang.Thread.run(Thread.java:748)

