[2018-11-11 13:18:17] [INFO] [org.jeecgframework.minidao.factory.MiniDaoClassPathMapperScanner:48] register minidao name is { org.jeecgframework.web.cgdynamgraph.dao.core.CgDynamGraphDao }
[2018-11-11 13:18:17] [INFO] [org.jeecgframework.minidao.factory.MiniDaoClassPathMapperScanner:48] register minidao name is { org.jeecgframework.web.cgform.dao.config.CgFormFieldDao }
[2018-11-11 13:18:17] [INFO] [org.jeecgframework.minidao.factory.MiniDaoClassPathMapperScanner:48] register minidao name is { org.jeecgframework.web.cgform.dao.config.CgFormVersionDao }
[2018-11-11 13:18:17] [INFO] [org.jeecgframework.minidao.factory.MiniDaoClassPathMapperScanner:48] register minidao name is { org.jeecgframework.web.cgform.dao.upload.CgFormUploadDao }
[2018-11-11 13:18:17] [INFO] [org.jeecgframework.minidao.factory.MiniDaoClassPathMapperScanner:48] register minidao name is { org.jeecgframework.web.cgreport.dao.core.CgReportDao }
[2018-11-11 13:18:17] [INFO] [org.jeecgframework.minidao.factory.MiniDaoClassPathMapperScanner:48] register minidao name is { org.jeecgframework.web.system.dao.DepartAuthGroupDao }
[2018-11-11 13:18:17] [INFO] [org.jeecgframework.minidao.factory.MiniDaoClassPathMapperScanner:48] register minidao name is { org.jeecgframework.web.system.dao.JeecgDictDao }
[2018-11-11 13:18:17] [INFO] [org.jeecgframework.minidao.factory.MiniDaoClassPathMapperScanner:48] register minidao name is { com.jeecg.demo.dao.JeecgMinidaoDao }
[2018-11-11 13:18:17] [INFO] [org.jeecgframework.minidao.factory.MiniDaoClassPathMapperScanner:48] register minidao name is { com.jeecg.core.biz.mutiLang.dao.P3MutiLangDao }
[2018-11-11 13:18:17] [INFO] [org.jeecgframework.minidao.factory.MiniDaoClassPathMapperScanner:48] register minidao name is { com.jeecg.core.biz.tag.select.dict.dao.TSTypeDao }
[2018-11-11 13:18:17] [INFO] [org.jeecgframework.minidao.factory.MiniDaoClassPathMapperScanner:48] register minidao name is { com.jeecg.core.biz.tag.select.table.dao.CustomTableDao }
[2018-11-11 13:18:17] [INFO] [org.jeecgframework.minidao.factory.MiniDaoClassPathMapperScanner:48] register minidao name is { com.jeecg.core.biz.dao.TSOperationDao }
[2018-11-11 13:18:17] [INFO] [org.jeecgframework.minidao.factory.MiniDaoClassPathMapperScanner:48] register minidao name is { com.jeecg.actInvite.dao.WxActInviteDao }
[2018-11-11 13:18:17] [INFO] [org.jeecgframework.minidao.factory.MiniDaoClassPathMapperScanner:48] register minidao name is { com.jeecg.auth.dao.JwSystemAuthDao }
[2018-11-11 13:18:17] [INFO] [org.jeecgframework.minidao.factory.MiniDaoClassPathMapperScanner:48] register minidao name is { com.jeecg.domo.order.dao.JpDemoOrderCustomDao }
[2018-11-11 13:18:17] [INFO] [org.jeecgframework.minidao.factory.MiniDaoClassPathMapperScanner:48] register minidao name is { com.jeecg.domo.order.dao.JpDemoOrderMainDao }
[2018-11-11 13:18:17] [INFO] [org.jeecgframework.minidao.factory.MiniDaoClassPathMapperScanner:48] register minidao name is { com.jeecg.domo.order.dao.JpDemoOrderProductDao }
[2018-11-11 13:18:17] [INFO] [org.jeecgframework.minidao.factory.MiniDaoClassPathMapperScanner:48] register minidao name is { com.jeecg.chat.dao.ChatMessageHistoryDao }
[2018-11-11 13:18:17] [INFO] [org.jeecgframework.minidao.factory.MiniDaoClassPathMapperScanner:48] register minidao name is { com.jeecg.chat.dao.ImDao }
[2018-11-11 13:18:17] [INFO] [org.jeecgframework.minidao.factory.MiniDaoClassPathMapperScanner:48] register minidao name is { com.jeecg.mail.dao.P3MailJformInnerMailAttachDao }
[2018-11-11 13:18:17] [INFO] [org.jeecgframework.minidao.factory.MiniDaoClassPathMapperScanner:48] register minidao name is { com.jeecg.mail.dao.P3MailJformInnerMailDao }
[2018-11-11 13:18:17] [INFO] [org.jeecgframework.minidao.factory.MiniDaoClassPathMapperScanner:48] register minidao name is { com.jeecg.mail.dao.P3MailJformInnerMailReceiverDao }
[2018-11-11 13:18:17] [INFO] [org.jeecgframework.minidao.factory.MiniDaoClassPathMapperScanner:48] register minidao name is { com.jeecg.mail.dao.P3MailTSBaseUserDao }
[2018-11-11 13:18:17] [INFO] [org.jeecgframework.minidao.factory.MiniDaoClassPathMapperScanner:48] register minidao name is { com.jeecg.mail.dao.P3MailTSUserDao }
[2018-11-11 13:18:18] [INFO] [com.alibaba.druid.pool.DruidDataSource:928] {dataSource-1} inited
[2018-11-11 13:18:19] [WARN] [org.hibernate.id.UUIDHexGenerator:59] HHH000409: Using org.hibernate.id.UUIDHexGenerator which does not generate IETF RFC 4122 compliant UUID values; consider using org.hibernate.id.UUIDGenerator instead
[2018-11-11 13:18:20] [WARN] [net.sf.ehcache.config.CacheConfiguration:698] Cache 'foreverCache' is set to eternal but also has TTI/TTL set.  To avoid this warning, clean up the config removing conflicting values of eternal, TTI and TTL. Effective configuration for Cache 'foreverCache' will be eternal='true', timeToIdleSeconds='0', timeToLiveSeconds='0'.
[2018-11-11 13:18:22] [INFO] [org.quartz.impl.StdSchedulerFactory:1208] Using default implementation for ThreadExecutor
[2018-11-11 13:18:22] [INFO] [org.quartz.core.SchedulerSignalerImpl:61] Initialized Scheduler Signaller of type: class org.quartz.core.SchedulerSignalerImpl
[2018-11-11 13:18:22] [INFO] [org.quartz.core.QuartzScheduler:229] Quartz Scheduler v.2.3.0 created.
[2018-11-11 13:18:22] [INFO] [org.quartz.simpl.RAMJobStore:155] RAMJobStore initialized.
[2018-11-11 13:18:22] [INFO] [org.quartz.core.QuartzScheduler:294] Scheduler meta-data: Quartz Scheduler (v2.3.0) 'schedulerFactory' with instanceId 'NON_CLUSTERED'
  Scheduler class: 'org.quartz.core.QuartzScheduler' - running locally.
  NOT STARTED.
  Currently in standby mode.
  Number of jobs executed: 0
  Using thread pool 'org.quartz.simpl.SimpleThreadPool' - with 10 threads.
  Using job-store 'org.quartz.simpl.RAMJobStore' - which does not support persistence. and is not clustered.

[2018-11-11 13:18:22] [INFO] [org.quartz.impl.StdSchedulerFactory:1362] Quartz scheduler 'schedulerFactory' initialized from an externally provided properties instance.
[2018-11-11 13:18:22] [INFO] [org.quartz.impl.StdSchedulerFactory:1366] Quartz scheduler version: 2.3.0
[2018-11-11 13:18:22] [INFO] [org.quartz.core.QuartzScheduler:2287] JobFactory set to: org.jeecgframework.web.system.sms.util.JQuartzJobFactory@262744e8
[2018-11-11 13:18:23] [INFO] [org.jeecgframework.core.timer.DynamicTask:252]  register time task class num is [0] 
[2018-11-11 13:18:24] [INFO] [org.jeecgframework.core.timer.DataBaseSchedulerFactoryBean:648] Starting Quartz Scheduler now
[2018-11-11 13:18:24] [INFO] [org.quartz.core.QuartzScheduler:547] Scheduler schedulerFactory_$_NON_CLUSTERED started.
[2018-11-11 13:18:24] [INFO] [org.jeecgframework.web.system.service.impl.SystemServiceImpl:180]   ------ 初始化字典组 【系统缓存】-----------typeGroupsList-----size: [43]
[2018-11-11 13:18:24] [INFO] [org.jeecgframework.web.system.service.impl.SystemServiceImpl:181]   ------ 初始化字典 【系统缓存】-----------typesList-----size: [43]
[2018-11-11 13:18:25] [INFO] [org.jeecgframework.web.system.service.impl.MutiLangServiceImpl:43]   ------ 初始化国际化语言【系统缓存】  ------ size: [1211] 
[2018-11-11 13:18:25] [INFO] [org.jeecgframework.web.system.service.impl.DynamicDataSourceServiceImpl:41]   ------ 初始化动态数据源配置【系统缓存】---------size: [2] 
[2018-11-11 13:19:34] [INFO] [org.jeecgframework.web.system.controller.core.LoginController:220]  >>>>>>>>>>>>>>>>>>>>>>>>>>  Login 用户登录成功，初始化Main首页用户信息  （Main 首页加载逻辑）  >>>>>>>>>>>>>>>>>>>>>>>>>>>>>>>>> 
[2018-11-11 13:19:35] [INFO] [org.jeecgframework.web.system.controller.core.LoginController:261] login 资源路径returnURL：null
[2018-11-11 13:19:37] [INFO] [com.jeecg.chat.web.WebSocket:250] 有新连接加入！当前在线人数为1
[2018-11-11 13:19:37] [INFO] [com.jeecg.chat.web.ImController:318] --通过流的方式获取文件异常--D:\upFiles\upload\files\20180715\qq_1531625977907.jpg (系统找不到指定的路径。)
[2018-11-11 13:31:13] [INFO] [org.jeecgframework.web.system.controller.core.LoginController:220]  >>>>>>>>>>>>>>>>>>>>>>>>>>  Login 用户登录成功，初始化Main首页用户信息  （Main 首页加载逻辑）  >>>>>>>>>>>>>>>>>>>>>>>>>>>>>>>>> 
[2018-11-11 13:31:13] [INFO] [org.jeecgframework.web.system.controller.core.LoginController:261] login 资源路径returnURL：null
[2018-11-11 13:31:14] [INFO] [com.jeecg.chat.web.WebSocket:250] 有新连接加入！当前在线人数为1
[2018-11-11 13:31:14] [INFO] [com.jeecg.chat.web.ImController:318] --通过流的方式获取文件异常--D:\upFiles\upload\files\20180715\qq_1531625977907.jpg (系统找不到指定的路径。)
[2018-11-11 13:31:14] [INFO] [com.jeecg.chat.web.ImController:318] --通过流的方式获取文件异常--D:\upFiles\upload\files\20180715\qq_1531625977907.jpg (系统找不到指定的路径。)
[2018-11-11 13:39:20] [INFO] [org.jeecgframework.web.system.controller.core.LoginController:220]  >>>>>>>>>>>>>>>>>>>>>>>>>>  Login 用户登录成功，初始化Main首页用户信息  （Main 首页加载逻辑）  >>>>>>>>>>>>>>>>>>>>>>>>>>>>>>>>> 
[2018-11-11 13:39:20] [INFO] [org.jeecgframework.web.system.controller.core.LoginController:261] login 资源路径returnURL：null
[2018-11-11 13:39:20] [INFO] [com.jeecg.chat.web.WebSocket:250] 发生错误
[2018-11-11 13:39:20] [INFO] [com.jeecg.chat.web.WebSocket:250] 当前在线用户：0
[2018-11-11 13:39:21] [INFO] [com.jeecg.chat.web.WebSocket:250] 有新连接加入！当前在线人数为1
[2018-11-11 13:39:21] [INFO] [com.jeecg.chat.web.ImController:318] --通过流的方式获取文件异常--D:\upFiles\upload\files\20180715\qq_1531625977907.jpg (系统找不到指定的路径。)
[2018-11-11 13:44:20] [INFO] [com.jeecg.chat.web.WebSocket:250] 发生错误
[2018-11-11 13:44:20] [INFO] [com.jeecg.chat.web.WebSocket:250] 当前在线用户：0
[2018-11-11 13:44:30] [INFO] [org.jeecgframework.web.system.controller.core.LoginController:220]  >>>>>>>>>>>>>>>>>>>>>>>>>>  Login 用户登录成功，初始化Main首页用户信息  （Main 首页加载逻辑）  >>>>>>>>>>>>>>>>>>>>>>>>>>>>>>>>> 
[2018-11-11 13:44:30] [INFO] [org.jeecgframework.web.system.controller.core.LoginController:261] login 资源路径returnURL：null
[2018-11-11 13:44:31] [INFO] [com.jeecg.chat.web.WebSocket:250] 有新连接加入！当前在线人数为1
[2018-11-11 13:44:31] [INFO] [com.jeecg.chat.web.ImController:318] --通过流的方式获取文件异常--D:\upFiles\upload\files\20180715\qq_1531625977907.jpg (系统找不到指定的路径。)
[2018-11-11 13:45:23] [INFO] [org.jeecgframework.web.system.controller.core.LoginController:220]  >>>>>>>>>>>>>>>>>>>>>>>>>>  Login 用户登录成功，初始化Main首页用户信息  （Main 首页加载逻辑）  >>>>>>>>>>>>>>>>>>>>>>>>>>>>>>>>> 
[2018-11-11 13:45:23] [INFO] [org.jeecgframework.web.system.controller.core.LoginController:261] login 资源路径returnURL：null
[2018-11-11 13:45:23] [INFO] [com.jeecg.chat.web.WebSocket:250] 当前在线用户：0
[2018-11-11 13:45:24] [INFO] [com.jeecg.chat.web.WebSocket:250] 有新连接加入！当前在线人数为1
[2018-11-11 13:45:24] [INFO] [com.jeecg.chat.web.ImController:318] --通过流的方式获取文件异常--D:\upFiles\upload\files\20180715\qq_1531625977907.jpg (系统找不到指定的路径。)
[2018-11-11 13:48:32] [INFO] [org.jeecgframework.web.system.controller.core.LoginController:220]  >>>>>>>>>>>>>>>>>>>>>>>>>>  Login 用户登录成功，初始化Main首页用户信息  （Main 首页加载逻辑）  >>>>>>>>>>>>>>>>>>>>>>>>>>>>>>>>> 
[2018-11-11 13:48:32] [INFO] [org.jeecgframework.web.system.controller.core.LoginController:261] login 资源路径returnURL：null
[2018-11-11 13:48:33] [INFO] [com.jeecg.chat.web.WebSocket:250] 当前在线用户：0
[2018-11-11 13:48:34] [INFO] [com.jeecg.chat.web.WebSocket:250] 有新连接加入！当前在线人数为1
[2018-11-11 13:48:34] [INFO] [com.jeecg.chat.web.ImController:318] --通过流的方式获取文件异常--D:\upFiles\upload\files\20180715\qq_1531625977907.jpg (系统找不到指定的路径。)
[2018-11-11 13:50:26] [INFO] [org.jeecgframework.web.system.controller.core.LoginController:220]  >>>>>>>>>>>>>>>>>>>>>>>>>>  Login 用户登录成功，初始化Main首页用户信息  （Main 首页加载逻辑）  >>>>>>>>>>>>>>>>>>>>>>>>>>>>>>>>> 
[2018-11-11 13:50:26] [INFO] [org.jeecgframework.web.system.controller.core.LoginController:261] login 资源路径returnURL：null
[2018-11-11 13:50:26] [INFO] [com.jeecg.chat.web.WebSocket:250] 当前在线用户：0
[2018-11-11 13:50:27] [INFO] [com.jeecg.chat.web.WebSocket:250] 有新连接加入！当前在线人数为1
[2018-11-11 13:50:27] [INFO] [com.jeecg.chat.web.ImController:318] --通过流的方式获取文件异常--D:\upFiles\upload\files\20180715\qq_1531625977907.jpg (系统找不到指定的路径。)
[2018-11-11 16:07:13] [INFO] [org.jeecgframework.minidao.factory.MiniDaoClassPathMapperScanner:48] register minidao name is { org.jeecgframework.web.cgdynamgraph.dao.core.CgDynamGraphDao }
[2018-11-11 16:07:13] [INFO] [org.jeecgframework.minidao.factory.MiniDaoClassPathMapperScanner:48] register minidao name is { org.jeecgframework.web.cgform.dao.config.CgFormFieldDao }
[2018-11-11 16:07:13] [INFO] [org.jeecgframework.minidao.factory.MiniDaoClassPathMapperScanner:48] register minidao name is { org.jeecgframework.web.cgform.dao.config.CgFormVersionDao }
[2018-11-11 16:07:13] [INFO] [org.jeecgframework.minidao.factory.MiniDaoClassPathMapperScanner:48] register minidao name is { org.jeecgframework.web.cgform.dao.upload.CgFormUploadDao }
[2018-11-11 16:07:13] [INFO] [org.jeecgframework.minidao.factory.MiniDaoClassPathMapperScanner:48] register minidao name is { org.jeecgframework.web.cgreport.dao.core.CgReportDao }
[2018-11-11 16:07:13] [INFO] [org.jeecgframework.minidao.factory.MiniDaoClassPathMapperScanner:48] register minidao name is { org.jeecgframework.web.system.dao.DepartAuthGroupDao }
[2018-11-11 16:07:13] [INFO] [org.jeecgframework.minidao.factory.MiniDaoClassPathMapperScanner:48] register minidao name is { org.jeecgframework.web.system.dao.JeecgDictDao }
[2018-11-11 16:07:13] [INFO] [org.jeecgframework.minidao.factory.MiniDaoClassPathMapperScanner:48] register minidao name is { com.jeecg.demo.dao.JeecgMinidaoDao }
[2018-11-11 16:07:13] [INFO] [org.jeecgframework.minidao.factory.MiniDaoClassPathMapperScanner:48] register minidao name is { com.jeecg.core.biz.mutiLang.dao.P3MutiLangDao }
[2018-11-11 16:07:13] [INFO] [org.jeecgframework.minidao.factory.MiniDaoClassPathMapperScanner:48] register minidao name is { com.jeecg.core.biz.tag.select.dict.dao.TSTypeDao }
[2018-11-11 16:07:13] [INFO] [org.jeecgframework.minidao.factory.MiniDaoClassPathMapperScanner:48] register minidao name is { com.jeecg.core.biz.tag.select.table.dao.CustomTableDao }
[2018-11-11 16:07:13] [INFO] [org.jeecgframework.minidao.factory.MiniDaoClassPathMapperScanner:48] register minidao name is { com.jeecg.core.biz.dao.TSOperationDao }
[2018-11-11 16:07:13] [INFO] [org.jeecgframework.minidao.factory.MiniDaoClassPathMapperScanner:48] register minidao name is { com.jeecg.actInvite.dao.WxActInviteDao }
[2018-11-11 16:07:13] [INFO] [org.jeecgframework.minidao.factory.MiniDaoClassPathMapperScanner:48] register minidao name is { com.jeecg.auth.dao.JwSystemAuthDao }
[2018-11-11 16:07:13] [INFO] [org.jeecgframework.minidao.factory.MiniDaoClassPathMapperScanner:48] register minidao name is { com.jeecg.domo.order.dao.JpDemoOrderCustomDao }
[2018-11-11 16:07:13] [INFO] [org.jeecgframework.minidao.factory.MiniDaoClassPathMapperScanner:48] register minidao name is { com.jeecg.domo.order.dao.JpDemoOrderMainDao }
[2018-11-11 16:07:13] [INFO] [org.jeecgframework.minidao.factory.MiniDaoClassPathMapperScanner:48] register minidao name is { com.jeecg.domo.order.dao.JpDemoOrderProductDao }
[2018-11-11 16:07:13] [INFO] [org.jeecgframework.minidao.factory.MiniDaoClassPathMapperScanner:48] register minidao name is { com.jeecg.chat.dao.ChatMessageHistoryDao }
[2018-11-11 16:07:13] [INFO] [org.jeecgframework.minidao.factory.MiniDaoClassPathMapperScanner:48] register minidao name is { com.jeecg.chat.dao.ImDao }
[2018-11-11 16:07:13] [INFO] [org.jeecgframework.minidao.factory.MiniDaoClassPathMapperScanner:48] register minidao name is { com.jeecg.mail.dao.P3MailJformInnerMailAttachDao }
[2018-11-11 16:07:13] [INFO] [org.jeecgframework.minidao.factory.MiniDaoClassPathMapperScanner:48] register minidao name is { com.jeecg.mail.dao.P3MailJformInnerMailDao }
[2018-11-11 16:07:13] [INFO] [org.jeecgframework.minidao.factory.MiniDaoClassPathMapperScanner:48] register minidao name is { com.jeecg.mail.dao.P3MailJformInnerMailReceiverDao }
[2018-11-11 16:07:13] [INFO] [org.jeecgframework.minidao.factory.MiniDaoClassPathMapperScanner:48] register minidao name is { com.jeecg.mail.dao.P3MailTSBaseUserDao }
[2018-11-11 16:07:13] [INFO] [org.jeecgframework.minidao.factory.MiniDaoClassPathMapperScanner:48] register minidao name is { com.jeecg.mail.dao.P3MailTSUserDao }
[2018-11-11 16:07:15] [INFO] [com.alibaba.druid.pool.DruidDataSource:928] {dataSource-1} inited
[2018-11-11 16:07:19] [WARN] [org.hibernate.id.UUIDHexGenerator:59] HHH000409: Using org.hibernate.id.UUIDHexGenerator which does not generate IETF RFC 4122 compliant UUID values; consider using org.hibernate.id.UUIDGenerator instead
[2018-11-11 16:07:21] [WARN] [net.sf.ehcache.config.CacheConfiguration:698] Cache 'foreverCache' is set to eternal but also has TTI/TTL set.  To avoid this warning, clean up the config removing conflicting values of eternal, TTI and TTL. Effective configuration for Cache 'foreverCache' will be eternal='true', timeToIdleSeconds='0', timeToLiveSeconds='0'.
[2018-11-11 16:07:25] [INFO] [org.quartz.impl.StdSchedulerFactory:1208] Using default implementation for ThreadExecutor
[2018-11-11 16:07:25] [INFO] [org.quartz.core.SchedulerSignalerImpl:61] Initialized Scheduler Signaller of type: class org.quartz.core.SchedulerSignalerImpl
[2018-11-11 16:07:25] [INFO] [org.quartz.core.QuartzScheduler:229] Quartz Scheduler v.2.3.0 created.
[2018-11-11 16:07:25] [INFO] [org.quartz.simpl.RAMJobStore:155] RAMJobStore initialized.
[2018-11-11 16:07:25] [INFO] [org.quartz.core.QuartzScheduler:294] Scheduler meta-data: Quartz Scheduler (v2.3.0) 'schedulerFactory' with instanceId 'NON_CLUSTERED'
  Scheduler class: 'org.quartz.core.QuartzScheduler' - running locally.
  NOT STARTED.
  Currently in standby mode.
  Number of jobs executed: 0
  Using thread pool 'org.quartz.simpl.SimpleThreadPool' - with 10 threads.
  Using job-store 'org.quartz.simpl.RAMJobStore' - which does not support persistence. and is not clustered.

[2018-11-11 16:07:25] [INFO] [org.quartz.impl.StdSchedulerFactory:1362] Quartz scheduler 'schedulerFactory' initialized from an externally provided properties instance.
[2018-11-11 16:07:25] [INFO] [org.quartz.impl.StdSchedulerFactory:1366] Quartz scheduler version: 2.3.0
[2018-11-11 16:07:25] [INFO] [org.quartz.core.QuartzScheduler:2287] JobFactory set to: org.jeecgframework.web.system.sms.util.JQuartzJobFactory@12048f9e
[2018-11-11 16:07:27] [INFO] [org.jeecgframework.core.timer.DynamicTask:252]  register time task class num is [0] 
[2018-11-11 16:07:31] [INFO] [org.jeecgframework.core.timer.DataBaseSchedulerFactoryBean:648] Starting Quartz Scheduler now
[2018-11-11 16:07:31] [INFO] [org.quartz.core.QuartzScheduler:547] Scheduler schedulerFactory_$_NON_CLUSTERED started.
[2018-11-11 16:07:31] [INFO] [org.jeecgframework.web.system.service.impl.SystemServiceImpl:180]   ------ 初始化字典组 【系统缓存】-----------typeGroupsList-----size: [43]
[2018-11-11 16:07:31] [INFO] [org.jeecgframework.web.system.service.impl.SystemServiceImpl:181]   ------ 初始化字典 【系统缓存】-----------typesList-----size: [43]
[2018-11-11 16:07:31] [INFO] [org.jeecgframework.web.system.service.impl.MutiLangServiceImpl:43]   ------ 初始化国际化语言【系统缓存】  ------ size: [1211] 
[2018-11-11 16:07:31] [INFO] [org.jeecgframework.web.system.service.impl.DynamicDataSourceServiceImpl:41]   ------ 初始化动态数据源配置【系统缓存】---------size: [2] 
[2018-11-11 16:07:56] [INFO] [org.jeecgframework.web.system.controller.core.LoginController:220]  >>>>>>>>>>>>>>>>>>>>>>>>>>  Login 用户登录成功，初始化Main首页用户信息  （Main 首页加载逻辑）  >>>>>>>>>>>>>>>>>>>>>>>>>>>>>>>>> 
[2018-11-11 16:07:57] [INFO] [org.jeecgframework.web.system.controller.core.LoginController:261] login 资源路径returnURL：null
[2018-11-11 16:07:59] [INFO] [com.jeecg.chat.web.WebSocket:250] 有新连接加入！当前在线人数为1
[2018-11-11 16:07:59] [INFO] [com.jeecg.chat.web.ImController:318] --通过流的方式获取文件异常--D:\upFiles\upload\files\20180715\qq_1531625977907.jpg (系统找不到指定的路径。)
[2018-11-11 16:09:34] [WARN] [org.hibernate.engine.jdbc.spi.SqlExceptionHelper:143] SQL Error: 1242, SQLState: 21000
[2018-11-11 16:09:34] [ERROR] [org.hibernate.engine.jdbc.spi.SqlExceptionHelper:144] Subquery returns more than 1 row
[2018-11-11 16:09:52] [INFO] [org.jeecgframework.web.cgreport.controller.core.CgreportConfigHeadController:169] [本地][online报表录入][rolename]添加成功
[2018-11-11 16:12:17] [INFO] [org.jeecgframework.web.cgreport.controller.core.CgreportConfigHeadController:207] [本地][online报表更新][rolename]更新成功
[2018-11-11 16:13:06] [INFO] [org.jeecgframework.web.cgreport.controller.core.CgreportConfigHeadController:207] [本地][online报表更新][role]更新成功
[2018-11-11 16:13:33] [INFO] [org.jeecgframework.web.cgreport.controller.core.CgreportConfigHeadController:103] [本地][online报表删除][role]动态报表配置抬头删除成功
[2018-11-11 16:15:15] [INFO] [org.jeecgframework.web.cgreport.controller.core.CgreportConfigHeadController:207] [本地][online报表更新][rolename]更新成功
[2018-11-11 16:22:15] [WARN] [org.hibernate.engine.jdbc.spi.SqlExceptionHelper:143] SQL Error: 1242, SQLState: 21000
[2018-11-11 16:22:15] [ERROR] [org.hibernate.engine.jdbc.spi.SqlExceptionHelper:144] Subquery returns more than 1 row
[2018-11-11 16:22:33] [INFO] [org.jeecgframework.web.cgreport.controller.core.CgreportConfigHeadController:207] [本地][online报表更新][rolename]更新成功
[2018-11-11 16:23:28] [INFO] [org.jeecgframework.web.cgreport.controller.core.CgreportConfigHeadController:207] [本地][online报表更新][rolename]更新成功
[2018-11-11 16:23:47] [INFO] [org.jeecgframework.web.cgreport.controller.core.CgreportConfigHeadController:207] [本地][online报表更新][rolename]更新成功
[2018-11-11 16:24:09] [INFO] [org.jeecgframework.web.cgreport.controller.core.CgreportConfigHeadController:207] [本地][online报表更新][rolename]更新成功
[2018-11-11 16:25:05] [INFO] [org.jeecgframework.web.cgreport.controller.core.CgreportConfigHeadController:207] [本地][online报表更新][rolename]更新成功
[2018-11-11 16:25:27] [INFO] [org.jeecgframework.web.cgreport.controller.core.CgreportConfigHeadController:207] [本地][online报表更新][rolename]更新成功
[2018-11-11 16:26:36] [INFO] [org.jeecgframework.web.cgreport.controller.core.CgreportConfigHeadController:207] [本地][online报表更新][rolename]更新成功
[2018-11-11 16:26:47] [INFO] [org.jeecgframework.web.cgreport.controller.core.CgreportConfigHeadController:207] [本地][online报表更新][rolename]更新成功
[2018-11-11 16:29:18] [WARN] [org.hibernate.engine.jdbc.spi.SqlExceptionHelper:143] SQL Error: 1292, SQLState: 22001
[2018-11-11 16:29:18] [ERROR] [org.hibernate.engine.jdbc.spi.SqlExceptionHelper:144] Data truncation: Truncated incorrect DOUBLE value: '%'
[2018-11-11 16:29:18] [ERROR] [org.jeecgframework.core.common.exception.GlobalExceptionResolver:86] 全局处理异常捕获:
com.mysql.jdbc.MysqlDataTruncation: Data truncation: Truncated incorrect DOUBLE value: '%'
	at com.mysql.jdbc.MysqlIO.checkErrorPacket(MysqlIO.java:4235)
	at com.mysql.jdbc.MysqlIO.checkErrorPacket(MysqlIO.java:4169)
	at com.mysql.jdbc.MysqlIO.sendCommand(MysqlIO.java:2617)
	at com.mysql.jdbc.MysqlIO.sqlQueryDirect(MysqlIO.java:2778)
	at com.mysql.jdbc.ConnectionImpl.execSQL(ConnectionImpl.java:2825)
	at com.mysql.jdbc.PreparedStatement.executeInternal(PreparedStatement.java:2156)
	at com.mysql.jdbc.PreparedStatement.executeUpdate(PreparedStatement.java:2459)
	at com.mysql.jdbc.PreparedStatement.executeUpdate(PreparedStatement.java:2376)
	at com.mysql.jdbc.PreparedStatement.executeUpdate(PreparedStatement.java:2360)
	at com.alibaba.druid.filter.FilterChainImpl.preparedStatement_executeUpdate(FilterChainImpl.java:2843)
	at com.alibaba.druid.filter.FilterAdapter.preparedStatement_executeUpdate(FilterAdapter.java:1091)
	at com.alibaba.druid.filter.FilterEventAdapter.preparedStatement_executeUpdate(FilterEventAdapter.java:491)
	at com.alibaba.druid.filter.FilterChainImpl.preparedStatement_executeUpdate(FilterChainImpl.java:2841)
	at com.alibaba.druid.proxy.jdbc.PreparedStatementProxyImpl.executeUpdate(PreparedStatementProxyImpl.java:194)
	at com.alibaba.druid.pool.DruidPooledPreparedStatement.executeUpdate(DruidPooledPreparedStatement.java:256)
	at sun.reflect.GeneratedMethodAccessor446.invoke(Unknown Source)
	at sun.reflect.DelegatingMethodAccessorImpl.invoke(DelegatingMethodAccessorImpl.java:43)
	at java.lang.reflect.Method.invoke(Method.java:498)
	at org.hibernate.engine.jdbc.internal.proxy.AbstractStatementProxyHandler.continueInvocation(AbstractStatementProxyHandler.java:122)
	at org.hibernate.engine.jdbc.internal.proxy.AbstractProxyHandler.invoke(AbstractProxyHandler.java:81)
	at com.sun.proxy.$Proxy159.executeUpdate(Unknown Source)
	at org.hibernate.engine.jdbc.batch.internal.NonBatchingBatch.addToBatch(NonBatchingBatch.java:56)
	at org.hibernate.persister.entity.AbstractEntityPersister.insert(AbstractEntityPersister.java:2856)
	at org.hibernate.persister.entity.AbstractEntityPersister.insert(AbstractEntityPersister.java:3297)
	at org.hibernate.action.internal.EntityInsertAction.execute(EntityInsertAction.java:88)
	at org.hibernate.engine.spi.ActionQueue.execute(ActionQueue.java:362)
	at org.hibernate.engine.spi.ActionQueue.executeActions(ActionQueue.java:354)
	at org.hibernate.engine.spi.ActionQueue.executeActions(ActionQueue.java:275)
	at org.hibernate.event.internal.AbstractFlushingEventListener.performExecutions(AbstractFlushingEventListener.java:326)
	at org.hibernate.event.internal.DefaultFlushEventListener.onFlush(DefaultFlushEventListener.java:52)
	at org.hibernate.internal.SessionImpl.flush(SessionImpl.java:1127)
	at org.hibernate.internal.SessionImpl.managedFlush(SessionImpl.java:325)
	at org.hibernate.engine.transaction.internal.jdbc.JdbcTransaction.beforeTransactionCommit(JdbcTransaction.java:101)
	at org.hibernate.engine.transaction.spi.AbstractTransactionImpl.commit(AbstractTransactionImpl.java:175)
	at org.springframework.orm.hibernate4.HibernateTransactionManager.doCommit(HibernateTransactionManager.java:559)
	at org.springframework.transaction.support.AbstractPlatformTransactionManager.processCommit(AbstractPlatformTransactionManager.java:757)
	at org.springframework.transaction.support.AbstractPlatformTransactionManager.commit(AbstractPlatformTransactionManager.java:726)
	at org.springframework.transaction.interceptor.TransactionAspectSupport.commitTransactionAfterReturning(TransactionAspectSupport.java:478)
	at org.springframework.transaction.interceptor.TransactionAspectSupport.invokeWithinTransaction(TransactionAspectSupport.java:272)
	at org.springframework.transaction.interceptor.TransactionInterceptor.invoke(TransactionInterceptor.java:95)
	at org.springframework.aop.framework.ReflectiveMethodInvocation.proceed(ReflectiveMethodInvocation.java:179)
	at org.springframework.aop.framework.JdkDynamicAopProxy.invoke(JdkDynamicAopProxy.java:207)
	at com.sun.proxy.$Proxy150.saveOrUpdate(Unknown Source)
	at org.jeecgframework.web.system.controller.core.UserController.saveUser(UserController.java:768)
	at sun.reflect.NativeMethodAccessorImpl.invoke0(Native Method)
	at sun.reflect.NativeMethodAccessorImpl.invoke(NativeMethodAccessorImpl.java:62)
	at sun.reflect.DelegatingMethodAccessorImpl.invoke(DelegatingMethodAccessorImpl.java:43)
	at java.lang.reflect.Method.invoke(Method.java:498)
	at org.springframework.web.method.support.InvocableHandlerMethod.doInvoke(InvocableHandlerMethod.java:221)
	at org.springframework.web.method.support.InvocableHandlerMethod.invokeForRequest(InvocableHandlerMethod.java:137)
	at org.springframework.web.servlet.mvc.method.annotation.ServletInvocableHandlerMethod.invokeAndHandle(ServletInvocableHandlerMethod.java:104)
	at org.springframework.web.servlet.mvc.method.annotation.RequestMappingHandlerAdapter.invokeHandleMethod(RequestMappingHandlerAdapter.java:747)
	at org.springframework.web.servlet.mvc.method.annotation.RequestMappingHandlerAdapter.handleInternal(RequestMappingHandlerAdapter.java:676)
	at org.springframework.web.servlet.mvc.method.AbstractHandlerMethodAdapter.handle(AbstractHandlerMethodAdapter.java:85)
	at org.springframework.web.servlet.DispatcherServlet.doDispatch(DispatcherServlet.java:938)
	at org.springframework.web.servlet.DispatcherServlet.doService(DispatcherServlet.java:870)
	at org.springframework.web.servlet.FrameworkServlet.processRequest(FrameworkServlet.java:961)
	at org.springframework.web.servlet.FrameworkServlet.doPost(FrameworkServlet.java:863)
	at javax.servlet.http.HttpServlet.service(HttpServlet.java:647)
	at org.springframework.web.servlet.FrameworkServlet.service(FrameworkServlet.java:837)
	at javax.servlet.http.HttpServlet.service(HttpServlet.java:728)
	at org.apache.catalina.core.ApplicationFilterChain.internalDoFilter(ApplicationFilterChain.java:305)
	at org.apache.catalina.core.ApplicationFilterChain.doFilter(ApplicationFilterChain.java:210)
	at org.apache.tomcat.websocket.server.WsFilter.doFilter(WsFilter.java:51)
	at org.apache.catalina.core.ApplicationFilterChain.internalDoFilter(ApplicationFilterChain.java:243)
	at org.apache.catalina.core.ApplicationFilterChain.doFilter(ApplicationFilterChain.java:210)
	at com.alibaba.druid.support.http.WebStatFilter.doFilter(WebStatFilter.java:123)
	at org.apache.catalina.core.ApplicationFilterChain.internalDoFilter(ApplicationFilterChain.java:243)
	at org.apache.catalina.core.ApplicationFilterChain.doFilter(ApplicationFilterChain.java:210)
	at org.jeecgframework.core.aop.GZipFilter.doFilter(GZipFilter.java:114)
	at org.apache.catalina.core.ApplicationFilterChain.internalDoFilter(ApplicationFilterChain.java:243)
	at org.apache.catalina.core.ApplicationFilterChain.doFilter(ApplicationFilterChain.java:210)
	at org.springframework.web.filter.CharacterEncodingFilter.doFilterInternal(CharacterEncodingFilter.java:88)
	at org.springframework.web.filter.OncePerRequestFilter.doFilter(OncePerRequestFilter.java:107)
	at org.apache.catalina.core.ApplicationFilterChain.internalDoFilter(ApplicationFilterChain.java:243)
	at org.apache.catalina.core.ApplicationFilterChain.doFilter(ApplicationFilterChain.java:210)
	at org.springframework.orm.hibernate4.support.OpenSessionInViewFilter.doFilterInternal(OpenSessionInViewFilter.java:150)
	at org.springframework.web.filter.OncePerRequestFilter.doFilter(OncePerRequestFilter.java:107)
	at org.apache.catalina.core.ApplicationFilterChain.internalDoFilter(ApplicationFilterChain.java:243)
	at org.apache.catalina.core.ApplicationFilterChain.doFilter(ApplicationFilterChain.java:210)
	at org.apache.catalina.core.StandardWrapperValve.invoke(StandardWrapperValve.java:222)
	at org.apache.catalina.core.StandardContextValve.invoke(StandardContextValve.java:123)
	at org.apache.catalina.authenticator.AuthenticatorBase.invoke(AuthenticatorBase.java:502)
	at org.apache.catalina.core.StandardHostValve.invoke(StandardHostValve.java:171)
	at org.apache.catalina.valves.ErrorReportValve.invoke(ErrorReportValve.java:100)
	at org.apache.catalina.valves.AccessLogValve.invoke(AccessLogValve.java:953)
	at org.apache.catalina.core.StandardEngineValve.invoke(StandardEngineValve.java:118)
	at org.apache.catalina.connector.CoyoteAdapter.service(CoyoteAdapter.java:408)
	at org.apache.coyote.http11.AbstractHttp11Processor.process(AbstractHttp11Processor.java:1041)
	at org.apache.coyote.AbstractProtocol$AbstractConnectionHandler.process(AbstractProtocol.java:603)
	at org.apache.tomcat.util.net.JIoEndpoint$SocketProcessor.run(JIoEndpoint.java:312)
	at java.util.concurrent.ThreadPoolExecutor.runWorker(ThreadPoolExecutor.java:1149)
	at java.util.concurrent.ThreadPoolExecutor$Worker.run(ThreadPoolExecutor.java:624)
	at java.lang.Thread.run(Thread.java:748)
[2018-11-11 16:29:29] [WARN] [org.hibernate.engine.jdbc.spi.SqlExceptionHelper:143] SQL Error: 1292, SQLState: 22001
[2018-11-11 16:29:29] [ERROR] [org.hibernate.engine.jdbc.spi.SqlExceptionHelper:144] Data truncation: Truncated incorrect DOUBLE value: '%'
[2018-11-11 16:29:29] [ERROR] [org.jeecgframework.core.common.exception.GlobalExceptionResolver:86] 全局处理异常捕获:
com.mysql.jdbc.MysqlDataTruncation: Data truncation: Truncated incorrect DOUBLE value: '%'
	at com.mysql.jdbc.MysqlIO.checkErrorPacket(MysqlIO.java:4235)
	at com.mysql.jdbc.MysqlIO.checkErrorPacket(MysqlIO.java:4169)
	at com.mysql.jdbc.MysqlIO.sendCommand(MysqlIO.java:2617)
	at com.mysql.jdbc.MysqlIO.sqlQueryDirect(MysqlIO.java:2778)
	at com.mysql.jdbc.ConnectionImpl.execSQL(ConnectionImpl.java:2825)
	at com.mysql.jdbc.PreparedStatement.executeInternal(PreparedStatement.java:2156)
	at com.mysql.jdbc.PreparedStatement.executeUpdate(PreparedStatement.java:2459)
	at com.mysql.jdbc.PreparedStatement.executeUpdate(PreparedStatement.java:2376)
	at com.mysql.jdbc.PreparedStatement.executeUpdate(PreparedStatement.java:2360)
	at com.alibaba.druid.filter.FilterChainImpl.preparedStatement_executeUpdate(FilterChainImpl.java:2843)
	at com.alibaba.druid.filter.FilterAdapter.preparedStatement_executeUpdate(FilterAdapter.java:1091)
	at com.alibaba.druid.filter.FilterEventAdapter.preparedStatement_executeUpdate(FilterEventAdapter.java:491)
	at com.alibaba.druid.filter.FilterChainImpl.preparedStatement_executeUpdate(FilterChainImpl.java:2841)
	at com.alibaba.druid.proxy.jdbc.PreparedStatementProxyImpl.executeUpdate(PreparedStatementProxyImpl.java:194)
	at com.alibaba.druid.pool.DruidPooledPreparedStatement.executeUpdate(DruidPooledPreparedStatement.java:256)
	at sun.reflect.GeneratedMethodAccessor446.invoke(Unknown Source)
	at sun.reflect.DelegatingMethodAccessorImpl.invoke(DelegatingMethodAccessorImpl.java:43)
	at java.lang.reflect.Method.invoke(Method.java:498)
	at org.hibernate.engine.jdbc.internal.proxy.AbstractStatementProxyHandler.continueInvocation(AbstractStatementProxyHandler.java:122)
	at org.hibernate.engine.jdbc.internal.proxy.AbstractProxyHandler.invoke(AbstractProxyHandler.java:81)
	at com.sun.proxy.$Proxy159.executeUpdate(Unknown Source)
	at org.hibernate.engine.jdbc.batch.internal.NonBatchingBatch.addToBatch(NonBatchingBatch.java:56)
	at org.hibernate.persister.entity.AbstractEntityPersister.insert(AbstractEntityPersister.java:2856)
	at org.hibernate.persister.entity.AbstractEntityPersister.insert(AbstractEntityPersister.java:3297)
	at org.hibernate.action.internal.EntityInsertAction.execute(EntityInsertAction.java:88)
	at org.hibernate.engine.spi.ActionQueue.execute(ActionQueue.java:362)
	at org.hibernate.engine.spi.ActionQueue.executeActions(ActionQueue.java:354)
	at org.hibernate.engine.spi.ActionQueue.executeActions(ActionQueue.java:275)
	at org.hibernate.event.internal.AbstractFlushingEventListener.performExecutions(AbstractFlushingEventListener.java:326)
	at org.hibernate.event.internal.DefaultFlushEventListener.onFlush(DefaultFlushEventListener.java:52)
	at org.hibernate.internal.SessionImpl.flush(SessionImpl.java:1127)
	at org.hibernate.internal.SessionImpl.managedFlush(SessionImpl.java:325)
	at org.hibernate.engine.transaction.internal.jdbc.JdbcTransaction.beforeTransactionCommit(JdbcTransaction.java:101)
	at org.hibernate.engine.transaction.spi.AbstractTransactionImpl.commit(AbstractTransactionImpl.java:175)
	at org.springframework.orm.hibernate4.HibernateTransactionManager.doCommit(HibernateTransactionManager.java:559)
	at org.springframework.transaction.support.AbstractPlatformTransactionManager.processCommit(AbstractPlatformTransactionManager.java:757)
	at org.springframework.transaction.support.AbstractPlatformTransactionManager.commit(AbstractPlatformTransactionManager.java:726)
	at org.springframework.transaction.interceptor.TransactionAspectSupport.commitTransactionAfterReturning(TransactionAspectSupport.java:478)
	at org.springframework.transaction.interceptor.TransactionAspectSupport.invokeWithinTransaction(TransactionAspectSupport.java:272)
	at org.springframework.transaction.interceptor.TransactionInterceptor.invoke(TransactionInterceptor.java:95)
	at org.springframework.aop.framework.ReflectiveMethodInvocation.proceed(ReflectiveMethodInvocation.java:179)
	at org.springframework.aop.framework.JdkDynamicAopProxy.invoke(JdkDynamicAopProxy.java:207)
	at com.sun.proxy.$Proxy150.saveOrUpdate(Unknown Source)
	at org.jeecgframework.web.system.controller.core.UserController.saveUser(UserController.java:768)
	at sun.reflect.NativeMethodAccessorImpl.invoke0(Native Method)
	at sun.reflect.NativeMethodAccessorImpl.invoke(NativeMethodAccessorImpl.java:62)
	at sun.reflect.DelegatingMethodAccessorImpl.invoke(DelegatingMethodAccessorImpl.java:43)
	at java.lang.reflect.Method.invoke(Method.java:498)
	at org.springframework.web.method.support.InvocableHandlerMethod.doInvoke(InvocableHandlerMethod.java:221)
	at org.springframework.web.method.support.InvocableHandlerMethod.invokeForRequest(InvocableHandlerMethod.java:137)
	at org.springframework.web.servlet.mvc.method.annotation.ServletInvocableHandlerMethod.invokeAndHandle(ServletInvocableHandlerMethod.java:104)
	at org.springframework.web.servlet.mvc.method.annotation.RequestMappingHandlerAdapter.invokeHandleMethod(RequestMappingHandlerAdapter.java:747)
	at org.springframework.web.servlet.mvc.method.annotation.RequestMappingHandlerAdapter.handleInternal(RequestMappingHandlerAdapter.java:676)
	at org.springframework.web.servlet.mvc.method.AbstractHandlerMethodAdapter.handle(AbstractHandlerMethodAdapter.java:85)
	at org.springframework.web.servlet.DispatcherServlet.doDispatch(DispatcherServlet.java:938)
	at org.springframework.web.servlet.DispatcherServlet.doService(DispatcherServlet.java:870)
	at org.springframework.web.servlet.FrameworkServlet.processRequest(FrameworkServlet.java:961)
	at org.springframework.web.servlet.FrameworkServlet.doPost(FrameworkServlet.java:863)
	at javax.servlet.http.HttpServlet.service(HttpServlet.java:647)
	at org.springframework.web.servlet.FrameworkServlet.service(FrameworkServlet.java:837)
	at javax.servlet.http.HttpServlet.service(HttpServlet.java:728)
	at org.apache.catalina.core.ApplicationFilterChain.internalDoFilter(ApplicationFilterChain.java:305)
	at org.apache.catalina.core.ApplicationFilterChain.doFilter(ApplicationFilterChain.java:210)
	at org.apache.tomcat.websocket.server.WsFilter.doFilter(WsFilter.java:51)
	at org.apache.catalina.core.ApplicationFilterChain.internalDoFilter(ApplicationFilterChain.java:243)
	at org.apache.catalina.core.ApplicationFilterChain.doFilter(ApplicationFilterChain.java:210)
	at com.alibaba.druid.support.http.WebStatFilter.doFilter(WebStatFilter.java:123)
	at org.apache.catalina.core.ApplicationFilterChain.internalDoFilter(ApplicationFilterChain.java:243)
	at org.apache.catalina.core.ApplicationFilterChain.doFilter(ApplicationFilterChain.java:210)
	at org.jeecgframework.core.aop.GZipFilter.doFilter(GZipFilter.java:114)
	at org.apache.catalina.core.ApplicationFilterChain.internalDoFilter(ApplicationFilterChain.java:243)
	at org.apache.catalina.core.ApplicationFilterChain.doFilter(ApplicationFilterChain.java:210)
	at org.springframework.web.filter.CharacterEncodingFilter.doFilterInternal(CharacterEncodingFilter.java:88)
	at org.springframework.web.filter.OncePerRequestFilter.doFilter(OncePerRequestFilter.java:107)
	at org.apache.catalina.core.ApplicationFilterChain.internalDoFilter(ApplicationFilterChain.java:243)
	at org.apache.catalina.core.ApplicationFilterChain.doFilter(ApplicationFilterChain.java:210)
	at org.springframework.orm.hibernate4.support.OpenSessionInViewFilter.doFilterInternal(OpenSessionInViewFilter.java:150)
	at org.springframework.web.filter.OncePerRequestFilter.doFilter(OncePerRequestFilter.java:107)
	at org.apache.catalina.core.ApplicationFilterChain.internalDoFilter(ApplicationFilterChain.java:243)
	at org.apache.catalina.core.ApplicationFilterChain.doFilter(ApplicationFilterChain.java:210)
	at org.apache.catalina.core.StandardWrapperValve.invoke(StandardWrapperValve.java:222)
	at org.apache.catalina.core.StandardContextValve.invoke(StandardContextValve.java:123)
	at org.apache.catalina.authenticator.AuthenticatorBase.invoke(AuthenticatorBase.java:502)
	at org.apache.catalina.core.StandardHostValve.invoke(StandardHostValve.java:171)
	at org.apache.catalina.valves.ErrorReportValve.invoke(ErrorReportValve.java:100)
	at org.apache.catalina.valves.AccessLogValve.invoke(AccessLogValve.java:953)
	at org.apache.catalina.core.StandardEngineValve.invoke(StandardEngineValve.java:118)
	at org.apache.catalina.connector.CoyoteAdapter.service(CoyoteAdapter.java:408)
	at org.apache.coyote.http11.AbstractHttp11Processor.process(AbstractHttp11Processor.java:1041)
	at org.apache.coyote.AbstractProtocol$AbstractConnectionHandler.process(AbstractProtocol.java:603)
	at org.apache.tomcat.util.net.JIoEndpoint$SocketProcessor.run(JIoEndpoint.java:312)
	at java.util.concurrent.ThreadPoolExecutor.runWorker(ThreadPoolExecutor.java:1149)
	at java.util.concurrent.ThreadPoolExecutor$Worker.run(ThreadPoolExecutor.java:624)
	at java.lang.Thread.run(Thread.java:748)
[2018-11-11 16:31:25] [INFO] [org.jeecgframework.web.system.controller.core.UserController:787] [本地][添加编辑用户]用户: admin更新成功
[2018-11-11 16:31:42] [INFO] [org.jeecgframework.web.system.controller.core.UserController:787] [本地][添加编辑用户]用户: ajadmin更新成功
[2018-11-11 16:31:45] [INFO] [org.jeecgframework.web.system.controller.core.UserController:787] [本地][添加编辑用户]用户: 唐敬更新成功
[2018-11-11 16:31:48] [INFO] [org.jeecgframework.web.system.controller.core.UserController:787] [本地][添加编辑用户]用户: 戴翠芳更新成功
[2018-11-11 16:31:50] [INFO] [org.jeecgframework.web.system.controller.core.UserController:787] [本地][添加编辑用户]用户: 詹琳更新成功
[2018-11-11 16:31:53] [INFO] [org.jeecgframework.web.system.controller.core.UserController:787] [本地][添加编辑用户]用户: 田国举更新成功
[2018-11-11 16:31:55] [INFO] [org.jeecgframework.web.system.controller.core.UserController:787] [本地][添加编辑用户]用户: 颜彧更新成功
[2018-11-11 16:31:58] [INFO] [org.jeecgframework.web.system.controller.core.UserController:787] [本地][添加编辑用户]用户: 尤春月更新成功
[2018-11-11 16:32:00] [INFO] [org.jeecgframework.web.system.controller.core.UserController:787] [本地][添加编辑用户]用户: 唐菱更新成功
[2018-11-11 16:32:10] [INFO] [org.jeecgframework.web.system.controller.core.UserController:787] [本地][添加编辑用户]用户: 邓海峰更新成功
[2018-11-11 16:32:14] [INFO] [org.jeecgframework.web.system.controller.core.UserController:787] [本地][添加编辑用户]用户: 戴元阳更新成功
[2018-11-11 16:32:16] [INFO] [org.jeecgframework.web.system.controller.core.UserController:787] [本地][添加编辑用户]用户: 徐旭东更新成功
[2018-11-11 16:32:18] [INFO] [org.jeecgframework.web.system.controller.core.UserController:787] [本地][添加编辑用户]用户: 戴振华更新成功
[2018-11-11 16:32:21] [INFO] [org.jeecgframework.web.system.controller.core.UserController:787] [本地][添加编辑用户]用户: zhangxu更新成功
[2018-11-11 16:32:23] [INFO] [org.jeecgframework.web.system.controller.core.UserController:787] [本地][添加编辑用户]用户: 王甫贵更新成功
[2018-11-11 16:33:05] [WARN] [org.hibernate.engine.jdbc.spi.SqlExceptionHelper:143] SQL Error: 1064, SQLState: 42000
[2018-11-11 16:33:05] [ERROR] [org.hibernate.engine.jdbc.spi.SqlExceptionHelper:144] You have an error in your SQL syntax; check the manual that corresponds to your MySQL server version for the right syntax to use near 'select rolecode from t_s_base_user where username = '' or 1=1 or 1='')) sel_tab0' at line 1
[2018-11-11 16:34:07] [WARN] [org.hibernate.engine.jdbc.spi.SqlExceptionHelper:143] SQL Error: 1242, SQLState: 21000
[2018-11-11 16:34:07] [ERROR] [org.hibernate.engine.jdbc.spi.SqlExceptionHelper:144] Subquery returns more than 1 row
[2018-11-11 16:34:18] [INFO] [org.jeecgframework.web.cgreport.controller.core.CgreportConfigHeadController:207] [本地][online报表更新][rolename]更新成功
[2018-11-11 16:42:31] [WARN] [org.hibernate.engine.jdbc.spi.SqlExceptionHelper:143] SQL Error: 1054, SQLState: 42S22
[2018-11-11 16:42:31] [ERROR] [org.hibernate.engine.jdbc.spi.SqlExceptionHelper:144] Unknown column 'factory_name' in 'field list'
[2018-11-11 16:43:01] [WARN] [org.hibernate.engine.jdbc.spi.SqlExceptionHelper:143] SQL Error: 1054, SQLState: 42S22
[2018-11-11 16:43:01] [ERROR] [org.hibernate.engine.jdbc.spi.SqlExceptionHelper:144] Unknown column 'factory_name' in 'field list'
[2018-11-11 16:43:57] [INFO] [org.jeecgframework.web.cgreport.controller.core.CgreportConfigHeadController:207] [本地][online报表更新][patrol_factory]更新成功
[2018-11-11 16:45:38] [INFO] [org.jeecgframework.web.system.controller.core.LoginController:220]  >>>>>>>>>>>>>>>>>>>>>>>>>>  Login 用户登录成功，初始化Main首页用户信息  （Main 首页加载逻辑）  >>>>>>>>>>>>>>>>>>>>>>>>>>>>>>>>> 
[2018-11-11 16:45:38] [INFO] [org.jeecgframework.web.system.controller.core.LoginController:261] login 资源路径returnURL：null
[2018-11-11 16:45:39] [INFO] [com.jeecg.chat.web.WebSocket:250] 有新连接加入！当前在线人数为2
[2018-11-11 16:45:39] [INFO] [com.jeecg.chat.web.ImController:318] --通过流的方式获取文件异常--D:\upFiles\upload\files\20180715\qq_1531625977907.jpg (系统找不到指定的路径。)
[2018-11-11 16:45:43] [INFO] [org.jeecgframework.web.cgform.controller.build.CgFormBuildController:268] ============================填值规则开始时间:2018-11-11 16:45:43==============================
[2018-11-11 16:45:43] [INFO] [org.jeecgframework.web.cgform.controller.build.CgFormBuildController:293] ================================填值规则结束时间:2018-11-11 16:45:43==============================
[2018-11-11 16:45:43] [INFO] [org.jeecgframework.web.cgform.controller.build.CgFormBuildController:294] ================================填值规则耗时:1ms==============================
[2018-11-11 23:41:34] [INFO] [com.jeecg.chat.web.WebSocket:250] 发生错误
[2018-11-11 23:41:34] [INFO] [com.jeecg.chat.web.WebSocket:250] 当前在线用户：1
[2018-11-11 23:41:42] [INFO] [org.jeecgframework.web.system.controller.core.LoginController:220]  >>>>>>>>>>>>>>>>>>>>>>>>>>  Login 用户登录成功，初始化Main首页用户信息  （Main 首页加载逻辑）  >>>>>>>>>>>>>>>>>>>>>>>>>>>>>>>>> 
[2018-11-11 23:41:42] [INFO] [org.jeecgframework.web.system.controller.core.LoginController:261] login 资源路径returnURL：null
[2018-11-11 23:41:43] [INFO] [com.jeecg.chat.web.WebSocket:250] 有新连接加入！当前在线人数为2
[2018-11-11 23:41:43] [INFO] [com.jeecg.chat.web.ImController:318] --通过流的方式获取文件异常--D:\upFiles\upload\files\20180715\qq_1531625977907.jpg (系统找不到指定的路径。)
[2018-11-11 23:57:17] [INFO] [org.jeecgframework.codegenerate.database.JeecgReadTable:420] 数据库驱动: com.mysql.jdbc.Driver
[2018-11-11 23:57:17] [INFO] [org.jeecgframework.codegenerate.extcommon.a:56] -------classpath-------/D:/Code_Workspace/idea_work/sheyang/sheyang_jeecg/target/classes/jeecg/ext-common-template/
[2018-11-11 23:57:17] [INFO] [org.jeecgframework.codegenerate.extcommon.a:68] -------------------load template from templateRootDir = 'D:\Code_Workspace\idea_work\sheyang\sheyang_jeecg\target\classes\jeecg\ext-common-template' outJavaRootDir:D:\Code_Workspace\idea_work\sheyang\sheyang_jeecg\src\main\java' outWebappRootDir:D:\Code_Workspace\idea_work\sheyang\sheyang_jeecg\src\main\webapp
[2018-11-11 23:57:17] [INFO] [org.jeecgframework.codegenerate.extcommon.a:78] ----srcFiles----size-----------114
[2018-11-11 23:57:17] [INFO] [org.jeecgframework.codegenerate.extcommon.a:56] -------classpath-------/D:/Code_Workspace/idea_work/sheyang/sheyang_jeecg/target/classes/jeecg/ext-common-template/
[2018-11-11 23:57:17] [INFO] [org.jeecgframework.codegenerate.extcommon.a:56] -------classpath-------/D:/Code_Workspace/idea_work/sheyang/sheyang_jeecg/target/classes/jeecg/ext-common-template/
[2018-11-11 23:57:17] [INFO] [org.jeecgframework.codegenerate.extcommon.a:184] [generate]	 template:bootstrap\single\java\${bussiPackage}\${entityPackage}\controller\${entityName}Controller.javai ==> D:/\src/main/java\com\jeecg\patrol——record\controller\PatrolRecordController.java
[2018-11-11 23:57:17] [INFO] [org.jeecgframework.codegenerate.extcommon.a:56] -------classpath-------/D:/Code_Workspace/idea_work/sheyang/sheyang_jeecg/target/classes/jeecg/ext-common-template/
[2018-11-11 23:57:17] [INFO] [org.jeecgframework.codegenerate.extcommon.a:56] -------classpath-------/D:/Code_Workspace/idea_work/sheyang/sheyang_jeecg/target/classes/jeecg/ext-common-template/
[2018-11-11 23:57:17] [INFO] [org.jeecgframework.codegenerate.extcommon.a:184] [generate]	 template:bootstrap\single\java\${bussiPackage}\${entityPackage}\entity\${entityName}Entity.javai ==> D:/\src/main/java\com\jeecg\patrol——record\entity\PatrolRecordEntity.java
[2018-11-11 23:57:17] [INFO] [org.jeecgframework.codegenerate.extcommon.a:56] -------classpath-------/D:/Code_Workspace/idea_work/sheyang/sheyang_jeecg/target/classes/jeecg/ext-common-template/
[2018-11-11 23:57:17] [INFO] [org.jeecgframework.codegenerate.extcommon.a:56] -------classpath-------/D:/Code_Workspace/idea_work/sheyang/sheyang_jeecg/target/classes/jeecg/ext-common-template/
[2018-11-11 23:57:17] [INFO] [org.jeecgframework.codegenerate.extcommon.a:184] [generate]	 template:bootstrap\single\java\${bussiPackage}\${entityPackage}\service\${entityName}ServiceI.javai ==> D:/\src/main/java\com\jeecg\patrol——record\service\PatrolRecordServiceI.java
[2018-11-11 23:57:17] [INFO] [org.jeecgframework.codegenerate.extcommon.a:56] -------classpath-------/D:/Code_Workspace/idea_work/sheyang/sheyang_jeecg/target/classes/jeecg/ext-common-template/
[2018-11-11 23:57:17] [INFO] [org.jeecgframework.codegenerate.extcommon.a:56] -------classpath-------/D:/Code_Workspace/idea_work/sheyang/sheyang_jeecg/target/classes/jeecg/ext-common-template/
[2018-11-11 23:57:17] [INFO] [org.jeecgframework.codegenerate.extcommon.a:184] [generate]	 template:bootstrap\single\java\${bussiPackage}\${entityPackage}\service\impl\${entityName}ServiceImpl.javai ==> D:/\src/main/java\com\jeecg\patrol——record\service\impl\PatrolRecordServiceImpl.java
[2018-11-11 23:57:17] [INFO] [org.jeecgframework.codegenerate.extcommon.a:56] -------classpath-------/D:/Code_Workspace/idea_work/sheyang/sheyang_jeecg/target/classes/jeecg/ext-common-template/
[2018-11-11 23:57:17] [INFO] [org.jeecgframework.codegenerate.extcommon.a:56] -------classpath-------/D:/Code_Workspace/idea_work/sheyang/sheyang_jeecg/target/classes/jeecg/ext-common-template/
[2018-11-11 23:57:17] [INFO] [org.jeecgframework.codegenerate.extcommon.a:184] [generate]	 template:bootstrap\single\webapp\webpage\${bussiPackage}\${entityPackage}\${entityNameUncapFirst}-add.jspi ==> D:/\src/main/webapp\webpage\com\jeecg\patrol——record\patrolRecord-add.jsp
[2018-11-11 23:57:17] [INFO] [org.jeecgframework.codegenerate.extcommon.a:56] -------classpath-------/D:/Code_Workspace/idea_work/sheyang/sheyang_jeecg/target/classes/jeecg/ext-common-template/
[2018-11-11 23:57:17] [INFO] [org.jeecgframework.codegenerate.extcommon.a:56] -------classpath-------/D:/Code_Workspace/idea_work/sheyang/sheyang_jeecg/target/classes/jeecg/ext-common-template/
[2018-11-11 23:57:17] [INFO] [org.jeecgframework.codegenerate.extcommon.a:184] [generate]	 template:bootstrap\single\webapp\webpage\${bussiPackage}\${entityPackage}\${entityNameUncapFirst}-update.jspi ==> D:/\src/main/webapp\webpage\com\jeecg\patrol——record\patrolRecord-update.jsp
[2018-11-11 23:57:17] [INFO] [org.jeecgframework.codegenerate.extcommon.a:56] -------classpath-------/D:/Code_Workspace/idea_work/sheyang/sheyang_jeecg/target/classes/jeecg/ext-common-template/
[2018-11-11 23:57:17] [INFO] [org.jeecgframework.codegenerate.extcommon.a:56] -------classpath-------/D:/Code_Workspace/idea_work/sheyang/sheyang_jeecg/target/classes/jeecg/ext-common-template/
[2018-11-11 23:57:17] [INFO] [org.jeecgframework.codegenerate.extcommon.a:184] [generate]	 template:bootstrap\single\webapp\webpage\${bussiPackage}\${entityPackage}\${entityNameUncapFirst}List.jspi ==> D:/\src/main/webapp\webpage\com\jeecg\patrol——record\patrolRecordList.jsp
[2018-11-11 23:57:17] [INFO] [org.jeecgframework.codegenerate.extcommon.single.CgformCodeExtCommonGenerate:177] ----jeecg----Code----Generation-----[单表模型：patrol_record]------ 生成完成。。。
[2018-11-11 23:59:57] [INFO] [org.jeecgframework.codegenerate.database.JeecgReadTable:420] 数据库驱动: com.mysql.jdbc.Driver
[2018-11-11 23:59:57] [INFO] [org.jeecgframework.codegenerate.extcommon.a:56] -------classpath-------/D:/Code_Workspace/idea_work/sheyang/sheyang_jeecg/target/classes/jeecg/ext-common-template/
[2018-11-11 23:59:57] [INFO] [org.jeecgframework.codegenerate.extcommon.a:68] -------------------load template from templateRootDir = 'D:\Code_Workspace\idea_work\sheyang\sheyang_jeecg\target\classes\jeecg\ext-common-template' outJavaRootDir:D:\Code_Workspace\idea_work\sheyang\sheyang_jeecg\src\main\java' outWebappRootDir:D:\Code_Workspace\idea_work\sheyang\sheyang_jeecg\src\main\webapp
[2018-11-11 23:59:57] [INFO] [org.jeecgframework.codegenerate.extcommon.a:78] ----srcFiles----size-----------114
[2018-11-11 23:59:57] [INFO] [org.jeecgframework.codegenerate.extcommon.a:56] -------classpath-------/D:/Code_Workspace/idea_work/sheyang/sheyang_jeecg/target/classes/jeecg/ext-common-template/
[2018-11-11 23:59:57] [INFO] [org.jeecgframework.codegenerate.extcommon.a:56] -------classpath-------/D:/Code_Workspace/idea_work/sheyang/sheyang_jeecg/target/classes/jeecg/ext-common-template/
[2018-11-11 23:59:57] [INFO] [org.jeecgframework.codegenerate.extcommon.a:184] [generate]	 template:bootstrap\single\java\${bussiPackage}\${entityPackage}\controller\${entityName}Controller.javai ==> D:/\src/main/java\com\jeecg\patrol_record\controller\PatrolRecordController.java
[2018-11-11 23:59:57] [INFO] [org.jeecgframework.codegenerate.extcommon.a:56] -------classpath-------/D:/Code_Workspace/idea_work/sheyang/sheyang_jeecg/target/classes/jeecg/ext-common-template/
[2018-11-11 23:59:57] [INFO] [org.jeecgframework.codegenerate.extcommon.a:56] -------classpath-------/D:/Code_Workspace/idea_work/sheyang/sheyang_jeecg/target/classes/jeecg/ext-common-template/
[2018-11-11 23:59:57] [INFO] [org.jeecgframework.codegenerate.extcommon.a:184] [generate]	 template:bootstrap\single\java\${bussiPackage}\${entityPackage}\entity\${entityName}Entity.javai ==> D:/\src/main/java\com\jeecg\patrol_record\entity\PatrolRecordEntity.java
[2018-11-11 23:59:57] [INFO] [org.jeecgframework.codegenerate.extcommon.a:56] -------classpath-------/D:/Code_Workspace/idea_work/sheyang/sheyang_jeecg/target/classes/jeecg/ext-common-template/
[2018-11-11 23:59:57] [INFO] [org.jeecgframework.codegenerate.extcommon.a:56] -------classpath-------/D:/Code_Workspace/idea_work/sheyang/sheyang_jeecg/target/classes/jeecg/ext-common-template/
[2018-11-11 23:59:57] [INFO] [org.jeecgframework.codegenerate.extcommon.a:184] [generate]	 template:bootstrap\single\java\${bussiPackage}\${entityPackage}\service\${entityName}ServiceI.javai ==> D:/\src/main/java\com\jeecg\patrol_record\service\PatrolRecordServiceI.java
[2018-11-11 23:59:57] [INFO] [org.jeecgframework.codegenerate.extcommon.a:56] -------classpath-------/D:/Code_Workspace/idea_work/sheyang/sheyang_jeecg/target/classes/jeecg/ext-common-template/
[2018-11-11 23:59:57] [INFO] [org.jeecgframework.codegenerate.extcommon.a:56] -------classpath-------/D:/Code_Workspace/idea_work/sheyang/sheyang_jeecg/target/classes/jeecg/ext-common-template/
[2018-11-11 23:59:57] [INFO] [org.jeecgframework.codegenerate.extcommon.a:184] [generate]	 template:bootstrap\single\java\${bussiPackage}\${entityPackage}\service\impl\${entityName}ServiceImpl.javai ==> D:/\src/main/java\com\jeecg\patrol_record\service\impl\PatrolRecordServiceImpl.java
[2018-11-11 23:59:57] [INFO] [org.jeecgframework.codegenerate.extcommon.a:56] -------classpath-------/D:/Code_Workspace/idea_work/sheyang/sheyang_jeecg/target/classes/jeecg/ext-common-template/
[2018-11-11 23:59:57] [INFO] [org.jeecgframework.codegenerate.extcommon.a:56] -------classpath-------/D:/Code_Workspace/idea_work/sheyang/sheyang_jeecg/target/classes/jeecg/ext-common-template/
[2018-11-11 23:59:57] [INFO] [org.jeecgframework.codegenerate.extcommon.a:184] [generate]	 template:bootstrap\single\webapp\webpage\${bussiPackage}\${entityPackage}\${entityNameUncapFirst}-add.jspi ==> D:/\src/main/webapp\webpage\com\jeecg\patrol_record\patrolRecord-add.jsp
[2018-11-11 23:59:57] [INFO] [org.jeecgframework.codegenerate.extcommon.a:56] -------classpath-------/D:/Code_Workspace/idea_work/sheyang/sheyang_jeecg/target/classes/jeecg/ext-common-template/
[2018-11-11 23:59:57] [INFO] [org.jeecgframework.codegenerate.extcommon.a:56] -------classpath-------/D:/Code_Workspace/idea_work/sheyang/sheyang_jeecg/target/classes/jeecg/ext-common-template/
[2018-11-11 23:59:57] [INFO] [org.jeecgframework.codegenerate.extcommon.a:184] [generate]	 template:bootstrap\single\webapp\webpage\${bussiPackage}\${entityPackage}\${entityNameUncapFirst}-update.jspi ==> D:/\src/main/webapp\webpage\com\jeecg\patrol_record\patrolRecord-update.jsp
[2018-11-11 23:59:57] [INFO] [org.jeecgframework.codegenerate.extcommon.a:56] -------classpath-------/D:/Code_Workspace/idea_work/sheyang/sheyang_jeecg/target/classes/jeecg/ext-common-template/
[2018-11-11 23:59:57] [INFO] [org.jeecgframework.codegenerate.extcommon.a:56] -------classpath-------/D:/Code_Workspace/idea_work/sheyang/sheyang_jeecg/target/classes/jeecg/ext-common-template/
[2018-11-11 23:59:57] [INFO] [org.jeecgframework.codegenerate.extcommon.a:184] [generate]	 template:bootstrap\single\webapp\webpage\${bussiPackage}\${entityPackage}\${entityNameUncapFirst}List.jspi ==> D:/\src/main/webapp\webpage\com\jeecg\patrol_record\patrolRecordList.jsp
[2018-11-11 23:59:57] [INFO] [org.jeecgframework.codegenerate.extcommon.single.CgformCodeExtCommonGenerate:177] ----jeecg----Code----Generation-----[单表模型：patrol_record]------ 生成完成。。。
